Init Succ!(1)(2016-03-31_09-16-59-313)
room server init ip: 127.0.0.1  port: 9528(1)(2016-03-31_09-16-59-567)
Serialize init OK.(1)(2016-03-31_09-16-59-579)
thread 1 init ok.(1)(2016-03-31_09-17-00-211)
thread 2 init ok.(1)(2016-03-31_09-17-00-233)
thread 3 init ok.(1)(2016-03-31_09-17-00-234)
thread 4 init ok.(1)(2016-03-31_09-17-00-235)
thread 5 init ok.(1)(2016-03-31_09-17-00-236)
thread 6 init ok.(1)(2016-03-31_09-17-00-237)
thread 7 init ok.(1)(2016-03-31_09-17-00-238)
thread 8 init ok.(1)(2016-03-31_09-17-00-238)
thread 9 init ok.(1)(2016-03-31_09-17-00-240)
thread 10 init ok.(1)(2016-03-31_09-17-00-240)
thread 11 init ok.(1)(2016-03-31_09-17-00-241)
thread 12 init ok.(1)(2016-03-31_09-17-00-243)
thread 13 init ok.(1)(2016-03-31_09-17-00-243)
thread 14 init ok.(1)(2016-03-31_09-17-00-244)
thread 15 init ok.(1)(2016-03-31_09-17-00-244)
thread 16 init ok.(1)(2016-03-31_09-17-00-245)
thread 17 init ok.(1)(2016-03-31_09-17-00-246)
thread 18 init ok.(1)(2016-03-31_09-17-00-246)
thread 19 init ok.(1)(2016-03-31_09-17-00-247)
thread 20 init ok.(1)(2016-03-31_09-17-00-248)
thread 21 init ok.(1)(2016-03-31_09-17-00-248)
thread 22 init ok.(1)(2016-03-31_09-17-00-249)
thread 23 init ok.(1)(2016-03-31_09-17-00-249)
thread 24 init ok.(1)(2016-03-31_09-17-00-250)
thread 25 init ok.(1)(2016-03-31_09-17-00-251)
thread 26 init ok.(1)(2016-03-31_09-17-00-251)
thread 27 init ok.(1)(2016-03-31_09-17-00-252)
thread 28 init ok.(1)(2016-03-31_09-17-00-253)
thread 29 init ok.(1)(2016-03-31_09-17-00-271)
thread 30 init ok.(1)(2016-03-31_09-17-00-273)
thread 31 init ok.(1)(2016-03-31_09-17-00-274)
thread 32 init ok.(1)(2016-03-31_09-17-00-275)
thread 33 init ok.(1)(2016-03-31_09-17-00-277)
thread 34 init ok.(1)(2016-03-31_09-17-00-277)
thread 35 init ok.(1)(2016-03-31_09-17-00-278)
thread 36 init ok.(1)(2016-03-31_09-17-00-279)
thread 37 init ok.(1)(2016-03-31_09-17-00-279)
thread 38 init ok.(1)(2016-03-31_09-17-00-280)
thread 39 init ok.(1)(2016-03-31_09-17-00-280)
thread 40 init ok.(1)(2016-03-31_09-17-00-281)
Enable NetIncomingMessageType.ErrorMessage(1)(2016-03-31_09-17-00-287)
Enable NetIncomingMessageType.WarningMessage(1)(2016-03-31_09-17-00-288)
thread 1 start.(5)(2016-03-31_09-17-00-374)
thread 2 start.(6)(2016-03-31_09-17-00-375)
thread 3 start.(7)(2016-03-31_09-17-00-375)
thread 4 start.(8)(2016-03-31_09-17-00-377)
thread 5 start.(9)(2016-03-31_09-17-00-378)
thread 6 start.(10)(2016-03-31_09-17-00-379)
thread 7 start.(11)(2016-03-31_09-17-00-380)
thread 8 start.(12)(2016-03-31_09-17-00-380)
thread 9 start.(13)(2016-03-31_09-17-00-381)
thread 10 start.(14)(2016-03-31_09-17-00-382)
thread 11 start.(15)(2016-03-31_09-17-00-383)
thread 12 start.(16)(2016-03-31_09-17-00-383)
thread 13 start.(17)(2016-03-31_09-17-00-384)
thread 14 start.(18)(2016-03-31_09-17-00-389)
thread 15 start.(19)(2016-03-31_09-17-00-389)
thread 16 start.(20)(2016-03-31_09-17-00-390)
thread 17 start.(21)(2016-03-31_09-17-00-391)
thread 18 start.(22)(2016-03-31_09-17-00-394)
thread 19 start.(23)(2016-03-31_09-17-00-395)
thread 20 start.(24)(2016-03-31_09-17-00-395)
thread 21 start.(25)(2016-03-31_09-17-00-397)
thread 22 start.(26)(2016-03-31_09-17-00-398)
thread 23 start.(27)(2016-03-31_09-17-00-400)
thread 24 start.(28)(2016-03-31_09-17-00-400)
thread 25 start.(29)(2016-03-31_09-17-00-401)
thread 26 start.(30)(2016-03-31_09-17-00-405)
thread 27 start.(31)(2016-03-31_09-17-00-407)
thread 28 start.(32)(2016-03-31_09-17-00-408)
thread 29 start.(33)(2016-03-31_09-17-00-409)
thread 30 start.(34)(2016-03-31_09-17-00-410)
thread 31 start.(35)(2016-03-31_09-17-00-411)
thread 32 start.(36)(2016-03-31_09-17-00-411)
thread 33 start.(37)(2016-03-31_09-17-00-413)
thread 34 start.(38)(2016-03-31_09-17-00-414)
thread 35 start.(39)(2016-03-31_09-17-00-414)
thread 36 start.(40)(2016-03-31_09-17-00-416)
thread 37 start.(41)(2016-03-31_09-17-00-417)
thread 38 start.(42)(2016-03-31_09-17-00-418)
thread 39 start.(43)(2016-03-31_09-17-00-423)
thread 40 start.(44)(2016-03-31_09-17-00-423)
room server init ok.(1)(2016-03-31_09-17-00-438)
register room server to Lobby.(1)(2016-03-31_09-17-04-495)
send room info to Lobby, Name:RoomSvr1 IdleRoomNum:2560 UserNum:0.(1)(2016-03-31_09-17-19-345)
send room info to Lobby, Name:RoomSvr1 IdleRoomNum:2560 UserNum:0.(1)(2016-03-31_09-17-39-363)
send room info to Lobby, Name:RoomSvr1 IdleRoomNum:2560 UserNum:0.(1)(2016-03-31_09-17-59-387)
send room info to Lobby, Name:RoomSvr1 IdleRoomNum:2560 UserNum:0.(1)(2016-03-31_09-18-19-410)
send room info to Lobby, Name:RoomSvr1 IdleRoomNum:2560 UserNum:0.(1)(2016-03-31_09-18-39-434)
send room info to Lobby, Name:RoomSvr1 IdleRoomNum:2560 UserNum:0.(1)(2016-03-31_09-18-59-461)
send room info to Lobby, Name:RoomSvr1 IdleRoomNum:2560 UserNum:0.(1)(2016-03-31_09-19-19-474)
send room info to Lobby, Name:RoomSvr1 IdleRoomNum:2560 UserNum:0.(1)(2016-03-31_09-19-39-499)
send room info to Lobby, Name:RoomSvr1 IdleRoomNum:2560 UserNum:0.(1)(2016-03-31_09-19-59-516)
send room info to Lobby, Name:RoomSvr1 IdleRoomNum:2560 UserNum:0.(1)(2016-03-31_09-20-19-537)
send room info to Lobby, Name:RoomSvr1 IdleRoomNum:2560 UserNum:0.(1)(2016-03-31_09-20-39-560)
send room info to Lobby, Name:RoomSvr1 IdleRoomNum:2560 UserNum:0.(1)(2016-03-31_09-20-59-573)
send room info to Lobby, Name:RoomSvr1 IdleRoomNum:2560 UserNum:0.(1)(2016-03-31_09-21-19-599)
send room info to Lobby, Name:RoomSvr1 IdleRoomNum:2560 UserNum:0.(1)(2016-03-31_09-21-39-615)
send room info to Lobby, Name:RoomSvr1 IdleRoomNum:2560 UserNum:0.(1)(2016-03-31_09-21-59-637)
send room info to Lobby, Name:RoomSvr1 IdleRoomNum:2560 UserNum:0.(1)(2016-03-31_09-22-19-661)
send room info to Lobby, Name:RoomSvr1 IdleRoomNum:2560 UserNum:0.(1)(2016-03-31_09-22-39-679)
send room info to Lobby, Name:RoomSvr1 IdleRoomNum:2560 UserNum:0.(1)(2016-03-31_09-22-59-700)
send room info to Lobby, Name:RoomSvr1 IdleRoomNum:2560 UserNum:0.(1)(2016-03-31_09-23-19-721)
send room info to Lobby, Name:RoomSvr1 IdleRoomNum:2560 UserNum:0.(1)(2016-03-31_09-23-39-744)
send room info to Lobby, Name:RoomSvr1 IdleRoomNum:2560 UserNum:0.(1)(2016-03-31_09-23-59-763)
send room info to Lobby, Name:RoomSvr1 IdleRoomNum:2560 UserNum:0.(1)(2016-03-31_09-24-19-787)
send room info to Lobby, Name:RoomSvr1 IdleRoomNum:2560 UserNum:0.(1)(2016-03-31_09-24-39-811)
send room info to Lobby, Name:RoomSvr1 IdleRoomNum:2560 UserNum:0.(1)(2016-03-31_09-24-59-839)
send room info to Lobby, Name:RoomSvr1 IdleRoomNum:2560 UserNum:0.(1)(2016-03-31_09-25-19-861)
send room info to Lobby, Name:RoomSvr1 IdleRoomNum:2560 UserNum:0.(1)(2016-03-31_09-25-39-884)
send room info to Lobby, Name:RoomSvr1 IdleRoomNum:2560 UserNum:0.(1)(2016-03-31_09-25-59-905)
send room info to Lobby, Name:RoomSvr1 IdleRoomNum:2560 UserNum:0.(1)(2016-03-31_09-26-19-929)
send room info to Lobby, Name:RoomSvr1 IdleRoomNum:2560 UserNum:0.(1)(2016-03-31_09-26-39-948)
send room info to Lobby, Name:RoomSvr1 IdleRoomNum:2560 UserNum:0.(1)(2016-03-31_09-26-59-964)
send room info to Lobby, Name:RoomSvr1 IdleRoomNum:2560 UserNum:0.(1)(2016-03-31_09-27-19-980)
send room info to Lobby, Name:RoomSvr1 IdleRoomNum:2560 UserNum:0.(1)(2016-03-31_09-27-39-999)
send room info to Lobby, Name:RoomSvr1 IdleRoomNum:2560 UserNum:0.(1)(2016-03-31_09-28-00-016)
send room info to Lobby, Name:RoomSvr1 IdleRoomNum:2560 UserNum:0.(1)(2016-03-31_09-28-20-032)
send room info to Lobby, Name:RoomSvr1 IdleRoomNum:2560 UserNum:0.(1)(2016-03-31_09-28-40-058)
send room info to Lobby, Name:RoomSvr1 IdleRoomNum:2560 UserNum:0.(1)(2016-03-31_09-29-00-070)
send room info to Lobby, Name:RoomSvr1 IdleRoomNum:2560 UserNum:0.(1)(2016-03-31_09-29-20-091)
send room info to Lobby, Name:RoomSvr1 IdleRoomNum:2560 UserNum:0.(1)(2016-03-31_09-29-40-104)
send room info to Lobby, Name:RoomSvr1 IdleRoomNum:2560 UserNum:0.(1)(2016-03-31_09-30-00-125)
send room info to Lobby, Name:RoomSvr1 IdleRoomNum:2560 UserNum:0.(1)(2016-03-31_09-30-20-140)
send room info to Lobby, Name:RoomSvr1 IdleRoomNum:2560 UserNum:0.(1)(2016-03-31_09-30-40-148)
send room info to Lobby, Name:RoomSvr1 IdleRoomNum:2560 UserNum:0.(1)(2016-03-31_09-31-00-170)
send room info to Lobby, Name:RoomSvr1 IdleRoomNum:2560 UserNum:0.(1)(2016-03-31_09-31-20-187)
send room info to Lobby, Name:RoomSvr1 IdleRoomNum:2560 UserNum:0.(1)(2016-03-31_09-31-40-207)
send room info to Lobby, Name:RoomSvr1 IdleRoomNum:2560 UserNum:0.(1)(2016-03-31_09-32-00-232)
send room info to Lobby, Name:RoomSvr1 IdleRoomNum:2560 UserNum:0.(1)(2016-03-31_09-32-20-251)
send room info to Lobby, Name:RoomSvr1 IdleRoomNum:2560 UserNum:0.(1)(2016-03-31_09-32-40-260)
send room info to Lobby, Name:RoomSvr1 IdleRoomNum:2560 UserNum:0.(1)(2016-03-31_09-33-00-276)
send room info to Lobby, Name:RoomSvr1 IdleRoomNum:2560 UserNum:0.(1)(2016-03-31_09-33-20-295)
send room info to Lobby, Name:RoomSvr1 IdleRoomNum:2560 UserNum:0.(1)(2016-03-31_09-33-40-328)
send room info to Lobby, Name:RoomSvr1 IdleRoomNum:2560 UserNum:0.(1)(2016-03-31_09-34-00-359)
send room info to Lobby, Name:RoomSvr1 IdleRoomNum:2560 UserNum:0.(1)(2016-03-31_09-34-20-373)
send room info to Lobby, Name:RoomSvr1 IdleRoomNum:2560 UserNum:0.(1)(2016-03-31_09-34-40-394)
send room info to Lobby, Name:RoomSvr1 IdleRoomNum:2560 UserNum:0.(1)(2016-03-31_09-35-00-412)
send room info to Lobby, Name:RoomSvr1 IdleRoomNum:2560 UserNum:0.(1)(2016-03-31_09-35-20-436)
send room info to Lobby, Name:RoomSvr1 IdleRoomNum:2560 UserNum:0.(1)(2016-03-31_09-35-40-443)
send room info to Lobby, Name:RoomSvr1 IdleRoomNum:2560 UserNum:0.(1)(2016-03-31_09-36-00-459)
send room info to Lobby, Name:RoomSvr1 IdleRoomNum:2560 UserNum:0.(1)(2016-03-31_09-36-20-478)
send room info to Lobby, Name:RoomSvr1 IdleRoomNum:2560 UserNum:0.(1)(2016-03-31_09-36-40-495)
send room info to Lobby, Name:RoomSvr1 IdleRoomNum:2560 UserNum:0.(1)(2016-03-31_09-37-00-516)
send room info to Lobby, Name:RoomSvr1 IdleRoomNum:2560 UserNum:0.(1)(2016-03-31_09-37-20-536)
send room info to Lobby, Name:RoomSvr1 IdleRoomNum:2560 UserNum:0.(1)(2016-03-31_09-37-40-551)
send room info to Lobby, Name:RoomSvr1 IdleRoomNum:2560 UserNum:0.(1)(2016-03-31_09-38-00-569)
send room info to Lobby, Name:RoomSvr1 IdleRoomNum:2560 UserNum:0.(1)(2016-03-31_09-38-20-591)
send room info to Lobby, Name:RoomSvr1 IdleRoomNum:2560 UserNum:0.(1)(2016-03-31_09-38-40-618)
send room info to Lobby, Name:RoomSvr1 IdleRoomNum:2560 UserNum:0.(1)(2016-03-31_09-39-00-638)
send room info to Lobby, Name:RoomSvr1 IdleRoomNum:2560 UserNum:0.(1)(2016-03-31_09-39-20-668)
send room info to Lobby, Name:RoomSvr1 IdleRoomNum:2560 UserNum:0.(1)(2016-03-31_09-39-40-698)
send room info to Lobby, Name:RoomSvr1 IdleRoomNum:2560 UserNum:0.(1)(2016-03-31_09-40-00-726)
send room info to Lobby, Name:RoomSvr1 IdleRoomNum:2560 UserNum:0.(1)(2016-03-31_09-40-20-744)
send room info to Lobby, Name:RoomSvr1 IdleRoomNum:2560 UserNum:0.(1)(2016-03-31_09-40-40-769)
send room info to Lobby, Name:RoomSvr1 IdleRoomNum:2560 UserNum:0.(1)(2016-03-31_09-41-00-787)
send room info to Lobby, Name:RoomSvr1 IdleRoomNum:2560 UserNum:0.(1)(2016-03-31_09-41-20-811)
send room info to Lobby, Name:RoomSvr1 IdleRoomNum:2560 UserNum:0.(1)(2016-03-31_09-41-40-842)
send room info to Lobby, Name:RoomSvr1 IdleRoomNum:2560 UserNum:0.(1)(2016-03-31_09-42-00-860)
send room info to Lobby, Name:RoomSvr1 IdleRoomNum:2560 UserNum:0.(1)(2016-03-31_09-42-20-881)
send room info to Lobby, Name:RoomSvr1 IdleRoomNum:2560 UserNum:0.(1)(2016-03-31_09-42-40-901)
send room info to Lobby, Name:RoomSvr1 IdleRoomNum:2560 UserNum:0.(1)(2016-03-31_09-43-00-919)
send room info to Lobby, Name:RoomSvr1 IdleRoomNum:2560 UserNum:0.(1)(2016-03-31_09-43-20-938)
send room info to Lobby, Name:RoomSvr1 IdleRoomNum:2560 UserNum:0.(1)(2016-03-31_09-43-40-946)
send room info to Lobby, Name:RoomSvr1 IdleRoomNum:2560 UserNum:0.(1)(2016-03-31_09-44-00-971)
send room info to Lobby, Name:RoomSvr1 IdleRoomNum:2560 UserNum:0.(1)(2016-03-31_09-44-20-992)
send room info to Lobby, Name:RoomSvr1 IdleRoomNum:2560 UserNum:0.(1)(2016-03-31_09-44-41-000)
send room info to Lobby, Name:RoomSvr1 IdleRoomNum:2560 UserNum:0.(1)(2016-03-31_09-45-01-027)
send room info to Lobby, Name:RoomSvr1 IdleRoomNum:2560 UserNum:0.(1)(2016-03-31_09-45-21-043)
send room info to Lobby, Name:RoomSvr1 IdleRoomNum:2560 UserNum:0.(1)(2016-03-31_09-45-41-070)
send room info to Lobby, Name:RoomSvr1 IdleRoomNum:2560 UserNum:0.(1)(2016-03-31_09-46-01-097)
send room info to Lobby, Name:RoomSvr1 IdleRoomNum:2560 UserNum:0.(1)(2016-03-31_09-46-21-124)
send room info to Lobby, Name:RoomSvr1 IdleRoomNum:2560 UserNum:0.(1)(2016-03-31_09-46-41-149)
send room info to Lobby, Name:RoomSvr1 IdleRoomNum:2560 UserNum:0.(1)(2016-03-31_09-47-01-181)
send room info to Lobby, Name:RoomSvr1 IdleRoomNum:2560 UserNum:0.(1)(2016-03-31_09-47-21-192)
send room info to Lobby, Name:RoomSvr1 IdleRoomNum:2560 UserNum:0.(1)(2016-03-31_09-47-41-217)
send room info to Lobby, Name:RoomSvr1 IdleRoomNum:2560 UserNum:0.(1)(2016-03-31_09-48-01-233)
send room info to Lobby, Name:RoomSvr1 IdleRoomNum:2560 UserNum:0.(1)(2016-03-31_09-48-21-258)
send room info to Lobby, Name:RoomSvr1 IdleRoomNum:2560 UserNum:0.(1)(2016-03-31_09-48-41-283)
send room info to Lobby, Name:RoomSvr1 IdleRoomNum:2560 UserNum:0.(1)(2016-03-31_09-49-01-299)
send room info to Lobby, Name:RoomSvr1 IdleRoomNum:2560 UserNum:0.(1)(2016-03-31_09-49-21-319)
send room info to Lobby, Name:RoomSvr1 IdleRoomNum:2560 UserNum:0.(1)(2016-03-31_09-49-41-343)
send room info to Lobby, Name:RoomSvr1 IdleRoomNum:2560 UserNum:0.(1)(2016-03-31_09-50-01-363)
send room info to Lobby, Name:RoomSvr1 IdleRoomNum:2560 UserNum:0.(1)(2016-03-31_09-50-21-388)
send room info to Lobby, Name:RoomSvr1 IdleRoomNum:2560 UserNum:0.(1)(2016-03-31_09-50-41-401)
send room info to Lobby, Name:RoomSvr1 IdleRoomNum:2560 UserNum:0.(1)(2016-03-31_09-51-01-433)
send room info to Lobby, Name:RoomSvr1 IdleRoomNum:2560 UserNum:0.(1)(2016-03-31_09-51-21-457)
send room info to Lobby, Name:RoomSvr1 IdleRoomNum:2560 UserNum:0.(1)(2016-03-31_09-51-41-472)
send room info to Lobby, Name:RoomSvr1 IdleRoomNum:2560 UserNum:0.(1)(2016-03-31_09-52-01-490)
send room info to Lobby, Name:RoomSvr1 IdleRoomNum:2560 UserNum:0.(1)(2016-03-31_09-52-21-513)
send room info to Lobby, Name:RoomSvr1 IdleRoomNum:2560 UserNum:0.(1)(2016-03-31_09-52-41-540)
send room info to Lobby, Name:RoomSvr1 IdleRoomNum:2560 UserNum:0.(1)(2016-03-31_09-53-01-557)
send room info to Lobby, Name:RoomSvr1 IdleRoomNum:2560 UserNum:0.(1)(2016-03-31_09-53-21-586)
send room info to Lobby, Name:RoomSvr1 IdleRoomNum:2560 UserNum:0.(1)(2016-03-31_09-53-41-611)
send room info to Lobby, Name:RoomSvr1 IdleRoomNum:2560 UserNum:0.(1)(2016-03-31_09-54-01-632)
send room info to Lobby, Name:RoomSvr1 IdleRoomNum:2560 UserNum:0.(1)(2016-03-31_09-54-21-662)
send room info to Lobby, Name:RoomSvr1 IdleRoomNum:2560 UserNum:0.(1)(2016-03-31_09-54-41-677)
send room info to Lobby, Name:RoomSvr1 IdleRoomNum:2560 UserNum:0.(1)(2016-03-31_09-55-01-689)
send room info to Lobby, Name:RoomSvr1 IdleRoomNum:2560 UserNum:0.(1)(2016-03-31_09-55-21-709)
send room info to Lobby, Name:RoomSvr1 IdleRoomNum:2560 UserNum:0.(1)(2016-03-31_09-55-41-739)
send room info to Lobby, Name:RoomSvr1 IdleRoomNum:2560 UserNum:0.(1)(2016-03-31_09-56-01-759)
send room info to Lobby, Name:RoomSvr1 IdleRoomNum:2560 UserNum:0.(1)(2016-03-31_09-56-21-786)
send room info to Lobby, Name:RoomSvr1 IdleRoomNum:2560 UserNum:0.(1)(2016-03-31_09-56-41-809)
send room info to Lobby, Name:RoomSvr1 IdleRoomNum:2560 UserNum:0.(1)(2016-03-31_09-57-01-823)
send room info to Lobby, Name:RoomSvr1 IdleRoomNum:2560 UserNum:0.(1)(2016-03-31_09-57-21-844)
send room info to Lobby, Name:RoomSvr1 IdleRoomNum:2560 UserNum:0.(1)(2016-03-31_09-57-41-869)
send room info to Lobby, Name:RoomSvr1 IdleRoomNum:2560 UserNum:0.(1)(2016-03-31_09-58-01-889)
send room info to Lobby, Name:RoomSvr1 IdleRoomNum:2560 UserNum:0.(1)(2016-03-31_09-58-21-905)
send room info to Lobby, Name:RoomSvr1 IdleRoomNum:2560 UserNum:0.(1)(2016-03-31_09-58-41-927)
send room info to Lobby, Name:RoomSvr1 IdleRoomNum:2560 UserNum:0.(1)(2016-03-31_09-59-01-946)
send room info to Lobby, Name:RoomSvr1 IdleRoomNum:2560 UserNum:0.(1)(2016-03-31_09-59-21-970)
send room info to Lobby, Name:RoomSvr1 IdleRoomNum:2560 UserNum:0.(1)(2016-03-31_09-59-41-990)
send room info to Lobby, Name:RoomSvr1 IdleRoomNum:2560 UserNum:0.(1)(2016-03-31_10-00-02-023)
send room info to Lobby, Name:RoomSvr1 IdleRoomNum:2560 UserNum:0.(1)(2016-03-31_10-00-22-047)
send room info to Lobby, Name:RoomSvr1 IdleRoomNum:2560 UserNum:0.(1)(2016-03-31_10-00-42-066)
send room info to Lobby, Name:RoomSvr1 IdleRoomNum:2560 UserNum:0.(1)(2016-03-31_10-01-02-082)
send room info to Lobby, Name:RoomSvr1 IdleRoomNum:2560 UserNum:0.(1)(2016-03-31_10-01-22-114)
send room info to Lobby, Name:RoomSvr1 IdleRoomNum:2560 UserNum:0.(1)(2016-03-31_10-01-42-147)
send room info to Lobby, Name:RoomSvr1 IdleRoomNum:2560 UserNum:0.(1)(2016-03-31_10-02-02-174)
send room info to Lobby, Name:RoomSvr1 IdleRoomNum:2560 UserNum:0.(1)(2016-03-31_10-02-22-202)
send room info to Lobby, Name:RoomSvr1 IdleRoomNum:2560 UserNum:0.(1)(2016-03-31_10-02-42-230)
send room info to Lobby, Name:RoomSvr1 IdleRoomNum:2560 UserNum:0.(1)(2016-03-31_10-03-02-247)
send room info to Lobby, Name:RoomSvr1 IdleRoomNum:2560 UserNum:0.(1)(2016-03-31_10-03-22-263)
send room info to Lobby, Name:RoomSvr1 IdleRoomNum:2560 UserNum:0.(1)(2016-03-31_10-03-42-279)
send room info to Lobby, Name:RoomSvr1 IdleRoomNum:2560 UserNum:0.(1)(2016-03-31_10-04-02-306)
send room info to Lobby, Name:RoomSvr1 IdleRoomNum:2560 UserNum:0.(1)(2016-03-31_10-04-22-333)
send room info to Lobby, Name:RoomSvr1 IdleRoomNum:2560 UserNum:0.(1)(2016-03-31_10-04-42-354)
send room info to Lobby, Name:RoomSvr1 IdleRoomNum:2560 UserNum:0.(1)(2016-03-31_10-05-02-377)
send room info to Lobby, Name:RoomSvr1 IdleRoomNum:2560 UserNum:0.(1)(2016-03-31_10-05-22-403)
send room info to Lobby, Name:RoomSvr1 IdleRoomNum:2560 UserNum:0.(1)(2016-03-31_10-05-42-427)
send room info to Lobby, Name:RoomSvr1 IdleRoomNum:2560 UserNum:0.(1)(2016-03-31_10-06-02-439)
send room info to Lobby, Name:RoomSvr1 IdleRoomNum:2560 UserNum:0.(1)(2016-03-31_10-06-22-462)
send room info to Lobby, Name:RoomSvr1 IdleRoomNum:2560 UserNum:0.(1)(2016-03-31_10-06-42-485)
send room info to Lobby, Name:RoomSvr1 IdleRoomNum:2560 UserNum:0.(1)(2016-03-31_10-07-02-508)
send room info to Lobby, Name:RoomSvr1 IdleRoomNum:2560 UserNum:0.(1)(2016-03-31_10-07-22-539)
send room info to Lobby, Name:RoomSvr1 IdleRoomNum:2560 UserNum:0.(1)(2016-03-31_10-07-42-566)
send room info to Lobby, Name:RoomSvr1 IdleRoomNum:2560 UserNum:0.(1)(2016-03-31_10-08-02-585)
send room info to Lobby, Name:RoomSvr1 IdleRoomNum:2560 UserNum:0.(1)(2016-03-31_10-08-22-612)
send room info to Lobby, Name:RoomSvr1 IdleRoomNum:2560 UserNum:0.(1)(2016-03-31_10-08-42-637)
send room info to Lobby, Name:RoomSvr1 IdleRoomNum:2560 UserNum:0.(1)(2016-03-31_10-09-02-653)
send room info to Lobby, Name:RoomSvr1 IdleRoomNum:2560 UserNum:0.(1)(2016-03-31_10-09-22-676)
send room info to Lobby, Name:RoomSvr1 IdleRoomNum:2560 UserNum:0.(1)(2016-03-31_10-09-42-695)
send room info to Lobby, Name:RoomSvr1 IdleRoomNum:2560 UserNum:0.(1)(2016-03-31_10-10-02-715)
send room info to Lobby, Name:RoomSvr1 IdleRoomNum:2560 UserNum:0.(1)(2016-03-31_10-10-22-737)
send room info to Lobby, Name:RoomSvr1 IdleRoomNum:2560 UserNum:0.(1)(2016-03-31_10-10-42-758)
send room info to Lobby, Name:RoomSvr1 IdleRoomNum:2560 UserNum:0.(1)(2016-03-31_10-11-02-778)
send room info to Lobby, Name:RoomSvr1 IdleRoomNum:2560 UserNum:0.(1)(2016-03-31_10-11-22-806)
send room info to Lobby, Name:RoomSvr1 IdleRoomNum:2560 UserNum:0.(1)(2016-03-31_10-11-42-824)
send room info to Lobby, Name:RoomSvr1 IdleRoomNum:2560 UserNum:0.(1)(2016-03-31_10-12-02-852)
send room info to Lobby, Name:RoomSvr1 IdleRoomNum:2560 UserNum:0.(1)(2016-03-31_10-12-22-875)
send room info to Lobby, Name:RoomSvr1 IdleRoomNum:2560 UserNum:0.(1)(2016-03-31_10-12-42-906)
send room info to Lobby, Name:RoomSvr1 IdleRoomNum:2560 UserNum:0.(1)(2016-03-31_10-13-02-928)
send room info to Lobby, Name:RoomSvr1 IdleRoomNum:2560 UserNum:0.(1)(2016-03-31_10-13-22-952)
send room info to Lobby, Name:RoomSvr1 IdleRoomNum:2560 UserNum:0.(1)(2016-03-31_10-13-42-985)
send room info to Lobby, Name:RoomSvr1 IdleRoomNum:2560 UserNum:0.(1)(2016-03-31_10-14-03-007)
send room info to Lobby, Name:RoomSvr1 IdleRoomNum:2560 UserNum:0.(1)(2016-03-31_10-14-23-027)
send room info to Lobby, Name:RoomSvr1 IdleRoomNum:2560 UserNum:0.(1)(2016-03-31_10-14-43-054)
send room info to Lobby, Name:RoomSvr1 IdleRoomNum:2560 UserNum:0.(1)(2016-03-31_10-15-03-085)
send room info to Lobby, Name:RoomSvr1 IdleRoomNum:2560 UserNum:0.(1)(2016-03-31_10-15-23-119)
send room info to Lobby, Name:RoomSvr1 IdleRoomNum:2560 UserNum:0.(1)(2016-03-31_10-15-43-153)
send room info to Lobby, Name:RoomSvr1 IdleRoomNum:2560 UserNum:0.(1)(2016-03-31_10-16-03-172)
send room info to Lobby, Name:RoomSvr1 IdleRoomNum:2560 UserNum:0.(1)(2016-03-31_10-16-23-195)
send room info to Lobby, Name:RoomSvr1 IdleRoomNum:2560 UserNum:0.(1)(2016-03-31_10-16-43-218)
send room info to Lobby, Name:RoomSvr1 IdleRoomNum:2560 UserNum:0.(1)(2016-03-31_10-17-03-237)
send room info to Lobby, Name:RoomSvr1 IdleRoomNum:2560 UserNum:0.(1)(2016-03-31_10-17-23-264)
send room info to Lobby, Name:RoomSvr1 IdleRoomNum:2560 UserNum:0.(1)(2016-03-31_10-17-43-276)
send room info to Lobby, Name:RoomSvr1 IdleRoomNum:2560 UserNum:0.(1)(2016-03-31_10-18-03-306)
send room info to Lobby, Name:RoomSvr1 IdleRoomNum:2560 UserNum:0.(1)(2016-03-31_10-18-23-326)
send room info to Lobby, Name:RoomSvr1 IdleRoomNum:2560 UserNum:0.(1)(2016-03-31_10-18-43-355)
send room info to Lobby, Name:RoomSvr1 IdleRoomNum:2560 UserNum:0.(1)(2016-03-31_10-19-03-376)
send room info to Lobby, Name:RoomSvr1 IdleRoomNum:2560 UserNum:0.(1)(2016-03-31_10-19-23-400)
send room info to Lobby, Name:RoomSvr1 IdleRoomNum:2560 UserNum:0.(1)(2016-03-31_10-19-43-425)
send room info to Lobby, Name:RoomSvr1 IdleRoomNum:2560 UserNum:0.(1)(2016-03-31_10-20-03-454)
send room info to Lobby, Name:RoomSvr1 IdleRoomNum:2560 UserNum:0.(1)(2016-03-31_10-20-23-476)
send room info to Lobby, Name:RoomSvr1 IdleRoomNum:2560 UserNum:0.(1)(2016-03-31_10-20-43-496)
send room info to Lobby, Name:RoomSvr1 IdleRoomNum:2560 UserNum:0.(1)(2016-03-31_10-21-03-515)
send room info to Lobby, Name:RoomSvr1 IdleRoomNum:2560 UserNum:0.(1)(2016-03-31_10-21-23-536)
send room info to Lobby, Name:RoomSvr1 IdleRoomNum:2560 UserNum:0.(1)(2016-03-31_10-21-43-559)
send room info to Lobby, Name:RoomSvr1 IdleRoomNum:2560 UserNum:0.(1)(2016-03-31_10-22-03-587)
send room info to Lobby, Name:RoomSvr1 IdleRoomNum:2560 UserNum:0.(1)(2016-03-31_10-22-23-618)
send room info to Lobby, Name:RoomSvr1 IdleRoomNum:2560 UserNum:0.(1)(2016-03-31_10-22-43-640)
send room info to Lobby, Name:RoomSvr1 IdleRoomNum:2560 UserNum:0.(1)(2016-03-31_10-23-03-658)
send room info to Lobby, Name:RoomSvr1 IdleRoomNum:2560 UserNum:0.(1)(2016-03-31_10-23-23-679)
send room info to Lobby, Name:RoomSvr1 IdleRoomNum:2560 UserNum:0.(1)(2016-03-31_10-23-43-694)
send room info to Lobby, Name:RoomSvr1 IdleRoomNum:2560 UserNum:0.(1)(2016-03-31_10-24-03-718)
send room info to Lobby, Name:RoomSvr1 IdleRoomNum:2560 UserNum:0.(1)(2016-03-31_10-24-23-746)
send room info to Lobby, Name:RoomSvr1 IdleRoomNum:2560 UserNum:0.(1)(2016-03-31_10-24-43-763)
send room info to Lobby, Name:RoomSvr1 IdleRoomNum:2560 UserNum:0.(1)(2016-03-31_10-25-03-784)
send room info to Lobby, Name:RoomSvr1 IdleRoomNum:2560 UserNum:0.(1)(2016-03-31_10-25-23-795)
send room info to Lobby, Name:RoomSvr1 IdleRoomNum:2560 UserNum:0.(1)(2016-03-31_10-25-43-808)
send room info to Lobby, Name:RoomSvr1 IdleRoomNum:2560 UserNum:0.(1)(2016-03-31_10-26-03-828)
send room info to Lobby, Name:RoomSvr1 IdleRoomNum:2560 UserNum:0.(1)(2016-03-31_10-26-23-846)
send room info to Lobby, Name:RoomSvr1 IdleRoomNum:2560 UserNum:0.(1)(2016-03-31_10-26-43-864)
send room info to Lobby, Name:RoomSvr1 IdleRoomNum:2560 UserNum:0.(1)(2016-03-31_10-27-03-872)
send room info to Lobby, Name:RoomSvr1 IdleRoomNum:2560 UserNum:0.(1)(2016-03-31_10-27-23-891)
send room info to Lobby, Name:RoomSvr1 IdleRoomNum:2560 UserNum:0.(1)(2016-03-31_10-27-43-919)
send room info to Lobby, Name:RoomSvr1 IdleRoomNum:2560 UserNum:0.(1)(2016-03-31_10-28-03-942)
send room info to Lobby, Name:RoomSvr1 IdleRoomNum:2560 UserNum:0.(1)(2016-03-31_10-28-23-950)
send room info to Lobby, Name:RoomSvr1 IdleRoomNum:2560 UserNum:0.(1)(2016-03-31_10-28-43-979)
send room info to Lobby, Name:RoomSvr1 IdleRoomNum:2560 UserNum:0.(1)(2016-03-31_10-29-04-001)
send room info to Lobby, Name:RoomSvr1 IdleRoomNum:2560 UserNum:0.(1)(2016-03-31_10-29-24-030)
send room info to Lobby, Name:RoomSvr1 IdleRoomNum:2560 UserNum:0.(1)(2016-03-31_10-29-44-057)
send room info to Lobby, Name:RoomSvr1 IdleRoomNum:2560 UserNum:0.(1)(2016-03-31_10-30-04-072)
send room info to Lobby, Name:RoomSvr1 IdleRoomNum:2560 UserNum:0.(1)(2016-03-31_10-30-24-089)
send room info to Lobby, Name:RoomSvr1 IdleRoomNum:2560 UserNum:0.(1)(2016-03-31_10-30-44-106)
send room info to Lobby, Name:RoomSvr1 IdleRoomNum:2560 UserNum:0.(1)(2016-03-31_10-31-04-125)
send room info to Lobby, Name:RoomSvr1 IdleRoomNum:2560 UserNum:0.(1)(2016-03-31_10-31-24-152)
send room info to Lobby, Name:RoomSvr1 IdleRoomNum:2560 UserNum:0.(1)(2016-03-31_10-31-44-175)
send room info to Lobby, Name:RoomSvr1 IdleRoomNum:2560 UserNum:0.(1)(2016-03-31_10-32-04-187)
send room info to Lobby, Name:RoomSvr1 IdleRoomNum:2560 UserNum:0.(1)(2016-03-31_10-32-24-207)
send room info to Lobby, Name:RoomSvr1 IdleRoomNum:2560 UserNum:0.(1)(2016-03-31_10-32-44-231)
send room info to Lobby, Name:RoomSvr1 IdleRoomNum:2560 UserNum:0.(1)(2016-03-31_10-33-04-256)
send room info to Lobby, Name:RoomSvr1 IdleRoomNum:2560 UserNum:0.(1)(2016-03-31_10-33-24-280)
send room info to Lobby, Name:RoomSvr1 IdleRoomNum:2560 UserNum:0.(1)(2016-03-31_10-33-44-295)
send room info to Lobby, Name:RoomSvr1 IdleRoomNum:2560 UserNum:0.(1)(2016-03-31_10-34-04-316)
send room info to Lobby, Name:RoomSvr1 IdleRoomNum:2560 UserNum:0.(1)(2016-03-31_10-34-24-325)
send room info to Lobby, Name:RoomSvr1 IdleRoomNum:2560 UserNum:0.(1)(2016-03-31_10-34-44-346)
send room info to Lobby, Name:RoomSvr1 IdleRoomNum:2560 UserNum:0.(1)(2016-03-31_10-35-04-367)
send room info to Lobby, Name:RoomSvr1 IdleRoomNum:2560 UserNum:0.(1)(2016-03-31_10-35-24-375)
send room info to Lobby, Name:RoomSvr1 IdleRoomNum:2560 UserNum:0.(1)(2016-03-31_10-35-44-387)
send room info to Lobby, Name:RoomSvr1 IdleRoomNum:2560 UserNum:0.(1)(2016-03-31_10-36-04-406)
send room info to Lobby, Name:RoomSvr1 IdleRoomNum:2560 UserNum:0.(1)(2016-03-31_10-36-24-416)
send room info to Lobby, Name:RoomSvr1 IdleRoomNum:2560 UserNum:0.(1)(2016-03-31_10-36-44-430)
send room info to Lobby, Name:RoomSvr1 IdleRoomNum:2560 UserNum:0.(1)(2016-03-31_10-37-04-457)
send room info to Lobby, Name:RoomSvr1 IdleRoomNum:2560 UserNum:0.(1)(2016-03-31_10-37-24-467)
send room info to Lobby, Name:RoomSvr1 IdleRoomNum:2560 UserNum:0.(1)(2016-03-31_10-37-44-480)
send room info to Lobby, Name:RoomSvr1 IdleRoomNum:2560 UserNum:0.(1)(2016-03-31_10-38-04-493)
send room info to Lobby, Name:RoomSvr1 IdleRoomNum:2560 UserNum:0.(1)(2016-03-31_10-38-24-498)
send room info to Lobby, Name:RoomSvr1 IdleRoomNum:2560 UserNum:0.(1)(2016-03-31_10-38-44-514)
send room info to Lobby, Name:RoomSvr1 IdleRoomNum:2560 UserNum:0.(1)(2016-03-31_10-39-04-527)
send room info to Lobby, Name:RoomSvr1 IdleRoomNum:2560 UserNum:0.(1)(2016-03-31_10-39-24-543)
send room info to Lobby, Name:RoomSvr1 IdleRoomNum:2560 UserNum:0.(1)(2016-03-31_10-39-44-550)
send room info to Lobby, Name:RoomSvr1 IdleRoomNum:2560 UserNum:0.(1)(2016-03-31_10-40-04-569)
send room info to Lobby, Name:RoomSvr1 IdleRoomNum:2560 UserNum:0.(1)(2016-03-31_10-40-24-582)
send room info to Lobby, Name:RoomSvr1 IdleRoomNum:2560 UserNum:0.(1)(2016-03-31_10-40-44-606)
send room info to Lobby, Name:RoomSvr1 IdleRoomNum:2560 UserNum:0.(1)(2016-03-31_10-41-04-626)
send room info to Lobby, Name:RoomSvr1 IdleRoomNum:2560 UserNum:0.(1)(2016-03-31_10-41-24-636)
send room info to Lobby, Name:RoomSvr1 IdleRoomNum:2560 UserNum:0.(1)(2016-03-31_10-41-44-656)
send room info to Lobby, Name:RoomSvr1 IdleRoomNum:2560 UserNum:0.(1)(2016-03-31_10-42-04-674)
send room info to Lobby, Name:RoomSvr1 IdleRoomNum:2560 UserNum:0.(1)(2016-03-31_10-42-24-684)
send room info to Lobby, Name:RoomSvr1 IdleRoomNum:2560 UserNum:0.(1)(2016-03-31_10-42-44-697)
send room info to Lobby, Name:RoomSvr1 IdleRoomNum:2560 UserNum:0.(1)(2016-03-31_10-43-04-714)
send room info to Lobby, Name:RoomSvr1 IdleRoomNum:2560 UserNum:0.(1)(2016-03-31_10-43-24-732)
send room info to Lobby, Name:RoomSvr1 IdleRoomNum:2560 UserNum:0.(1)(2016-03-31_10-43-44-756)
send room info to Lobby, Name:RoomSvr1 IdleRoomNum:2560 UserNum:0.(1)(2016-03-31_10-44-04-776)
send room info to Lobby, Name:RoomSvr1 IdleRoomNum:2560 UserNum:0.(1)(2016-03-31_10-44-24-791)
send room info to Lobby, Name:RoomSvr1 IdleRoomNum:2560 UserNum:0.(1)(2016-03-31_10-44-44-822)
send room info to Lobby, Name:RoomSvr1 IdleRoomNum:2560 UserNum:0.(1)(2016-03-31_10-45-04-834)
send room info to Lobby, Name:RoomSvr1 IdleRoomNum:2560 UserNum:0.(1)(2016-03-31_10-45-24-843)
send room info to Lobby, Name:RoomSvr1 IdleRoomNum:2560 UserNum:0.(1)(2016-03-31_10-45-44-858)
send room info to Lobby, Name:RoomSvr1 IdleRoomNum:2560 UserNum:0.(1)(2016-03-31_10-46-04-881)
send room info to Lobby, Name:RoomSvr1 IdleRoomNum:2560 UserNum:0.(1)(2016-03-31_10-46-24-911)
send room info to Lobby, Name:RoomSvr1 IdleRoomNum:2560 UserNum:0.(1)(2016-03-31_10-46-44-929)
send room info to Lobby, Name:RoomSvr1 IdleRoomNum:2560 UserNum:0.(1)(2016-03-31_10-47-04-944)
send room info to Lobby, Name:RoomSvr1 IdleRoomNum:2560 UserNum:0.(1)(2016-03-31_10-47-24-974)
send room info to Lobby, Name:RoomSvr1 IdleRoomNum:2560 UserNum:0.(1)(2016-03-31_10-47-45-007)
send room info to Lobby, Name:RoomSvr1 IdleRoomNum:2560 UserNum:0.(1)(2016-03-31_10-48-05-022)
send room info to Lobby, Name:RoomSvr1 IdleRoomNum:2560 UserNum:0.(1)(2016-03-31_10-48-25-047)
send room info to Lobby, Name:RoomSvr1 IdleRoomNum:2560 UserNum:0.(1)(2016-03-31_10-48-45-068)
