Init Succ!(1)(2016-04-01_09-00-36-193)
room server init ip: 127.0.0.1  port: 9528(1)(2016-04-01_09-00-36-515)
Serialize init OK.(1)(2016-04-01_09-00-36-524)
thread 1 init ok.(1)(2016-04-01_09-00-37-132)
thread 2 init ok.(1)(2016-04-01_09-00-37-133)
thread 3 init ok.(1)(2016-04-01_09-00-37-156)
thread 4 init ok.(1)(2016-04-01_09-00-37-157)
thread 5 init ok.(1)(2016-04-01_09-00-37-157)
thread 6 init ok.(1)(2016-04-01_09-00-37-158)
thread 7 init ok.(1)(2016-04-01_09-00-37-159)
thread 8 init ok.(1)(2016-04-01_09-00-37-159)
thread 9 init ok.(1)(2016-04-01_09-00-37-160)
thread 10 init ok.(1)(2016-04-01_09-00-37-160)
thread 11 init ok.(1)(2016-04-01_09-00-37-161)
thread 12 init ok.(1)(2016-04-01_09-00-37-162)
thread 13 init ok.(1)(2016-04-01_09-00-37-163)
thread 14 init ok.(1)(2016-04-01_09-00-37-163)
thread 15 init ok.(1)(2016-04-01_09-00-37-164)
thread 16 init ok.(1)(2016-04-01_09-00-37-165)
thread 17 init ok.(1)(2016-04-01_09-00-37-166)
thread 18 init ok.(1)(2016-04-01_09-00-37-166)
thread 19 init ok.(1)(2016-04-01_09-00-37-167)
thread 20 init ok.(1)(2016-04-01_09-00-37-168)
thread 21 init ok.(1)(2016-04-01_09-00-37-168)
thread 22 init ok.(1)(2016-04-01_09-00-37-169)
thread 23 init ok.(1)(2016-04-01_09-00-37-169)
thread 24 init ok.(1)(2016-04-01_09-00-37-170)
thread 25 init ok.(1)(2016-04-01_09-00-37-171)
thread 26 init ok.(1)(2016-04-01_09-00-37-171)
thread 27 init ok.(1)(2016-04-01_09-00-37-172)
thread 28 init ok.(1)(2016-04-01_09-00-37-172)
thread 29 init ok.(1)(2016-04-01_09-00-37-173)
thread 30 init ok.(1)(2016-04-01_09-00-37-191)
thread 31 init ok.(1)(2016-04-01_09-00-37-192)
thread 32 init ok.(1)(2016-04-01_09-00-37-192)
thread 33 init ok.(1)(2016-04-01_09-00-37-193)
thread 34 init ok.(1)(2016-04-01_09-00-37-194)
thread 35 init ok.(1)(2016-04-01_09-00-37-194)
thread 36 init ok.(1)(2016-04-01_09-00-37-196)
thread 37 init ok.(1)(2016-04-01_09-00-37-197)
thread 38 init ok.(1)(2016-04-01_09-00-37-197)
thread 39 init ok.(1)(2016-04-01_09-00-37-198)
thread 40 init ok.(1)(2016-04-01_09-00-37-199)
Enable NetIncomingMessageType.ErrorMessage(1)(2016-04-01_09-00-37-205)
Enable NetIncomingMessageType.WarningMessage(1)(2016-04-01_09-00-37-206)
thread 1 start.(5)(2016-04-01_09-00-37-293)
thread 2 start.(6)(2016-04-01_09-00-37-296)
thread 3 start.(7)(2016-04-01_09-00-37-296)
thread 4 start.(8)(2016-04-01_09-00-37-299)
thread 5 start.(9)(2016-04-01_09-00-37-300)
thread 6 start.(10)(2016-04-01_09-00-37-301)
thread 7 start.(11)(2016-04-01_09-00-37-302)
thread 8 start.(12)(2016-04-01_09-00-37-303)
thread 9 start.(13)(2016-04-01_09-00-37-304)
thread 10 start.(14)(2016-04-01_09-00-37-307)
thread 11 start.(15)(2016-04-01_09-00-37-309)
thread 12 start.(16)(2016-04-01_09-00-37-314)
thread 13 start.(17)(2016-04-01_09-00-37-316)
thread 14 start.(18)(2016-04-01_09-00-37-317)
thread 15 start.(19)(2016-04-01_09-00-37-319)
thread 16 start.(20)(2016-04-01_09-00-37-321)
thread 17 start.(21)(2016-04-01_09-00-37-322)
thread 18 start.(22)(2016-04-01_09-00-37-325)
thread 19 start.(23)(2016-04-01_09-00-37-325)
thread 20 start.(24)(2016-04-01_09-00-37-326)
thread 21 start.(25)(2016-04-01_09-00-37-326)
thread 22 start.(26)(2016-04-01_09-00-37-327)
thread 23 start.(27)(2016-04-01_09-00-37-327)
thread 24 start.(28)(2016-04-01_09-00-37-330)
thread 25 start.(29)(2016-04-01_09-00-37-331)
thread 26 start.(30)(2016-04-01_09-00-37-332)
thread 27 start.(31)(2016-04-01_09-00-37-333)
thread 28 start.(32)(2016-04-01_09-00-37-334)
thread 29 start.(33)(2016-04-01_09-00-37-336)
thread 30 start.(34)(2016-04-01_09-00-37-337)
thread 31 start.(35)(2016-04-01_09-00-37-337)
thread 32 start.(36)(2016-04-01_09-00-37-338)
thread 33 start.(37)(2016-04-01_09-00-37-339)
thread 34 start.(38)(2016-04-01_09-00-37-341)
thread 35 start.(39)(2016-04-01_09-00-37-341)
thread 36 start.(40)(2016-04-01_09-00-37-342)
thread 37 start.(41)(2016-04-01_09-00-37-343)
thread 38 start.(42)(2016-04-01_09-00-37-344)
thread 39 start.(43)(2016-04-01_09-00-37-344)
thread 40 start.(44)(2016-04-01_09-00-37-346)
room server init ok.(1)(2016-04-01_09-00-37-360)
register room server to Lobby.(1)(2016-04-01_09-00-41-394)
send room info to Lobby, Name:RoomSvr1 IdleRoomNum:2560 UserNum:0.(1)(2016-04-01_09-00-56-246)
send room info to Lobby, Name:RoomSvr1 IdleRoomNum:2560 UserNum:0.(1)(2016-04-01_09-01-16-270)
send room info to Lobby, Name:RoomSvr1 IdleRoomNum:2560 UserNum:0.(1)(2016-04-01_09-01-36-291)
send room info to Lobby, Name:RoomSvr1 IdleRoomNum:2560 UserNum:0.(1)(2016-04-01_09-01-56-321)
send room info to Lobby, Name:RoomSvr1 IdleRoomNum:2560 UserNum:0.(1)(2016-04-01_09-02-16-339)
send room info to Lobby, Name:RoomSvr1 IdleRoomNum:2560 UserNum:0.(1)(2016-04-01_09-02-36-361)
send room info to Lobby, Name:RoomSvr1 IdleRoomNum:2560 UserNum:0.(1)(2016-04-01_09-02-56-390)
send room info to Lobby, Name:RoomSvr1 IdleRoomNum:2560 UserNum:0.(1)(2016-04-01_09-03-16-419)
send room info to Lobby, Name:RoomSvr1 IdleRoomNum:2560 UserNum:0.(1)(2016-04-01_09-03-36-441)
send room info to Lobby, Name:RoomSvr1 IdleRoomNum:2560 UserNum:0.(1)(2016-04-01_09-03-56-459)
send room info to Lobby, Name:RoomSvr1 IdleRoomNum:2560 UserNum:0.(1)(2016-04-01_09-04-16-471)
send room info to Lobby, Name:RoomSvr1 IdleRoomNum:2560 UserNum:0.(1)(2016-04-01_09-04-36-497)
send room info to Lobby, Name:RoomSvr1 IdleRoomNum:2560 UserNum:0.(1)(2016-04-01_09-04-56-518)
send room info to Lobby, Name:RoomSvr1 IdleRoomNum:2560 UserNum:0.(1)(2016-04-01_09-05-16-544)
send room info to Lobby, Name:RoomSvr1 IdleRoomNum:2560 UserNum:0.(1)(2016-04-01_09-05-36-568)
send room info to Lobby, Name:RoomSvr1 IdleRoomNum:2560 UserNum:0.(1)(2016-04-01_09-05-56-589)
send room info to Lobby, Name:RoomSvr1 IdleRoomNum:2560 UserNum:0.(1)(2016-04-01_09-06-16-608)
send room info to Lobby, Name:RoomSvr1 IdleRoomNum:2560 UserNum:0.(1)(2016-04-01_09-06-36-635)
send room info to Lobby, Name:RoomSvr1 IdleRoomNum:2560 UserNum:0.(1)(2016-04-01_09-06-56-648)
send room info to Lobby, Name:RoomSvr1 IdleRoomNum:2560 UserNum:0.(1)(2016-04-01_09-07-16-670)
send room info to Lobby, Name:RoomSvr1 IdleRoomNum:2560 UserNum:0.(1)(2016-04-01_09-07-36-689)
send room info to Lobby, Name:RoomSvr1 IdleRoomNum:2560 UserNum:0.(1)(2016-04-01_09-07-56-707)
send room info to Lobby, Name:RoomSvr1 IdleRoomNum:2560 UserNum:0.(1)(2016-04-01_09-08-16-731)
send room info to Lobby, Name:RoomSvr1 IdleRoomNum:2560 UserNum:0.(1)(2016-04-01_09-08-36-747)
send room info to Lobby, Name:RoomSvr1 IdleRoomNum:2560 UserNum:0.(1)(2016-04-01_09-08-56-769)
send room info to Lobby, Name:RoomSvr1 IdleRoomNum:2560 UserNum:0.(1)(2016-04-01_09-09-16-789)
send room info to Lobby, Name:RoomSvr1 IdleRoomNum:2560 UserNum:0.(1)(2016-04-01_09-09-36-809)
send room info to Lobby, Name:RoomSvr1 IdleRoomNum:2560 UserNum:0.(1)(2016-04-01_09-09-56-833)
send room info to Lobby, Name:RoomSvr1 IdleRoomNum:2560 UserNum:0.(1)(2016-04-01_09-10-16-851)
send room info to Lobby, Name:RoomSvr1 IdleRoomNum:2560 UserNum:0.(1)(2016-04-01_09-10-36-881)
send room info to Lobby, Name:RoomSvr1 IdleRoomNum:2560 UserNum:0.(1)(2016-04-01_09-10-56-905)
send room info to Lobby, Name:RoomSvr1 IdleRoomNum:2560 UserNum:0.(1)(2016-04-01_09-11-16-919)
send room info to Lobby, Name:RoomSvr1 IdleRoomNum:2560 UserNum:0.(1)(2016-04-01_09-11-36-947)
send room info to Lobby, Name:RoomSvr1 IdleRoomNum:2560 UserNum:0.(1)(2016-04-01_09-11-56-964)
send room info to Lobby, Name:RoomSvr1 IdleRoomNum:2560 UserNum:0.(1)(2016-04-01_09-12-16-988)
send room info to Lobby, Name:RoomSvr1 IdleRoomNum:2560 UserNum:0.(1)(2016-04-01_09-12-37-014)
send room info to Lobby, Name:RoomSvr1 IdleRoomNum:2560 UserNum:0.(1)(2016-04-01_09-12-57-041)
send room info to Lobby, Name:RoomSvr1 IdleRoomNum:2560 UserNum:0.(1)(2016-04-01_09-13-17-056)
send room info to Lobby, Name:RoomSvr1 IdleRoomNum:2560 UserNum:0.(1)(2016-04-01_09-13-37-094)
send room info to Lobby, Name:RoomSvr1 IdleRoomNum:2560 UserNum:0.(1)(2016-04-01_09-13-57-130)
send room info to Lobby, Name:RoomSvr1 IdleRoomNum:2560 UserNum:0.(1)(2016-04-01_09-14-17-150)
send room info to Lobby, Name:RoomSvr1 IdleRoomNum:2560 UserNum:0.(1)(2016-04-01_09-14-37-169)
send room info to Lobby, Name:RoomSvr1 IdleRoomNum:2560 UserNum:0.(1)(2016-04-01_09-14-57-189)
send room info to Lobby, Name:RoomSvr1 IdleRoomNum:2560 UserNum:0.(1)(2016-04-01_09-15-17-215)
send room info to Lobby, Name:RoomSvr1 IdleRoomNum:2560 UserNum:0.(1)(2016-04-01_09-15-37-239)
send room info to Lobby, Name:RoomSvr1 IdleRoomNum:2560 UserNum:0.(1)(2016-04-01_09-15-57-262)
send room info to Lobby, Name:RoomSvr1 IdleRoomNum:2560 UserNum:0.(1)(2016-04-01_09-16-17-289)
send room info to Lobby, Name:RoomSvr1 IdleRoomNum:2560 UserNum:0.(1)(2016-04-01_09-16-37-309)
send room info to Lobby, Name:RoomSvr1 IdleRoomNum:2560 UserNum:0.(1)(2016-04-01_09-16-57-332)
send room info to Lobby, Name:RoomSvr1 IdleRoomNum:2560 UserNum:0.(1)(2016-04-01_09-17-17-349)
send room info to Lobby, Name:RoomSvr1 IdleRoomNum:2560 UserNum:0.(1)(2016-04-01_09-17-37-369)
send room info to Lobby, Name:RoomSvr1 IdleRoomNum:2560 UserNum:0.(1)(2016-04-01_09-17-57-389)
send room info to Lobby, Name:RoomSvr1 IdleRoomNum:2560 UserNum:0.(1)(2016-04-01_09-18-17-416)
send room info to Lobby, Name:RoomSvr1 IdleRoomNum:2560 UserNum:0.(1)(2016-04-01_09-18-37-436)
send room info to Lobby, Name:RoomSvr1 IdleRoomNum:2560 UserNum:0.(1)(2016-04-01_09-18-57-456)
send room info to Lobby, Name:RoomSvr1 IdleRoomNum:2560 UserNum:0.(1)(2016-04-01_09-19-17-481)
send room info to Lobby, Name:RoomSvr1 IdleRoomNum:2560 UserNum:0.(1)(2016-04-01_09-19-37-509)
send room info to Lobby, Name:RoomSvr1 IdleRoomNum:2560 UserNum:0.(1)(2016-04-01_09-19-57-524)
send room info to Lobby, Name:RoomSvr1 IdleRoomNum:2560 UserNum:0.(1)(2016-04-01_09-20-17-544)
send room info to Lobby, Name:RoomSvr1 IdleRoomNum:2560 UserNum:0.(1)(2016-04-01_09-20-37-561)
send room info to Lobby, Name:RoomSvr1 IdleRoomNum:2560 UserNum:0.(1)(2016-04-01_09-20-57-578)
send room info to Lobby, Name:RoomSvr1 IdleRoomNum:2560 UserNum:0.(1)(2016-04-01_09-21-17-600)
send room info to Lobby, Name:RoomSvr1 IdleRoomNum:2560 UserNum:0.(1)(2016-04-01_09-21-37-621)
send room info to Lobby, Name:RoomSvr1 IdleRoomNum:2560 UserNum:0.(1)(2016-04-01_09-21-57-655)
send room info to Lobby, Name:RoomSvr1 IdleRoomNum:2560 UserNum:0.(1)(2016-04-01_09-22-17-678)
send room info to Lobby, Name:RoomSvr1 IdleRoomNum:2560 UserNum:0.(1)(2016-04-01_09-22-37-707)
send room info to Lobby, Name:RoomSvr1 IdleRoomNum:2560 UserNum:0.(1)(2016-04-01_09-22-57-724)
send room info to Lobby, Name:RoomSvr1 IdleRoomNum:2560 UserNum:0.(1)(2016-04-01_09-23-17-743)
send room info to Lobby, Name:RoomSvr1 IdleRoomNum:2560 UserNum:0.(1)(2016-04-01_09-23-37-763)
send room info to Lobby, Name:RoomSvr1 IdleRoomNum:2560 UserNum:0.(1)(2016-04-01_09-23-57-783)
send room info to Lobby, Name:RoomSvr1 IdleRoomNum:2560 UserNum:0.(1)(2016-04-01_09-24-17-810)
send room info to Lobby, Name:RoomSvr1 IdleRoomNum:2560 UserNum:0.(1)(2016-04-01_09-24-37-831)
send room info to Lobby, Name:RoomSvr1 IdleRoomNum:2560 UserNum:0.(1)(2016-04-01_09-24-57-844)
send room info to Lobby, Name:RoomSvr1 IdleRoomNum:2560 UserNum:0.(1)(2016-04-01_09-25-17-871)
send room info to Lobby, Name:RoomSvr1 IdleRoomNum:2560 UserNum:0.(1)(2016-04-01_09-25-37-891)
send room info to Lobby, Name:RoomSvr1 IdleRoomNum:2560 UserNum:0.(1)(2016-04-01_09-25-57-915)
send room info to Lobby, Name:RoomSvr1 IdleRoomNum:2560 UserNum:0.(1)(2016-04-01_09-26-17-932)
send room info to Lobby, Name:RoomSvr1 IdleRoomNum:2560 UserNum:0.(1)(2016-04-01_09-26-37-951)
send room info to Lobby, Name:RoomSvr1 IdleRoomNum:2560 UserNum:0.(1)(2016-04-01_09-26-57-969)
send room info to Lobby, Name:RoomSvr1 IdleRoomNum:2560 UserNum:0.(1)(2016-04-01_09-27-18-000)
send room info to Lobby, Name:RoomSvr1 IdleRoomNum:2560 UserNum:0.(1)(2016-04-01_09-27-38-021)
send room info to Lobby, Name:RoomSvr1 IdleRoomNum:2560 UserNum:0.(1)(2016-04-01_09-27-58-039)
send room info to Lobby, Name:RoomSvr1 IdleRoomNum:2560 UserNum:0.(1)(2016-04-01_09-28-18-066)
send room info to Lobby, Name:RoomSvr1 IdleRoomNum:2560 UserNum:0.(1)(2016-04-01_09-28-38-089)
send room info to Lobby, Name:RoomSvr1 IdleRoomNum:2560 UserNum:0.(1)(2016-04-01_09-28-58-111)
send room info to Lobby, Name:RoomSvr1 IdleRoomNum:2560 UserNum:0.(1)(2016-04-01_09-29-18-141)
send room info to Lobby, Name:RoomSvr1 IdleRoomNum:2560 UserNum:0.(1)(2016-04-01_09-29-38-172)
send room info to Lobby, Name:RoomSvr1 IdleRoomNum:2560 UserNum:0.(1)(2016-04-01_09-29-58-190)
send room info to Lobby, Name:RoomSvr1 IdleRoomNum:2560 UserNum:0.(1)(2016-04-01_09-30-18-210)
send room info to Lobby, Name:RoomSvr1 IdleRoomNum:2560 UserNum:0.(1)(2016-04-01_09-30-38-233)
send room info to Lobby, Name:RoomSvr1 IdleRoomNum:2560 UserNum:0.(1)(2016-04-01_09-30-58-265)
send room info to Lobby, Name:RoomSvr1 IdleRoomNum:2560 UserNum:0.(1)(2016-04-01_09-31-18-288)
send room info to Lobby, Name:RoomSvr1 IdleRoomNum:2560 UserNum:0.(1)(2016-04-01_09-31-38-310)
send room info to Lobby, Name:RoomSvr1 IdleRoomNum:2560 UserNum:0.(1)(2016-04-01_09-31-58-335)
send room info to Lobby, Name:RoomSvr1 IdleRoomNum:2560 UserNum:0.(1)(2016-04-01_09-32-18-353)
send room info to Lobby, Name:RoomSvr1 IdleRoomNum:2560 UserNum:0.(1)(2016-04-01_09-32-38-369)
send room info to Lobby, Name:RoomSvr1 IdleRoomNum:2560 UserNum:0.(1)(2016-04-01_09-32-58-388)
send room info to Lobby, Name:RoomSvr1 IdleRoomNum:2560 UserNum:0.(1)(2016-04-01_09-33-18-410)
send room info to Lobby, Name:RoomSvr1 IdleRoomNum:2560 UserNum:0.(1)(2016-04-01_09-33-38-425)
send room info to Lobby, Name:RoomSvr1 IdleRoomNum:2560 UserNum:0.(1)(2016-04-01_09-33-58-442)
send room info to Lobby, Name:RoomSvr1 IdleRoomNum:2560 UserNum:0.(1)(2016-04-01_09-34-18-473)
send room info to Lobby, Name:RoomSvr1 IdleRoomNum:2560 UserNum:0.(1)(2016-04-01_09-34-38-485)
send room info to Lobby, Name:RoomSvr1 IdleRoomNum:2560 UserNum:0.(1)(2016-04-01_09-34-58-512)
send room info to Lobby, Name:RoomSvr1 IdleRoomNum:2560 UserNum:0.(1)(2016-04-01_09-35-18-526)
send room info to Lobby, Name:RoomSvr1 IdleRoomNum:2560 UserNum:0.(1)(2016-04-01_09-35-38-549)
send room info to Lobby, Name:RoomSvr1 IdleRoomNum:2560 UserNum:0.(1)(2016-04-01_09-35-58-570)
send room info to Lobby, Name:RoomSvr1 IdleRoomNum:2560 UserNum:0.(1)(2016-04-01_09-36-18-594)
send room info to Lobby, Name:RoomSvr1 IdleRoomNum:2560 UserNum:0.(1)(2016-04-01_09-36-38-617)
send room info to Lobby, Name:RoomSvr1 IdleRoomNum:2560 UserNum:0.(1)(2016-04-01_09-36-58-643)
send room info to Lobby, Name:RoomSvr1 IdleRoomNum:2560 UserNum:0.(1)(2016-04-01_09-37-18-660)
send room info to Lobby, Name:RoomSvr1 IdleRoomNum:2560 UserNum:0.(1)(2016-04-01_09-37-38-690)
send room info to Lobby, Name:RoomSvr1 IdleRoomNum:2560 UserNum:0.(1)(2016-04-01_09-37-58-718)
send room info to Lobby, Name:RoomSvr1 IdleRoomNum:2560 UserNum:0.(1)(2016-04-01_09-38-18-730)
send room info to Lobby, Name:RoomSvr1 IdleRoomNum:2560 UserNum:0.(1)(2016-04-01_09-38-38-754)
send room info to Lobby, Name:RoomSvr1 IdleRoomNum:2560 UserNum:0.(1)(2016-04-01_09-38-58-775)
send room info to Lobby, Name:RoomSvr1 IdleRoomNum:2560 UserNum:0.(1)(2016-04-01_09-39-18-801)
send room info to Lobby, Name:RoomSvr1 IdleRoomNum:2560 UserNum:0.(1)(2016-04-01_09-39-38-815)
send room info to Lobby, Name:RoomSvr1 IdleRoomNum:2560 UserNum:0.(1)(2016-04-01_09-39-58-841)
send room info to Lobby, Name:RoomSvr1 IdleRoomNum:2560 UserNum:0.(1)(2016-04-01_09-40-18-866)
send room info to Lobby, Name:RoomSvr1 IdleRoomNum:2560 UserNum:0.(1)(2016-04-01_09-40-38-891)
send room info to Lobby, Name:RoomSvr1 IdleRoomNum:2560 UserNum:0.(1)(2016-04-01_09-40-58-908)
send room info to Lobby, Name:RoomSvr1 IdleRoomNum:2560 UserNum:0.(1)(2016-04-01_09-41-18-929)
send room info to Lobby, Name:RoomSvr1 IdleRoomNum:2560 UserNum:0.(1)(2016-04-01_09-41-38-955)
send room info to Lobby, Name:RoomSvr1 IdleRoomNum:2560 UserNum:0.(1)(2016-04-01_09-41-58-983)
send room info to Lobby, Name:RoomSvr1 IdleRoomNum:2560 UserNum:0.(1)(2016-04-01_09-42-19-012)
send room info to Lobby, Name:RoomSvr1 IdleRoomNum:2560 UserNum:0.(1)(2016-04-01_09-42-39-034)
send room info to Lobby, Name:RoomSvr1 IdleRoomNum:2560 UserNum:0.(1)(2016-04-01_09-42-59-065)
send room info to Lobby, Name:RoomSvr1 IdleRoomNum:2560 UserNum:0.(1)(2016-04-01_09-43-19-086)
send room info to Lobby, Name:RoomSvr1 IdleRoomNum:2560 UserNum:0.(1)(2016-04-01_09-43-39-122)
send room info to Lobby, Name:RoomSvr1 IdleRoomNum:2560 UserNum:0.(1)(2016-04-01_09-43-59-137)
send room info to Lobby, Name:RoomSvr1 IdleRoomNum:2560 UserNum:0.(1)(2016-04-01_09-44-19-156)
send room info to Lobby, Name:RoomSvr1 IdleRoomNum:2560 UserNum:0.(1)(2016-04-01_09-44-39-168)
send room info to Lobby, Name:RoomSvr1 IdleRoomNum:2560 UserNum:0.(1)(2016-04-01_09-44-59-191)
send room info to Lobby, Name:RoomSvr1 IdleRoomNum:2560 UserNum:0.(1)(2016-04-01_09-45-19-209)
send room info to Lobby, Name:RoomSvr1 IdleRoomNum:2560 UserNum:0.(1)(2016-04-01_09-45-39-234)
send room info to Lobby, Name:RoomSvr1 IdleRoomNum:2560 UserNum:0.(1)(2016-04-01_09-45-59-254)
send room info to Lobby, Name:RoomSvr1 IdleRoomNum:2560 UserNum:0.(1)(2016-04-01_09-46-19-266)
send room info to Lobby, Name:RoomSvr1 IdleRoomNum:2560 UserNum:0.(1)(2016-04-01_09-46-39-300)
send room info to Lobby, Name:RoomSvr1 IdleRoomNum:2560 UserNum:0.(1)(2016-04-01_09-46-59-320)
send room info to Lobby, Name:RoomSvr1 IdleRoomNum:2560 UserNum:0.(1)(2016-04-01_09-47-19-332)
send room info to Lobby, Name:RoomSvr1 IdleRoomNum:2560 UserNum:0.(1)(2016-04-01_09-47-39-358)
send room info to Lobby, Name:RoomSvr1 IdleRoomNum:2560 UserNum:0.(1)(2016-04-01_09-47-59-385)
send room info to Lobby, Name:RoomSvr1 IdleRoomNum:2560 UserNum:0.(1)(2016-04-01_09-48-19-411)
send room info to Lobby, Name:RoomSvr1 IdleRoomNum:2560 UserNum:0.(1)(2016-04-01_09-48-39-429)
send room info to Lobby, Name:RoomSvr1 IdleRoomNum:2560 UserNum:0.(1)(2016-04-01_09-48-59-453)
send room info to Lobby, Name:RoomSvr1 IdleRoomNum:2560 UserNum:0.(1)(2016-04-01_09-49-19-474)
send room info to Lobby, Name:RoomSvr1 IdleRoomNum:2560 UserNum:0.(1)(2016-04-01_09-49-39-494)
send room info to Lobby, Name:RoomSvr1 IdleRoomNum:2560 UserNum:0.(1)(2016-04-01_09-49-59-509)
send room info to Lobby, Name:RoomSvr1 IdleRoomNum:2560 UserNum:0.(1)(2016-04-01_09-50-19-532)
send room info to Lobby, Name:RoomSvr1 IdleRoomNum:2560 UserNum:0.(1)(2016-04-01_09-50-39-559)
send room info to Lobby, Name:RoomSvr1 IdleRoomNum:2560 UserNum:0.(1)(2016-04-01_09-50-59-578)
send room info to Lobby, Name:RoomSvr1 IdleRoomNum:2560 UserNum:0.(1)(2016-04-01_09-51-19-595)
send room info to Lobby, Name:RoomSvr1 IdleRoomNum:2560 UserNum:0.(1)(2016-04-01_09-51-39-627)
send room info to Lobby, Name:RoomSvr1 IdleRoomNum:2560 UserNum:0.(1)(2016-04-01_09-51-59-658)
send room info to Lobby, Name:RoomSvr1 IdleRoomNum:2560 UserNum:0.(1)(2016-04-01_09-52-19-679)
send room info to Lobby, Name:RoomSvr1 IdleRoomNum:2560 UserNum:0.(1)(2016-04-01_09-52-39-705)
send room info to Lobby, Name:RoomSvr1 IdleRoomNum:2560 UserNum:0.(1)(2016-04-01_09-52-59-734)
send room info to Lobby, Name:RoomSvr1 IdleRoomNum:2560 UserNum:0.(1)(2016-04-01_09-53-19-755)
send room info to Lobby, Name:RoomSvr1 IdleRoomNum:2560 UserNum:0.(1)(2016-04-01_09-53-39-786)
send room info to Lobby, Name:RoomSvr1 IdleRoomNum:2560 UserNum:0.(1)(2016-04-01_09-53-59-804)
send room info to Lobby, Name:RoomSvr1 IdleRoomNum:2560 UserNum:0.(1)(2016-04-01_09-54-19-831)
send room info to Lobby, Name:RoomSvr1 IdleRoomNum:2560 UserNum:0.(1)(2016-04-01_09-54-39-853)
send room info to Lobby, Name:RoomSvr1 IdleRoomNum:2560 UserNum:0.(1)(2016-04-01_09-54-59-870)
send room info to Lobby, Name:RoomSvr1 IdleRoomNum:2560 UserNum:0.(1)(2016-04-01_09-55-19-891)
send room info to Lobby, Name:RoomSvr1 IdleRoomNum:2560 UserNum:0.(1)(2016-04-01_09-55-39-916)
send room info to Lobby, Name:RoomSvr1 IdleRoomNum:2560 UserNum:0.(1)(2016-04-01_09-55-59-937)
send room info to Lobby, Name:RoomSvr1 IdleRoomNum:2560 UserNum:0.(1)(2016-04-01_09-56-19-958)
send room info to Lobby, Name:RoomSvr1 IdleRoomNum:2560 UserNum:0.(1)(2016-04-01_09-56-39-983)
send room info to Lobby, Name:RoomSvr1 IdleRoomNum:2560 UserNum:0.(1)(2016-04-01_09-57-00-014)
send room info to Lobby, Name:RoomSvr1 IdleRoomNum:2560 UserNum:0.(1)(2016-04-01_09-57-20-037)
send room info to Lobby, Name:RoomSvr1 IdleRoomNum:2560 UserNum:0.(1)(2016-04-01_09-57-40-059)
send room info to Lobby, Name:RoomSvr1 IdleRoomNum:2560 UserNum:0.(1)(2016-04-01_09-58-00-087)
send room info to Lobby, Name:RoomSvr1 IdleRoomNum:2560 UserNum:0.(1)(2016-04-01_09-58-20-109)
send room info to Lobby, Name:RoomSvr1 IdleRoomNum:2560 UserNum:0.(1)(2016-04-01_09-58-40-123)
send room info to Lobby, Name:RoomSvr1 IdleRoomNum:2560 UserNum:0.(1)(2016-04-01_09-59-00-143)
send room info to Lobby, Name:RoomSvr1 IdleRoomNum:2560 UserNum:0.(1)(2016-04-01_09-59-20-172)
send room info to Lobby, Name:RoomSvr1 IdleRoomNum:2560 UserNum:0.(1)(2016-04-01_09-59-40-190)
send room info to Lobby, Name:RoomSvr1 IdleRoomNum:2560 UserNum:0.(1)(2016-04-01_10-00-00-223)
send room info to Lobby, Name:RoomSvr1 IdleRoomNum:2560 UserNum:0.(1)(2016-04-01_10-00-20-241)
send room info to Lobby, Name:RoomSvr1 IdleRoomNum:2560 UserNum:0.(1)(2016-04-01_10-00-40-266)
send room info to Lobby, Name:RoomSvr1 IdleRoomNum:2560 UserNum:0.(1)(2016-04-01_10-01-00-287)
send room info to Lobby, Name:RoomSvr1 IdleRoomNum:2560 UserNum:0.(1)(2016-04-01_10-01-20-320)
send room info to Lobby, Name:RoomSvr1 IdleRoomNum:2560 UserNum:0.(1)(2016-04-01_10-01-40-344)
send room info to Lobby, Name:RoomSvr1 IdleRoomNum:2560 UserNum:0.(1)(2016-04-01_10-02-00-378)
send room info to Lobby, Name:RoomSvr1 IdleRoomNum:2560 UserNum:0.(1)(2016-04-01_10-02-20-404)
send room info to Lobby, Name:RoomSvr1 IdleRoomNum:2560 UserNum:0.(1)(2016-04-01_10-02-40-423)
send room info to Lobby, Name:RoomSvr1 IdleRoomNum:2560 UserNum:0.(1)(2016-04-01_10-03-00-454)
send room info to Lobby, Name:RoomSvr1 IdleRoomNum:2560 UserNum:0.(1)(2016-04-01_10-03-20-469)
send room info to Lobby, Name:RoomSvr1 IdleRoomNum:2560 UserNum:0.(1)(2016-04-01_10-03-40-488)
send room info to Lobby, Name:RoomSvr1 IdleRoomNum:2560 UserNum:0.(1)(2016-04-01_10-04-00-524)
send room info to Lobby, Name:RoomSvr1 IdleRoomNum:2560 UserNum:0.(1)(2016-04-01_10-04-20-551)
send room info to Lobby, Name:RoomSvr1 IdleRoomNum:2560 UserNum:0.(1)(2016-04-01_10-04-40-575)
send room info to Lobby, Name:RoomSvr1 IdleRoomNum:2560 UserNum:0.(1)(2016-04-01_10-05-00-594)
send room info to Lobby, Name:RoomSvr1 IdleRoomNum:2560 UserNum:0.(1)(2016-04-01_10-05-20-621)
send room info to Lobby, Name:RoomSvr1 IdleRoomNum:2560 UserNum:0.(1)(2016-04-01_10-05-40-637)
send room info to Lobby, Name:RoomSvr1 IdleRoomNum:2560 UserNum:0.(1)(2016-04-01_10-06-00-671)
send room info to Lobby, Name:RoomSvr1 IdleRoomNum:2560 UserNum:0.(1)(2016-04-01_10-06-20-697)
send room info to Lobby, Name:RoomSvr1 IdleRoomNum:2560 UserNum:0.(1)(2016-04-01_10-06-40-714)
send room info to Lobby, Name:RoomSvr1 IdleRoomNum:2560 UserNum:0.(1)(2016-04-01_10-07-00-737)
send room info to Lobby, Name:RoomSvr1 IdleRoomNum:2560 UserNum:0.(1)(2016-04-01_10-07-20-756)
send room info to Lobby, Name:RoomSvr1 IdleRoomNum:2560 UserNum:0.(1)(2016-04-01_10-07-40-782)
send room info to Lobby, Name:RoomSvr1 IdleRoomNum:2560 UserNum:0.(1)(2016-04-01_10-08-00-805)
send room info to Lobby, Name:RoomSvr1 IdleRoomNum:2560 UserNum:0.(1)(2016-04-01_10-08-20-821)
send room info to Lobby, Name:RoomSvr1 IdleRoomNum:2560 UserNum:0.(1)(2016-04-01_10-08-40-835)
send room info to Lobby, Name:RoomSvr1 IdleRoomNum:2560 UserNum:0.(1)(2016-04-01_10-09-00-849)
send room info to Lobby, Name:RoomSvr1 IdleRoomNum:2560 UserNum:0.(1)(2016-04-01_10-09-20-864)
send room info to Lobby, Name:RoomSvr1 IdleRoomNum:2560 UserNum:0.(1)(2016-04-01_10-09-40-882)
send room info to Lobby, Name:RoomSvr1 IdleRoomNum:2560 UserNum:0.(1)(2016-04-01_10-10-00-904)
send room info to Lobby, Name:RoomSvr1 IdleRoomNum:2560 UserNum:0.(1)(2016-04-01_10-10-20-920)
send room info to Lobby, Name:RoomSvr1 IdleRoomNum:2560 UserNum:0.(1)(2016-04-01_10-10-40-934)
send room info to Lobby, Name:RoomSvr1 IdleRoomNum:2560 UserNum:0.(1)(2016-04-01_10-11-00-950)
send room info to Lobby, Name:RoomSvr1 IdleRoomNum:2560 UserNum:0.(1)(2016-04-01_10-11-20-965)
send room info to Lobby, Name:RoomSvr1 IdleRoomNum:2560 UserNum:0.(1)(2016-04-01_10-11-40-990)
send room info to Lobby, Name:RoomSvr1 IdleRoomNum:2560 UserNum:0.(1)(2016-04-01_10-12-01-013)
send room info to Lobby, Name:RoomSvr1 IdleRoomNum:2560 UserNum:0.(1)(2016-04-01_10-12-21-036)
send room info to Lobby, Name:RoomSvr1 IdleRoomNum:2560 UserNum:0.(1)(2016-04-01_10-12-41-051)
send room info to Lobby, Name:RoomSvr1 IdleRoomNum:2560 UserNum:0.(1)(2016-04-01_10-13-01-064)
send room info to Lobby, Name:RoomSvr1 IdleRoomNum:2560 UserNum:0.(1)(2016-04-01_10-13-21-079)
send room info to Lobby, Name:RoomSvr1 IdleRoomNum:2560 UserNum:0.(1)(2016-04-01_10-13-41-097)
send room info to Lobby, Name:RoomSvr1 IdleRoomNum:2560 UserNum:0.(1)(2016-04-01_10-14-01-119)
send room info to Lobby, Name:RoomSvr1 IdleRoomNum:2560 UserNum:0.(1)(2016-04-01_10-14-21-136)
send room info to Lobby, Name:RoomSvr1 IdleRoomNum:2560 UserNum:0.(1)(2016-04-01_10-14-41-152)
send room info to Lobby, Name:RoomSvr1 IdleRoomNum:2560 UserNum:0.(1)(2016-04-01_10-15-01-171)
send room info to Lobby, Name:RoomSvr1 IdleRoomNum:2560 UserNum:0.(1)(2016-04-01_10-15-21-182)
send room info to Lobby, Name:RoomSvr1 IdleRoomNum:2560 UserNum:0.(1)(2016-04-01_10-15-41-191)
send room info to Lobby, Name:RoomSvr1 IdleRoomNum:2560 UserNum:0.(1)(2016-04-01_10-16-01-214)
send room info to Lobby, Name:RoomSvr1 IdleRoomNum:2560 UserNum:0.(1)(2016-04-01_10-16-21-228)
send room info to Lobby, Name:RoomSvr1 IdleRoomNum:2560 UserNum:0.(1)(2016-04-01_10-16-41-247)
send room info to Lobby, Name:RoomSvr1 IdleRoomNum:2560 UserNum:0.(1)(2016-04-01_10-17-01-263)
send room info to Lobby, Name:RoomSvr1 IdleRoomNum:2560 UserNum:0.(1)(2016-04-01_10-17-21-287)
send room info to Lobby, Name:RoomSvr1 IdleRoomNum:2560 UserNum:0.(1)(2016-04-01_10-17-41-310)
send room info to Lobby, Name:RoomSvr1 IdleRoomNum:2560 UserNum:0.(1)(2016-04-01_10-18-01-335)
send room info to Lobby, Name:RoomSvr1 IdleRoomNum:2560 UserNum:0.(1)(2016-04-01_10-18-21-350)
send room info to Lobby, Name:RoomSvr1 IdleRoomNum:2560 UserNum:0.(1)(2016-04-01_10-18-41-375)
send room info to Lobby, Name:RoomSvr1 IdleRoomNum:2560 UserNum:0.(1)(2016-04-01_10-19-01-399)
send room info to Lobby, Name:RoomSvr1 IdleRoomNum:2560 UserNum:0.(1)(2016-04-01_10-19-21-417)
send room info to Lobby, Name:RoomSvr1 IdleRoomNum:2560 UserNum:0.(1)(2016-04-01_10-19-41-442)
send room info to Lobby, Name:RoomSvr1 IdleRoomNum:2560 UserNum:0.(1)(2016-04-01_10-20-01-475)
send room info to Lobby, Name:RoomSvr1 IdleRoomNum:2560 UserNum:0.(1)(2016-04-01_10-20-21-480)
send room info to Lobby, Name:RoomSvr1 IdleRoomNum:2560 UserNum:0.(1)(2016-04-01_10-20-41-495)
send room info to Lobby, Name:RoomSvr1 IdleRoomNum:2560 UserNum:0.(1)(2016-04-01_10-21-01-513)
send room info to Lobby, Name:RoomSvr1 IdleRoomNum:2560 UserNum:0.(1)(2016-04-01_10-21-21-536)
send room info to Lobby, Name:RoomSvr1 IdleRoomNum:2560 UserNum:0.(1)(2016-04-01_10-21-41-558)
send room info to Lobby, Name:RoomSvr1 IdleRoomNum:2560 UserNum:0.(1)(2016-04-01_10-22-01-571)
send room info to Lobby, Name:RoomSvr1 IdleRoomNum:2560 UserNum:0.(1)(2016-04-01_10-22-21-584)
send room info to Lobby, Name:RoomSvr1 IdleRoomNum:2560 UserNum:0.(1)(2016-04-01_10-22-41-592)
send room info to Lobby, Name:RoomSvr1 IdleRoomNum:2560 UserNum:0.(1)(2016-04-01_10-23-01-613)
send room info to Lobby, Name:RoomSvr1 IdleRoomNum:2560 UserNum:0.(1)(2016-04-01_10-23-21-630)
send room info to Lobby, Name:RoomSvr1 IdleRoomNum:2560 UserNum:0.(1)(2016-04-01_10-23-41-653)
send room info to Lobby, Name:RoomSvr1 IdleRoomNum:2560 UserNum:0.(1)(2016-04-01_10-24-01-666)
send room info to Lobby, Name:RoomSvr1 IdleRoomNum:2560 UserNum:0.(1)(2016-04-01_10-24-21-692)
send room info to Lobby, Name:RoomSvr1 IdleRoomNum:2560 UserNum:0.(1)(2016-04-01_10-24-41-709)
send room info to Lobby, Name:RoomSvr1 IdleRoomNum:2560 UserNum:0.(1)(2016-04-01_10-25-01-724)
send room info to Lobby, Name:RoomSvr1 IdleRoomNum:2560 UserNum:0.(1)(2016-04-01_10-25-21-751)
send room info to Lobby, Name:RoomSvr1 IdleRoomNum:2560 UserNum:0.(1)(2016-04-01_10-25-41-759)
send room info to Lobby, Name:RoomSvr1 IdleRoomNum:2560 UserNum:0.(1)(2016-04-01_10-26-01-783)
send room info to Lobby, Name:RoomSvr1 IdleRoomNum:2560 UserNum:0.(1)(2016-04-01_10-26-21-791)
send room info to Lobby, Name:RoomSvr1 IdleRoomNum:2560 UserNum:0.(1)(2016-04-01_10-26-41-802)
send room info to Lobby, Name:RoomSvr1 IdleRoomNum:2560 UserNum:0.(1)(2016-04-01_10-27-01-824)
send room info to Lobby, Name:RoomSvr1 IdleRoomNum:2560 UserNum:0.(1)(2016-04-01_10-27-21-830)
send room info to Lobby, Name:RoomSvr1 IdleRoomNum:2560 UserNum:0.(1)(2016-04-01_10-27-41-856)
send room info to Lobby, Name:RoomSvr1 IdleRoomNum:2560 UserNum:0.(1)(2016-04-01_10-28-01-873)
send room info to Lobby, Name:RoomSvr1 IdleRoomNum:2560 UserNum:0.(1)(2016-04-01_10-28-21-886)
send room info to Lobby, Name:RoomSvr1 IdleRoomNum:2560 UserNum:0.(1)(2016-04-01_10-28-41-903)
send room info to Lobby, Name:RoomSvr1 IdleRoomNum:2560 UserNum:0.(1)(2016-04-01_10-29-01-926)
send room info to Lobby, Name:RoomSvr1 IdleRoomNum:2560 UserNum:0.(1)(2016-04-01_10-29-21-939)
send room info to Lobby, Name:RoomSvr1 IdleRoomNum:2560 UserNum:0.(1)(2016-04-01_10-29-41-950)
send room info to Lobby, Name:RoomSvr1 IdleRoomNum:2560 UserNum:0.(1)(2016-04-01_10-30-01-969)
send room info to Lobby, Name:RoomSvr1 IdleRoomNum:2560 UserNum:0.(1)(2016-04-01_10-30-21-978)
send room info to Lobby, Name:RoomSvr1 IdleRoomNum:2560 UserNum:0.(1)(2016-04-01_10-30-41-986)
send room info to Lobby, Name:RoomSvr1 IdleRoomNum:2560 UserNum:0.(1)(2016-04-01_10-31-02-007)
send room info to Lobby, Name:RoomSvr1 IdleRoomNum:2560 UserNum:0.(1)(2016-04-01_10-31-22-033)
send room info to Lobby, Name:RoomSvr1 IdleRoomNum:2560 UserNum:0.(1)(2016-04-01_10-31-42-048)
send room info to Lobby, Name:RoomSvr1 IdleRoomNum:2560 UserNum:0.(1)(2016-04-01_10-32-02-070)
send room info to Lobby, Name:RoomSvr1 IdleRoomNum:2560 UserNum:0.(1)(2016-04-01_10-32-22-094)
send room info to Lobby, Name:RoomSvr1 IdleRoomNum:2560 UserNum:0.(1)(2016-04-01_10-32-42-106)
send room info to Lobby, Name:RoomSvr1 IdleRoomNum:2560 UserNum:0.(1)(2016-04-01_10-33-02-131)
send room info to Lobby, Name:RoomSvr1 IdleRoomNum:2560 UserNum:0.(1)(2016-04-01_10-33-22-153)
