Init Succ!(1)(2021-06-16_00-45-30-257)
RegisterRoomServer,name:RoomSvr1,ip:127.0.0.1,port:9528,max room num:2560(14)(2021-06-16_00-45-35-530)
RegisterNodeJs,name:NodeJs1(14)(2021-06-16_00-45-38-224)
UpdateRoomServerInfo,name:RoomSvr1,idle room num:2560,cur user num:0(14)(2021-06-16_00-45-50-329)
DoUserLogin,guid:1,nick:陶锐泽,key:11617362,acc:358296203(7)(2021-06-16_00-45-59-497)
UpdateRoomServerInfo,name:RoomSvr1,idle room num:2560,cur user num:0(14)(2021-06-16_00-46-10-381)
UpdateRoomServerInfo,name:RoomSvr1,idle room num:2560,cur user num:0(14)(2021-06-16_00-46-30-390)
UpdateRoomServerInfo,name:RoomSvr1,idle room num:2560,cur user num:0(14)(2021-06-16_00-46-50-430)
UpdateRoomServerInfo,name:RoomSvr1,idle room num:2560,cur user num:0(14)(2021-06-16_00-47-10-451)
UpdateRoomServerInfo,name:RoomSvr1,idle room num:2560,cur user num:0(14)(2021-06-16_00-47-30-470)
UpdateRoomServerInfo,name:RoomSvr1,idle room num:2560,cur user num:0(14)(2021-06-16_00-47-50-510)
UpdateRoomServerInfo,name:RoomSvr1,idle room num:2560,cur user num:0(14)(2021-06-16_00-48-10-537)
UpdateRoomServerInfo,name:RoomSvr1,idle room num:2560,cur user num:0(14)(2021-06-16_00-48-30-565)
UpdateRoomServerInfo,name:RoomSvr1,idle room num:2560,cur user num:0(14)(2021-06-16_00-48-50-582)
UpdateRoomServerInfo,name:RoomSvr1,idle room num:2560,cur user num:0(14)(2021-06-16_00-49-10-607)
UpdateRoomServerInfo,name:RoomSvr1,idle room num:2560,cur user num:0(14)(2021-06-16_00-49-30-638)
UpdateRoomServerInfo,name:RoomSvr1,idle room num:2560,cur user num:0(14)(2021-06-16_00-49-50-672)
UpdateRoomServerInfo,name:RoomSvr1,idle room num:2560,cur user num:0(14)(2021-06-16_00-50-10-710)
UpdateRoomServerInfo,name:RoomSvr1,idle room num:2560,cur user num:0(14)(2021-06-16_00-50-30-746)
UpdateRoomServerInfo,name:RoomSvr1,idle room num:2560,cur user num:0(14)(2021-06-16_00-50-50-770)
UpdateRoomServerInfo,name:RoomSvr1,idle room num:2560,cur user num:0(14)(2021-06-16_00-51-10-793)
DoUserLogin,guid:1,nick:陶锐泽,key:48461648,acc:358296203(9)(2021-06-16_00-51-11-958)
UpdateRoomServerInfo,name:RoomSvr1,idle room num:2560,cur user num:0(14)(2021-06-16_00-51-30-821)
UpdateRoomServerInfo,name:RoomSvr1,idle room num:2560,cur user num:0(14)(2021-06-16_00-51-50-847)
UpdateRoomServerInfo,name:RoomSvr1,idle room num:2560,cur user num:0(14)(2021-06-16_00-52-10-889)
UpdateRoomServerInfo,name:RoomSvr1,idle room num:2560,cur user num:0(14)(2021-06-16_00-52-30-913)
UpdateRoomServerInfo,name:RoomSvr1,idle room num:2560,cur user num:0(14)(2021-06-16_00-52-50-944)
DoUserLogin,guid:1,nick:陶锐泽,key:241873691,acc:358296203(3)(2021-06-16_00-53-03-122)
UpdateRoomServerInfo,name:RoomSvr1,idle room num:2560,cur user num:0(14)(2021-06-16_00-53-10-979)
UpdateRoomServerInfo,name:RoomSvr1,idle room num:2560,cur user num:0(14)(2021-06-16_00-53-30-999)
UpdateRoomServerInfo,name:RoomSvr1,idle room num:2560,cur user num:0(14)(2021-06-16_00-53-51-031)
UpdateRoomServerInfo,name:RoomSvr1,idle room num:2560,cur user num:0(14)(2021-06-16_00-54-11-054)
UpdateRoomServerInfo,name:RoomSvr1,idle room num:2560,cur user num:0(14)(2021-06-16_00-54-31-097)
UpdateRoomServerInfo,name:RoomSvr1,idle room num:2560,cur user num:0(14)(2021-06-16_00-54-51-127)
UpdateRoomServerInfo,name:RoomSvr1,idle room num:2560,cur user num:0(14)(2021-06-16_00-55-11-146)
UpdateRoomServerInfo,name:RoomSvr1,idle room num:2560,cur user num:0(14)(2021-06-16_00-55-31-178)
UpdateRoomServerInfo,name:RoomSvr1,idle room num:2560,cur user num:0(14)(2021-06-16_00-55-51-203)
UpdateRoomServerInfo,name:RoomSvr1,idle room num:2560,cur user num:0(14)(2021-06-16_00-56-11-233)
UpdateRoomServerInfo,name:RoomSvr1,idle room num:2560,cur user num:0(14)(2021-06-16_00-56-31-255)
UpdateRoomServerInfo,name:RoomSvr1,idle room num:2560,cur user num:0(14)(2021-06-16_00-56-51-279)
UpdateRoomServerInfo,name:RoomSvr1,idle room num:2560,cur user num:0(14)(2021-06-16_00-57-11-303)
UpdateRoomServerInfo,name:RoomSvr1,idle room num:2560,cur user num:0(14)(2021-06-16_00-57-31-332)
UpdateRoomServerInfo,name:RoomSvr1,idle room num:2560,cur user num:0(14)(2021-06-16_00-57-51-361)
UpdateRoomServerInfo,name:RoomSvr1,idle room num:2560,cur user num:0(14)(2021-06-16_00-58-11-389)
UpdateRoomServerInfo,name:RoomSvr1,idle room num:2560,cur user num:0(14)(2021-06-16_00-58-31-419)
UpdateRoomServerInfo,name:RoomSvr1,idle room num:2560,cur user num:0(14)(2021-06-16_00-58-51-447)
UpdateRoomServerInfo,name:RoomSvr1,idle room num:2560,cur user num:0(14)(2021-06-16_00-59-11-477)
UpdateRoomServerInfo,name:RoomSvr1,idle room num:2560,cur user num:0(14)(2021-06-16_00-59-31-497)
UpdateRoomServerInfo,name:RoomSvr1,idle room num:2560,cur user num:0(14)(2021-06-16_00-59-51-521)
UpdateRoomServerInfo,name:RoomSvr1,idle room num:2560,cur user num:0(14)(2021-06-16_01-00-11-573)
UpdateRoomServerInfo,name:RoomSvr1,idle room num:2560,cur user num:0(14)(2021-06-16_01-00-31-585)
UpdateRoomServerInfo,name:RoomSvr1,idle room num:2560,cur user num:0(14)(2021-06-16_01-00-51-603)
UpdateRoomServerInfo,name:RoomSvr1,idle room num:2560,cur user num:0(14)(2021-06-16_01-01-11-636)
UpdateRoomServerInfo,name:RoomSvr1,idle room num:2560,cur user num:0(14)(2021-06-16_01-01-31-648)
UpdateRoomServerInfo,name:RoomSvr1,idle room num:2560,cur user num:0(14)(2021-06-16_01-01-51-682)
UpdateRoomServerInfo,name:RoomSvr1,idle room num:2560,cur user num:0(14)(2021-06-16_01-02-11-722)
UpdateRoomServerInfo,name:RoomSvr1,idle room num:2560,cur user num:0(14)(2021-06-16_01-02-31-716)
UpdateRoomServerInfo,name:RoomSvr1,idle room num:2560,cur user num:0(14)(2021-06-16_01-02-51-739)
UpdateRoomServerInfo,name:RoomSvr1,idle room num:2560,cur user num:0(14)(2021-06-16_01-03-11-768)
UpdateRoomServerInfo,name:RoomSvr1,idle room num:2560,cur user num:0(14)(2021-06-16_01-03-31-779)
UpdateRoomServerInfo,name:RoomSvr1,idle room num:2560,cur user num:0(14)(2021-06-16_01-03-51-814)
UpdateRoomServerInfo,name:RoomSvr1,idle room num:2560,cur user num:0(14)(2021-06-16_01-04-11-847)
UpdateRoomServerInfo,name:RoomSvr1,idle room num:2560,cur user num:0(14)(2021-06-16_01-04-31-854)
UpdateRoomServerInfo,name:RoomSvr1,idle room num:2560,cur user num:0(14)(2021-06-16_01-04-51-897)
UpdateRoomServerInfo,name:RoomSvr1,idle room num:2560,cur user num:0(14)(2021-06-16_01-05-11-921)
UpdateRoomServerInfo,name:RoomSvr1,idle room num:2560,cur user num:0(14)(2021-06-16_01-05-31-928)
UpdateRoomServerInfo,name:RoomSvr1,idle room num:2560,cur user num:0(14)(2021-06-16_01-05-51-951)
UpdateRoomServerInfo,name:RoomSvr1,idle room num:2560,cur user num:0(14)(2021-06-16_01-06-11-983)
UpdateRoomServerInfo,name:RoomSvr1,idle room num:2560,cur user num:0(14)(2021-06-16_01-06-32-007)
UpdateRoomServerInfo,name:RoomSvr1,idle room num:2560,cur user num:0(14)(2021-06-16_01-06-52-032)
UpdateRoomServerInfo,name:RoomSvr1,idle room num:2560,cur user num:0(14)(2021-06-16_01-07-12-059)
UpdateRoomServerInfo,name:RoomSvr1,idle room num:2560,cur user num:0(14)(2021-06-16_01-07-32-078)
UpdateRoomServerInfo,name:RoomSvr1,idle room num:2560,cur user num:0(14)(2021-06-16_01-07-52-111)
UpdateRoomServerInfo,name:RoomSvr1,idle room num:2560,cur user num:0(14)(2021-06-16_01-08-12-139)
UpdateRoomServerInfo,name:RoomSvr1,idle room num:2560,cur user num:0(14)(2021-06-16_01-08-32-164)
UpdateRoomServerInfo,name:RoomSvr1,idle room num:2560,cur user num:0(14)(2021-06-16_01-08-52-184)
UpdateRoomServerInfo,name:RoomSvr1,idle room num:2560,cur user num:0(14)(2021-06-16_01-09-12-198)
UpdateRoomServerInfo,name:RoomSvr1,idle room num:2560,cur user num:0(14)(2021-06-16_01-09-32-221)
UpdateRoomServerInfo,name:RoomSvr1,idle room num:2560,cur user num:0(14)(2021-06-16_01-09-52-237)
UpdateRoomServerInfo,name:RoomSvr1,idle room num:2560,cur user num:0(14)(2021-06-16_01-10-12-286)
UpdateRoomServerInfo,name:RoomSvr1,idle room num:2560,cur user num:0(14)(2021-06-16_01-10-32-302)
UpdateRoomServerInfo,name:RoomSvr1,idle room num:2560,cur user num:0(14)(2021-06-16_01-10-52-304)
UpdateRoomServerInfo,name:RoomSvr1,idle room num:2560,cur user num:0(14)(2021-06-16_01-11-12-336)
UpdateRoomServerInfo,name:RoomSvr1,idle room num:2560,cur user num:0(14)(2021-06-16_01-11-32-362)
UpdateRoomServerInfo,name:RoomSvr1,idle room num:2560,cur user num:0(14)(2021-06-16_01-11-52-392)
UpdateRoomServerInfo,name:RoomSvr1,idle room num:2560,cur user num:0(14)(2021-06-16_01-12-12-417)
UpdateRoomServerInfo,name:RoomSvr1,idle room num:2560,cur user num:0(14)(2021-06-16_01-12-32-449)
UpdateRoomServerInfo,name:RoomSvr1,idle room num:2560,cur user num:0(14)(2021-06-16_01-12-52-484)
DoUserLogin,guid:1,nick:陶锐泽,key:116463478,acc:358296203(7)(2021-06-16_01-13-00-035)
UpdateRoomServerInfo,name:RoomSvr1,idle room num:2560,cur user num:0(14)(2021-06-16_01-13-12-499)
UpdateRoomServerInfo,name:RoomSvr1,idle room num:2560,cur user num:0(14)(2021-06-16_01-13-32-533)
UpdateRoomServerInfo,name:RoomSvr1,idle room num:2560,cur user num:0(14)(2021-06-16_01-13-52-553)
UpdateRoomServerInfo,name:RoomSvr1,idle room num:2560,cur user num:0(14)(2021-06-16_01-14-12-584)
UpdateRoomServerInfo,name:RoomSvr1,idle room num:2560,cur user num:0(14)(2021-06-16_01-14-32-610)
UpdateRoomServerInfo,name:RoomSvr1,idle room num:2560,cur user num:0(14)(2021-06-16_01-14-52-635)
UpdateRoomServerInfo,name:RoomSvr1,idle room num:2560,cur user num:0(14)(2021-06-16_01-15-12-659)
UpdateRoomServerInfo,name:RoomSvr1,idle room num:2560,cur user num:0(14)(2021-06-16_01-15-32-673)
UpdateRoomServerInfo,name:RoomSvr1,idle room num:2560,cur user num:0(14)(2021-06-16_01-15-52-693)
UpdateRoomServerInfo,name:RoomSvr1,idle room num:2560,cur user num:0(14)(2021-06-16_01-16-12-714)
UpdateRoomServerInfo,name:RoomSvr1,idle room num:2560,cur user num:0(14)(2021-06-16_01-16-32-748)
UpdateRoomServerInfo,name:RoomSvr1,idle room num:2560,cur user num:0(14)(2021-06-16_01-16-52-757)
UpdateRoomServerInfo,name:RoomSvr1,idle room num:2560,cur user num:0(14)(2021-06-16_01-17-12-783)
UpdateRoomServerInfo,name:RoomSvr1,idle room num:2560,cur user num:0(14)(2021-06-16_01-17-32-817)
UpdateRoomServerInfo,name:RoomSvr1,idle room num:2560,cur user num:0(14)(2021-06-16_01-17-52-839)
UpdateRoomServerInfo,name:RoomSvr1,idle room num:2560,cur user num:0(14)(2021-06-16_01-18-12-864)
UpdateRoomServerInfo,name:RoomSvr1,idle room num:2560,cur user num:0(14)(2021-06-16_01-18-32-900)
UpdateRoomServerInfo,name:RoomSvr1,idle room num:2560,cur user num:0(14)(2021-06-16_01-18-52-921)
UpdateRoomServerInfo,name:RoomSvr1,idle room num:2560,cur user num:0(14)(2021-06-16_01-19-12-929)
UpdateRoomServerInfo,name:RoomSvr1,idle room num:2560,cur user num:0(14)(2021-06-16_01-19-32-944)
UpdateRoomServerInfo,name:RoomSvr1,idle room num:2560,cur user num:0(14)(2021-06-16_01-19-52-978)
UpdateRoomServerInfo,name:RoomSvr1,idle room num:2560,cur user num:0(14)(2021-06-16_01-20-13-005)
UpdateRoomServerInfo,name:RoomSvr1,idle room num:2560,cur user num:0(14)(2021-06-16_01-20-33-024)
UpdateRoomServerInfo,name:RoomSvr1,idle room num:2560,cur user num:0(14)(2021-06-16_01-20-53-054)
UpdateRoomServerInfo,name:RoomSvr1,idle room num:2560,cur user num:0(14)(2021-06-16_01-21-13-083)
UpdateRoomServerInfo,name:RoomSvr1,idle room num:2560,cur user num:0(14)(2021-06-16_01-21-33-118)
UpdateRoomServerInfo,name:RoomSvr1,idle room num:2560,cur user num:0(14)(2021-06-16_01-21-53-132)
UpdateRoomServerInfo,name:RoomSvr1,idle room num:2560,cur user num:0(14)(2021-06-16_01-22-13-154)
UpdateRoomServerInfo,name:RoomSvr1,idle room num:2560,cur user num:0(14)(2021-06-16_01-22-33-164)
UpdateRoomServerInfo,name:RoomSvr1,idle room num:2560,cur user num:0(14)(2021-06-16_01-22-53-202)
UpdateRoomServerInfo,name:RoomSvr1,idle room num:2560,cur user num:0(14)(2021-06-16_01-23-13-223)
UpdateRoomServerInfo,name:RoomSvr1,idle room num:2560,cur user num:0(14)(2021-06-16_01-23-33-259)
UpdateRoomServerInfo,name:RoomSvr1,idle room num:2560,cur user num:0(14)(2021-06-16_01-23-53-284)
UpdateRoomServerInfo,name:RoomSvr1,idle room num:2560,cur user num:0(14)(2021-06-16_01-24-13-313)
UpdateRoomServerInfo,name:RoomSvr1,idle room num:2560,cur user num:0(14)(2021-06-16_01-24-33-342)
UpdateRoomServerInfo,name:RoomSvr1,idle room num:2560,cur user num:0(14)(2021-06-16_01-24-53-378)
UpdateRoomServerInfo,name:RoomSvr1,idle room num:2560,cur user num:0(14)(2021-06-16_01-25-13-394)
UpdateRoomServerInfo,name:RoomSvr1,idle room num:2560,cur user num:0(14)(2021-06-16_01-25-33-414)
UpdateRoomServerInfo,name:RoomSvr1,idle room num:2560,cur user num:0(14)(2021-06-16_01-25-53-447)
UpdateRoomServerInfo,name:RoomSvr1,idle room num:2560,cur user num:0(14)(2021-06-16_01-26-13-459)
UpdateRoomServerInfo,name:RoomSvr1,idle room num:2560,cur user num:0(14)(2021-06-16_01-26-33-488)
UpdateRoomServerInfo,name:RoomSvr1,idle room num:2560,cur user num:0(14)(2021-06-16_01-26-53-516)
UpdateRoomServerInfo,name:RoomSvr1,idle room num:2560,cur user num:0(14)(2021-06-16_01-27-13-556)
UpdateRoomServerInfo,name:RoomSvr1,idle room num:2560,cur user num:0(14)(2021-06-16_01-27-33-558)
UpdateRoomServerInfo,name:RoomSvr1,idle room num:2560,cur user num:0(14)(2021-06-16_01-27-53-610)
UpdateRoomServerInfo,name:RoomSvr1,idle room num:2560,cur user num:0(14)(2021-06-16_01-28-13-618)
UpdateRoomServerInfo,name:RoomSvr1,idle room num:2560,cur user num:0(14)(2021-06-16_01-28-33-648)
UpdateRoomServerInfo,name:RoomSvr1,idle room num:2560,cur user num:0(14)(2021-06-16_01-28-53-679)
UpdateRoomServerInfo,name:RoomSvr1,idle room num:2560,cur user num:0(14)(2021-06-16_01-29-13-702)
UpdateRoomServerInfo,name:RoomSvr1,idle room num:2560,cur user num:0(14)(2021-06-16_01-29-33-724)
UpdateRoomServerInfo,name:RoomSvr1,idle room num:2560,cur user num:0(14)(2021-06-16_01-29-53-768)
UpdateRoomServerInfo,name:RoomSvr1,idle room num:2560,cur user num:0(14)(2021-06-16_01-30-13-779)
UpdateRoomServerInfo,name:RoomSvr1,idle room num:2560,cur user num:0(14)(2021-06-16_01-30-33-794)
UpdateRoomServerInfo,name:RoomSvr1,idle room num:2560,cur user num:0(14)(2021-06-16_01-30-53-831)
UpdateRoomServerInfo,name:RoomSvr1,idle room num:2560,cur user num:0(14)(2021-06-16_01-31-13-855)
UpdateRoomServerInfo,name:RoomSvr1,idle room num:2560,cur user num:0(14)(2021-06-16_01-31-33-876)
UpdateRoomServerInfo,name:RoomSvr1,idle room num:2560,cur user num:0(14)(2021-06-16_01-31-53-903)
UpdateRoomServerInfo,name:RoomSvr1,idle room num:2560,cur user num:0(14)(2021-06-16_01-32-13-929)
UpdateRoomServerInfo,name:RoomSvr1,idle room num:2560,cur user num:0(14)(2021-06-16_01-32-33-954)
UpdateRoomServerInfo,name:RoomSvr1,idle room num:2560,cur user num:0(14)(2021-06-16_01-32-53-978)
UpdateRoomServerInfo,name:RoomSvr1,idle room num:2560,cur user num:0(14)(2021-06-16_01-33-14-001)
UpdateRoomServerInfo,name:RoomSvr1,idle room num:2560,cur user num:0(14)(2021-06-16_01-33-34-030)
UpdateRoomServerInfo,name:RoomSvr1,idle room num:2560,cur user num:0(14)(2021-06-16_01-33-54-063)
UpdateRoomServerInfo,name:RoomSvr1,idle room num:2560,cur user num:0(14)(2021-06-16_01-34-14-067)
UpdateRoomServerInfo,name:RoomSvr1,idle room num:2560,cur user num:0(14)(2021-06-16_01-34-34-112)
UpdateRoomServerInfo,name:RoomSvr1,idle room num:2560,cur user num:0(14)(2021-06-16_01-34-54-126)
UpdateRoomServerInfo,name:RoomSvr1,idle room num:2560,cur user num:0(14)(2021-06-16_01-35-14-157)
UpdateRoomServerInfo,name:RoomSvr1,idle room num:2560,cur user num:0(14)(2021-06-16_01-35-34-184)
UpdateRoomServerInfo,name:RoomSvr1,idle room num:2560,cur user num:0(14)(2021-06-16_01-35-54-206)
UpdateRoomServerInfo,name:RoomSvr1,idle room num:2560,cur user num:0(14)(2021-06-16_01-36-14-237)
UpdateRoomServerInfo,name:RoomSvr1,idle room num:2560,cur user num:0(14)(2021-06-16_01-36-34-263)
UpdateRoomServerInfo,name:RoomSvr1,idle room num:2560,cur user num:0(14)(2021-06-16_01-36-54-284)
UpdateRoomServerInfo,name:RoomSvr1,idle room num:2560,cur user num:0(14)(2021-06-16_01-37-14-315)
UpdateRoomServerInfo,name:RoomSvr1,idle room num:2560,cur user num:0(14)(2021-06-16_01-37-34-344)
UpdateRoomServerInfo,name:RoomSvr1,idle room num:2560,cur user num:0(14)(2021-06-16_01-37-54-366)
UpdateRoomServerInfo,name:RoomSvr1,idle room num:2560,cur user num:0(14)(2021-06-16_01-38-14-394)
UpdateRoomServerInfo,name:RoomSvr1,idle room num:2560,cur user num:0(14)(2021-06-16_01-38-34-417)
UpdateRoomServerInfo,name:RoomSvr1,idle room num:2560,cur user num:0(14)(2021-06-16_01-38-54-456)
UpdateRoomServerInfo,name:RoomSvr1,idle room num:2560,cur user num:0(14)(2021-06-16_01-39-14-478)
UpdateRoomServerInfo,name:RoomSvr1,idle room num:2560,cur user num:0(14)(2021-06-16_01-39-34-493)
UpdateRoomServerInfo,name:RoomSvr1,idle room num:2560,cur user num:0(14)(2021-06-16_01-39-54-527)
UpdateRoomServerInfo,name:RoomSvr1,idle room num:2560,cur user num:0(14)(2021-06-16_01-40-14-546)
UpdateRoomServerInfo,name:RoomSvr1,idle room num:2560,cur user num:0(14)(2021-06-16_01-40-34-561)
UpdateRoomServerInfo,name:RoomSvr1,idle room num:2560,cur user num:0(14)(2021-06-16_01-40-54-580)
UpdateRoomServerInfo,name:RoomSvr1,idle room num:2560,cur user num:0(14)(2021-06-16_01-41-14-602)
UpdateRoomServerInfo,name:RoomSvr1,idle room num:2560,cur user num:0(14)(2021-06-16_01-41-34-647)
UpdateRoomServerInfo,name:RoomSvr1,idle room num:2560,cur user num:0(14)(2021-06-16_01-41-54-655)
UpdateRoomServerInfo,name:RoomSvr1,idle room num:2560,cur user num:0(14)(2021-06-16_01-42-14-685)
UpdateRoomServerInfo,name:RoomSvr1,idle room num:2560,cur user num:0(14)(2021-06-16_01-42-34-704)
UpdateRoomServerInfo,name:RoomSvr1,idle room num:2560,cur user num:0(14)(2021-06-16_01-42-54-721)
UpdateRoomServerInfo,name:RoomSvr1,idle room num:2560,cur user num:0(14)(2021-06-16_01-43-14-748)
UpdateRoomServerInfo,name:RoomSvr1,idle room num:2560,cur user num:0(14)(2021-06-16_01-43-34-772)
UpdateRoomServerInfo,name:RoomSvr1,idle room num:2560,cur user num:0(14)(2021-06-16_01-43-54-794)
UpdateRoomServerInfo,name:RoomSvr1,idle room num:2560,cur user num:0(14)(2021-06-16_01-44-14-817)
UpdateRoomServerInfo,name:RoomSvr1,idle room num:2560,cur user num:0(14)(2021-06-16_01-44-34-847)
UpdateRoomServerInfo,name:RoomSvr1,idle room num:2560,cur user num:0(14)(2021-06-16_01-44-54-879)
UpdateRoomServerInfo,name:RoomSvr1,idle room num:2560,cur user num:0(14)(2021-06-16_01-45-14-885)
UpdateRoomServerInfo,name:RoomSvr1,idle room num:2560,cur user num:0(14)(2021-06-16_01-45-34-912)
UpdateRoomServerInfo,name:RoomSvr1,idle room num:2560,cur user num:0(14)(2021-06-16_01-45-54-933)
UpdateRoomServerInfo,name:RoomSvr1,idle room num:2560,cur user num:0(14)(2021-06-16_01-46-14-966)
UpdateRoomServerInfo,name:RoomSvr1,idle room num:2560,cur user num:0(14)(2021-06-16_01-46-34-998)
UpdateRoomServerInfo,name:RoomSvr1,idle room num:2560,cur user num:0(14)(2021-06-16_01-46-55-006)
UpdateRoomServerInfo,name:RoomSvr1,idle room num:2560,cur user num:0(14)(2021-06-16_01-47-15-031)
UpdateRoomServerInfo,name:RoomSvr1,idle room num:2560,cur user num:0(14)(2021-06-16_01-47-35-044)
UpdateRoomServerInfo,name:RoomSvr1,idle room num:2560,cur user num:0(14)(2021-06-16_01-47-55-080)
UpdateRoomServerInfo,name:RoomSvr1,idle room num:2560,cur user num:0(14)(2021-06-16_01-48-15-095)
UpdateRoomServerInfo,name:RoomSvr1,idle room num:2560,cur user num:0(14)(2021-06-16_01-48-35-111)
UpdateRoomServerInfo,name:RoomSvr1,idle room num:2560,cur user num:0(14)(2021-06-16_01-48-55-133)
UpdateRoomServerInfo,name:RoomSvr1,idle room num:2560,cur user num:0(14)(2021-06-16_01-49-15-160)
UpdateRoomServerInfo,name:RoomSvr1,idle room num:2560,cur user num:0(14)(2021-06-16_01-49-35-192)
UpdateRoomServerInfo,name:RoomSvr1,idle room num:2560,cur user num:0(14)(2021-06-16_01-49-55-210)
UpdateRoomServerInfo,name:RoomSvr1,idle room num:2560,cur user num:0(14)(2021-06-16_01-50-15-223)
UpdateRoomServerInfo,name:RoomSvr1,idle room num:2560,cur user num:0(14)(2021-06-16_01-50-35-247)
UpdateRoomServerInfo,name:RoomSvr1,idle room num:2560,cur user num:0(14)(2021-06-16_01-50-55-286)
UpdateRoomServerInfo,name:RoomSvr1,idle room num:2560,cur user num:0(14)(2021-06-16_01-51-15-323)
UpdateRoomServerInfo,name:RoomSvr1,idle room num:2560,cur user num:0(14)(2021-06-16_01-51-35-339)
UpdateRoomServerInfo,name:RoomSvr1,idle room num:2560,cur user num:0(14)(2021-06-16_01-51-55-382)
UpdateRoomServerInfo,name:RoomSvr1,idle room num:2560,cur user num:0(14)(2021-06-16_01-52-15-405)
UpdateRoomServerInfo,name:RoomSvr1,idle room num:2560,cur user num:0(14)(2021-06-16_01-52-35-447)
UpdateRoomServerInfo,name:RoomSvr1,idle room num:2560,cur user num:0(14)(2021-06-16_01-52-55-477)
UpdateRoomServerInfo,name:RoomSvr1,idle room num:2560,cur user num:0(14)(2021-06-16_01-53-15-508)
UpdateRoomServerInfo,name:RoomSvr1,idle room num:2560,cur user num:0(14)(2021-06-16_01-53-35-538)
UpdateRoomServerInfo,name:RoomSvr1,idle room num:2560,cur user num:0(14)(2021-06-16_01-53-55-569)
UpdateRoomServerInfo,name:RoomSvr1,idle room num:2560,cur user num:0(14)(2021-06-16_01-54-15-595)
UpdateRoomServerInfo,name:RoomSvr1,idle room num:2560,cur user num:0(14)(2021-06-16_01-54-35-626)
UpdateRoomServerInfo,name:RoomSvr1,idle room num:2560,cur user num:0(14)(2021-06-16_01-54-55-652)
UpdateRoomServerInfo,name:RoomSvr1,idle room num:2560,cur user num:0(14)(2021-06-16_01-55-15-678)
UpdateRoomServerInfo,name:RoomSvr1,idle room num:2560,cur user num:0(14)(2021-06-16_01-55-35-714)
UpdateRoomServerInfo,name:RoomSvr1,idle room num:2560,cur user num:0(14)(2021-06-16_01-55-55-746)
UpdateRoomServerInfo,name:RoomSvr1,idle room num:2560,cur user num:0(14)(2021-06-16_01-56-15-769)
UpdateRoomServerInfo,name:RoomSvr1,idle room num:2560,cur user num:0(14)(2021-06-16_01-56-35-810)
UpdateRoomServerInfo,name:RoomSvr1,idle room num:2560,cur user num:0(14)(2021-06-16_01-56-55-839)
UpdateRoomServerInfo,name:RoomSvr1,idle room num:2560,cur user num:0(14)(2021-06-16_01-57-15-865)
