Init Succ!(1)(2021-06-16_00-45-30-280)
room server init ip: 127.0.0.1  port: 9528(1)(2021-06-16_00-45-31-084)
Serialize init OK.(1)(2021-06-16_00-45-31-177)
thread 1 init ok.(1)(2021-06-16_00-45-31-716)
thread 2 init ok.(1)(2021-06-16_00-45-31-719)
thread 3 init ok.(1)(2021-06-16_00-45-31-719)
thread 4 init ok.(1)(2021-06-16_00-45-31-719)
thread 5 init ok.(1)(2021-06-16_00-45-31-719)
thread 6 init ok.(1)(2021-06-16_00-45-31-719)
thread 7 init ok.(1)(2021-06-16_00-45-31-722)
thread 8 init ok.(1)(2021-06-16_00-45-31-722)
thread 9 init ok.(1)(2021-06-16_00-45-31-722)
thread 10 init ok.(1)(2021-06-16_00-45-31-722)
thread 11 init ok.(1)(2021-06-16_00-45-31-723)
thread 12 init ok.(1)(2021-06-16_00-45-31-726)
thread 13 init ok.(1)(2021-06-16_00-45-31-726)
thread 14 init ok.(1)(2021-06-16_00-45-31-726)
thread 15 init ok.(1)(2021-06-16_00-45-31-740)
thread 16 init ok.(1)(2021-06-16_00-45-31-740)
thread 17 init ok.(1)(2021-06-16_00-45-31-744)
thread 18 init ok.(1)(2021-06-16_00-45-31-744)
thread 19 init ok.(1)(2021-06-16_00-45-31-744)
thread 20 init ok.(1)(2021-06-16_00-45-31-744)
thread 21 init ok.(1)(2021-06-16_00-45-31-745)
thread 22 init ok.(1)(2021-06-16_00-45-31-745)
thread 23 init ok.(1)(2021-06-16_00-45-31-748)
thread 24 init ok.(1)(2021-06-16_00-45-31-748)
thread 25 init ok.(1)(2021-06-16_00-45-31-748)
thread 26 init ok.(1)(2021-06-16_00-45-31-749)
thread 27 init ok.(1)(2021-06-16_00-45-31-749)
thread 28 init ok.(1)(2021-06-16_00-45-31-752)
thread 29 init ok.(1)(2021-06-16_00-45-31-752)
thread 30 init ok.(1)(2021-06-16_00-45-31-752)
thread 31 init ok.(1)(2021-06-16_00-45-31-753)
thread 32 init ok.(1)(2021-06-16_00-45-31-753)
thread 33 init ok.(1)(2021-06-16_00-45-31-756)
thread 34 init ok.(1)(2021-06-16_00-45-31-756)
thread 35 init ok.(1)(2021-06-16_00-45-31-756)
thread 36 init ok.(1)(2021-06-16_00-45-31-757)
thread 37 init ok.(1)(2021-06-16_00-45-31-757)
thread 38 init ok.(1)(2021-06-16_00-45-31-760)
thread 39 init ok.(1)(2021-06-16_00-45-31-760)
thread 40 init ok.(1)(2021-06-16_00-45-31-760)
Enable NetIncomingMessageType.ErrorMessage(1)(2021-06-16_00-45-31-763)
Enable NetIncomingMessageType.WarningMessage(1)(2021-06-16_00-45-31-763)
thread 4 start.(8)(2021-06-16_00-45-31-820)
thread 1 start.(5)(2021-06-16_00-45-31-820)
thread 2 start.(6)(2021-06-16_00-45-31-820)
thread 5 start.(9)(2021-06-16_00-45-31-820)
thread 3 start.(7)(2021-06-16_00-45-31-820)
thread 6 start.(10)(2021-06-16_00-45-31-820)
thread 7 start.(11)(2021-06-16_00-45-31-820)
thread 8 start.(12)(2021-06-16_00-45-31-820)
thread 9 start.(13)(2021-06-16_00-45-31-821)
thread 10 start.(14)(2021-06-16_00-45-31-821)
thread 11 start.(15)(2021-06-16_00-45-31-821)
thread 12 start.(16)(2021-06-16_00-45-31-822)
thread 13 start.(17)(2021-06-16_00-45-31-822)
thread 14 start.(18)(2021-06-16_00-45-31-822)
thread 15 start.(19)(2021-06-16_00-45-31-822)
thread 16 start.(20)(2021-06-16_00-45-31-822)
thread 17 start.(21)(2021-06-16_00-45-31-823)
thread 18 start.(22)(2021-06-16_00-45-31-823)
thread 19 start.(23)(2021-06-16_00-45-31-823)
thread 20 start.(24)(2021-06-16_00-45-31-823)
thread 21 start.(25)(2021-06-16_00-45-31-823)
thread 22 start.(26)(2021-06-16_00-45-31-823)
thread 23 start.(27)(2021-06-16_00-45-31-824)
thread 24 start.(28)(2021-06-16_00-45-31-824)
thread 25 start.(29)(2021-06-16_00-45-31-825)
thread 26 start.(30)(2021-06-16_00-45-31-825)
thread 27 start.(31)(2021-06-16_00-45-31-825)
thread 28 start.(32)(2021-06-16_00-45-31-826)
thread 29 start.(33)(2021-06-16_00-45-31-826)
thread 30 start.(34)(2021-06-16_00-45-31-826)
thread 31 start.(35)(2021-06-16_00-45-31-826)
thread 32 start.(36)(2021-06-16_00-45-31-826)
thread 33 start.(37)(2021-06-16_00-45-31-827)
thread 34 start.(38)(2021-06-16_00-45-31-827)
thread 35 start.(39)(2021-06-16_00-45-31-827)
thread 36 start.(40)(2021-06-16_00-45-31-827)
thread 37 start.(41)(2021-06-16_00-45-31-828)
thread 38 start.(42)(2021-06-16_00-45-31-828)
thread 39 start.(43)(2021-06-16_00-45-31-828)
thread 40 start.(44)(2021-06-16_00-45-31-828)
room server init ok.(1)(2021-06-16_00-45-31-918)
register room server to Lobby.(1)(2021-06-16_00-45-35-396)
send room info to Lobby, Name:RoomSvr1 IdleRoomNum:2560 UserNum:0.(1)(2021-06-16_00-45-50-306)
send room info to Lobby, Name:RoomSvr1 IdleRoomNum:2560 UserNum:0.(1)(2021-06-16_00-46-10-342)
send room info to Lobby, Name:RoomSvr1 IdleRoomNum:2560 UserNum:0.(1)(2021-06-16_00-46-30-370)
send room info to Lobby, Name:RoomSvr1 IdleRoomNum:2560 UserNum:0.(1)(2021-06-16_00-46-50-394)
send room info to Lobby, Name:RoomSvr1 IdleRoomNum:2560 UserNum:0.(1)(2021-06-16_00-47-10-418)
send room info to Lobby, Name:RoomSvr1 IdleRoomNum:2560 UserNum:0.(1)(2021-06-16_00-47-30-437)
send room info to Lobby, Name:RoomSvr1 IdleRoomNum:2560 UserNum:0.(1)(2021-06-16_00-47-50-470)
send room info to Lobby, Name:RoomSvr1 IdleRoomNum:2560 UserNum:0.(1)(2021-06-16_00-48-10-504)
send room info to Lobby, Name:RoomSvr1 IdleRoomNum:2560 UserNum:0.(1)(2021-06-16_00-48-30-528)
send room info to Lobby, Name:RoomSvr1 IdleRoomNum:2560 UserNum:0.(1)(2021-06-16_00-48-50-558)
send room info to Lobby, Name:RoomSvr1 IdleRoomNum:2560 UserNum:0.(1)(2021-06-16_00-49-10-587)
send room info to Lobby, Name:RoomSvr1 IdleRoomNum:2560 UserNum:0.(1)(2021-06-16_00-49-30-617)
send room info to Lobby, Name:RoomSvr1 IdleRoomNum:2560 UserNum:0.(1)(2021-06-16_00-49-50-648)
send room info to Lobby, Name:RoomSvr1 IdleRoomNum:2560 UserNum:0.(1)(2021-06-16_00-50-10-677)
send room info to Lobby, Name:RoomSvr1 IdleRoomNum:2560 UserNum:0.(1)(2021-06-16_00-50-30-711)
send room info to Lobby, Name:RoomSvr1 IdleRoomNum:2560 UserNum:0.(1)(2021-06-16_00-50-50-740)
send room info to Lobby, Name:RoomSvr1 IdleRoomNum:2560 UserNum:0.(1)(2021-06-16_00-51-10-768)
send room info to Lobby, Name:RoomSvr1 IdleRoomNum:2560 UserNum:0.(1)(2021-06-16_00-51-30-792)
send room info to Lobby, Name:RoomSvr1 IdleRoomNum:2560 UserNum:0.(1)(2021-06-16_00-51-50-825)
send room info to Lobby, Name:RoomSvr1 IdleRoomNum:2560 UserNum:0.(1)(2021-06-16_00-52-10-856)
send room info to Lobby, Name:RoomSvr1 IdleRoomNum:2560 UserNum:0.(1)(2021-06-16_00-52-30-880)
send room info to Lobby, Name:RoomSvr1 IdleRoomNum:2560 UserNum:0.(1)(2021-06-16_00-52-50-905)
send room info to Lobby, Name:RoomSvr1 IdleRoomNum:2560 UserNum:0.(1)(2021-06-16_00-53-10-937)
send room info to Lobby, Name:RoomSvr1 IdleRoomNum:2560 UserNum:0.(1)(2021-06-16_00-53-30-969)
send room info to Lobby, Name:RoomSvr1 IdleRoomNum:2560 UserNum:0.(1)(2021-06-16_00-53-51-004)
send room info to Lobby, Name:RoomSvr1 IdleRoomNum:2560 UserNum:0.(1)(2021-06-16_00-54-11-034)
send room info to Lobby, Name:RoomSvr1 IdleRoomNum:2560 UserNum:0.(1)(2021-06-16_00-54-31-065)
send room info to Lobby, Name:RoomSvr1 IdleRoomNum:2560 UserNum:0.(1)(2021-06-16_00-54-51-085)
send room info to Lobby, Name:RoomSvr1 IdleRoomNum:2560 UserNum:0.(1)(2021-06-16_00-55-11-118)
send room info to Lobby, Name:RoomSvr1 IdleRoomNum:2560 UserNum:0.(1)(2021-06-16_00-55-31-147)
send room info to Lobby, Name:RoomSvr1 IdleRoomNum:2560 UserNum:0.(1)(2021-06-16_00-55-51-171)
send room info to Lobby, Name:RoomSvr1 IdleRoomNum:2560 UserNum:0.(1)(2021-06-16_00-56-11-200)
send room info to Lobby, Name:RoomSvr1 IdleRoomNum:2560 UserNum:0.(1)(2021-06-16_00-56-31-228)
send room info to Lobby, Name:RoomSvr1 IdleRoomNum:2560 UserNum:0.(1)(2021-06-16_00-56-51-246)
send room info to Lobby, Name:RoomSvr1 IdleRoomNum:2560 UserNum:0.(1)(2021-06-16_00-57-11-271)
send room info to Lobby, Name:RoomSvr1 IdleRoomNum:2560 UserNum:0.(1)(2021-06-16_00-57-31-305)
send room info to Lobby, Name:RoomSvr1 IdleRoomNum:2560 UserNum:0.(1)(2021-06-16_00-57-51-335)
send room info to Lobby, Name:RoomSvr1 IdleRoomNum:2560 UserNum:0.(1)(2021-06-16_00-58-11-356)
send room info to Lobby, Name:RoomSvr1 IdleRoomNum:2560 UserNum:0.(1)(2021-06-16_00-58-31-391)
send room info to Lobby, Name:RoomSvr1 IdleRoomNum:2560 UserNum:0.(1)(2021-06-16_00-58-51-417)
send room info to Lobby, Name:RoomSvr1 IdleRoomNum:2560 UserNum:0.(1)(2021-06-16_00-59-11-444)
send room info to Lobby, Name:RoomSvr1 IdleRoomNum:2560 UserNum:0.(1)(2021-06-16_00-59-31-466)
send room info to Lobby, Name:RoomSvr1 IdleRoomNum:2560 UserNum:0.(1)(2021-06-16_00-59-51-495)
send room info to Lobby, Name:RoomSvr1 IdleRoomNum:2560 UserNum:0.(1)(2021-06-16_01-00-11-530)
send room info to Lobby, Name:RoomSvr1 IdleRoomNum:2560 UserNum:0.(1)(2021-06-16_01-00-31-554)
send room info to Lobby, Name:RoomSvr1 IdleRoomNum:2560 UserNum:0.(1)(2021-06-16_01-00-51-571)
send room info to Lobby, Name:RoomSvr1 IdleRoomNum:2560 UserNum:0.(1)(2021-06-16_01-01-11-600)
send room info to Lobby, Name:RoomSvr1 IdleRoomNum:2560 UserNum:0.(1)(2021-06-16_01-01-31-623)
send room info to Lobby, Name:RoomSvr1 IdleRoomNum:2560 UserNum:0.(1)(2021-06-16_01-01-51-656)
send room info to Lobby, Name:RoomSvr1 IdleRoomNum:2560 UserNum:0.(1)(2021-06-16_01-02-11-678)
send room info to Lobby, Name:RoomSvr1 IdleRoomNum:2560 UserNum:0.(1)(2021-06-16_01-02-31-687)
send room info to Lobby, Name:RoomSvr1 IdleRoomNum:2560 UserNum:0.(1)(2021-06-16_01-02-51-705)
send room info to Lobby, Name:RoomSvr1 IdleRoomNum:2560 UserNum:0.(1)(2021-06-16_01-03-11-724)
send room info to Lobby, Name:RoomSvr1 IdleRoomNum:2560 UserNum:0.(1)(2021-06-16_01-03-31-757)
send room info to Lobby, Name:RoomSvr1 IdleRoomNum:2560 UserNum:0.(1)(2021-06-16_01-03-51-782)
send room info to Lobby, Name:RoomSvr1 IdleRoomNum:2560 UserNum:0.(1)(2021-06-16_01-04-11-803)
send room info to Lobby, Name:RoomSvr1 IdleRoomNum:2560 UserNum:0.(1)(2021-06-16_01-04-31-829)
send room info to Lobby, Name:RoomSvr1 IdleRoomNum:2560 UserNum:0.(1)(2021-06-16_01-04-51-853)
send room info to Lobby, Name:RoomSvr1 IdleRoomNum:2560 UserNum:0.(1)(2021-06-16_01-05-11-881)
send room info to Lobby, Name:RoomSvr1 IdleRoomNum:2560 UserNum:0.(1)(2021-06-16_01-05-31-900)
send room info to Lobby, Name:RoomSvr1 IdleRoomNum:2560 UserNum:0.(1)(2021-06-16_01-05-51-926)
send room info to Lobby, Name:RoomSvr1 IdleRoomNum:2560 UserNum:0.(1)(2021-06-16_01-06-11-956)
send room info to Lobby, Name:RoomSvr1 IdleRoomNum:2560 UserNum:0.(1)(2021-06-16_01-06-31-983)
send room info to Lobby, Name:RoomSvr1 IdleRoomNum:2560 UserNum:0.(1)(2021-06-16_01-06-52-005)
send room info to Lobby, Name:RoomSvr1 IdleRoomNum:2560 UserNum:0.(1)(2021-06-16_01-07-12-028)
send room info to Lobby, Name:RoomSvr1 IdleRoomNum:2560 UserNum:0.(1)(2021-06-16_01-07-32-047)
send room info to Lobby, Name:RoomSvr1 IdleRoomNum:2560 UserNum:0.(1)(2021-06-16_01-07-52-075)
send room info to Lobby, Name:RoomSvr1 IdleRoomNum:2560 UserNum:0.(1)(2021-06-16_01-08-12-103)
send room info to Lobby, Name:RoomSvr1 IdleRoomNum:2560 UserNum:0.(1)(2021-06-16_01-08-32-124)
send room info to Lobby, Name:RoomSvr1 IdleRoomNum:2560 UserNum:0.(1)(2021-06-16_01-08-52-156)
send room info to Lobby, Name:RoomSvr1 IdleRoomNum:2560 UserNum:0.(1)(2021-06-16_01-09-12-176)
send room info to Lobby, Name:RoomSvr1 IdleRoomNum:2560 UserNum:0.(1)(2021-06-16_01-09-32-201)
send room info to Lobby, Name:RoomSvr1 IdleRoomNum:2560 UserNum:0.(1)(2021-06-16_01-09-52-223)
send room info to Lobby, Name:RoomSvr1 IdleRoomNum:2560 UserNum:0.(1)(2021-06-16_01-10-12-257)
send room info to Lobby, Name:RoomSvr1 IdleRoomNum:2560 UserNum:0.(1)(2021-06-16_01-10-32-265)
send room info to Lobby, Name:RoomSvr1 IdleRoomNum:2560 UserNum:0.(1)(2021-06-16_01-10-52-279)
send room info to Lobby, Name:RoomSvr1 IdleRoomNum:2560 UserNum:0.(1)(2021-06-16_01-11-12-312)
send room info to Lobby, Name:RoomSvr1 IdleRoomNum:2560 UserNum:0.(1)(2021-06-16_01-11-32-335)
send room info to Lobby, Name:RoomSvr1 IdleRoomNum:2560 UserNum:0.(1)(2021-06-16_01-11-52-357)
send room info to Lobby, Name:RoomSvr1 IdleRoomNum:2560 UserNum:0.(1)(2021-06-16_01-12-12-384)
send room info to Lobby, Name:RoomSvr1 IdleRoomNum:2560 UserNum:0.(1)(2021-06-16_01-12-32-425)
send room info to Lobby, Name:RoomSvr1 IdleRoomNum:2560 UserNum:0.(1)(2021-06-16_01-12-52-452)
send room info to Lobby, Name:RoomSvr1 IdleRoomNum:2560 UserNum:0.(1)(2021-06-16_01-13-12-477)
send room info to Lobby, Name:RoomSvr1 IdleRoomNum:2560 UserNum:0.(1)(2021-06-16_01-13-32-506)
send room info to Lobby, Name:RoomSvr1 IdleRoomNum:2560 UserNum:0.(1)(2021-06-16_01-13-52-529)
send room info to Lobby, Name:RoomSvr1 IdleRoomNum:2560 UserNum:0.(1)(2021-06-16_01-14-12-552)
send room info to Lobby, Name:RoomSvr1 IdleRoomNum:2560 UserNum:0.(1)(2021-06-16_01-14-32-579)
send room info to Lobby, Name:RoomSvr1 IdleRoomNum:2560 UserNum:0.(1)(2021-06-16_01-14-52-599)
send room info to Lobby, Name:RoomSvr1 IdleRoomNum:2560 UserNum:0.(1)(2021-06-16_01-15-12-626)
send room info to Lobby, Name:RoomSvr1 IdleRoomNum:2560 UserNum:0.(1)(2021-06-16_01-15-32-647)
send room info to Lobby, Name:RoomSvr1 IdleRoomNum:2560 UserNum:0.(1)(2021-06-16_01-15-52-669)
send room info to Lobby, Name:RoomSvr1 IdleRoomNum:2560 UserNum:0.(1)(2021-06-16_01-16-12-692)
send room info to Lobby, Name:RoomSvr1 IdleRoomNum:2560 UserNum:0.(1)(2021-06-16_01-16-32-713)
send room info to Lobby, Name:RoomSvr1 IdleRoomNum:2560 UserNum:0.(1)(2021-06-16_01-16-52-731)
send room info to Lobby, Name:RoomSvr1 IdleRoomNum:2560 UserNum:0.(1)(2021-06-16_01-17-12-755)
send room info to Lobby, Name:RoomSvr1 IdleRoomNum:2560 UserNum:0.(1)(2021-06-16_01-17-32-782)
send room info to Lobby, Name:RoomSvr1 IdleRoomNum:2560 UserNum:0.(1)(2021-06-16_01-17-52-806)
send room info to Lobby, Name:RoomSvr1 IdleRoomNum:2560 UserNum:0.(1)(2021-06-16_01-18-12-832)
send room info to Lobby, Name:RoomSvr1 IdleRoomNum:2560 UserNum:0.(1)(2021-06-16_01-18-32-857)
send room info to Lobby, Name:RoomSvr1 IdleRoomNum:2560 UserNum:0.(1)(2021-06-16_01-18-52-884)
send room info to Lobby, Name:RoomSvr1 IdleRoomNum:2560 UserNum:0.(1)(2021-06-16_01-19-12-903)
send room info to Lobby, Name:RoomSvr1 IdleRoomNum:2560 UserNum:0.(1)(2021-06-16_01-19-32-923)
send room info to Lobby, Name:RoomSvr1 IdleRoomNum:2560 UserNum:0.(1)(2021-06-16_01-19-52-950)
send room info to Lobby, Name:RoomSvr1 IdleRoomNum:2560 UserNum:0.(1)(2021-06-16_01-20-12-969)
send room info to Lobby, Name:RoomSvr1 IdleRoomNum:2560 UserNum:0.(1)(2021-06-16_01-20-32-996)
send room info to Lobby, Name:RoomSvr1 IdleRoomNum:2560 UserNum:0.(1)(2021-06-16_01-20-53-025)
send room info to Lobby, Name:RoomSvr1 IdleRoomNum:2560 UserNum:0.(1)(2021-06-16_01-21-13-051)
send room info to Lobby, Name:RoomSvr1 IdleRoomNum:2560 UserNum:0.(1)(2021-06-16_01-21-33-074)
send room info to Lobby, Name:RoomSvr1 IdleRoomNum:2560 UserNum:0.(1)(2021-06-16_01-21-53-090)
send room info to Lobby, Name:RoomSvr1 IdleRoomNum:2560 UserNum:0.(1)(2021-06-16_01-22-13-110)
send room info to Lobby, Name:RoomSvr1 IdleRoomNum:2560 UserNum:0.(1)(2021-06-16_01-22-33-134)
send room info to Lobby, Name:RoomSvr1 IdleRoomNum:2560 UserNum:0.(1)(2021-06-16_01-22-53-163)
send room info to Lobby, Name:RoomSvr1 IdleRoomNum:2560 UserNum:0.(1)(2021-06-16_01-23-13-194)
send room info to Lobby, Name:RoomSvr1 IdleRoomNum:2560 UserNum:0.(1)(2021-06-16_01-23-33-222)
send room info to Lobby, Name:RoomSvr1 IdleRoomNum:2560 UserNum:0.(1)(2021-06-16_01-23-53-252)
send room info to Lobby, Name:RoomSvr1 IdleRoomNum:2560 UserNum:0.(1)(2021-06-16_01-24-13-280)
send room info to Lobby, Name:RoomSvr1 IdleRoomNum:2560 UserNum:0.(1)(2021-06-16_01-24-33-313)
send room info to Lobby, Name:RoomSvr1 IdleRoomNum:2560 UserNum:0.(1)(2021-06-16_01-24-53-345)
send room info to Lobby, Name:RoomSvr1 IdleRoomNum:2560 UserNum:0.(1)(2021-06-16_01-25-13-361)
send room info to Lobby, Name:RoomSvr1 IdleRoomNum:2560 UserNum:0.(1)(2021-06-16_01-25-33-386)
send room info to Lobby, Name:RoomSvr1 IdleRoomNum:2560 UserNum:0.(1)(2021-06-16_01-25-53-411)
send room info to Lobby, Name:RoomSvr1 IdleRoomNum:2560 UserNum:0.(1)(2021-06-16_01-26-13-427)
send room info to Lobby, Name:RoomSvr1 IdleRoomNum:2560 UserNum:0.(1)(2021-06-16_01-26-33-456)
send room info to Lobby, Name:RoomSvr1 IdleRoomNum:2560 UserNum:0.(1)(2021-06-16_01-26-53-483)
send room info to Lobby, Name:RoomSvr1 IdleRoomNum:2560 UserNum:0.(1)(2021-06-16_01-27-13-512)
send room info to Lobby, Name:RoomSvr1 IdleRoomNum:2560 UserNum:0.(1)(2021-06-16_01-27-33-535)
send room info to Lobby, Name:RoomSvr1 IdleRoomNum:2560 UserNum:0.(1)(2021-06-16_01-27-53-567)
send room info to Lobby, Name:RoomSvr1 IdleRoomNum:2560 UserNum:0.(1)(2021-06-16_01-28-13-588)
send room info to Lobby, Name:RoomSvr1 IdleRoomNum:2560 UserNum:0.(1)(2021-06-16_01-28-33-618)
send room info to Lobby, Name:RoomSvr1 IdleRoomNum:2560 UserNum:0.(1)(2021-06-16_01-28-53-644)
send room info to Lobby, Name:RoomSvr1 IdleRoomNum:2560 UserNum:0.(1)(2021-06-16_01-29-13-672)
send room info to Lobby, Name:RoomSvr1 IdleRoomNum:2560 UserNum:0.(1)(2021-06-16_01-29-33-698)
send room info to Lobby, Name:RoomSvr1 IdleRoomNum:2560 UserNum:0.(1)(2021-06-16_01-29-53-726)
send room info to Lobby, Name:RoomSvr1 IdleRoomNum:2560 UserNum:0.(1)(2021-06-16_01-30-13-747)
send room info to Lobby, Name:RoomSvr1 IdleRoomNum:2560 UserNum:0.(1)(2021-06-16_01-30-33-769)
send room info to Lobby, Name:RoomSvr1 IdleRoomNum:2560 UserNum:0.(1)(2021-06-16_01-30-53-797)
send room info to Lobby, Name:RoomSvr1 IdleRoomNum:2560 UserNum:0.(1)(2021-06-16_01-31-13-821)
send room info to Lobby, Name:RoomSvr1 IdleRoomNum:2560 UserNum:0.(1)(2021-06-16_01-31-33-848)
send room info to Lobby, Name:RoomSvr1 IdleRoomNum:2560 UserNum:0.(1)(2021-06-16_01-31-53-865)
send room info to Lobby, Name:RoomSvr1 IdleRoomNum:2560 UserNum:0.(1)(2021-06-16_01-32-13-892)
send room info to Lobby, Name:RoomSvr1 IdleRoomNum:2560 UserNum:0.(1)(2021-06-16_01-32-33-918)
send room info to Lobby, Name:RoomSvr1 IdleRoomNum:2560 UserNum:0.(1)(2021-06-16_01-32-53-946)
send room info to Lobby, Name:RoomSvr1 IdleRoomNum:2560 UserNum:0.(1)(2021-06-16_01-33-13-968)
send room info to Lobby, Name:RoomSvr1 IdleRoomNum:2560 UserNum:0.(1)(2021-06-16_01-33-33-997)
send room info to Lobby, Name:RoomSvr1 IdleRoomNum:2560 UserNum:0.(1)(2021-06-16_01-33-54-027)
send room info to Lobby, Name:RoomSvr1 IdleRoomNum:2560 UserNum:0.(1)(2021-06-16_01-34-14-044)
send room info to Lobby, Name:RoomSvr1 IdleRoomNum:2560 UserNum:0.(1)(2021-06-16_01-34-34-075)
send room info to Lobby, Name:RoomSvr1 IdleRoomNum:2560 UserNum:0.(1)(2021-06-16_01-34-54-100)
send room info to Lobby, Name:RoomSvr1 IdleRoomNum:2560 UserNum:0.(1)(2021-06-16_01-35-14-123)
send room info to Lobby, Name:RoomSvr1 IdleRoomNum:2560 UserNum:0.(1)(2021-06-16_01-35-34-155)
send room info to Lobby, Name:RoomSvr1 IdleRoomNum:2560 UserNum:0.(1)(2021-06-16_01-35-54-180)
send room info to Lobby, Name:RoomSvr1 IdleRoomNum:2560 UserNum:0.(1)(2021-06-16_01-36-14-207)
send room info to Lobby, Name:RoomSvr1 IdleRoomNum:2560 UserNum:0.(1)(2021-06-16_01-36-34-238)
send room info to Lobby, Name:RoomSvr1 IdleRoomNum:2560 UserNum:0.(1)(2021-06-16_01-36-54-263)
send room info to Lobby, Name:RoomSvr1 IdleRoomNum:2560 UserNum:0.(1)(2021-06-16_01-37-14-282)
send room info to Lobby, Name:RoomSvr1 IdleRoomNum:2560 UserNum:0.(1)(2021-06-16_01-37-34-315)
send room info to Lobby, Name:RoomSvr1 IdleRoomNum:2560 UserNum:0.(1)(2021-06-16_01-37-54-337)
send room info to Lobby, Name:RoomSvr1 IdleRoomNum:2560 UserNum:0.(1)(2021-06-16_01-38-14-366)
send room info to Lobby, Name:RoomSvr1 IdleRoomNum:2560 UserNum:0.(1)(2021-06-16_01-38-34-388)
send room info to Lobby, Name:RoomSvr1 IdleRoomNum:2560 UserNum:0.(1)(2021-06-16_01-38-54-415)
send room info to Lobby, Name:RoomSvr1 IdleRoomNum:2560 UserNum:0.(1)(2021-06-16_01-39-14-441)
send room info to Lobby, Name:RoomSvr1 IdleRoomNum:2560 UserNum:0.(1)(2021-06-16_01-39-34-468)
send room info to Lobby, Name:RoomSvr1 IdleRoomNum:2560 UserNum:0.(1)(2021-06-16_01-39-54-490)
send room info to Lobby, Name:RoomSvr1 IdleRoomNum:2560 UserNum:0.(1)(2021-06-16_01-40-14-509)
send room info to Lobby, Name:RoomSvr1 IdleRoomNum:2560 UserNum:0.(1)(2021-06-16_01-40-34-523)
send room info to Lobby, Name:RoomSvr1 IdleRoomNum:2560 UserNum:0.(1)(2021-06-16_01-40-54-547)
send room info to Lobby, Name:RoomSvr1 IdleRoomNum:2560 UserNum:0.(1)(2021-06-16_01-41-14-575)
send room info to Lobby, Name:RoomSvr1 IdleRoomNum:2560 UserNum:0.(1)(2021-06-16_01-41-34-606)
send room info to Lobby, Name:RoomSvr1 IdleRoomNum:2560 UserNum:0.(1)(2021-06-16_01-41-54-623)
send room info to Lobby, Name:RoomSvr1 IdleRoomNum:2560 UserNum:0.(1)(2021-06-16_01-42-14-652)
send room info to Lobby, Name:RoomSvr1 IdleRoomNum:2560 UserNum:0.(1)(2021-06-16_01-42-34-671)
send room info to Lobby, Name:RoomSvr1 IdleRoomNum:2560 UserNum:0.(1)(2021-06-16_01-42-54-689)
send room info to Lobby, Name:RoomSvr1 IdleRoomNum:2560 UserNum:0.(1)(2021-06-16_01-43-14-715)
send room info to Lobby, Name:RoomSvr1 IdleRoomNum:2560 UserNum:0.(1)(2021-06-16_01-43-34-743)
send room info to Lobby, Name:RoomSvr1 IdleRoomNum:2560 UserNum:0.(1)(2021-06-16_01-43-54-765)
send room info to Lobby, Name:RoomSvr1 IdleRoomNum:2560 UserNum:0.(1)(2021-06-16_01-44-14-789)
send room info to Lobby, Name:RoomSvr1 IdleRoomNum:2560 UserNum:0.(1)(2021-06-16_01-44-34-821)
send room info to Lobby, Name:RoomSvr1 IdleRoomNum:2560 UserNum:0.(1)(2021-06-16_01-44-54-840)
send room info to Lobby, Name:RoomSvr1 IdleRoomNum:2560 UserNum:0.(1)(2021-06-16_01-45-14-863)
send room info to Lobby, Name:RoomSvr1 IdleRoomNum:2560 UserNum:0.(1)(2021-06-16_01-45-34-891)
send room info to Lobby, Name:RoomSvr1 IdleRoomNum:2560 UserNum:0.(1)(2021-06-16_01-45-54-911)
send room info to Lobby, Name:RoomSvr1 IdleRoomNum:2560 UserNum:0.(1)(2021-06-16_01-46-14-936)
send room info to Lobby, Name:RoomSvr1 IdleRoomNum:2560 UserNum:0.(1)(2021-06-16_01-46-34-956)
send room info to Lobby, Name:RoomSvr1 IdleRoomNum:2560 UserNum:0.(1)(2021-06-16_01-46-54-973)
send room info to Lobby, Name:RoomSvr1 IdleRoomNum:2560 UserNum:0.(1)(2021-06-16_01-47-14-995)
send room info to Lobby, Name:RoomSvr1 IdleRoomNum:2560 UserNum:0.(1)(2021-06-16_01-47-35-022)
send room info to Lobby, Name:RoomSvr1 IdleRoomNum:2560 UserNum:0.(1)(2021-06-16_01-47-55-044)
send room info to Lobby, Name:RoomSvr1 IdleRoomNum:2560 UserNum:0.(1)(2021-06-16_01-48-15-062)
send room info to Lobby, Name:RoomSvr1 IdleRoomNum:2560 UserNum:0.(1)(2021-06-16_01-48-35-079)
send room info to Lobby, Name:RoomSvr1 IdleRoomNum:2560 UserNum:0.(1)(2021-06-16_01-48-55-101)
send room info to Lobby, Name:RoomSvr1 IdleRoomNum:2560 UserNum:0.(1)(2021-06-16_01-49-15-127)
send room info to Lobby, Name:RoomSvr1 IdleRoomNum:2560 UserNum:0.(1)(2021-06-16_01-49-35-151)
send room info to Lobby, Name:RoomSvr1 IdleRoomNum:2560 UserNum:0.(1)(2021-06-16_01-49-55-170)
send room info to Lobby, Name:RoomSvr1 IdleRoomNum:2560 UserNum:0.(1)(2021-06-16_01-50-15-196)
send room info to Lobby, Name:RoomSvr1 IdleRoomNum:2560 UserNum:0.(1)(2021-06-16_01-50-35-217)
send room info to Lobby, Name:RoomSvr1 IdleRoomNum:2560 UserNum:0.(1)(2021-06-16_01-50-55-252)
send room info to Lobby, Name:RoomSvr1 IdleRoomNum:2560 UserNum:0.(1)(2021-06-16_01-51-15-284)
send room info to Lobby, Name:RoomSvr1 IdleRoomNum:2560 UserNum:0.(1)(2021-06-16_01-51-35-312)
send room info to Lobby, Name:RoomSvr1 IdleRoomNum:2560 UserNum:0.(1)(2021-06-16_01-51-55-344)
send room info to Lobby, Name:RoomSvr1 IdleRoomNum:2560 UserNum:0.(1)(2021-06-16_01-52-15-372)
send room info to Lobby, Name:RoomSvr1 IdleRoomNum:2560 UserNum:0.(1)(2021-06-16_01-52-35-409)
send room info to Lobby, Name:RoomSvr1 IdleRoomNum:2560 UserNum:0.(1)(2021-06-16_01-52-55-439)
send room info to Lobby, Name:RoomSvr1 IdleRoomNum:2560 UserNum:0.(1)(2021-06-16_01-53-15-469)
send room info to Lobby, Name:RoomSvr1 IdleRoomNum:2560 UserNum:0.(1)(2021-06-16_01-53-35-502)
send room info to Lobby, Name:RoomSvr1 IdleRoomNum:2560 UserNum:0.(1)(2021-06-16_01-53-55-536)
send room info to Lobby, Name:RoomSvr1 IdleRoomNum:2560 UserNum:0.(1)(2021-06-16_01-54-15-567)
send room info to Lobby, Name:RoomSvr1 IdleRoomNum:2560 UserNum:0.(1)(2021-06-16_01-54-35-590)
send room info to Lobby, Name:RoomSvr1 IdleRoomNum:2560 UserNum:0.(1)(2021-06-16_01-54-55-618)
send room info to Lobby, Name:RoomSvr1 IdleRoomNum:2560 UserNum:0.(1)(2021-06-16_01-55-15-643)
send room info to Lobby, Name:RoomSvr1 IdleRoomNum:2560 UserNum:0.(1)(2021-06-16_01-55-35-680)
send room info to Lobby, Name:RoomSvr1 IdleRoomNum:2560 UserNum:0.(1)(2021-06-16_01-55-55-712)
send room info to Lobby, Name:RoomSvr1 IdleRoomNum:2560 UserNum:0.(1)(2021-06-16_01-56-15-746)
send room info to Lobby, Name:RoomSvr1 IdleRoomNum:2560 UserNum:0.(1)(2021-06-16_01-56-35-779)
send room info to Lobby, Name:RoomSvr1 IdleRoomNum:2560 UserNum:0.(1)(2021-06-16_01-56-55-803)
send room info to Lobby, Name:RoomSvr1 IdleRoomNum:2560 UserNum:0.(1)(2021-06-16_01-57-15-827)
