Init Succ!(1)(2021-08-13_00-39-32-982)
room server init ip: 127.0.0.1  port: 9528(1)(2021-08-13_00-39-34-136)
Serialize init OK.(1)(2021-08-13_00-39-34-239)
thread 1 init ok.(1)(2021-08-13_00-39-35-199)
thread 2 init ok.(1)(2021-08-13_00-39-35-199)
thread 3 init ok.(1)(2021-08-13_00-39-35-199)
thread 4 init ok.(1)(2021-08-13_00-39-35-199)
thread 5 init ok.(1)(2021-08-13_00-39-35-200)
thread 6 init ok.(1)(2021-08-13_00-39-35-200)
thread 7 init ok.(1)(2021-08-13_00-39-35-200)
thread 8 init ok.(1)(2021-08-13_00-39-35-201)
thread 9 init ok.(1)(2021-08-13_00-39-35-201)
thread 10 init ok.(1)(2021-08-13_00-39-35-208)
thread 11 init ok.(1)(2021-08-13_00-39-35-209)
thread 12 init ok.(1)(2021-08-13_00-39-35-209)
thread 13 init ok.(1)(2021-08-13_00-39-35-209)
thread 14 init ok.(1)(2021-08-13_00-39-35-210)
thread 15 init ok.(1)(2021-08-13_00-39-35-211)
thread 16 init ok.(1)(2021-08-13_00-39-35-211)
thread 17 init ok.(1)(2021-08-13_00-39-35-212)
thread 18 init ok.(1)(2021-08-13_00-39-35-212)
thread 19 init ok.(1)(2021-08-13_00-39-35-213)
thread 20 init ok.(1)(2021-08-13_00-39-35-213)
thread 21 init ok.(1)(2021-08-13_00-39-35-213)
thread 22 init ok.(1)(2021-08-13_00-39-35-214)
thread 23 init ok.(1)(2021-08-13_00-39-35-214)
thread 24 init ok.(1)(2021-08-13_00-39-35-214)
thread 25 init ok.(1)(2021-08-13_00-39-35-215)
thread 26 init ok.(1)(2021-08-13_00-39-35-215)
thread 27 init ok.(1)(2021-08-13_00-39-35-216)
thread 28 init ok.(1)(2021-08-13_00-39-35-216)
thread 29 init ok.(1)(2021-08-13_00-39-35-216)
thread 30 init ok.(1)(2021-08-13_00-39-35-217)
thread 31 init ok.(1)(2021-08-13_00-39-35-217)
thread 32 init ok.(1)(2021-08-13_00-39-35-218)
thread 33 init ok.(1)(2021-08-13_00-39-35-218)
thread 34 init ok.(1)(2021-08-13_00-39-35-218)
thread 35 init ok.(1)(2021-08-13_00-39-35-219)
thread 36 init ok.(1)(2021-08-13_00-39-35-219)
thread 37 init ok.(1)(2021-08-13_00-39-35-220)
thread 38 init ok.(1)(2021-08-13_00-39-35-233)
thread 39 init ok.(1)(2021-08-13_00-39-35-233)
thread 40 init ok.(1)(2021-08-13_00-39-35-234)
Enable NetIncomingMessageType.ErrorMessage(1)(2021-08-13_00-39-35-236)
Enable NetIncomingMessageType.WarningMessage(1)(2021-08-13_00-39-35-237)
thread 3 start.(7)(2021-08-13_00-39-35-307)
thread 1 start.(5)(2021-08-13_00-39-35-307)
thread 2 start.(6)(2021-08-13_00-39-35-307)
thread 4 start.(8)(2021-08-13_00-39-35-307)
thread 5 start.(9)(2021-08-13_00-39-35-308)
thread 6 start.(10)(2021-08-13_00-39-35-308)
thread 7 start.(11)(2021-08-13_00-39-35-308)
thread 8 start.(12)(2021-08-13_00-39-35-308)
thread 9 start.(13)(2021-08-13_00-39-35-309)
thread 10 start.(14)(2021-08-13_00-39-35-309)
thread 11 start.(15)(2021-08-13_00-39-35-309)
thread 12 start.(16)(2021-08-13_00-39-35-309)
thread 13 start.(17)(2021-08-13_00-39-35-309)
thread 14 start.(18)(2021-08-13_00-39-35-310)
thread 15 start.(19)(2021-08-13_00-39-35-310)
thread 16 start.(20)(2021-08-13_00-39-35-311)
thread 17 start.(21)(2021-08-13_00-39-35-311)
thread 18 start.(22)(2021-08-13_00-39-35-311)
thread 19 start.(23)(2021-08-13_00-39-35-311)
thread 20 start.(24)(2021-08-13_00-39-35-312)
thread 21 start.(25)(2021-08-13_00-39-35-312)
thread 22 start.(26)(2021-08-13_00-39-35-312)
thread 23 start.(27)(2021-08-13_00-39-35-312)
thread 24 start.(28)(2021-08-13_00-39-35-313)
thread 25 start.(29)(2021-08-13_00-39-35-313)
thread 26 start.(30)(2021-08-13_00-39-35-313)
thread 27 start.(31)(2021-08-13_00-39-35-313)
thread 28 start.(32)(2021-08-13_00-39-35-314)
thread 29 start.(33)(2021-08-13_00-39-35-314)
thread 30 start.(34)(2021-08-13_00-39-35-315)
thread 31 start.(35)(2021-08-13_00-39-35-316)
thread 32 start.(36)(2021-08-13_00-39-35-316)
thread 33 start.(37)(2021-08-13_00-39-35-317)
thread 34 start.(38)(2021-08-13_00-39-35-317)
thread 35 start.(39)(2021-08-13_00-39-35-318)
thread 36 start.(40)(2021-08-13_00-39-35-319)
thread 37 start.(41)(2021-08-13_00-39-35-320)
thread 38 start.(42)(2021-08-13_00-39-35-321)
thread 39 start.(43)(2021-08-13_00-39-35-322)
thread 40 start.(44)(2021-08-13_00-39-35-323)
room server init ok.(1)(2021-08-13_00-39-35-430)
register room server to Lobby.(1)(2021-08-13_00-39-38-075)
send room info to Lobby, Name:RoomSvr1 IdleRoomNum:2560 UserNum:0.(1)(2021-08-13_00-39-53-016)
send room info to Lobby, Name:RoomSvr1 IdleRoomNum:2560 UserNum:0.(1)(2021-08-13_00-40-13-066)
send room info to Lobby, Name:RoomSvr1 IdleRoomNum:2560 UserNum:0.(1)(2021-08-13_00-40-33-089)
send room info to Lobby, Name:RoomSvr1 IdleRoomNum:2560 UserNum:0.(1)(2021-08-13_00-40-53-118)
send room info to Lobby, Name:RoomSvr1 IdleRoomNum:2560 UserNum:0.(1)(2021-08-13_00-41-13-158)
send room info to Lobby, Name:RoomSvr1 IdleRoomNum:2560 UserNum:0.(1)(2021-08-13_00-41-33-174)
send room info to Lobby, Name:RoomSvr1 IdleRoomNum:2560 UserNum:0.(1)(2021-08-13_00-41-53-208)
send room info to Lobby, Name:RoomSvr1 IdleRoomNum:2560 UserNum:0.(1)(2021-08-13_00-42-13-231)
