Init Succ!(1)(2021-05-14_00-27-08-656)
room server init ip: 127.0.0.1  port: 9528(1)(2021-05-14_00-27-09-015)
Serialize init OK.(1)(2021-05-14_00-27-09-095)
thread 1 init ok.(1)(2021-05-14_00-27-09-633)
thread 2 init ok.(1)(2021-05-14_00-27-09-636)
thread 3 init ok.(1)(2021-05-14_00-27-09-636)
thread 4 init ok.(1)(2021-05-14_00-27-09-636)
thread 5 init ok.(1)(2021-05-14_00-27-09-636)
thread 6 init ok.(1)(2021-05-14_00-27-09-637)
thread 7 init ok.(1)(2021-05-14_00-27-09-640)
thread 8 init ok.(1)(2021-05-14_00-27-09-640)
thread 9 init ok.(1)(2021-05-14_00-27-09-640)
thread 10 init ok.(1)(2021-05-14_00-27-09-641)
thread 11 init ok.(1)(2021-05-14_00-27-09-641)
thread 12 init ok.(1)(2021-05-14_00-27-09-644)
thread 13 init ok.(1)(2021-05-14_00-27-09-644)
thread 14 init ok.(1)(2021-05-14_00-27-09-644)
thread 15 init ok.(1)(2021-05-14_00-27-09-660)
thread 16 init ok.(1)(2021-05-14_00-27-09-660)
thread 17 init ok.(1)(2021-05-14_00-27-09-663)
thread 18 init ok.(1)(2021-05-14_00-27-09-663)
thread 19 init ok.(1)(2021-05-14_00-27-09-663)
thread 20 init ok.(1)(2021-05-14_00-27-09-663)
thread 21 init ok.(1)(2021-05-14_00-27-09-664)
thread 22 init ok.(1)(2021-05-14_00-27-09-664)
thread 23 init ok.(1)(2021-05-14_00-27-09-667)
thread 24 init ok.(1)(2021-05-14_00-27-09-667)
thread 25 init ok.(1)(2021-05-14_00-27-09-667)
thread 26 init ok.(1)(2021-05-14_00-27-09-667)
thread 27 init ok.(1)(2021-05-14_00-27-09-668)
thread 28 init ok.(1)(2021-05-14_00-27-09-671)
thread 29 init ok.(1)(2021-05-14_00-27-09-671)
thread 30 init ok.(1)(2021-05-14_00-27-09-671)
thread 31 init ok.(1)(2021-05-14_00-27-09-671)
thread 32 init ok.(1)(2021-05-14_00-27-09-672)
thread 33 init ok.(1)(2021-05-14_00-27-09-675)
thread 34 init ok.(1)(2021-05-14_00-27-09-675)
thread 35 init ok.(1)(2021-05-14_00-27-09-675)
thread 36 init ok.(1)(2021-05-14_00-27-09-675)
thread 37 init ok.(1)(2021-05-14_00-27-09-676)
thread 38 init ok.(1)(2021-05-14_00-27-09-679)
thread 39 init ok.(1)(2021-05-14_00-27-09-679)
thread 40 init ok.(1)(2021-05-14_00-27-09-679)
Enable NetIncomingMessageType.ErrorMessage(1)(2021-05-14_00-27-09-681)
Enable NetIncomingMessageType.WarningMessage(1)(2021-05-14_00-27-09-683)
thread 1 start.(5)(2021-05-14_00-27-09-742)
thread 3 start.(7)(2021-05-14_00-27-09-742)
thread 2 start.(6)(2021-05-14_00-27-09-742)
thread 4 start.(8)(2021-05-14_00-27-09-742)
thread 5 start.(9)(2021-05-14_00-27-09-743)
thread 6 start.(10)(2021-05-14_00-27-09-743)
thread 7 start.(11)(2021-05-14_00-27-09-743)
thread 8 start.(12)(2021-05-14_00-27-09-743)
thread 9 start.(13)(2021-05-14_00-27-09-743)
thread 10 start.(14)(2021-05-14_00-27-09-744)
thread 11 start.(15)(2021-05-14_00-27-09-744)
thread 12 start.(16)(2021-05-14_00-27-09-744)
thread 13 start.(17)(2021-05-14_00-27-09-744)
thread 14 start.(18)(2021-05-14_00-27-09-744)
thread 15 start.(19)(2021-05-14_00-27-09-744)
thread 16 start.(20)(2021-05-14_00-27-09-745)
thread 17 start.(21)(2021-05-14_00-27-09-745)
thread 18 start.(22)(2021-05-14_00-27-09-745)
thread 19 start.(23)(2021-05-14_00-27-09-745)
thread 20 start.(24)(2021-05-14_00-27-09-745)
thread 21 start.(25)(2021-05-14_00-27-09-746)
thread 22 start.(26)(2021-05-14_00-27-09-746)
thread 23 start.(27)(2021-05-14_00-27-09-747)
thread 24 start.(28)(2021-05-14_00-27-09-747)
thread 25 start.(29)(2021-05-14_00-27-09-747)
thread 26 start.(30)(2021-05-14_00-27-09-747)
thread 27 start.(31)(2021-05-14_00-27-09-747)
thread 28 start.(32)(2021-05-14_00-27-09-747)
thread 29 start.(33)(2021-05-14_00-27-09-748)
thread 30 start.(34)(2021-05-14_00-27-09-748)
thread 31 start.(35)(2021-05-14_00-27-09-748)
thread 32 start.(36)(2021-05-14_00-27-09-748)
thread 33 start.(37)(2021-05-14_00-27-09-749)
thread 34 start.(38)(2021-05-14_00-27-09-749)
thread 35 start.(39)(2021-05-14_00-27-09-749)
thread 36 start.(40)(2021-05-14_00-27-09-749)
thread 37 start.(41)(2021-05-14_00-27-09-750)
thread 38 start.(42)(2021-05-14_00-27-09-750)
thread 39 start.(43)(2021-05-14_00-27-09-750)
thread 40 start.(44)(2021-05-14_00-27-09-750)
room server init ok.(1)(2021-05-14_00-27-09-835)
register room server to Lobby.(1)(2021-05-14_00-27-13-755)
send room info to Lobby, Name:RoomSvr1 IdleRoomNum:2560 UserNum:0.(1)(2021-05-14_00-27-28-682)
send room info to Lobby, Name:RoomSvr1 IdleRoomNum:2560 UserNum:0.(1)(2021-05-14_00-27-48-713)
send room info to Lobby, Name:RoomSvr1 IdleRoomNum:2560 UserNum:0.(1)(2021-05-14_00-28-08-739)
send room info to Lobby, Name:RoomSvr1 IdleRoomNum:2560 UserNum:0.(1)(2021-05-14_00-28-28-772)
send room info to Lobby, Name:RoomSvr1 IdleRoomNum:2560 UserNum:0.(1)(2021-05-14_00-28-48-807)
send room info to Lobby, Name:RoomSvr1 IdleRoomNum:2560 UserNum:0.(1)(2021-05-14_00-29-08-844)
send room info to Lobby, Name:RoomSvr1 IdleRoomNum:2560 UserNum:0.(1)(2021-05-14_00-29-28-883)
send room info to Lobby, Name:RoomSvr1 IdleRoomNum:2560 UserNum:0.(1)(2021-05-14_00-29-48-918)
send room info to Lobby, Name:RoomSvr1 IdleRoomNum:2560 UserNum:0.(1)(2021-05-14_00-30-08-954)
send room info to Lobby, Name:RoomSvr1 IdleRoomNum:2560 UserNum:0.(1)(2021-05-14_00-30-28-978)
send room info to Lobby, Name:RoomSvr1 IdleRoomNum:2560 UserNum:0.(1)(2021-05-14_00-30-49-015)
send room info to Lobby, Name:RoomSvr1 IdleRoomNum:2560 UserNum:0.(1)(2021-05-14_00-31-09-037)
send room info to Lobby, Name:RoomSvr1 IdleRoomNum:2560 UserNum:0.(1)(2021-05-14_00-31-29-075)
send room info to Lobby, Name:RoomSvr1 IdleRoomNum:2560 UserNum:0.(1)(2021-05-14_00-31-49-112)
send room info to Lobby, Name:RoomSvr1 IdleRoomNum:2560 UserNum:0.(1)(2021-05-14_00-32-09-135)
send room info to Lobby, Name:RoomSvr1 IdleRoomNum:2560 UserNum:0.(1)(2021-05-14_00-32-29-167)
send room info to Lobby, Name:RoomSvr1 IdleRoomNum:2560 UserNum:0.(1)(2021-05-14_00-32-49-190)
send room info to Lobby, Name:RoomSvr1 IdleRoomNum:2560 UserNum:0.(1)(2021-05-14_00-33-09-209)
send room info to Lobby, Name:RoomSvr1 IdleRoomNum:2560 UserNum:0.(1)(2021-05-14_00-33-29-240)
send room info to Lobby, Name:RoomSvr1 IdleRoomNum:2560 UserNum:0.(1)(2021-05-14_00-33-49-269)
send room info to Lobby, Name:RoomSvr1 IdleRoomNum:2560 UserNum:0.(1)(2021-05-14_00-34-09-288)
send room info to Lobby, Name:RoomSvr1 IdleRoomNum:2560 UserNum:0.(1)(2021-05-14_00-34-29-314)
send room info to Lobby, Name:RoomSvr1 IdleRoomNum:2560 UserNum:0.(1)(2021-05-14_00-34-49-337)
send room info to Lobby, Name:RoomSvr1 IdleRoomNum:2560 UserNum:0.(1)(2021-05-14_00-35-09-365)
send room info to Lobby, Name:RoomSvr1 IdleRoomNum:2560 UserNum:0.(1)(2021-05-14_00-35-29-395)
send room info to Lobby, Name:RoomSvr1 IdleRoomNum:2560 UserNum:0.(1)(2021-05-14_00-35-49-414)
send room info to Lobby, Name:RoomSvr1 IdleRoomNum:2560 UserNum:0.(1)(2021-05-14_00-36-09-439)
send room info to Lobby, Name:RoomSvr1 IdleRoomNum:2560 UserNum:0.(1)(2021-05-14_00-36-29-473)
send room info to Lobby, Name:RoomSvr1 IdleRoomNum:2560 UserNum:0.(1)(2021-05-14_00-36-49-508)
send room info to Lobby, Name:RoomSvr1 IdleRoomNum:2560 UserNum:0.(1)(2021-05-14_00-37-09-544)
send room info to Lobby, Name:RoomSvr1 IdleRoomNum:2560 UserNum:0.(1)(2021-05-14_00-37-29-565)
send room info to Lobby, Name:RoomSvr1 IdleRoomNum:2560 UserNum:0.(1)(2021-05-14_00-37-49-593)
send room info to Lobby, Name:RoomSvr1 IdleRoomNum:2560 UserNum:0.(1)(2021-05-14_00-38-09-619)
send room info to Lobby, Name:RoomSvr1 IdleRoomNum:2560 UserNum:0.(1)(2021-05-14_00-38-29-650)
send room info to Lobby, Name:RoomSvr1 IdleRoomNum:2560 UserNum:0.(1)(2021-05-14_00-38-49-681)
send room info to Lobby, Name:RoomSvr1 IdleRoomNum:2560 UserNum:0.(1)(2021-05-14_00-39-09-716)
send room info to Lobby, Name:RoomSvr1 IdleRoomNum:2560 UserNum:0.(1)(2021-05-14_00-39-29-746)
send room info to Lobby, Name:RoomSvr1 IdleRoomNum:2560 UserNum:0.(1)(2021-05-14_00-39-49-777)
send room info to Lobby, Name:RoomSvr1 IdleRoomNum:2560 UserNum:0.(1)(2021-05-14_00-40-09-797)
send room info to Lobby, Name:RoomSvr1 IdleRoomNum:2560 UserNum:0.(1)(2021-05-14_00-40-29-819)
send room info to Lobby, Name:RoomSvr1 IdleRoomNum:2560 UserNum:0.(1)(2021-05-14_00-40-49-842)
send room info to Lobby, Name:RoomSvr1 IdleRoomNum:2560 UserNum:0.(1)(2021-05-14_00-41-09-874)
send room info to Lobby, Name:RoomSvr1 IdleRoomNum:2560 UserNum:0.(1)(2021-05-14_00-41-29-906)
send room info to Lobby, Name:RoomSvr1 IdleRoomNum:2560 UserNum:0.(1)(2021-05-14_00-41-49-937)
send room info to Lobby, Name:RoomSvr1 IdleRoomNum:2560 UserNum:0.(1)(2021-05-14_00-42-09-969)
send room info to Lobby, Name:RoomSvr1 IdleRoomNum:2560 UserNum:0.(1)(2021-05-14_00-42-29-997)
send room info to Lobby, Name:RoomSvr1 IdleRoomNum:2560 UserNum:0.(1)(2021-05-14_00-42-50-031)
send room info to Lobby, Name:RoomSvr1 IdleRoomNum:2560 UserNum:0.(1)(2021-05-14_00-43-10-045)
send room info to Lobby, Name:RoomSvr1 IdleRoomNum:2560 UserNum:0.(1)(2021-05-14_00-43-30-079)
send room info to Lobby, Name:RoomSvr1 IdleRoomNum:2560 UserNum:0.(1)(2021-05-14_00-43-50-113)
send room info to Lobby, Name:RoomSvr1 IdleRoomNum:2560 UserNum:0.(1)(2021-05-14_00-44-10-146)
send room info to Lobby, Name:RoomSvr1 IdleRoomNum:2560 UserNum:0.(1)(2021-05-14_00-44-30-181)
send room info to Lobby, Name:RoomSvr1 IdleRoomNum:2560 UserNum:0.(1)(2021-05-14_00-44-50-218)
send room info to Lobby, Name:RoomSvr1 IdleRoomNum:2560 UserNum:0.(1)(2021-05-14_00-45-10-255)
send room info to Lobby, Name:RoomSvr1 IdleRoomNum:2560 UserNum:0.(1)(2021-05-14_00-45-30-292)
send room info to Lobby, Name:RoomSvr1 IdleRoomNum:2560 UserNum:0.(1)(2021-05-14_00-45-50-320)
send room info to Lobby, Name:RoomSvr1 IdleRoomNum:2560 UserNum:0.(1)(2021-05-14_00-46-10-360)
send room info to Lobby, Name:RoomSvr1 IdleRoomNum:2560 UserNum:0.(1)(2021-05-14_00-46-30-389)
send room info to Lobby, Name:RoomSvr1 IdleRoomNum:2560 UserNum:0.(1)(2021-05-14_00-46-50-420)
send room info to Lobby, Name:RoomSvr1 IdleRoomNum:2560 UserNum:0.(1)(2021-05-14_00-47-10-449)
send room info to Lobby, Name:RoomSvr1 IdleRoomNum:2560 UserNum:0.(1)(2021-05-14_00-47-30-483)
send room info to Lobby, Name:RoomSvr1 IdleRoomNum:2560 UserNum:0.(1)(2021-05-14_00-47-50-516)
send room info to Lobby, Name:RoomSvr1 IdleRoomNum:2560 UserNum:0.(1)(2021-05-14_00-48-10-537)
send room info to Lobby, Name:RoomSvr1 IdleRoomNum:2560 UserNum:0.(1)(2021-05-14_00-48-30-567)
send room info to Lobby, Name:RoomSvr1 IdleRoomNum:2560 UserNum:0.(1)(2021-05-14_00-48-50-589)
send room info to Lobby, Name:RoomSvr1 IdleRoomNum:2560 UserNum:0.(1)(2021-05-14_00-49-10-626)
send room info to Lobby, Name:RoomSvr1 IdleRoomNum:2560 UserNum:0.(1)(2021-05-14_00-49-30-656)
send room info to Lobby, Name:RoomSvr1 IdleRoomNum:2560 UserNum:0.(1)(2021-05-14_00-49-50-689)
send room info to Lobby, Name:RoomSvr1 IdleRoomNum:2560 UserNum:0.(1)(2021-05-14_00-50-10-713)
send room info to Lobby, Name:RoomSvr1 IdleRoomNum:2560 UserNum:0.(1)(2021-05-14_00-50-30-746)
send room info to Lobby, Name:RoomSvr1 IdleRoomNum:2560 UserNum:0.(1)(2021-05-14_00-50-50-772)
