Init Succ!(1)(2021-06-10_21-19-12-308)
room server init ip: 127.0.0.1  port: 9528(1)(2021-06-10_21-19-13-002)
Serialize init OK.(1)(2021-06-10_21-19-13-091)
thread 1 init ok.(1)(2021-06-10_21-19-14-010)
thread 2 init ok.(1)(2021-06-10_21-19-14-011)
thread 3 init ok.(1)(2021-06-10_21-19-14-011)
thread 4 init ok.(1)(2021-06-10_21-19-14-011)
thread 5 init ok.(1)(2021-06-10_21-19-14-011)
thread 6 init ok.(1)(2021-06-10_21-19-14-012)
thread 7 init ok.(1)(2021-06-10_21-19-14-012)
thread 8 init ok.(1)(2021-06-10_21-19-14-012)
thread 9 init ok.(1)(2021-06-10_21-19-14-013)
thread 10 init ok.(1)(2021-06-10_21-19-14-019)
thread 11 init ok.(1)(2021-06-10_21-19-14-020)
thread 12 init ok.(1)(2021-06-10_21-19-14-020)
thread 13 init ok.(1)(2021-06-10_21-19-14-020)
thread 14 init ok.(1)(2021-06-10_21-19-14-021)
thread 15 init ok.(1)(2021-06-10_21-19-14-027)
thread 16 init ok.(1)(2021-06-10_21-19-14-028)
thread 17 init ok.(1)(2021-06-10_21-19-14-029)
thread 18 init ok.(1)(2021-06-10_21-19-14-029)
thread 19 init ok.(1)(2021-06-10_21-19-14-029)
thread 20 init ok.(1)(2021-06-10_21-19-14-043)
thread 21 init ok.(1)(2021-06-10_21-19-14-044)
thread 22 init ok.(1)(2021-06-10_21-19-14-044)
thread 23 init ok.(1)(2021-06-10_21-19-14-045)
thread 24 init ok.(1)(2021-06-10_21-19-14-045)
thread 25 init ok.(1)(2021-06-10_21-19-14-059)
thread 26 init ok.(1)(2021-06-10_21-19-14-061)
thread 27 init ok.(1)(2021-06-10_21-19-14-061)
thread 28 init ok.(1)(2021-06-10_21-19-14-062)
thread 29 init ok.(1)(2021-06-10_21-19-14-062)
thread 30 init ok.(1)(2021-06-10_21-19-14-062)
thread 31 init ok.(1)(2021-06-10_21-19-14-075)
thread 32 init ok.(1)(2021-06-10_21-19-14-076)
thread 33 init ok.(1)(2021-06-10_21-19-14-077)
thread 34 init ok.(1)(2021-06-10_21-19-14-077)
thread 35 init ok.(1)(2021-06-10_21-19-14-082)
thread 36 init ok.(1)(2021-06-10_21-19-14-091)
thread 37 init ok.(1)(2021-06-10_21-19-14-092)
thread 38 init ok.(1)(2021-06-10_21-19-14-105)
thread 39 init ok.(1)(2021-06-10_21-19-14-106)
thread 40 init ok.(1)(2021-06-10_21-19-14-123)
Enable NetIncomingMessageType.ErrorMessage(1)(2021-06-10_21-19-14-125)
Enable NetIncomingMessageType.WarningMessage(1)(2021-06-10_21-19-14-125)
thread 1 start.(5)(2021-06-10_21-19-14-190)
thread 3 start.(7)(2021-06-10_21-19-14-190)
thread 2 start.(6)(2021-06-10_21-19-14-190)
thread 4 start.(8)(2021-06-10_21-19-14-191)
thread 5 start.(9)(2021-06-10_21-19-14-192)
thread 6 start.(10)(2021-06-10_21-19-14-192)
thread 7 start.(11)(2021-06-10_21-19-14-192)
thread 8 start.(12)(2021-06-10_21-19-14-192)
thread 9 start.(13)(2021-06-10_21-19-14-193)
thread 10 start.(14)(2021-06-10_21-19-14-193)
thread 11 start.(15)(2021-06-10_21-19-14-193)
thread 12 start.(16)(2021-06-10_21-19-14-194)
thread 13 start.(17)(2021-06-10_21-19-14-194)
thread 14 start.(18)(2021-06-10_21-19-14-194)
thread 15 start.(19)(2021-06-10_21-19-14-194)
thread 16 start.(20)(2021-06-10_21-19-14-194)
thread 17 start.(21)(2021-06-10_21-19-14-195)
thread 18 start.(22)(2021-06-10_21-19-14-195)
thread 19 start.(23)(2021-06-10_21-19-14-195)
thread 20 start.(24)(2021-06-10_21-19-14-195)
thread 21 start.(25)(2021-06-10_21-19-14-195)
thread 22 start.(26)(2021-06-10_21-19-14-195)
thread 23 start.(27)(2021-06-10_21-19-14-196)
thread 24 start.(28)(2021-06-10_21-19-14-196)
thread 25 start.(29)(2021-06-10_21-19-14-196)
thread 26 start.(30)(2021-06-10_21-19-14-196)
thread 27 start.(31)(2021-06-10_21-19-14-196)
thread 28 start.(32)(2021-06-10_21-19-14-197)
thread 29 start.(33)(2021-06-10_21-19-14-197)
thread 30 start.(34)(2021-06-10_21-19-14-197)
thread 31 start.(35)(2021-06-10_21-19-14-197)
thread 32 start.(36)(2021-06-10_21-19-14-198)
thread 33 start.(37)(2021-06-10_21-19-14-198)
thread 34 start.(38)(2021-06-10_21-19-14-198)
thread 35 start.(39)(2021-06-10_21-19-14-198)
thread 36 start.(40)(2021-06-10_21-19-14-199)
thread 37 start.(41)(2021-06-10_21-19-14-199)
thread 38 start.(42)(2021-06-10_21-19-14-199)
thread 39 start.(43)(2021-06-10_21-19-14-199)
thread 40 start.(44)(2021-06-10_21-19-14-199)
room server init ok.(1)(2021-06-10_21-19-14-284)
register room server to Lobby.(1)(2021-06-10_21-19-17-398)
send room info to Lobby, Name:RoomSvr1 IdleRoomNum:2560 UserNum:0.(1)(2021-06-10_21-19-32-340)
send room info to Lobby, Name:RoomSvr1 IdleRoomNum:2560 UserNum:0.(1)(2021-06-10_21-19-52-375)
send room info to Lobby, Name:RoomSvr1 IdleRoomNum:2560 UserNum:0.(1)(2021-06-10_21-20-12-399)
send room info to Lobby, Name:RoomSvr1 IdleRoomNum:2560 UserNum:0.(1)(2021-06-10_21-20-32-427)
send room info to Lobby, Name:RoomSvr1 IdleRoomNum:2560 UserNum:0.(1)(2021-06-10_21-20-52-458)
send room info to Lobby, Name:RoomSvr1 IdleRoomNum:2560 UserNum:0.(1)(2021-06-10_21-21-12-502)
send room info to Lobby, Name:RoomSvr1 IdleRoomNum:2560 UserNum:0.(1)(2021-06-10_21-21-32-528)
send room info to Lobby, Name:RoomSvr1 IdleRoomNum:2560 UserNum:0.(1)(2021-06-10_21-21-52-566)
send room info to Lobby, Name:RoomSvr1 IdleRoomNum:2560 UserNum:0.(1)(2021-06-10_21-22-12-607)
send room info to Lobby, Name:RoomSvr1 IdleRoomNum:2560 UserNum:0.(1)(2021-06-10_21-22-32-647)
send room info to Lobby, Name:RoomSvr1 IdleRoomNum:2560 UserNum:0.(1)(2021-06-10_21-22-52-683)
send room info to Lobby, Name:RoomSvr1 IdleRoomNum:2560 UserNum:0.(1)(2021-06-10_21-23-12-716)
send room info to Lobby, Name:RoomSvr1 IdleRoomNum:2560 UserNum:0.(1)(2021-06-10_21-23-32-734)
send room info to Lobby, Name:RoomSvr1 IdleRoomNum:2560 UserNum:0.(1)(2021-06-10_21-23-52-753)
send room info to Lobby, Name:RoomSvr1 IdleRoomNum:2560 UserNum:0.(1)(2021-06-10_21-24-12-777)
send room info to Lobby, Name:RoomSvr1 IdleRoomNum:2560 UserNum:0.(1)(2021-06-10_21-24-32-807)
send room info to Lobby, Name:RoomSvr1 IdleRoomNum:2560 UserNum:0.(1)(2021-06-10_21-24-52-838)
send room info to Lobby, Name:RoomSvr1 IdleRoomNum:2560 UserNum:0.(1)(2021-06-10_21-25-12-876)
send room info to Lobby, Name:RoomSvr1 IdleRoomNum:2560 UserNum:0.(1)(2021-06-10_21-25-32-907)
send room info to Lobby, Name:RoomSvr1 IdleRoomNum:2560 UserNum:0.(1)(2021-06-10_21-25-52-923)
send room info to Lobby, Name:RoomSvr1 IdleRoomNum:2560 UserNum:0.(1)(2021-06-10_21-26-12-971)
send room info to Lobby, Name:RoomSvr1 IdleRoomNum:2560 UserNum:0.(1)(2021-06-10_21-26-33-014)
send room info to Lobby, Name:RoomSvr1 IdleRoomNum:2560 UserNum:0.(1)(2021-06-10_21-26-53-052)
send room info to Lobby, Name:RoomSvr1 IdleRoomNum:2560 UserNum:0.(1)(2021-06-10_21-27-13-097)
send room info to Lobby, Name:RoomSvr1 IdleRoomNum:2560 UserNum:0.(1)(2021-06-10_21-27-33-126)
send room info to Lobby, Name:RoomSvr1 IdleRoomNum:2560 UserNum:0.(1)(2021-06-10_21-27-53-162)
send room info to Lobby, Name:RoomSvr1 IdleRoomNum:2560 UserNum:0.(1)(2021-06-10_21-28-13-177)
send room info to Lobby, Name:RoomSvr1 IdleRoomNum:2560 UserNum:0.(1)(2021-06-10_21-28-33-216)
send room info to Lobby, Name:RoomSvr1 IdleRoomNum:2560 UserNum:0.(1)(2021-06-10_21-28-53-249)
send room info to Lobby, Name:RoomSvr1 IdleRoomNum:2560 UserNum:0.(1)(2021-06-10_21-29-13-284)
send room info to Lobby, Name:RoomSvr1 IdleRoomNum:2560 UserNum:0.(1)(2021-06-10_21-29-33-312)
send room info to Lobby, Name:RoomSvr1 IdleRoomNum:2560 UserNum:0.(1)(2021-06-10_21-29-53-344)
send room info to Lobby, Name:RoomSvr1 IdleRoomNum:2560 UserNum:0.(1)(2021-06-10_21-30-13-384)
send room info to Lobby, Name:RoomSvr1 IdleRoomNum:2560 UserNum:0.(1)(2021-06-10_21-30-33-425)
send room info to Lobby, Name:RoomSvr1 IdleRoomNum:2560 UserNum:0.(1)(2021-06-10_21-30-53-458)
send room info to Lobby, Name:RoomSvr1 IdleRoomNum:2560 UserNum:0.(1)(2021-06-10_21-31-13-499)
send room info to Lobby, Name:RoomSvr1 IdleRoomNum:2560 UserNum:0.(1)(2021-06-10_21-31-33-530)
send room info to Lobby, Name:RoomSvr1 IdleRoomNum:2560 UserNum:0.(1)(2021-06-10_21-31-53-576)
send room info to Lobby, Name:RoomSvr1 IdleRoomNum:2560 UserNum:0.(1)(2021-06-10_21-32-13-600)
send room info to Lobby, Name:RoomSvr1 IdleRoomNum:2560 UserNum:0.(1)(2021-06-10_21-32-33-641)
send room info to Lobby, Name:RoomSvr1 IdleRoomNum:2560 UserNum:0.(1)(2021-06-10_21-32-53-680)
send room info to Lobby, Name:RoomSvr1 IdleRoomNum:2560 UserNum:0.(1)(2021-06-10_21-33-13-713)
send room info to Lobby, Name:RoomSvr1 IdleRoomNum:2560 UserNum:0.(1)(2021-06-10_21-33-33-748)
send room info to Lobby, Name:RoomSvr1 IdleRoomNum:2560 UserNum:0.(1)(2021-06-10_21-33-53-767)
send room info to Lobby, Name:RoomSvr1 IdleRoomNum:2560 UserNum:0.(1)(2021-06-10_21-34-13-811)
send room info to Lobby, Name:RoomSvr1 IdleRoomNum:2560 UserNum:0.(1)(2021-06-10_21-34-33-833)
send room info to Lobby, Name:RoomSvr1 IdleRoomNum:2560 UserNum:0.(1)(2021-06-10_21-34-53-864)
send room info to Lobby, Name:RoomSvr1 IdleRoomNum:2560 UserNum:0.(1)(2021-06-10_21-35-13-879)
send room info to Lobby, Name:RoomSvr1 IdleRoomNum:2560 UserNum:0.(1)(2021-06-10_21-35-33-919)
send room info to Lobby, Name:RoomSvr1 IdleRoomNum:2560 UserNum:0.(1)(2021-06-10_21-35-53-957)
send room info to Lobby, Name:RoomSvr1 IdleRoomNum:2560 UserNum:0.(1)(2021-06-10_21-36-14-002)
send room info to Lobby, Name:RoomSvr1 IdleRoomNum:2560 UserNum:0.(1)(2021-06-10_21-36-34-023)
send room info to Lobby, Name:RoomSvr1 IdleRoomNum:2560 UserNum:0.(1)(2021-06-10_21-36-54-056)
send room info to Lobby, Name:RoomSvr1 IdleRoomNum:2560 UserNum:0.(1)(2021-06-10_21-37-14-092)
send room info to Lobby, Name:RoomSvr1 IdleRoomNum:2560 UserNum:0.(1)(2021-06-10_21-37-34-126)
send room info to Lobby, Name:RoomSvr1 IdleRoomNum:2560 UserNum:0.(1)(2021-06-10_21-37-54-170)
send room info to Lobby, Name:RoomSvr1 IdleRoomNum:2560 UserNum:0.(1)(2021-06-10_21-38-14-193)
send room info to Lobby, Name:RoomSvr1 IdleRoomNum:2560 UserNum:0.(1)(2021-06-10_21-38-34-224)
send room info to Lobby, Name:RoomSvr1 IdleRoomNum:2560 UserNum:0.(1)(2021-06-10_21-38-54-265)
send room info to Lobby, Name:RoomSvr1 IdleRoomNum:2560 UserNum:0.(1)(2021-06-10_21-39-14-298)
send room info to Lobby, Name:RoomSvr1 IdleRoomNum:2560 UserNum:0.(1)(2021-06-10_21-39-34-339)
send room info to Lobby, Name:RoomSvr1 IdleRoomNum:2560 UserNum:0.(1)(2021-06-10_21-39-54-376)
send room info to Lobby, Name:RoomSvr1 IdleRoomNum:2560 UserNum:0.(1)(2021-06-10_21-40-14-424)
send room info to Lobby, Name:RoomSvr1 IdleRoomNum:2560 UserNum:0.(1)(2021-06-10_21-40-34-459)
send room info to Lobby, Name:RoomSvr1 IdleRoomNum:2560 UserNum:0.(1)(2021-06-10_21-40-54-492)
send room info to Lobby, Name:RoomSvr1 IdleRoomNum:2560 UserNum:0.(1)(2021-06-10_21-41-14-530)
send room info to Lobby, Name:RoomSvr1 IdleRoomNum:2560 UserNum:0.(1)(2021-06-10_21-41-34-572)
send room info to Lobby, Name:RoomSvr1 IdleRoomNum:2560 UserNum:0.(1)(2021-06-10_21-41-54-599)
send room info to Lobby, Name:RoomSvr1 IdleRoomNum:2560 UserNum:0.(1)(2021-06-10_21-42-14-638)
send room info to Lobby, Name:RoomSvr1 IdleRoomNum:2560 UserNum:0.(1)(2021-06-10_21-42-34-687)
send room info to Lobby, Name:RoomSvr1 IdleRoomNum:2560 UserNum:0.(1)(2021-06-10_21-42-54-728)
send room info to Lobby, Name:RoomSvr1 IdleRoomNum:2560 UserNum:0.(1)(2021-06-10_21-43-14-761)
send room info to Lobby, Name:RoomSvr1 IdleRoomNum:2560 UserNum:0.(1)(2021-06-10_21-43-34-781)
send room info to Lobby, Name:RoomSvr1 IdleRoomNum:2560 UserNum:0.(1)(2021-06-10_21-43-54-814)
send room info to Lobby, Name:RoomSvr1 IdleRoomNum:2560 UserNum:0.(1)(2021-06-10_21-44-14-850)
send room info to Lobby, Name:RoomSvr1 IdleRoomNum:2560 UserNum:0.(1)(2021-06-10_21-44-34-889)
send room info to Lobby, Name:RoomSvr1 IdleRoomNum:2560 UserNum:0.(1)(2021-06-10_21-44-54-924)
send room info to Lobby, Name:RoomSvr1 IdleRoomNum:2560 UserNum:0.(1)(2021-06-10_21-45-14-956)
send room info to Lobby, Name:RoomSvr1 IdleRoomNum:2560 UserNum:0.(1)(2021-06-10_21-45-34-992)
send room info to Lobby, Name:RoomSvr1 IdleRoomNum:2560 UserNum:0.(1)(2021-06-10_21-45-55-028)
send room info to Lobby, Name:RoomSvr1 IdleRoomNum:2560 UserNum:0.(1)(2021-06-10_21-46-15-055)
send room info to Lobby, Name:RoomSvr1 IdleRoomNum:2560 UserNum:0.(1)(2021-06-10_21-46-35-070)
send room info to Lobby, Name:RoomSvr1 IdleRoomNum:2560 UserNum:0.(1)(2021-06-10_21-46-55-117)
send room info to Lobby, Name:RoomSvr1 IdleRoomNum:2560 UserNum:0.(1)(2021-06-10_21-47-15-157)
send room info to Lobby, Name:RoomSvr1 IdleRoomNum:2560 UserNum:0.(1)(2021-06-10_21-47-35-185)
send room info to Lobby, Name:RoomSvr1 IdleRoomNum:2560 UserNum:0.(1)(2021-06-10_21-47-55-222)
send room info to Lobby, Name:RoomSvr1 IdleRoomNum:2560 UserNum:0.(1)(2021-06-10_21-48-15-252)
send room info to Lobby, Name:RoomSvr1 IdleRoomNum:2560 UserNum:0.(1)(2021-06-10_21-48-35-299)
send room info to Lobby, Name:RoomSvr1 IdleRoomNum:2560 UserNum:0.(1)(2021-06-10_21-48-55-341)
send room info to Lobby, Name:RoomSvr1 IdleRoomNum:2560 UserNum:0.(1)(2021-06-10_21-49-15-369)
send room info to Lobby, Name:RoomSvr1 IdleRoomNum:2560 UserNum:0.(1)(2021-06-10_21-49-35-419)
send room info to Lobby, Name:RoomSvr1 IdleRoomNum:2560 UserNum:0.(1)(2021-06-10_21-49-55-438)
send room info to Lobby, Name:RoomSvr1 IdleRoomNum:2560 UserNum:0.(1)(2021-06-10_21-50-15-469)
send room info to Lobby, Name:RoomSvr1 IdleRoomNum:2560 UserNum:0.(1)(2021-06-10_21-50-35-505)
send room info to Lobby, Name:RoomSvr1 IdleRoomNum:2560 UserNum:0.(1)(2021-06-10_21-50-55-531)
send room info to Lobby, Name:RoomSvr1 IdleRoomNum:2560 UserNum:0.(1)(2021-06-10_21-51-15-572)
send room info to Lobby, Name:RoomSvr1 IdleRoomNum:2560 UserNum:0.(1)(2021-06-10_21-51-35-592)
send room info to Lobby, Name:RoomSvr1 IdleRoomNum:2560 UserNum:0.(1)(2021-06-10_21-51-55-637)
send room info to Lobby, Name:RoomSvr1 IdleRoomNum:2560 UserNum:0.(1)(2021-06-10_21-52-15-667)
send room info to Lobby, Name:RoomSvr1 IdleRoomNum:2560 UserNum:0.(1)(2021-06-10_21-52-35-698)
send room info to Lobby, Name:RoomSvr1 IdleRoomNum:2560 UserNum:0.(1)(2021-06-10_21-52-55-738)
send room info to Lobby, Name:RoomSvr1 IdleRoomNum:2560 UserNum:0.(1)(2021-06-10_21-53-15-787)
send room info to Lobby, Name:RoomSvr1 IdleRoomNum:2560 UserNum:0.(1)(2021-06-10_21-53-35-808)
send room info to Lobby, Name:RoomSvr1 IdleRoomNum:2560 UserNum:0.(1)(2021-06-10_21-53-55-828)
send room info to Lobby, Name:RoomSvr1 IdleRoomNum:2560 UserNum:0.(1)(2021-06-10_21-54-15-883)
send room info to Lobby, Name:RoomSvr1 IdleRoomNum:2560 UserNum:0.(1)(2021-06-10_21-54-35-914)
send room info to Lobby, Name:RoomSvr1 IdleRoomNum:2560 UserNum:0.(1)(2021-06-10_21-54-55-951)
send room info to Lobby, Name:RoomSvr1 IdleRoomNum:2560 UserNum:0.(1)(2021-06-10_21-55-15-986)
send room info to Lobby, Name:RoomSvr1 IdleRoomNum:2560 UserNum:0.(1)(2021-06-10_21-55-36-035)
send room info to Lobby, Name:RoomSvr1 IdleRoomNum:2560 UserNum:0.(1)(2021-06-10_21-55-56-077)
send room info to Lobby, Name:RoomSvr1 IdleRoomNum:2560 UserNum:0.(1)(2021-06-10_21-56-16-125)
send room info to Lobby, Name:RoomSvr1 IdleRoomNum:2560 UserNum:0.(1)(2021-06-10_21-56-36-174)
send room info to Lobby, Name:RoomSvr1 IdleRoomNum:2560 UserNum:0.(1)(2021-06-10_21-56-56-207)
send room info to Lobby, Name:RoomSvr1 IdleRoomNum:2560 UserNum:0.(1)(2021-06-10_21-57-16-239)
send room info to Lobby, Name:RoomSvr1 IdleRoomNum:2560 UserNum:0.(1)(2021-06-10_21-57-36-268)
send room info to Lobby, Name:RoomSvr1 IdleRoomNum:2560 UserNum:0.(1)(2021-06-10_21-57-56-305)
send room info to Lobby, Name:RoomSvr1 IdleRoomNum:2560 UserNum:0.(1)(2021-06-10_21-58-16-335)
send room info to Lobby, Name:RoomSvr1 IdleRoomNum:2560 UserNum:0.(1)(2021-06-10_21-58-36-376)
send room info to Lobby, Name:RoomSvr1 IdleRoomNum:2560 UserNum:0.(1)(2021-06-10_21-58-56-415)
send room info to Lobby, Name:RoomSvr1 IdleRoomNum:2560 UserNum:0.(1)(2021-06-10_21-59-16-447)
send room info to Lobby, Name:RoomSvr1 IdleRoomNum:2560 UserNum:0.(1)(2021-06-10_21-59-36-485)
send room info to Lobby, Name:RoomSvr1 IdleRoomNum:2560 UserNum:0.(1)(2021-06-10_21-59-56-509)
send room info to Lobby, Name:RoomSvr1 IdleRoomNum:2560 UserNum:0.(1)(2021-06-10_22-00-16-550)
send room info to Lobby, Name:RoomSvr1 IdleRoomNum:2560 UserNum:0.(1)(2021-06-10_22-00-36-581)
send room info to Lobby, Name:RoomSvr1 IdleRoomNum:2560 UserNum:0.(1)(2021-06-10_22-00-56-627)
send room info to Lobby, Name:RoomSvr1 IdleRoomNum:2560 UserNum:0.(1)(2021-06-10_22-01-16-675)
send room info to Lobby, Name:RoomSvr1 IdleRoomNum:2560 UserNum:0.(1)(2021-06-10_22-01-36-709)
send room info to Lobby, Name:RoomSvr1 IdleRoomNum:2560 UserNum:0.(1)(2021-06-10_22-01-56-745)
send room info to Lobby, Name:RoomSvr1 IdleRoomNum:2560 UserNum:0.(1)(2021-06-10_22-02-16-799)
send room info to Lobby, Name:RoomSvr1 IdleRoomNum:2560 UserNum:0.(1)(2021-06-10_22-02-36-837)
send room info to Lobby, Name:RoomSvr1 IdleRoomNum:2560 UserNum:0.(1)(2021-06-10_22-02-56-871)
send room info to Lobby, Name:RoomSvr1 IdleRoomNum:2560 UserNum:0.(1)(2021-06-10_22-03-16-910)
send room info to Lobby, Name:RoomSvr1 IdleRoomNum:2560 UserNum:0.(1)(2021-06-10_22-03-36-936)
send room info to Lobby, Name:RoomSvr1 IdleRoomNum:2560 UserNum:0.(1)(2021-06-10_22-03-56-988)
send room info to Lobby, Name:RoomSvr1 IdleRoomNum:2560 UserNum:0.(1)(2021-06-10_22-04-17-024)
send room info to Lobby, Name:RoomSvr1 IdleRoomNum:2560 UserNum:0.(1)(2021-06-10_22-04-37-058)
send room info to Lobby, Name:RoomSvr1 IdleRoomNum:2560 UserNum:0.(1)(2021-06-10_22-04-57-084)
send room info to Lobby, Name:RoomSvr1 IdleRoomNum:2560 UserNum:0.(1)(2021-06-10_22-05-17-128)
send room info to Lobby, Name:RoomSvr1 IdleRoomNum:2560 UserNum:0.(1)(2021-06-10_22-05-37-166)
send room info to Lobby, Name:RoomSvr1 IdleRoomNum:2560 UserNum:0.(1)(2021-06-10_22-05-57-184)
send room info to Lobby, Name:RoomSvr1 IdleRoomNum:2560 UserNum:0.(1)(2021-06-10_22-06-17-227)
send room info to Lobby, Name:RoomSvr1 IdleRoomNum:2560 UserNum:0.(1)(2021-06-10_22-06-37-280)
send room info to Lobby, Name:RoomSvr1 IdleRoomNum:2560 UserNum:0.(1)(2021-06-10_22-06-57-301)
send room info to Lobby, Name:RoomSvr1 IdleRoomNum:2560 UserNum:0.(1)(2021-06-10_22-07-17-342)
send room info to Lobby, Name:RoomSvr1 IdleRoomNum:2560 UserNum:0.(1)(2021-06-10_22-07-37-383)
send room info to Lobby, Name:RoomSvr1 IdleRoomNum:2560 UserNum:0.(1)(2021-06-10_22-07-57-403)
send room info to Lobby, Name:RoomSvr1 IdleRoomNum:2560 UserNum:0.(1)(2021-06-10_22-08-17-437)
send room info to Lobby, Name:RoomSvr1 IdleRoomNum:2560 UserNum:0.(1)(2021-06-10_22-08-37-465)
send room info to Lobby, Name:RoomSvr1 IdleRoomNum:2560 UserNum:0.(1)(2021-06-10_22-08-57-505)
send room info to Lobby, Name:RoomSvr1 IdleRoomNum:2560 UserNum:0.(1)(2021-06-10_22-09-17-530)
send room info to Lobby, Name:RoomSvr1 IdleRoomNum:2560 UserNum:0.(1)(2021-06-10_22-09-37-567)
send room info to Lobby, Name:RoomSvr1 IdleRoomNum:2560 UserNum:0.(1)(2021-06-10_22-09-57-593)
send room info to Lobby, Name:RoomSvr1 IdleRoomNum:2560 UserNum:0.(1)(2021-06-10_22-10-17-633)
send room info to Lobby, Name:RoomSvr1 IdleRoomNum:2560 UserNum:0.(1)(2021-06-10_22-10-37-664)
send room info to Lobby, Name:RoomSvr1 IdleRoomNum:2560 UserNum:0.(1)(2021-06-10_22-10-57-694)
send room info to Lobby, Name:RoomSvr1 IdleRoomNum:2560 UserNum:0.(1)(2021-06-10_22-11-17-720)
send room info to Lobby, Name:RoomSvr1 IdleRoomNum:2560 UserNum:0.(1)(2021-06-10_22-11-37-750)
send room info to Lobby, Name:RoomSvr1 IdleRoomNum:2560 UserNum:0.(1)(2021-06-10_22-11-57-791)
send room info to Lobby, Name:RoomSvr1 IdleRoomNum:2560 UserNum:0.(1)(2021-06-10_22-12-17-823)
send room info to Lobby, Name:RoomSvr1 IdleRoomNum:2560 UserNum:0.(1)(2021-06-10_22-12-37-843)
send room info to Lobby, Name:RoomSvr1 IdleRoomNum:2560 UserNum:0.(1)(2021-06-10_22-12-57-885)
send room info to Lobby, Name:RoomSvr1 IdleRoomNum:2560 UserNum:0.(1)(2021-06-10_22-13-17-903)
send room info to Lobby, Name:RoomSvr1 IdleRoomNum:2560 UserNum:0.(1)(2021-06-10_22-13-37-948)
send room info to Lobby, Name:RoomSvr1 IdleRoomNum:2560 UserNum:0.(1)(2021-06-10_22-13-57-983)
send room info to Lobby, Name:RoomSvr1 IdleRoomNum:2560 UserNum:0.(1)(2021-06-10_22-14-18-017)
send room info to Lobby, Name:RoomSvr1 IdleRoomNum:2560 UserNum:0.(1)(2021-06-10_22-14-38-039)
send room info to Lobby, Name:RoomSvr1 IdleRoomNum:2560 UserNum:0.(1)(2021-06-10_22-14-58-070)
send room info to Lobby, Name:RoomSvr1 IdleRoomNum:2560 UserNum:0.(1)(2021-06-10_22-15-18-113)
send room info to Lobby, Name:RoomSvr1 IdleRoomNum:2560 UserNum:0.(1)(2021-06-10_22-15-38-157)
send room info to Lobby, Name:RoomSvr1 IdleRoomNum:2560 UserNum:0.(1)(2021-06-10_22-15-58-205)
send room info to Lobby, Name:RoomSvr1 IdleRoomNum:2560 UserNum:0.(1)(2021-06-10_22-16-18-226)
send room info to Lobby, Name:RoomSvr1 IdleRoomNum:2560 UserNum:0.(1)(2021-06-10_22-16-38-254)
send room info to Lobby, Name:RoomSvr1 IdleRoomNum:2560 UserNum:0.(1)(2021-06-10_22-16-58-273)
send room info to Lobby, Name:RoomSvr1 IdleRoomNum:2560 UserNum:0.(1)(2021-06-10_22-17-18-313)
send room info to Lobby, Name:RoomSvr1 IdleRoomNum:2560 UserNum:0.(1)(2021-06-10_22-17-38-337)
send room info to Lobby, Name:RoomSvr1 IdleRoomNum:2560 UserNum:0.(1)(2021-06-10_22-17-58-369)
send room info to Lobby, Name:RoomSvr1 IdleRoomNum:2560 UserNum:0.(1)(2021-06-10_22-18-18-391)
send room info to Lobby, Name:RoomSvr1 IdleRoomNum:2560 UserNum:0.(1)(2021-06-10_22-18-38-432)
send room info to Lobby, Name:RoomSvr1 IdleRoomNum:2560 UserNum:0.(1)(2021-06-10_22-18-58-483)
send room info to Lobby, Name:RoomSvr1 IdleRoomNum:2560 UserNum:0.(1)(2021-06-10_22-19-18-502)
send room info to Lobby, Name:RoomSvr1 IdleRoomNum:2560 UserNum:0.(1)(2021-06-10_22-19-38-547)
send room info to Lobby, Name:RoomSvr1 IdleRoomNum:2560 UserNum:0.(1)(2021-06-10_22-19-58-582)
send room info to Lobby, Name:RoomSvr1 IdleRoomNum:2560 UserNum:0.(1)(2021-06-10_22-20-18-606)
send room info to Lobby, Name:RoomSvr1 IdleRoomNum:2560 UserNum:0.(1)(2021-06-10_22-20-38-638)
send room info to Lobby, Name:RoomSvr1 IdleRoomNum:2560 UserNum:0.(1)(2021-06-10_22-20-58-668)
send room info to Lobby, Name:RoomSvr1 IdleRoomNum:2560 UserNum:0.(1)(2021-06-10_22-21-18-713)
send room info to Lobby, Name:RoomSvr1 IdleRoomNum:2560 UserNum:0.(1)(2021-06-10_22-21-38-759)
send room info to Lobby, Name:RoomSvr1 IdleRoomNum:2560 UserNum:0.(1)(2021-06-10_22-21-58-791)
send room info to Lobby, Name:RoomSvr1 IdleRoomNum:2560 UserNum:0.(1)(2021-06-10_22-22-18-813)
send room info to Lobby, Name:RoomSvr1 IdleRoomNum:2560 UserNum:0.(1)(2021-06-10_22-22-38-841)
send room info to Lobby, Name:RoomSvr1 IdleRoomNum:2560 UserNum:0.(1)(2021-06-10_22-22-58-861)
send room info to Lobby, Name:RoomSvr1 IdleRoomNum:2560 UserNum:0.(1)(2021-06-10_22-23-18-899)
send room info to Lobby, Name:RoomSvr1 IdleRoomNum:2560 UserNum:0.(1)(2021-06-10_22-23-38-925)
send room info to Lobby, Name:RoomSvr1 IdleRoomNum:2560 UserNum:0.(1)(2021-06-10_22-23-58-952)
send room info to Lobby, Name:RoomSvr1 IdleRoomNum:2560 UserNum:0.(1)(2021-06-10_22-24-18-971)
send room info to Lobby, Name:RoomSvr1 IdleRoomNum:2560 UserNum:0.(1)(2021-06-10_22-24-39-002)
send room info to Lobby, Name:RoomSvr1 IdleRoomNum:2560 UserNum:0.(1)(2021-06-10_22-24-59-019)
send room info to Lobby, Name:RoomSvr1 IdleRoomNum:2560 UserNum:0.(1)(2021-06-10_22-25-19-048)
send room info to Lobby, Name:RoomSvr1 IdleRoomNum:2560 UserNum:0.(1)(2021-06-10_22-25-39-073)
send room info to Lobby, Name:RoomSvr1 IdleRoomNum:2560 UserNum:0.(1)(2021-06-10_22-25-59-098)
send room info to Lobby, Name:RoomSvr1 IdleRoomNum:2560 UserNum:0.(1)(2021-06-10_22-26-19-147)
send room info to Lobby, Name:RoomSvr1 IdleRoomNum:2560 UserNum:0.(1)(2021-06-10_22-26-39-166)
send room info to Lobby, Name:RoomSvr1 IdleRoomNum:2560 UserNum:0.(1)(2021-06-10_22-26-59-202)
send room info to Lobby, Name:RoomSvr1 IdleRoomNum:2560 UserNum:0.(1)(2021-06-10_22-27-19-235)
send room info to Lobby, Name:RoomSvr1 IdleRoomNum:2560 UserNum:0.(1)(2021-06-10_22-27-39-260)
send room info to Lobby, Name:RoomSvr1 IdleRoomNum:2560 UserNum:0.(1)(2021-06-10_22-27-59-273)
send room info to Lobby, Name:RoomSvr1 IdleRoomNum:2560 UserNum:0.(1)(2021-06-10_22-28-19-284)
send room info to Lobby, Name:RoomSvr1 IdleRoomNum:2560 UserNum:0.(1)(2021-06-10_22-28-39-343)
send room info to Lobby, Name:RoomSvr1 IdleRoomNum:2560 UserNum:0.(1)(2021-06-10_22-28-59-370)
send room info to Lobby, Name:RoomSvr1 IdleRoomNum:2560 UserNum:0.(1)(2021-06-10_22-29-19-407)
send room info to Lobby, Name:RoomSvr1 IdleRoomNum:2560 UserNum:0.(1)(2021-06-10_22-29-39-438)
send room info to Lobby, Name:RoomSvr1 IdleRoomNum:2560 UserNum:0.(1)(2021-06-10_22-29-59-466)
send room info to Lobby, Name:RoomSvr1 IdleRoomNum:2560 UserNum:0.(1)(2021-06-10_22-30-19-495)
send room info to Lobby, Name:RoomSvr1 IdleRoomNum:2560 UserNum:0.(1)(2021-06-10_22-30-39-530)
send room info to Lobby, Name:RoomSvr1 IdleRoomNum:2560 UserNum:0.(1)(2021-06-10_22-30-59-578)
send room info to Lobby, Name:RoomSvr1 IdleRoomNum:2560 UserNum:0.(1)(2021-06-10_22-31-19-612)
send room info to Lobby, Name:RoomSvr1 IdleRoomNum:2560 UserNum:0.(1)(2021-06-10_22-31-39-651)
send room info to Lobby, Name:RoomSvr1 IdleRoomNum:2560 UserNum:0.(1)(2021-06-10_22-31-59-696)
send room info to Lobby, Name:RoomSvr1 IdleRoomNum:2560 UserNum:0.(1)(2021-06-10_22-32-19-743)
send room info to Lobby, Name:RoomSvr1 IdleRoomNum:2560 UserNum:0.(1)(2021-06-10_22-32-39-769)
send room info to Lobby, Name:RoomSvr1 IdleRoomNum:2560 UserNum:0.(1)(2021-06-10_22-32-59-800)
send room info to Lobby, Name:RoomSvr1 IdleRoomNum:2560 UserNum:0.(1)(2021-06-10_22-33-19-841)
send room info to Lobby, Name:RoomSvr1 IdleRoomNum:2560 UserNum:0.(1)(2021-06-10_22-33-39-859)
send room info to Lobby, Name:RoomSvr1 IdleRoomNum:2560 UserNum:0.(1)(2021-06-10_22-33-59-891)
send room info to Lobby, Name:RoomSvr1 IdleRoomNum:2560 UserNum:0.(1)(2021-06-10_22-34-19-913)
send room info to Lobby, Name:RoomSvr1 IdleRoomNum:2560 UserNum:0.(1)(2021-06-10_22-34-39-945)
send room info to Lobby, Name:RoomSvr1 IdleRoomNum:2560 UserNum:0.(1)(2021-06-10_22-34-59-994)
send room info to Lobby, Name:RoomSvr1 IdleRoomNum:2560 UserNum:0.(1)(2021-06-10_22-35-20-029)
send room info to Lobby, Name:RoomSvr1 IdleRoomNum:2560 UserNum:0.(1)(2021-06-10_22-35-40-076)
send room info to Lobby, Name:RoomSvr1 IdleRoomNum:2560 UserNum:0.(1)(2021-06-10_22-36-00-130)
send room info to Lobby, Name:RoomSvr1 IdleRoomNum:2560 UserNum:0.(1)(2021-06-10_22-36-20-169)
send room info to Lobby, Name:RoomSvr1 IdleRoomNum:2560 UserNum:0.(1)(2021-06-10_22-36-40-208)
send room info to Lobby, Name:RoomSvr1 IdleRoomNum:2560 UserNum:0.(1)(2021-06-10_22-37-00-249)
send room info to Lobby, Name:RoomSvr1 IdleRoomNum:2560 UserNum:0.(1)(2021-06-10_22-37-20-287)
send room info to Lobby, Name:RoomSvr1 IdleRoomNum:2560 UserNum:0.(1)(2021-06-10_22-37-40-310)
send room info to Lobby, Name:RoomSvr1 IdleRoomNum:2560 UserNum:0.(1)(2021-06-10_22-38-00-345)
send room info to Lobby, Name:RoomSvr1 IdleRoomNum:2560 UserNum:0.(1)(2021-06-10_22-38-20-377)
send room info to Lobby, Name:RoomSvr1 IdleRoomNum:2560 UserNum:0.(1)(2021-06-10_22-38-40-411)
send room info to Lobby, Name:RoomSvr1 IdleRoomNum:2560 UserNum:0.(1)(2021-06-10_22-39-00-438)
send room info to Lobby, Name:RoomSvr1 IdleRoomNum:2560 UserNum:0.(1)(2021-06-10_22-39-20-481)
send room info to Lobby, Name:RoomSvr1 IdleRoomNum:2560 UserNum:0.(1)(2021-06-10_22-39-40-519)
send room info to Lobby, Name:RoomSvr1 IdleRoomNum:2560 UserNum:0.(1)(2021-06-10_22-40-00-559)
send room info to Lobby, Name:RoomSvr1 IdleRoomNum:2560 UserNum:0.(1)(2021-06-10_22-40-20-576)
send room info to Lobby, Name:RoomSvr1 IdleRoomNum:2560 UserNum:0.(1)(2021-06-10_22-40-40-614)
send room info to Lobby, Name:RoomSvr1 IdleRoomNum:2560 UserNum:0.(1)(2021-06-10_22-41-00-655)
send room info to Lobby, Name:RoomSvr1 IdleRoomNum:2560 UserNum:0.(1)(2021-06-10_22-41-20-679)
send room info to Lobby, Name:RoomSvr1 IdleRoomNum:2560 UserNum:0.(1)(2021-06-10_22-41-40-726)
send room info to Lobby, Name:RoomSvr1 IdleRoomNum:2560 UserNum:0.(1)(2021-06-10_22-42-00-766)
send room info to Lobby, Name:RoomSvr1 IdleRoomNum:2560 UserNum:0.(1)(2021-06-10_22-42-20-814)
send room info to Lobby, Name:RoomSvr1 IdleRoomNum:2560 UserNum:0.(1)(2021-06-10_22-42-40-848)
send room info to Lobby, Name:RoomSvr1 IdleRoomNum:2560 UserNum:0.(1)(2021-06-10_22-43-00-893)
send room info to Lobby, Name:RoomSvr1 IdleRoomNum:2560 UserNum:0.(1)(2021-06-10_22-43-20-925)
send room info to Lobby, Name:RoomSvr1 IdleRoomNum:2560 UserNum:0.(1)(2021-06-10_22-43-40-961)
send room info to Lobby, Name:RoomSvr1 IdleRoomNum:2560 UserNum:0.(1)(2021-06-10_22-44-01-008)
send room info to Lobby, Name:RoomSvr1 IdleRoomNum:2560 UserNum:0.(1)(2021-06-10_22-44-21-042)
send room info to Lobby, Name:RoomSvr1 IdleRoomNum:2560 UserNum:0.(1)(2021-06-10_22-44-41-077)
send room info to Lobby, Name:RoomSvr1 IdleRoomNum:2560 UserNum:0.(1)(2021-06-10_22-45-01-105)
send room info to Lobby, Name:RoomSvr1 IdleRoomNum:2560 UserNum:0.(1)(2021-06-10_22-45-21-155)
send room info to Lobby, Name:RoomSvr1 IdleRoomNum:2560 UserNum:0.(1)(2021-06-10_22-45-41-182)
send room info to Lobby, Name:RoomSvr1 IdleRoomNum:2560 UserNum:0.(1)(2021-06-10_22-46-01-210)
send room info to Lobby, Name:RoomSvr1 IdleRoomNum:2560 UserNum:0.(1)(2021-06-10_22-46-21-244)
send room info to Lobby, Name:RoomSvr1 IdleRoomNum:2560 UserNum:0.(1)(2021-06-10_22-46-41-272)
send room info to Lobby, Name:RoomSvr1 IdleRoomNum:2560 UserNum:0.(1)(2021-06-10_22-47-01-302)
send room info to Lobby, Name:RoomSvr1 IdleRoomNum:2560 UserNum:0.(1)(2021-06-10_22-47-21-348)
send room info to Lobby, Name:RoomSvr1 IdleRoomNum:2560 UserNum:0.(1)(2021-06-10_22-47-41-385)
send room info to Lobby, Name:RoomSvr1 IdleRoomNum:2560 UserNum:0.(1)(2021-06-10_22-48-01-409)
send room info to Lobby, Name:RoomSvr1 IdleRoomNum:2560 UserNum:0.(1)(2021-06-10_22-48-21-447)
send room info to Lobby, Name:RoomSvr1 IdleRoomNum:2560 UserNum:0.(1)(2021-06-10_22-48-41-487)
send room info to Lobby, Name:RoomSvr1 IdleRoomNum:2560 UserNum:0.(1)(2021-06-10_22-49-01-530)
send room info to Lobby, Name:RoomSvr1 IdleRoomNum:2560 UserNum:0.(1)(2021-06-10_22-49-21-572)
send room info to Lobby, Name:RoomSvr1 IdleRoomNum:2560 UserNum:0.(1)(2021-06-10_22-49-41-610)
send room info to Lobby, Name:RoomSvr1 IdleRoomNum:2560 UserNum:0.(1)(2021-06-10_22-50-01-632)
send room info to Lobby, Name:RoomSvr1 IdleRoomNum:2560 UserNum:0.(1)(2021-06-10_22-50-21-672)
send room info to Lobby, Name:RoomSvr1 IdleRoomNum:2560 UserNum:0.(1)(2021-06-10_22-50-41-708)
send room info to Lobby, Name:RoomSvr1 IdleRoomNum:2560 UserNum:0.(1)(2021-06-10_22-51-01-753)
send room info to Lobby, Name:RoomSvr1 IdleRoomNum:2560 UserNum:0.(1)(2021-06-10_22-51-21-794)
send room info to Lobby, Name:RoomSvr1 IdleRoomNum:2560 UserNum:0.(1)(2021-06-10_22-51-41-823)
send room info to Lobby, Name:RoomSvr1 IdleRoomNum:2560 UserNum:0.(1)(2021-06-10_22-52-01-852)
send room info to Lobby, Name:RoomSvr1 IdleRoomNum:2560 UserNum:0.(1)(2021-06-10_22-52-21-906)
send room info to Lobby, Name:RoomSvr1 IdleRoomNum:2560 UserNum:0.(1)(2021-06-10_22-52-41-951)
send room info to Lobby, Name:RoomSvr1 IdleRoomNum:2560 UserNum:0.(1)(2021-06-10_22-53-01-965)
send room info to Lobby, Name:RoomSvr1 IdleRoomNum:2560 UserNum:0.(1)(2021-06-10_22-53-22-001)
send room info to Lobby, Name:RoomSvr1 IdleRoomNum:2560 UserNum:0.(1)(2021-06-10_22-53-42-037)
send room info to Lobby, Name:RoomSvr1 IdleRoomNum:2560 UserNum:0.(1)(2021-06-10_22-54-02-078)
send room info to Lobby, Name:RoomSvr1 IdleRoomNum:2560 UserNum:0.(1)(2021-06-10_22-54-22-110)
send room info to Lobby, Name:RoomSvr1 IdleRoomNum:2560 UserNum:0.(1)(2021-06-10_22-54-42-156)
send room info to Lobby, Name:RoomSvr1 IdleRoomNum:2560 UserNum:0.(1)(2021-06-10_22-55-02-201)
send room info to Lobby, Name:RoomSvr1 IdleRoomNum:2560 UserNum:0.(1)(2021-06-10_22-55-22-239)
send room info to Lobby, Name:RoomSvr1 IdleRoomNum:2560 UserNum:0.(1)(2021-06-10_22-55-42-266)
send room info to Lobby, Name:RoomSvr1 IdleRoomNum:2560 UserNum:0.(1)(2021-06-10_22-56-02-307)
send room info to Lobby, Name:RoomSvr1 IdleRoomNum:2560 UserNum:0.(1)(2021-06-10_22-56-22-356)
send room info to Lobby, Name:RoomSvr1 IdleRoomNum:2560 UserNum:0.(1)(2021-06-10_22-56-42-413)
send room info to Lobby, Name:RoomSvr1 IdleRoomNum:2560 UserNum:0.(1)(2021-06-10_22-57-02-454)
send room info to Lobby, Name:RoomSvr1 IdleRoomNum:2560 UserNum:0.(1)(2021-06-10_22-57-22-484)
send room info to Lobby, Name:RoomSvr1 IdleRoomNum:2560 UserNum:0.(1)(2021-06-10_22-57-42-523)
send room info to Lobby, Name:RoomSvr1 IdleRoomNum:2560 UserNum:0.(1)(2021-06-10_22-58-02-541)
send room info to Lobby, Name:RoomSvr1 IdleRoomNum:2560 UserNum:0.(1)(2021-06-10_22-58-22-577)
send room info to Lobby, Name:RoomSvr1 IdleRoomNum:2560 UserNum:0.(1)(2021-06-10_22-58-42-618)
send room info to Lobby, Name:RoomSvr1 IdleRoomNum:2560 UserNum:0.(1)(2021-06-10_22-59-02-652)
send room info to Lobby, Name:RoomSvr1 IdleRoomNum:2560 UserNum:0.(1)(2021-06-10_22-59-22-674)
send room info to Lobby, Name:RoomSvr1 IdleRoomNum:2560 UserNum:0.(1)(2021-06-10_22-59-42-720)
send room info to Lobby, Name:RoomSvr1 IdleRoomNum:2560 UserNum:0.(1)(2021-06-10_23-00-02-766)
send room info to Lobby, Name:RoomSvr1 IdleRoomNum:2560 UserNum:0.(1)(2021-06-10_23-00-22-815)
send room info to Lobby, Name:RoomSvr1 IdleRoomNum:2560 UserNum:0.(1)(2021-06-10_23-00-42-864)
send room info to Lobby, Name:RoomSvr1 IdleRoomNum:2560 UserNum:0.(1)(2021-06-10_23-01-02-903)
send room info to Lobby, Name:RoomSvr1 IdleRoomNum:2560 UserNum:0.(1)(2021-06-10_23-01-22-937)
send room info to Lobby, Name:RoomSvr1 IdleRoomNum:2560 UserNum:0.(1)(2021-06-10_23-01-42-977)
send room info to Lobby, Name:RoomSvr1 IdleRoomNum:2560 UserNum:0.(1)(2021-06-10_23-02-03-008)
send room info to Lobby, Name:RoomSvr1 IdleRoomNum:2560 UserNum:0.(1)(2021-06-10_23-02-23-038)
send room info to Lobby, Name:RoomSvr1 IdleRoomNum:2560 UserNum:0.(1)(2021-06-10_23-02-43-065)
send room info to Lobby, Name:RoomSvr1 IdleRoomNum:2560 UserNum:0.(1)(2021-06-10_23-03-03-084)
send room info to Lobby, Name:RoomSvr1 IdleRoomNum:2560 UserNum:0.(1)(2021-06-10_23-03-23-105)
send room info to Lobby, Name:RoomSvr1 IdleRoomNum:2560 UserNum:0.(1)(2021-06-10_23-03-43-132)
send room info to Lobby, Name:RoomSvr1 IdleRoomNum:2560 UserNum:0.(1)(2021-06-10_23-04-03-173)
send room info to Lobby, Name:RoomSvr1 IdleRoomNum:2560 UserNum:0.(1)(2021-06-10_23-04-23-204)
send room info to Lobby, Name:RoomSvr1 IdleRoomNum:2560 UserNum:0.(1)(2021-06-10_23-04-43-231)
send room info to Lobby, Name:RoomSvr1 IdleRoomNum:2560 UserNum:0.(1)(2021-06-10_23-05-03-271)
send room info to Lobby, Name:RoomSvr1 IdleRoomNum:2560 UserNum:0.(1)(2021-06-10_23-05-23-321)
send room info to Lobby, Name:RoomSvr1 IdleRoomNum:2560 UserNum:0.(1)(2021-06-10_23-05-43-335)
send room info to Lobby, Name:RoomSvr1 IdleRoomNum:2560 UserNum:0.(1)(2021-06-10_23-06-03-379)
send room info to Lobby, Name:RoomSvr1 IdleRoomNum:2560 UserNum:0.(1)(2021-06-10_23-06-23-401)
send room info to Lobby, Name:RoomSvr1 IdleRoomNum:2560 UserNum:0.(1)(2021-06-10_23-06-43-438)
send room info to Lobby, Name:RoomSvr1 IdleRoomNum:2560 UserNum:0.(1)(2021-06-10_23-07-03-472)
send room info to Lobby, Name:RoomSvr1 IdleRoomNum:2560 UserNum:0.(1)(2021-06-10_23-07-23-507)
send room info to Lobby, Name:RoomSvr1 IdleRoomNum:2560 UserNum:0.(1)(2021-06-10_23-07-43-550)
send room info to Lobby, Name:RoomSvr1 IdleRoomNum:2560 UserNum:0.(1)(2021-06-10_23-08-03-584)
send room info to Lobby, Name:RoomSvr1 IdleRoomNum:2560 UserNum:0.(1)(2021-06-10_23-08-23-612)
send room info to Lobby, Name:RoomSvr1 IdleRoomNum:2560 UserNum:0.(1)(2021-06-10_23-08-43-642)
send room info to Lobby, Name:RoomSvr1 IdleRoomNum:2560 UserNum:0.(1)(2021-06-10_23-09-03-668)
send room info to Lobby, Name:RoomSvr1 IdleRoomNum:2560 UserNum:0.(1)(2021-06-10_23-09-23-694)
send room info to Lobby, Name:RoomSvr1 IdleRoomNum:2560 UserNum:0.(1)(2021-06-10_23-09-43-726)
send room info to Lobby, Name:RoomSvr1 IdleRoomNum:2560 UserNum:0.(1)(2021-06-10_23-10-03-764)
send room info to Lobby, Name:RoomSvr1 IdleRoomNum:2560 UserNum:0.(1)(2021-06-10_23-10-23-794)
send room info to Lobby, Name:RoomSvr1 IdleRoomNum:2560 UserNum:0.(1)(2021-06-10_23-10-43-825)
send room info to Lobby, Name:RoomSvr1 IdleRoomNum:2560 UserNum:0.(1)(2021-06-10_23-11-03-864)
send room info to Lobby, Name:RoomSvr1 IdleRoomNum:2560 UserNum:0.(1)(2021-06-10_23-11-23-893)
send room info to Lobby, Name:RoomSvr1 IdleRoomNum:2560 UserNum:0.(1)(2021-06-10_23-11-43-923)
send room info to Lobby, Name:RoomSvr1 IdleRoomNum:2560 UserNum:0.(1)(2021-06-10_23-12-03-946)
send room info to Lobby, Name:RoomSvr1 IdleRoomNum:2560 UserNum:0.(1)(2021-06-10_23-12-23-978)
send room info to Lobby, Name:RoomSvr1 IdleRoomNum:2560 UserNum:0.(1)(2021-06-10_23-12-44-004)
send room info to Lobby, Name:RoomSvr1 IdleRoomNum:2560 UserNum:0.(1)(2021-06-10_23-13-04-046)
send room info to Lobby, Name:RoomSvr1 IdleRoomNum:2560 UserNum:0.(1)(2021-06-10_23-13-24-082)
send room info to Lobby, Name:RoomSvr1 IdleRoomNum:2560 UserNum:0.(1)(2021-06-10_23-13-44-135)
send room info to Lobby, Name:RoomSvr1 IdleRoomNum:2560 UserNum:0.(1)(2021-06-10_23-14-04-153)
send room info to Lobby, Name:RoomSvr1 IdleRoomNum:2560 UserNum:0.(1)(2021-06-10_23-14-24-183)
send room info to Lobby, Name:RoomSvr1 IdleRoomNum:2560 UserNum:0.(1)(2021-06-10_23-14-44-232)
send room info to Lobby, Name:RoomSvr1 IdleRoomNum:2560 UserNum:0.(1)(2021-06-10_23-15-04-259)
send room info to Lobby, Name:RoomSvr1 IdleRoomNum:2560 UserNum:0.(1)(2021-06-10_23-15-24-283)
send room info to Lobby, Name:RoomSvr1 IdleRoomNum:2560 UserNum:0.(1)(2021-06-10_23-15-44-308)
send room info to Lobby, Name:RoomSvr1 IdleRoomNum:2560 UserNum:0.(1)(2021-06-10_23-16-04-342)
send room info to Lobby, Name:RoomSvr1 IdleRoomNum:2560 UserNum:0.(1)(2021-06-10_23-16-24-370)
send room info to Lobby, Name:RoomSvr1 IdleRoomNum:2560 UserNum:0.(1)(2021-06-10_23-16-44-407)
send room info to Lobby, Name:RoomSvr1 IdleRoomNum:2560 UserNum:0.(1)(2021-06-10_23-17-04-433)
send room info to Lobby, Name:RoomSvr1 IdleRoomNum:2560 UserNum:0.(1)(2021-06-10_23-17-24-481)
send room info to Lobby, Name:RoomSvr1 IdleRoomNum:2560 UserNum:0.(1)(2021-06-10_23-17-44-526)
send room info to Lobby, Name:RoomSvr1 IdleRoomNum:2560 UserNum:0.(1)(2021-06-10_23-18-04-559)
send room info to Lobby, Name:RoomSvr1 IdleRoomNum:2560 UserNum:0.(1)(2021-06-10_23-18-24-600)
send room info to Lobby, Name:RoomSvr1 IdleRoomNum:2560 UserNum:0.(1)(2021-06-10_23-18-44-622)
send room info to Lobby, Name:RoomSvr1 IdleRoomNum:2560 UserNum:0.(1)(2021-06-10_23-19-04-658)
send room info to Lobby, Name:RoomSvr1 IdleRoomNum:2560 UserNum:0.(1)(2021-06-10_23-19-24-699)
send room info to Lobby, Name:RoomSvr1 IdleRoomNum:2560 UserNum:0.(1)(2021-06-10_23-19-44-731)
send room info to Lobby, Name:RoomSvr1 IdleRoomNum:2560 UserNum:0.(1)(2021-06-10_23-20-04-769)
send room info to Lobby, Name:RoomSvr1 IdleRoomNum:2560 UserNum:0.(1)(2021-06-10_23-20-24-797)
send room info to Lobby, Name:RoomSvr1 IdleRoomNum:2560 UserNum:0.(1)(2021-06-10_23-20-44-819)
send room info to Lobby, Name:RoomSvr1 IdleRoomNum:2560 UserNum:0.(1)(2021-06-10_23-21-04-843)
send room info to Lobby, Name:RoomSvr1 IdleRoomNum:2560 UserNum:0.(1)(2021-06-10_23-21-24-874)
send room info to Lobby, Name:RoomSvr1 IdleRoomNum:2560 UserNum:0.(1)(2021-06-10_23-21-44-919)
send room info to Lobby, Name:RoomSvr1 IdleRoomNum:2560 UserNum:0.(1)(2021-06-10_23-22-04-944)
send room info to Lobby, Name:RoomSvr1 IdleRoomNum:2560 UserNum:0.(1)(2021-06-10_23-22-24-983)
send room info to Lobby, Name:RoomSvr1 IdleRoomNum:2560 UserNum:0.(1)(2021-06-10_23-22-45-007)
send room info to Lobby, Name:RoomSvr1 IdleRoomNum:2560 UserNum:0.(1)(2021-06-10_23-23-05-058)
send room info to Lobby, Name:RoomSvr1 IdleRoomNum:2560 UserNum:0.(1)(2021-06-10_23-23-25-087)
send room info to Lobby, Name:RoomSvr1 IdleRoomNum:2560 UserNum:0.(1)(2021-06-10_23-23-45-103)
send room info to Lobby, Name:RoomSvr1 IdleRoomNum:2560 UserNum:0.(1)(2021-06-10_23-24-05-136)
send room info to Lobby, Name:RoomSvr1 IdleRoomNum:2560 UserNum:0.(1)(2021-06-10_23-24-25-168)
send room info to Lobby, Name:RoomSvr1 IdleRoomNum:2560 UserNum:0.(1)(2021-06-10_23-24-45-199)
send room info to Lobby, Name:RoomSvr1 IdleRoomNum:2560 UserNum:0.(1)(2021-06-10_23-25-05-227)
send room info to Lobby, Name:RoomSvr1 IdleRoomNum:2560 UserNum:0.(1)(2021-06-10_23-25-25-279)
send room info to Lobby, Name:RoomSvr1 IdleRoomNum:2560 UserNum:0.(1)(2021-06-10_23-25-45-322)
send room info to Lobby, Name:RoomSvr1 IdleRoomNum:2560 UserNum:0.(1)(2021-06-10_23-26-05-356)
send room info to Lobby, Name:RoomSvr1 IdleRoomNum:2560 UserNum:0.(1)(2021-06-10_23-26-25-389)
send room info to Lobby, Name:RoomSvr1 IdleRoomNum:2560 UserNum:0.(1)(2021-06-10_23-26-45-427)
send room info to Lobby, Name:RoomSvr1 IdleRoomNum:2560 UserNum:0.(1)(2021-06-10_23-27-05-466)
send room info to Lobby, Name:RoomSvr1 IdleRoomNum:2560 UserNum:0.(1)(2021-06-10_23-27-25-500)
send room info to Lobby, Name:RoomSvr1 IdleRoomNum:2560 UserNum:0.(1)(2021-06-10_23-27-45-542)
send room info to Lobby, Name:RoomSvr1 IdleRoomNum:2560 UserNum:0.(1)(2021-06-10_23-28-05-579)
send room info to Lobby, Name:RoomSvr1 IdleRoomNum:2560 UserNum:0.(1)(2021-06-10_23-28-25-616)
send room info to Lobby, Name:RoomSvr1 IdleRoomNum:2560 UserNum:0.(1)(2021-06-10_23-28-45-634)
send room info to Lobby, Name:RoomSvr1 IdleRoomNum:2560 UserNum:0.(1)(2021-06-10_23-29-05-662)
send room info to Lobby, Name:RoomSvr1 IdleRoomNum:2560 UserNum:0.(1)(2021-06-10_23-29-25-691)
send room info to Lobby, Name:RoomSvr1 IdleRoomNum:2560 UserNum:0.(1)(2021-06-10_23-29-45-725)
send room info to Lobby, Name:RoomSvr1 IdleRoomNum:2560 UserNum:0.(1)(2021-06-10_23-30-05-767)
send room info to Lobby, Name:RoomSvr1 IdleRoomNum:2560 UserNum:0.(1)(2021-06-10_23-30-25-796)
send room info to Lobby, Name:RoomSvr1 IdleRoomNum:2560 UserNum:0.(1)(2021-06-10_23-30-45-820)
send room info to Lobby, Name:RoomSvr1 IdleRoomNum:2560 UserNum:0.(1)(2021-06-10_23-31-05-854)
send room info to Lobby, Name:RoomSvr1 IdleRoomNum:2560 UserNum:0.(1)(2021-06-10_23-31-25-882)
send room info to Lobby, Name:RoomSvr1 IdleRoomNum:2560 UserNum:0.(1)(2021-06-10_23-31-45-911)
send room info to Lobby, Name:RoomSvr1 IdleRoomNum:2560 UserNum:0.(1)(2021-06-10_23-32-05-936)
send room info to Lobby, Name:RoomSvr1 IdleRoomNum:2560 UserNum:0.(1)(2021-06-10_23-32-25-964)
send room info to Lobby, Name:RoomSvr1 IdleRoomNum:2560 UserNum:0.(1)(2021-06-10_23-32-46-007)
send room info to Lobby, Name:RoomSvr1 IdleRoomNum:2560 UserNum:0.(1)(2021-06-10_23-33-06-045)
send room info to Lobby, Name:RoomSvr1 IdleRoomNum:2560 UserNum:0.(1)(2021-06-10_23-33-26-092)
send room info to Lobby, Name:RoomSvr1 IdleRoomNum:2560 UserNum:0.(1)(2021-06-10_23-33-46-139)
send room info to Lobby, Name:RoomSvr1 IdleRoomNum:2560 UserNum:0.(1)(2021-06-10_23-34-06-173)
send room info to Lobby, Name:RoomSvr1 IdleRoomNum:2560 UserNum:0.(1)(2021-06-10_23-34-26-211)
send room info to Lobby, Name:RoomSvr1 IdleRoomNum:2560 UserNum:0.(1)(2021-06-10_23-34-46-234)
send room info to Lobby, Name:RoomSvr1 IdleRoomNum:2560 UserNum:0.(1)(2021-06-10_23-35-06-262)
send room info to Lobby, Name:RoomSvr1 IdleRoomNum:2560 UserNum:0.(1)(2021-06-10_23-35-26-295)
send room info to Lobby, Name:RoomSvr1 IdleRoomNum:2560 UserNum:0.(1)(2021-06-10_23-35-46-350)
send room info to Lobby, Name:RoomSvr1 IdleRoomNum:2560 UserNum:0.(1)(2021-06-10_23-36-06-391)
send room info to Lobby, Name:RoomSvr1 IdleRoomNum:2560 UserNum:0.(1)(2021-06-10_23-36-26-430)
send room info to Lobby, Name:RoomSvr1 IdleRoomNum:2560 UserNum:0.(1)(2021-06-10_23-36-46-465)
send room info to Lobby, Name:RoomSvr1 IdleRoomNum:2560 UserNum:0.(1)(2021-06-10_23-37-06-505)
send room info to Lobby, Name:RoomSvr1 IdleRoomNum:2560 UserNum:0.(1)(2021-06-10_23-37-26-547)
send room info to Lobby, Name:RoomSvr1 IdleRoomNum:2560 UserNum:0.(1)(2021-06-10_23-37-46-576)
send room info to Lobby, Name:RoomSvr1 IdleRoomNum:2560 UserNum:0.(1)(2021-06-10_23-38-06-621)
send room info to Lobby, Name:RoomSvr1 IdleRoomNum:2560 UserNum:0.(1)(2021-06-10_23-38-26-660)
send room info to Lobby, Name:RoomSvr1 IdleRoomNum:2560 UserNum:0.(1)(2021-06-10_23-38-46-682)
send room info to Lobby, Name:RoomSvr1 IdleRoomNum:2560 UserNum:0.(1)(2021-06-10_23-39-06-723)
send room info to Lobby, Name:RoomSvr1 IdleRoomNum:2560 UserNum:0.(1)(2021-06-10_23-39-26-752)
send room info to Lobby, Name:RoomSvr1 IdleRoomNum:2560 UserNum:0.(1)(2021-06-10_23-39-46-784)
send room info to Lobby, Name:RoomSvr1 IdleRoomNum:2560 UserNum:0.(1)(2021-06-10_23-40-06-810)
send room info to Lobby, Name:RoomSvr1 IdleRoomNum:2560 UserNum:0.(1)(2021-06-10_23-40-26-846)
send room info to Lobby, Name:RoomSvr1 IdleRoomNum:2560 UserNum:0.(1)(2021-06-10_23-40-46-866)
send room info to Lobby, Name:RoomSvr1 IdleRoomNum:2560 UserNum:0.(1)(2021-06-10_23-41-06-895)
send room info to Lobby, Name:RoomSvr1 IdleRoomNum:2560 UserNum:0.(1)(2021-06-10_23-41-26-931)
send room info to Lobby, Name:RoomSvr1 IdleRoomNum:2560 UserNum:0.(1)(2021-06-10_23-41-46-959)
send room info to Lobby, Name:RoomSvr1 IdleRoomNum:2560 UserNum:0.(1)(2021-06-10_23-42-06-992)
send room info to Lobby, Name:RoomSvr1 IdleRoomNum:2560 UserNum:0.(1)(2021-06-10_23-42-27-026)
send room info to Lobby, Name:RoomSvr1 IdleRoomNum:2560 UserNum:0.(1)(2021-06-10_23-42-47-057)
send room info to Lobby, Name:RoomSvr1 IdleRoomNum:2560 UserNum:0.(1)(2021-06-10_23-43-07-079)
send room info to Lobby, Name:RoomSvr1 IdleRoomNum:2560 UserNum:0.(1)(2021-06-10_23-43-27-091)
send room info to Lobby, Name:RoomSvr1 IdleRoomNum:2560 UserNum:0.(1)(2021-06-10_23-43-47-132)
send room info to Lobby, Name:RoomSvr1 IdleRoomNum:2560 UserNum:0.(1)(2021-06-10_23-44-07-177)
send room info to Lobby, Name:RoomSvr1 IdleRoomNum:2560 UserNum:0.(1)(2021-06-10_23-44-27-200)
send room info to Lobby, Name:RoomSvr1 IdleRoomNum:2560 UserNum:0.(1)(2021-06-10_23-44-47-228)
send room info to Lobby, Name:RoomSvr1 IdleRoomNum:2560 UserNum:0.(1)(2021-06-10_23-45-07-257)
send room info to Lobby, Name:RoomSvr1 IdleRoomNum:2560 UserNum:0.(1)(2021-06-10_23-45-27-298)
send room info to Lobby, Name:RoomSvr1 IdleRoomNum:2560 UserNum:0.(1)(2021-06-10_23-45-47-322)
send room info to Lobby, Name:RoomSvr1 IdleRoomNum:2560 UserNum:0.(1)(2021-06-10_23-46-07-354)
send room info to Lobby, Name:RoomSvr1 IdleRoomNum:2560 UserNum:0.(1)(2021-06-10_23-46-27-382)
send room info to Lobby, Name:RoomSvr1 IdleRoomNum:2560 UserNum:0.(1)(2021-06-10_23-46-47-396)
send room info to Lobby, Name:RoomSvr1 IdleRoomNum:2560 UserNum:0.(1)(2021-06-10_23-47-07-427)
send room info to Lobby, Name:RoomSvr1 IdleRoomNum:2560 UserNum:0.(1)(2021-06-10_23-47-27-455)
send room info to Lobby, Name:RoomSvr1 IdleRoomNum:2560 UserNum:0.(1)(2021-06-10_23-47-47-477)
send room info to Lobby, Name:RoomSvr1 IdleRoomNum:2560 UserNum:0.(1)(2021-06-10_23-48-07-486)
send room info to Lobby, Name:RoomSvr1 IdleRoomNum:2560 UserNum:0.(1)(2021-06-10_23-48-27-516)
send room info to Lobby, Name:RoomSvr1 IdleRoomNum:2560 UserNum:0.(1)(2021-06-10_23-48-47-534)
send room info to Lobby, Name:RoomSvr1 IdleRoomNum:2560 UserNum:0.(1)(2021-06-10_23-49-07-549)
send room info to Lobby, Name:RoomSvr1 IdleRoomNum:2560 UserNum:0.(1)(2021-06-10_23-49-27-571)
send room info to Lobby, Name:RoomSvr1 IdleRoomNum:2560 UserNum:0.(1)(2021-06-10_23-49-47-609)
send room info to Lobby, Name:RoomSvr1 IdleRoomNum:2560 UserNum:0.(1)(2021-06-10_23-50-07-638)
send room info to Lobby, Name:RoomSvr1 IdleRoomNum:2560 UserNum:0.(1)(2021-06-10_23-50-27-669)
send room info to Lobby, Name:RoomSvr1 IdleRoomNum:2560 UserNum:0.(1)(2021-06-10_23-50-47-694)
send room info to Lobby, Name:RoomSvr1 IdleRoomNum:2560 UserNum:0.(1)(2021-06-10_23-51-07-710)
send room info to Lobby, Name:RoomSvr1 IdleRoomNum:2560 UserNum:0.(1)(2021-06-10_23-51-27-745)
send room info to Lobby, Name:RoomSvr1 IdleRoomNum:2560 UserNum:0.(1)(2021-06-10_23-51-47-780)
send room info to Lobby, Name:RoomSvr1 IdleRoomNum:2560 UserNum:0.(1)(2021-06-10_23-52-07-803)
send room info to Lobby, Name:RoomSvr1 IdleRoomNum:2560 UserNum:0.(1)(2021-06-10_23-52-27-824)
send room info to Lobby, Name:RoomSvr1 IdleRoomNum:2560 UserNum:0.(1)(2021-06-10_23-52-47-854)
send room info to Lobby, Name:RoomSvr1 IdleRoomNum:2560 UserNum:0.(1)(2021-06-10_23-53-07-894)
send room info to Lobby, Name:RoomSvr1 IdleRoomNum:2560 UserNum:0.(1)(2021-06-10_23-53-27-919)
send room info to Lobby, Name:RoomSvr1 IdleRoomNum:2560 UserNum:0.(1)(2021-06-10_23-53-47-948)
send room info to Lobby, Name:RoomSvr1 IdleRoomNum:2560 UserNum:0.(1)(2021-06-10_23-54-07-977)
send room info to Lobby, Name:RoomSvr1 IdleRoomNum:2560 UserNum:0.(1)(2021-06-10_23-54-28-019)
send room info to Lobby, Name:RoomSvr1 IdleRoomNum:2560 UserNum:0.(1)(2021-06-10_23-54-48-055)
send room info to Lobby, Name:RoomSvr1 IdleRoomNum:2560 UserNum:0.(1)(2021-06-10_23-55-08-091)
send room info to Lobby, Name:RoomSvr1 IdleRoomNum:2560 UserNum:0.(1)(2021-06-10_23-55-28-124)
send room info to Lobby, Name:RoomSvr1 IdleRoomNum:2560 UserNum:0.(1)(2021-06-10_23-55-48-154)
send room info to Lobby, Name:RoomSvr1 IdleRoomNum:2560 UserNum:0.(1)(2021-06-10_23-56-08-181)
send room info to Lobby, Name:RoomSvr1 IdleRoomNum:2560 UserNum:0.(1)(2021-06-10_23-56-28-201)
send room info to Lobby, Name:RoomSvr1 IdleRoomNum:2560 UserNum:0.(1)(2021-06-10_23-56-48-229)
send room info to Lobby, Name:RoomSvr1 IdleRoomNum:2560 UserNum:0.(1)(2021-06-10_23-57-08-259)
send room info to Lobby, Name:RoomSvr1 IdleRoomNum:2560 UserNum:0.(1)(2021-06-10_23-57-28-282)
send room info to Lobby, Name:RoomSvr1 IdleRoomNum:2560 UserNum:0.(1)(2021-06-10_23-57-48-330)
send room info to Lobby, Name:RoomSvr1 IdleRoomNum:2560 UserNum:0.(1)(2021-06-10_23-58-08-358)
send room info to Lobby, Name:RoomSvr1 IdleRoomNum:2560 UserNum:0.(1)(2021-06-10_23-58-28-400)
send room info to Lobby, Name:RoomSvr1 IdleRoomNum:2560 UserNum:0.(1)(2021-06-10_23-58-48-422)
send room info to Lobby, Name:RoomSvr1 IdleRoomNum:2560 UserNum:0.(1)(2021-06-10_23-59-08-447)
