Init Succ!(1)(2021-05-13_23-16-57-639)
RegisterRoomServer,name:RoomSvr1,ip:127.0.0.1,port:9528,max room num:2560(14)(2021-05-13_23-17-02-850)
RegisterNodeJs,name:NodeJs1(14)(2021-05-13_23-17-05-611)
UpdateRoomServerInfo,name:RoomSvr1,idle room num:2560,cur user num:0(14)(2021-05-13_23-17-17-693)
DoUserLogin,guid:1,nick:温柔的正太,key:188061104,acc:509832077(7)(2021-05-13_23-17-18-423)
UpdateRoomServerInfo,name:RoomSvr1,idle room num:2560,cur user num:0(14)(2021-05-13_23-17-37-723)
UpdateRoomServerInfo,name:RoomSvr1,idle room num:2560,cur user num:0(14)(2021-05-13_23-17-57-765)
UpdateRoomServerInfo,name:RoomSvr1,idle room num:2560,cur user num:0(14)(2021-05-13_23-18-17-804)
UpdateRoomServerInfo,name:RoomSvr1,idle room num:2560,cur user num:0(14)(2021-05-13_23-18-37-807)
UpdateRoomServerInfo,name:RoomSvr1,idle room num:2560,cur user num:0(14)(2021-05-13_23-18-58-057)
UpdateRoomServerInfo,name:RoomSvr1,idle room num:2560,cur user num:0(14)(2021-05-13_23-19-17-876)
UpdateRoomServerInfo,name:RoomSvr1,idle room num:2560,cur user num:0(14)(2021-05-13_23-19-37-909)
UpdateRoomServerInfo,name:RoomSvr1,idle room num:2560,cur user num:0(14)(2021-05-13_23-19-57-928)
UpdateRoomServerInfo,name:RoomSvr1,idle room num:2560,cur user num:0(14)(2021-05-13_23-20-17-959)
UpdateRoomServerInfo,name:RoomSvr1,idle room num:2560,cur user num:0(14)(2021-05-13_23-20-37-994)
UpdateRoomServerInfo,name:RoomSvr1,idle room num:2560,cur user num:0(14)(2021-05-13_23-20-58-023)
UpdateRoomServerInfo,name:RoomSvr1,idle room num:2560,cur user num:0(14)(2021-05-13_23-21-18-048)
UpdateRoomServerInfo,name:RoomSvr1,idle room num:2560,cur user num:0(14)(2021-05-13_23-21-38-086)
UpdateRoomServerInfo,name:RoomSvr1,idle room num:2560,cur user num:0(14)(2021-05-13_23-21-58-099)
UpdateRoomServerInfo,name:RoomSvr1,idle room num:2560,cur user num:0(14)(2021-05-13_23-22-18-136)
UpdateRoomServerInfo,name:RoomSvr1,idle room num:2560,cur user num:0(14)(2021-05-13_23-22-38-158)
UpdateRoomServerInfo,name:RoomSvr1,idle room num:2560,cur user num:0(14)(2021-05-13_23-22-58-184)
UpdateRoomServerInfo,name:RoomSvr1,idle room num:2560,cur user num:0(14)(2021-05-13_23-23-18-212)
UpdateRoomServerInfo,name:RoomSvr1,idle room num:2560,cur user num:0(14)(2021-05-13_23-23-38-247)
UpdateRoomServerInfo,name:RoomSvr1,idle room num:2560,cur user num:0(14)(2021-05-13_23-23-58-273)
UpdateRoomServerInfo,name:RoomSvr1,idle room num:2560,cur user num:0(14)(2021-05-13_23-24-18-296)
UpdateRoomServerInfo,name:RoomSvr1,idle room num:2560,cur user num:0(14)(2021-05-13_23-24-38-328)
UpdateRoomServerInfo,name:RoomSvr1,idle room num:2560,cur user num:0(14)(2021-05-13_23-24-58-358)
UpdateRoomServerInfo,name:RoomSvr1,idle room num:2560,cur user num:0(14)(2021-05-13_23-25-18-383)
UpdateRoomServerInfo,name:RoomSvr1,idle room num:2560,cur user num:0(14)(2021-05-13_23-25-38-407)
UpdateRoomServerInfo,name:RoomSvr1,idle room num:2560,cur user num:0(14)(2021-05-13_23-25-58-450)
UpdateRoomServerInfo,name:RoomSvr1,idle room num:2560,cur user num:0(14)(2021-05-13_23-26-18-477)
UpdateRoomServerInfo,name:RoomSvr1,idle room num:2560,cur user num:0(14)(2021-05-13_23-26-38-511)
UpdateRoomServerInfo,name:RoomSvr1,idle room num:2560,cur user num:0(14)(2021-05-13_23-26-58-541)
UpdateRoomServerInfo,name:RoomSvr1,idle room num:2560,cur user num:0(14)(2021-05-13_23-27-18-572)
UpdateRoomServerInfo,name:RoomSvr1,idle room num:2560,cur user num:0(14)(2021-05-13_23-27-38-604)
UpdateRoomServerInfo,name:RoomSvr1,idle room num:2560,cur user num:0(14)(2021-05-13_23-27-58-636)
UpdateRoomServerInfo,name:RoomSvr1,idle room num:2560,cur user num:0(14)(2021-05-13_23-28-18-673)
UpdateRoomServerInfo,name:RoomSvr1,idle room num:2560,cur user num:0(14)(2021-05-13_23-28-38-686)
UpdateRoomServerInfo,name:RoomSvr1,idle room num:2560,cur user num:0(14)(2021-05-13_23-28-58-714)
UpdateRoomServerInfo,name:RoomSvr1,idle room num:2560,cur user num:0(14)(2021-05-13_23-29-18-740)
UpdateRoomServerInfo,name:RoomSvr1,idle room num:2560,cur user num:0(14)(2021-05-13_23-29-38-777)
UpdateRoomServerInfo,name:RoomSvr1,idle room num:2560,cur user num:0(14)(2021-05-13_23-29-58-782)
UpdateRoomServerInfo,name:RoomSvr1,idle room num:2560,cur user num:0(14)(2021-05-13_23-30-18-826)
UpdateRoomServerInfo,name:RoomSvr1,idle room num:2560,cur user num:0(14)(2021-05-13_23-30-38-849)
DoUserLogin,guid:1,nick:温柔的正太,key:61438597,acc:509832077(3)(2021-05-13_23-30-50-444)
UpdateRoomServerInfo,name:RoomSvr1,idle room num:2560,cur user num:0(14)(2021-05-13_23-30-58-873)
UpdateRoomServerInfo,name:RoomSvr1,idle room num:2560,cur user num:0(14)(2021-05-13_23-31-18-920)
UpdateRoomServerInfo,name:RoomSvr1,idle room num:2560,cur user num:0(14)(2021-05-13_23-31-38-951)
UpdateRoomServerInfo,name:RoomSvr1,idle room num:2560,cur user num:0(14)(2021-05-13_23-31-58-959)
UpdateRoomServerInfo,name:RoomSvr1,idle room num:2560,cur user num:0(14)(2021-05-13_23-32-19-005)
UpdateRoomServerInfo,name:RoomSvr1,idle room num:2560,cur user num:0(14)(2021-05-13_23-32-39-028)
UpdateRoomServerInfo,name:RoomSvr1,idle room num:2560,cur user num:0(14)(2021-05-13_23-32-59-039)
UpdateRoomServerInfo,name:RoomSvr1,idle room num:2560,cur user num:0(14)(2021-05-13_23-33-19-074)
UpdateRoomServerInfo,name:RoomSvr1,idle room num:2560,cur user num:0(14)(2021-05-13_23-33-39-115)
UpdateRoomServerInfo,name:RoomSvr1,idle room num:2560,cur user num:0(14)(2021-05-13_23-33-59-150)
UpdateRoomServerInfo,name:RoomSvr1,idle room num:2560,cur user num:0(14)(2021-05-13_23-34-19-177)
UpdateRoomServerInfo,name:RoomSvr1,idle room num:2560,cur user num:0(14)(2021-05-13_23-34-39-201)
UpdateRoomServerInfo,name:RoomSvr1,idle room num:2560,cur user num:0(14)(2021-05-13_23-34-59-227)
UpdateRoomServerInfo,name:RoomSvr1,idle room num:2560,cur user num:0(14)(2021-05-13_23-35-19-266)
UpdateRoomServerInfo,name:RoomSvr1,idle room num:2560,cur user num:0(14)(2021-05-13_23-35-39-315)
UpdateRoomServerInfo,name:RoomSvr1,idle room num:2560,cur user num:0(14)(2021-05-13_23-35-59-318)
UpdateRoomServerInfo,name:RoomSvr1,idle room num:2560,cur user num:0(14)(2021-05-13_23-36-19-364)
UpdateRoomServerInfo,name:RoomSvr1,idle room num:2560,cur user num:0(14)(2021-05-13_23-36-39-385)
UpdateRoomServerInfo,name:RoomSvr1,idle room num:2560,cur user num:0(14)(2021-05-13_23-36-59-385)
UpdateRoomServerInfo,name:RoomSvr1,idle room num:2560,cur user num:0(14)(2021-05-13_23-37-19-422)
UpdateRoomServerInfo,name:RoomSvr1,idle room num:2560,cur user num:0(14)(2021-05-13_23-37-39-433)
UpdateRoomServerInfo,name:RoomSvr1,idle room num:2560,cur user num:0(14)(2021-05-13_23-37-59-459)
UpdateRoomServerInfo,name:RoomSvr1,idle room num:2560,cur user num:0(14)(2021-05-13_23-38-19-495)
UpdateRoomServerInfo,name:RoomSvr1,idle room num:2560,cur user num:0(14)(2021-05-13_23-38-39-531)
UpdateRoomServerInfo,name:RoomSvr1,idle room num:2560,cur user num:0(14)(2021-05-13_23-38-59-565)
UpdateRoomServerInfo,name:RoomSvr1,idle room num:2560,cur user num:0(14)(2021-05-13_23-39-19-586)
UpdateRoomServerInfo,name:RoomSvr1,idle room num:2560,cur user num:0(14)(2021-05-13_23-39-39-610)
UpdateRoomServerInfo,name:RoomSvr1,idle room num:2560,cur user num:0(14)(2021-05-13_23-39-59-651)
UpdateRoomServerInfo,name:RoomSvr1,idle room num:2560,cur user num:0(14)(2021-05-13_23-40-19-687)
UpdateRoomServerInfo,name:RoomSvr1,idle room num:2560,cur user num:0(14)(2021-05-13_23-40-39-725)
UpdateRoomServerInfo,name:RoomSvr1,idle room num:2560,cur user num:0(14)(2021-05-13_23-40-59-739)
UpdateRoomServerInfo,name:RoomSvr1,idle room num:2560,cur user num:0(14)(2021-05-13_23-41-19-780)
UpdateRoomServerInfo,name:RoomSvr1,idle room num:2560,cur user num:0(14)(2021-05-13_23-41-39-802)
UpdateRoomServerInfo,name:RoomSvr1,idle room num:2560,cur user num:0(14)(2021-05-13_23-41-59-840)
UpdateRoomServerInfo,name:RoomSvr1,idle room num:2560,cur user num:0(14)(2021-05-13_23-42-19-876)
UpdateRoomServerInfo,name:RoomSvr1,idle room num:2560,cur user num:0(14)(2021-05-13_23-42-39-907)
UpdateRoomServerInfo,name:RoomSvr1,idle room num:2560,cur user num:0(14)(2021-05-13_23-42-59-933)
UpdateRoomServerInfo,name:RoomSvr1,idle room num:2560,cur user num:0(14)(2021-05-13_23-43-19-969)
UpdateRoomServerInfo,name:RoomSvr1,idle room num:2560,cur user num:0(14)(2021-05-13_23-43-39-995)
UpdateRoomServerInfo,name:RoomSvr1,idle room num:2560,cur user num:0(14)(2021-05-13_23-44-00-020)
UpdateRoomServerInfo,name:RoomSvr1,idle room num:2560,cur user num:0(14)(2021-05-13_23-44-20-053)
UpdateRoomServerInfo,name:RoomSvr1,idle room num:2560,cur user num:0(14)(2021-05-13_23-44-40-098)
UpdateRoomServerInfo,name:RoomSvr1,idle room num:2560,cur user num:0(14)(2021-05-13_23-45-00-109)
UpdateRoomServerInfo,name:RoomSvr1,idle room num:2560,cur user num:0(14)(2021-05-13_23-45-20-141)
UpdateRoomServerInfo,name:RoomSvr1,idle room num:2560,cur user num:0(14)(2021-05-13_23-45-40-163)
UpdateRoomServerInfo,name:RoomSvr1,idle room num:2560,cur user num:0(14)(2021-05-13_23-46-00-199)
UpdateRoomServerInfo,name:RoomSvr1,idle room num:2560,cur user num:0(14)(2021-05-13_23-46-20-233)
UpdateRoomServerInfo,name:RoomSvr1,idle room num:2560,cur user num:0(14)(2021-05-13_23-46-40-252)
UpdateRoomServerInfo,name:RoomSvr1,idle room num:2560,cur user num:0(14)(2021-05-13_23-47-00-294)
UpdateRoomServerInfo,name:RoomSvr1,idle room num:2560,cur user num:0(14)(2021-05-13_23-47-20-321)
UpdateRoomServerInfo,name:RoomSvr1,idle room num:2560,cur user num:0(14)(2021-05-13_23-47-40-345)
UpdateRoomServerInfo,name:RoomSvr1,idle room num:2560,cur user num:0(14)(2021-05-13_23-48-00-383)
UpdateRoomServerInfo,name:RoomSvr1,idle room num:2560,cur user num:0(14)(2021-05-13_23-48-20-399)
UpdateRoomServerInfo,name:RoomSvr1,idle room num:2560,cur user num:0(14)(2021-05-13_23-48-40-415)
UpdateRoomServerInfo,name:RoomSvr1,idle room num:2560,cur user num:0(14)(2021-05-13_23-49-00-450)
UpdateRoomServerInfo,name:RoomSvr1,idle room num:2560,cur user num:0(14)(2021-05-13_23-49-20-480)
UpdateRoomServerInfo,name:RoomSvr1,idle room num:2560,cur user num:0(14)(2021-05-13_23-49-40-522)
UpdateRoomServerInfo,name:RoomSvr1,idle room num:2560,cur user num:0(14)(2021-05-13_23-50-00-532)
UpdateRoomServerInfo,name:RoomSvr1,idle room num:2560,cur user num:0(14)(2021-05-13_23-50-20-572)
UpdateRoomServerInfo,name:RoomSvr1,idle room num:2560,cur user num:0(14)(2021-05-13_23-50-40-588)
UpdateRoomServerInfo,name:RoomSvr1,idle room num:2560,cur user num:0(14)(2021-05-13_23-51-00-625)
UpdateRoomServerInfo,name:RoomSvr1,idle room num:2560,cur user num:0(14)(2021-05-13_23-51-20-656)
UpdateRoomServerInfo,name:RoomSvr1,idle room num:2560,cur user num:0(14)(2021-05-13_23-51-40-673)
UpdateRoomServerInfo,name:RoomSvr1,idle room num:2560,cur user num:0(14)(2021-05-13_23-52-00-712)
UpdateRoomServerInfo,name:RoomSvr1,idle room num:2560,cur user num:0(14)(2021-05-13_23-52-20-744)
UpdateRoomServerInfo,name:RoomSvr1,idle room num:2560,cur user num:0(14)(2021-05-13_23-52-40-767)
UpdateRoomServerInfo,name:RoomSvr1,idle room num:2560,cur user num:0(14)(2021-05-13_23-53-00-813)
UpdateRoomServerInfo,name:RoomSvr1,idle room num:2560,cur user num:0(14)(2021-05-13_23-53-20-823)
UpdateRoomServerInfo,name:RoomSvr1,idle room num:2560,cur user num:0(14)(2021-05-13_23-53-40-875)
UpdateRoomServerInfo,name:RoomSvr1,idle room num:2560,cur user num:0(14)(2021-05-13_23-54-00-893)
UpdateRoomServerInfo,name:RoomSvr1,idle room num:2560,cur user num:0(14)(2021-05-13_23-54-20-919)
UpdateRoomServerInfo,name:RoomSvr1,idle room num:2560,cur user num:0(14)(2021-05-13_23-54-40-940)
UpdateRoomServerInfo,name:RoomSvr1,idle room num:2560,cur user num:0(14)(2021-05-13_23-55-00-968)
UpdateRoomServerInfo,name:RoomSvr1,idle room num:2560,cur user num:0(14)(2021-05-13_23-55-20-997)
UpdateRoomServerInfo,name:RoomSvr1,idle room num:2560,cur user num:0(14)(2021-05-13_23-55-41-012)
