Init Succ!(1)(2017-08-12_12-36-57-037)
room server init ip: 127.0.0.1  port: 9528(1)(2017-08-12_12-36-58-086)
Serialize init OK.(1)(2017-08-12_12-36-58-120)
thread 1 init ok.(1)(2017-08-12_12-36-58-909)
thread 2 init ok.(1)(2017-08-12_12-36-58-912)
thread 3 init ok.(1)(2017-08-12_12-36-58-912)
thread 4 init ok.(1)(2017-08-12_12-36-58-913)
thread 5 init ok.(1)(2017-08-12_12-36-58-913)
thread 6 init ok.(1)(2017-08-12_12-36-58-917)
thread 7 init ok.(1)(2017-08-12_12-36-58-923)
thread 8 init ok.(1)(2017-08-12_12-36-58-923)
thread 9 init ok.(1)(2017-08-12_12-36-58-924)
thread 10 init ok.(1)(2017-08-12_12-36-58-925)
thread 11 init ok.(1)(2017-08-12_12-36-58-928)
thread 12 init ok.(1)(2017-08-12_12-36-58-929)
thread 13 init ok.(1)(2017-08-12_12-36-58-930)
thread 14 init ok.(1)(2017-08-12_12-36-58-931)
thread 15 init ok.(1)(2017-08-12_12-36-58-932)
thread 16 init ok.(1)(2017-08-12_12-36-58-937)
thread 17 init ok.(1)(2017-08-12_12-36-58-964)
thread 18 init ok.(1)(2017-08-12_12-36-58-966)
thread 19 init ok.(1)(2017-08-12_12-36-58-966)
thread 20 init ok.(1)(2017-08-12_12-36-58-967)
thread 21 init ok.(1)(2017-08-12_12-36-58-970)
thread 22 init ok.(1)(2017-08-12_12-36-58-970)
thread 23 init ok.(1)(2017-08-12_12-36-58-971)
thread 24 init ok.(1)(2017-08-12_12-36-58-971)
thread 25 init ok.(1)(2017-08-12_12-36-58-971)
thread 26 init ok.(1)(2017-08-12_12-36-58-975)
thread 27 init ok.(1)(2017-08-12_12-36-58-975)
thread 28 init ok.(1)(2017-08-12_12-36-58-976)
thread 29 init ok.(1)(2017-08-12_12-36-58-976)
thread 30 init ok.(1)(2017-08-12_12-36-58-977)
thread 31 init ok.(1)(2017-08-12_12-36-58-982)
thread 32 init ok.(1)(2017-08-12_12-36-58-983)
thread 33 init ok.(1)(2017-08-12_12-36-58-983)
thread 34 init ok.(1)(2017-08-12_12-36-58-984)
thread 35 init ok.(1)(2017-08-12_12-36-58-985)
thread 36 init ok.(1)(2017-08-12_12-36-58-985)
thread 37 init ok.(1)(2017-08-12_12-36-58-988)
thread 38 init ok.(1)(2017-08-12_12-36-58-989)
thread 39 init ok.(1)(2017-08-12_12-36-58-989)
thread 40 init ok.(1)(2017-08-12_12-36-58-991)
Enable NetIncomingMessageType.ErrorMessage(1)(2017-08-12_12-36-59-006)
Enable NetIncomingMessageType.WarningMessage(1)(2017-08-12_12-36-59-007)
thread 1 start.(5)(2017-08-12_12-36-59-122)
thread 2 start.(6)(2017-08-12_12-36-59-122)
thread 3 start.(7)(2017-08-12_12-36-59-125)
thread 4 start.(8)(2017-08-12_12-36-59-131)
thread 5 start.(9)(2017-08-12_12-36-59-132)
thread 6 start.(10)(2017-08-12_12-36-59-136)
thread 7 start.(11)(2017-08-12_12-36-59-137)
thread 8 start.(12)(2017-08-12_12-36-59-139)
thread 9 start.(13)(2017-08-12_12-36-59-153)
thread 10 start.(14)(2017-08-12_12-36-59-167)
thread 11 start.(15)(2017-08-12_12-36-59-174)
thread 12 start.(16)(2017-08-12_12-36-59-180)
thread 13 start.(17)(2017-08-12_12-36-59-184)
thread 14 start.(18)(2017-08-12_12-36-59-185)
thread 15 start.(19)(2017-08-12_12-36-59-185)
thread 16 start.(20)(2017-08-12_12-36-59-189)
thread 17 start.(21)(2017-08-12_12-36-59-192)
thread 18 start.(22)(2017-08-12_12-36-59-193)
thread 19 start.(23)(2017-08-12_12-36-59-194)
thread 20 start.(24)(2017-08-12_12-36-59-201)
thread 21 start.(25)(2017-08-12_12-36-59-207)
thread 22 start.(26)(2017-08-12_12-36-59-214)
thread 23 start.(27)(2017-08-12_12-36-59-219)
thread 24 start.(28)(2017-08-12_12-36-59-223)
thread 25 start.(29)(2017-08-12_12-36-59-229)
thread 26 start.(30)(2017-08-12_12-36-59-230)
thread 27 start.(31)(2017-08-12_12-36-59-230)
thread 28 start.(32)(2017-08-12_12-36-59-236)
thread 29 start.(33)(2017-08-12_12-36-59-242)
thread 30 start.(34)(2017-08-12_12-36-59-247)
thread 31 start.(35)(2017-08-12_12-36-59-258)
thread 32 start.(36)(2017-08-12_12-36-59-266)
thread 33 start.(37)(2017-08-12_12-36-59-276)
thread 34 start.(38)(2017-08-12_12-36-59-282)
thread 35 start.(39)(2017-08-12_12-36-59-283)
thread 36 start.(40)(2017-08-12_12-36-59-288)
thread 37 start.(41)(2017-08-12_12-36-59-298)
thread 38 start.(42)(2017-08-12_12-36-59-306)
thread 39 start.(43)(2017-08-12_12-36-59-314)
thread 40 start.(44)(2017-08-12_12-36-59-320)
room server init ok.(1)(2017-08-12_12-36-59-378)
register room server to Lobby.(1)(2017-08-12_12-37-02-208)
send room info to Lobby, Name:RoomSvr1 IdleRoomNum:2560 UserNum:0.(1)(2017-08-12_12-37-17-067)
send room info to Lobby, Name:RoomSvr1 IdleRoomNum:2560 UserNum:0.(1)(2017-08-12_12-37-37-083)
send room info to Lobby, Name:RoomSvr1 IdleRoomNum:2560 UserNum:0.(1)(2017-08-12_12-37-57-112)
send room info to Lobby, Name:RoomSvr1 IdleRoomNum:2560 UserNum:0.(1)(2017-08-12_12-38-17-140)
send room info to Lobby, Name:RoomSvr1 IdleRoomNum:2560 UserNum:0.(1)(2017-08-12_12-38-37-163)
send room info to Lobby, Name:RoomSvr1 IdleRoomNum:2560 UserNum:0.(1)(2017-08-12_12-38-57-174)
send room info to Lobby, Name:RoomSvr1 IdleRoomNum:2560 UserNum:0.(1)(2017-08-12_12-39-17-198)
send room info to Lobby, Name:RoomSvr1 IdleRoomNum:2560 UserNum:0.(1)(2017-08-12_12-39-37-210)
send room info to Lobby, Name:RoomSvr1 IdleRoomNum:2560 UserNum:0.(1)(2017-08-12_12-39-57-238)
send room info to Lobby, Name:RoomSvr1 IdleRoomNum:2560 UserNum:0.(1)(2017-08-12_12-40-17-266)
send room info to Lobby, Name:RoomSvr1 IdleRoomNum:2560 UserNum:0.(1)(2017-08-12_12-40-37-281)
send room info to Lobby, Name:RoomSvr1 IdleRoomNum:2560 UserNum:0.(1)(2017-08-12_12-40-57-298)
send room info to Lobby, Name:RoomSvr1 IdleRoomNum:2560 UserNum:0.(1)(2017-08-12_12-41-17-314)
send room info to Lobby, Name:RoomSvr1 IdleRoomNum:2560 UserNum:0.(1)(2017-08-12_12-41-37-342)
send room info to Lobby, Name:RoomSvr1 IdleRoomNum:2560 UserNum:0.(1)(2017-08-12_12-41-57-376)
send room info to Lobby, Name:RoomSvr1 IdleRoomNum:2560 UserNum:0.(1)(2017-08-12_12-42-17-390)
send room info to Lobby, Name:RoomSvr1 IdleRoomNum:2560 UserNum:0.(1)(2017-08-12_12-42-37-412)
send room info to Lobby, Name:RoomSvr1 IdleRoomNum:2560 UserNum:0.(1)(2017-08-12_12-42-57-442)
send room info to Lobby, Name:RoomSvr1 IdleRoomNum:2560 UserNum:0.(1)(2017-08-12_12-43-17-468)
send room info to Lobby, Name:RoomSvr1 IdleRoomNum:2560 UserNum:0.(1)(2017-08-12_12-43-37-499)
send room info to Lobby, Name:RoomSvr1 IdleRoomNum:2560 UserNum:0.(1)(2017-08-12_12-43-57-524)
send room info to Lobby, Name:RoomSvr1 IdleRoomNum:2560 UserNum:0.(1)(2017-08-12_12-44-17-548)
send room info to Lobby, Name:RoomSvr1 IdleRoomNum:2560 UserNum:0.(1)(2017-08-12_12-44-37-574)
send room info to Lobby, Name:RoomSvr1 IdleRoomNum:2560 UserNum:0.(1)(2017-08-12_12-44-57-592)
send room info to Lobby, Name:RoomSvr1 IdleRoomNum:2560 UserNum:0.(1)(2017-08-12_12-45-17-611)
send room info to Lobby, Name:RoomSvr1 IdleRoomNum:2560 UserNum:0.(1)(2017-08-12_12-45-37-646)
send room info to Lobby, Name:RoomSvr1 IdleRoomNum:2560 UserNum:0.(1)(2017-08-12_12-45-57-668)
send room info to Lobby, Name:RoomSvr1 IdleRoomNum:2560 UserNum:0.(1)(2017-08-12_12-46-17-685)
send room info to Lobby, Name:RoomSvr1 IdleRoomNum:2560 UserNum:0.(1)(2017-08-12_12-46-37-704)
send room info to Lobby, Name:RoomSvr1 IdleRoomNum:2560 UserNum:0.(1)(2017-08-12_12-46-57-723)
send room info to Lobby, Name:RoomSvr1 IdleRoomNum:2560 UserNum:0.(1)(2017-08-12_12-47-17-733)
send room info to Lobby, Name:RoomSvr1 IdleRoomNum:2560 UserNum:0.(1)(2017-08-12_12-47-37-751)
send room info to Lobby, Name:RoomSvr1 IdleRoomNum:2560 UserNum:0.(1)(2017-08-12_12-47-57-763)
send room info to Lobby, Name:RoomSvr1 IdleRoomNum:2560 UserNum:0.(1)(2017-08-12_12-48-17-790)
send room info to Lobby, Name:RoomSvr1 IdleRoomNum:2560 UserNum:0.(1)(2017-08-12_12-48-37-804)
send room info to Lobby, Name:RoomSvr1 IdleRoomNum:2560 UserNum:0.(1)(2017-08-12_12-48-57-829)
send room info to Lobby, Name:RoomSvr1 IdleRoomNum:2560 UserNum:0.(1)(2017-08-12_12-49-17-852)
send room info to Lobby, Name:RoomSvr1 IdleRoomNum:2560 UserNum:0.(1)(2017-08-12_12-49-37-879)
send room info to Lobby, Name:RoomSvr1 IdleRoomNum:2560 UserNum:0.(1)(2017-08-12_12-49-57-900)
send room info to Lobby, Name:RoomSvr1 IdleRoomNum:2560 UserNum:0.(1)(2017-08-12_12-50-17-915)
send room info to Lobby, Name:RoomSvr1 IdleRoomNum:2560 UserNum:0.(1)(2017-08-12_12-50-37-936)
send room info to Lobby, Name:RoomSvr1 IdleRoomNum:2560 UserNum:0.(1)(2017-08-12_12-50-57-967)
send room info to Lobby, Name:RoomSvr1 IdleRoomNum:2560 UserNum:0.(1)(2017-08-12_12-51-17-986)
send room info to Lobby, Name:RoomSvr1 IdleRoomNum:2560 UserNum:0.(1)(2017-08-12_12-51-38-014)
send room info to Lobby, Name:RoomSvr1 IdleRoomNum:2560 UserNum:0.(1)(2017-08-12_12-51-58-031)
send room info to Lobby, Name:RoomSvr1 IdleRoomNum:2560 UserNum:0.(1)(2017-08-12_12-52-18-062)
send room info to Lobby, Name:RoomSvr1 IdleRoomNum:2560 UserNum:0.(1)(2017-08-12_12-52-38-086)
send room info to Lobby, Name:RoomSvr1 IdleRoomNum:2560 UserNum:0.(1)(2017-08-12_12-52-58-111)
send room info to Lobby, Name:RoomSvr1 IdleRoomNum:2560 UserNum:0.(1)(2017-08-12_12-53-18-144)
send room info to Lobby, Name:RoomSvr1 IdleRoomNum:2560 UserNum:0.(1)(2017-08-12_12-53-38-171)
send room info to Lobby, Name:RoomSvr1 IdleRoomNum:2560 UserNum:0.(1)(2017-08-12_12-53-58-191)
send room info to Lobby, Name:RoomSvr1 IdleRoomNum:2560 UserNum:0.(1)(2017-08-12_12-54-18-209)
send room info to Lobby, Name:RoomSvr1 IdleRoomNum:2560 UserNum:0.(1)(2017-08-12_12-54-38-231)
send room info to Lobby, Name:RoomSvr1 IdleRoomNum:2560 UserNum:0.(1)(2017-08-12_12-54-58-251)
send room info to Lobby, Name:RoomSvr1 IdleRoomNum:2560 UserNum:0.(1)(2017-08-12_12-55-18-280)
send room info to Lobby, Name:RoomSvr1 IdleRoomNum:2560 UserNum:0.(1)(2017-08-12_12-55-38-290)
send room info to Lobby, Name:RoomSvr1 IdleRoomNum:2560 UserNum:0.(1)(2017-08-12_12-55-58-309)
send room info to Lobby, Name:RoomSvr1 IdleRoomNum:2560 UserNum:0.(1)(2017-08-12_12-56-18-336)
send room info to Lobby, Name:RoomSvr1 IdleRoomNum:2560 UserNum:0.(1)(2017-08-12_12-56-38-351)
send room info to Lobby, Name:RoomSvr1 IdleRoomNum:2560 UserNum:0.(1)(2017-08-12_12-56-58-367)
send room info to Lobby, Name:RoomSvr1 IdleRoomNum:2560 UserNum:0.(1)(2017-08-12_12-57-18-392)
send room info to Lobby, Name:RoomSvr1 IdleRoomNum:2560 UserNum:0.(1)(2017-08-12_12-57-38-420)
send room info to Lobby, Name:RoomSvr1 IdleRoomNum:2560 UserNum:0.(1)(2017-08-12_12-57-58-451)
send room info to Lobby, Name:RoomSvr1 IdleRoomNum:2560 UserNum:0.(1)(2017-08-12_12-58-18-482)
send room info to Lobby, Name:RoomSvr1 IdleRoomNum:2560 UserNum:0.(1)(2017-08-12_12-58-38-499)
send room info to Lobby, Name:RoomSvr1 IdleRoomNum:2560 UserNum:0.(1)(2017-08-12_12-58-58-521)
send room info to Lobby, Name:RoomSvr1 IdleRoomNum:2560 UserNum:0.(1)(2017-08-12_12-59-18-540)
send room info to Lobby, Name:RoomSvr1 IdleRoomNum:2560 UserNum:0.(1)(2017-08-12_12-59-38-567)
send room info to Lobby, Name:RoomSvr1 IdleRoomNum:2560 UserNum:0.(1)(2017-08-12_12-59-58-592)
send room info to Lobby, Name:RoomSvr1 IdleRoomNum:2560 UserNum:0.(1)(2017-08-12_13-00-18-620)
send room info to Lobby, Name:RoomSvr1 IdleRoomNum:2560 UserNum:0.(1)(2017-08-12_13-00-38-642)
send room info to Lobby, Name:RoomSvr1 IdleRoomNum:2560 UserNum:0.(1)(2017-08-12_13-00-58-672)
send room info to Lobby, Name:RoomSvr1 IdleRoomNum:2560 UserNum:0.(1)(2017-08-12_13-01-18-702)
send room info to Lobby, Name:RoomSvr1 IdleRoomNum:2560 UserNum:0.(1)(2017-08-12_13-01-38-718)
send room info to Lobby, Name:RoomSvr1 IdleRoomNum:2560 UserNum:0.(1)(2017-08-12_13-01-58-736)
send room info to Lobby, Name:RoomSvr1 IdleRoomNum:2560 UserNum:0.(1)(2017-08-12_13-02-18-764)
send room info to Lobby, Name:RoomSvr1 IdleRoomNum:2560 UserNum:0.(1)(2017-08-12_13-02-38-791)
send room info to Lobby, Name:RoomSvr1 IdleRoomNum:2560 UserNum:0.(1)(2017-08-12_13-02-58-812)
send room info to Lobby, Name:RoomSvr1 IdleRoomNum:2560 UserNum:0.(1)(2017-08-12_13-03-18-829)
send room info to Lobby, Name:RoomSvr1 IdleRoomNum:2560 UserNum:0.(1)(2017-08-12_13-03-38-854)
send room info to Lobby, Name:RoomSvr1 IdleRoomNum:2560 UserNum:0.(1)(2017-08-12_13-03-58-886)
send room info to Lobby, Name:RoomSvr1 IdleRoomNum:2560 UserNum:0.(1)(2017-08-12_13-04-18-921)
send room info to Lobby, Name:RoomSvr1 IdleRoomNum:2560 UserNum:0.(1)(2017-08-12_13-04-38-949)
send room info to Lobby, Name:RoomSvr1 IdleRoomNum:2560 UserNum:0.(1)(2017-08-12_13-04-58-978)
send room info to Lobby, Name:RoomSvr1 IdleRoomNum:2560 UserNum:0.(1)(2017-08-12_13-05-19-004)
send room info to Lobby, Name:RoomSvr1 IdleRoomNum:2560 UserNum:0.(1)(2017-08-12_13-05-39-025)
send room info to Lobby, Name:RoomSvr1 IdleRoomNum:2560 UserNum:0.(1)(2017-08-12_13-05-59-045)
send room info to Lobby, Name:RoomSvr1 IdleRoomNum:2560 UserNum:0.(1)(2017-08-12_13-06-19-075)
send room info to Lobby, Name:RoomSvr1 IdleRoomNum:2560 UserNum:0.(1)(2017-08-12_13-06-39-097)
send room info to Lobby, Name:RoomSvr1 IdleRoomNum:2560 UserNum:0.(1)(2017-08-12_13-06-59-112)
send room info to Lobby, Name:RoomSvr1 IdleRoomNum:2560 UserNum:0.(1)(2017-08-12_13-07-19-141)
send room info to Lobby, Name:RoomSvr1 IdleRoomNum:2560 UserNum:0.(1)(2017-08-12_13-07-39-154)
send room info to Lobby, Name:RoomSvr1 IdleRoomNum:2560 UserNum:0.(1)(2017-08-12_13-07-59-187)
send room info to Lobby, Name:RoomSvr1 IdleRoomNum:2560 UserNum:0.(1)(2017-08-12_13-08-19-209)
send room info to Lobby, Name:RoomSvr1 IdleRoomNum:2560 UserNum:0.(1)(2017-08-12_13-08-39-226)
send room info to Lobby, Name:RoomSvr1 IdleRoomNum:2560 UserNum:0.(1)(2017-08-12_13-08-59-250)
send room info to Lobby, Name:RoomSvr1 IdleRoomNum:2560 UserNum:0.(1)(2017-08-12_13-09-19-284)
send room info to Lobby, Name:RoomSvr1 IdleRoomNum:2560 UserNum:0.(1)(2017-08-12_13-09-39-309)
send room info to Lobby, Name:RoomSvr1 IdleRoomNum:2560 UserNum:0.(1)(2017-08-12_13-09-59-335)
send room info to Lobby, Name:RoomSvr1 IdleRoomNum:2560 UserNum:0.(1)(2017-08-12_13-10-19-355)
send room info to Lobby, Name:RoomSvr1 IdleRoomNum:2560 UserNum:0.(1)(2017-08-12_13-10-39-372)
send room info to Lobby, Name:RoomSvr1 IdleRoomNum:2560 UserNum:0.(1)(2017-08-12_13-10-59-385)
send room info to Lobby, Name:RoomSvr1 IdleRoomNum:2560 UserNum:0.(1)(2017-08-12_13-11-19-404)
send room info to Lobby, Name:RoomSvr1 IdleRoomNum:2560 UserNum:0.(1)(2017-08-12_13-11-39-421)
send room info to Lobby, Name:RoomSvr1 IdleRoomNum:2560 UserNum:0.(1)(2017-08-12_13-11-59-437)
send room info to Lobby, Name:RoomSvr1 IdleRoomNum:2560 UserNum:0.(1)(2017-08-12_13-12-19-458)
send room info to Lobby, Name:RoomSvr1 IdleRoomNum:2560 UserNum:0.(1)(2017-08-12_13-12-39-481)
send room info to Lobby, Name:RoomSvr1 IdleRoomNum:2560 UserNum:0.(1)(2017-08-12_13-12-59-506)
send room info to Lobby, Name:RoomSvr1 IdleRoomNum:2560 UserNum:0.(1)(2017-08-12_13-13-19-527)
send room info to Lobby, Name:RoomSvr1 IdleRoomNum:2560 UserNum:0.(1)(2017-08-12_13-13-39-545)
send room info to Lobby, Name:RoomSvr1 IdleRoomNum:2560 UserNum:0.(1)(2017-08-12_13-13-59-553)
send room info to Lobby, Name:RoomSvr1 IdleRoomNum:2560 UserNum:0.(1)(2017-08-12_13-14-19-583)
send room info to Lobby, Name:RoomSvr1 IdleRoomNum:2560 UserNum:0.(1)(2017-08-12_13-14-39-590)
send room info to Lobby, Name:RoomSvr1 IdleRoomNum:2560 UserNum:0.(1)(2017-08-12_13-14-59-615)
send room info to Lobby, Name:RoomSvr1 IdleRoomNum:2560 UserNum:0.(1)(2017-08-12_13-15-19-637)
send room info to Lobby, Name:RoomSvr1 IdleRoomNum:2560 UserNum:0.(1)(2017-08-12_13-15-39-656)
send room info to Lobby, Name:RoomSvr1 IdleRoomNum:2560 UserNum:0.(1)(2017-08-12_13-15-59-675)
send room info to Lobby, Name:RoomSvr1 IdleRoomNum:2560 UserNum:0.(1)(2017-08-12_13-16-19-714)
send room info to Lobby, Name:RoomSvr1 IdleRoomNum:2560 UserNum:0.(1)(2017-08-12_13-16-39-733)
send room info to Lobby, Name:RoomSvr1 IdleRoomNum:2560 UserNum:0.(1)(2017-08-12_13-16-59-756)
send room info to Lobby, Name:RoomSvr1 IdleRoomNum:2560 UserNum:0.(1)(2017-08-12_13-17-19-780)
send room info to Lobby, Name:RoomSvr1 IdleRoomNum:2560 UserNum:0.(1)(2017-08-12_13-17-39-814)
send room info to Lobby, Name:RoomSvr1 IdleRoomNum:2560 UserNum:0.(1)(2017-08-12_13-17-59-839)
send room info to Lobby, Name:RoomSvr1 IdleRoomNum:2560 UserNum:0.(1)(2017-08-12_13-18-19-871)
send room info to Lobby, Name:RoomSvr1 IdleRoomNum:2560 UserNum:0.(1)(2017-08-12_13-18-39-888)
send room info to Lobby, Name:RoomSvr1 IdleRoomNum:2560 UserNum:0.(1)(2017-08-12_13-18-59-915)
send room info to Lobby, Name:RoomSvr1 IdleRoomNum:2560 UserNum:0.(1)(2017-08-12_13-19-19-939)
send room info to Lobby, Name:RoomSvr1 IdleRoomNum:2560 UserNum:0.(1)(2017-08-12_13-19-39-954)
send room info to Lobby, Name:RoomSvr1 IdleRoomNum:2560 UserNum:0.(1)(2017-08-12_13-19-59-967)
send room info to Lobby, Name:RoomSvr1 IdleRoomNum:2560 UserNum:0.(1)(2017-08-12_13-20-19-995)
send room info to Lobby, Name:RoomSvr1 IdleRoomNum:2560 UserNum:0.(1)(2017-08-12_13-20-40-016)
send room info to Lobby, Name:RoomSvr1 IdleRoomNum:2560 UserNum:0.(1)(2017-08-12_13-21-00-037)
send room info to Lobby, Name:RoomSvr1 IdleRoomNum:2560 UserNum:0.(1)(2017-08-12_13-21-20-061)
send room info to Lobby, Name:RoomSvr1 IdleRoomNum:2560 UserNum:0.(1)(2017-08-12_13-21-40-084)
send room info to Lobby, Name:RoomSvr1 IdleRoomNum:2560 UserNum:0.(1)(2017-08-12_13-22-00-101)
send room info to Lobby, Name:RoomSvr1 IdleRoomNum:2560 UserNum:0.(1)(2017-08-12_13-22-20-125)
send room info to Lobby, Name:RoomSvr1 IdleRoomNum:2560 UserNum:0.(1)(2017-08-12_13-22-40-147)
send room info to Lobby, Name:RoomSvr1 IdleRoomNum:2560 UserNum:0.(1)(2017-08-12_13-23-00-168)
send room info to Lobby, Name:RoomSvr1 IdleRoomNum:2560 UserNum:0.(1)(2017-08-12_13-23-20-190)
send room info to Lobby, Name:RoomSvr1 IdleRoomNum:2560 UserNum:0.(1)(2017-08-12_13-23-40-207)
send room info to Lobby, Name:RoomSvr1 IdleRoomNum:2560 UserNum:0.(1)(2017-08-12_13-24-00-233)
send room info to Lobby, Name:RoomSvr1 IdleRoomNum:2560 UserNum:0.(1)(2017-08-12_13-24-20-258)
send room info to Lobby, Name:RoomSvr1 IdleRoomNum:2560 UserNum:0.(1)(2017-08-12_13-24-40-277)
send room info to Lobby, Name:RoomSvr1 IdleRoomNum:2560 UserNum:0.(1)(2017-08-12_13-25-00-303)
send room info to Lobby, Name:RoomSvr1 IdleRoomNum:2560 UserNum:0.(1)(2017-08-12_13-25-20-330)
send room info to Lobby, Name:RoomSvr1 IdleRoomNum:2560 UserNum:0.(1)(2017-08-12_13-25-40-349)
send room info to Lobby, Name:RoomSvr1 IdleRoomNum:2560 UserNum:0.(1)(2017-08-12_13-26-00-374)
send room info to Lobby, Name:RoomSvr1 IdleRoomNum:2560 UserNum:0.(1)(2017-08-12_13-26-20-396)
send room info to Lobby, Name:RoomSvr1 IdleRoomNum:2560 UserNum:0.(1)(2017-08-12_13-26-40-415)
send room info to Lobby, Name:RoomSvr1 IdleRoomNum:2560 UserNum:0.(1)(2017-08-12_13-27-00-455)
send room info to Lobby, Name:RoomSvr1 IdleRoomNum:2560 UserNum:0.(1)(2017-08-12_13-27-20-480)
send room info to Lobby, Name:RoomSvr1 IdleRoomNum:2560 UserNum:0.(1)(2017-08-12_13-27-40-502)
send room info to Lobby, Name:RoomSvr1 IdleRoomNum:2560 UserNum:0.(1)(2017-08-12_13-28-00-519)
send room info to Lobby, Name:RoomSvr1 IdleRoomNum:2560 UserNum:0.(1)(2017-08-12_13-28-20-553)
send room info to Lobby, Name:RoomSvr1 IdleRoomNum:2560 UserNum:0.(1)(2017-08-12_13-28-40-572)
send room info to Lobby, Name:RoomSvr1 IdleRoomNum:2560 UserNum:0.(1)(2017-08-12_13-29-00-583)
send room info to Lobby, Name:RoomSvr1 IdleRoomNum:2560 UserNum:0.(1)(2017-08-12_13-29-20-609)
send room info to Lobby, Name:RoomSvr1 IdleRoomNum:2560 UserNum:0.(1)(2017-08-12_13-29-40-628)
send room info to Lobby, Name:RoomSvr1 IdleRoomNum:2560 UserNum:0.(1)(2017-08-12_13-30-00-651)
send room info to Lobby, Name:RoomSvr1 IdleRoomNum:2560 UserNum:0.(1)(2017-08-12_13-30-20-669)
send room info to Lobby, Name:RoomSvr1 IdleRoomNum:2560 UserNum:0.(1)(2017-08-12_13-30-40-698)
send room info to Lobby, Name:RoomSvr1 IdleRoomNum:2560 UserNum:0.(1)(2017-08-12_13-31-00-721)
send room info to Lobby, Name:RoomSvr1 IdleRoomNum:2560 UserNum:0.(1)(2017-08-12_13-31-20-741)
send room info to Lobby, Name:RoomSvr1 IdleRoomNum:2560 UserNum:0.(1)(2017-08-12_13-31-40-773)
send room info to Lobby, Name:RoomSvr1 IdleRoomNum:2560 UserNum:0.(1)(2017-08-12_13-32-00-793)
send room info to Lobby, Name:RoomSvr1 IdleRoomNum:2560 UserNum:0.(1)(2017-08-12_13-32-20-826)
send room info to Lobby, Name:RoomSvr1 IdleRoomNum:2560 UserNum:0.(1)(2017-08-12_13-32-40-844)
send room info to Lobby, Name:RoomSvr1 IdleRoomNum:2560 UserNum:0.(1)(2017-08-12_13-33-00-859)
send room info to Lobby, Name:RoomSvr1 IdleRoomNum:2560 UserNum:0.(1)(2017-08-12_13-33-20-880)
send room info to Lobby, Name:RoomSvr1 IdleRoomNum:2560 UserNum:0.(1)(2017-08-12_13-33-40-905)
send room info to Lobby, Name:RoomSvr1 IdleRoomNum:2560 UserNum:0.(1)(2017-08-12_13-34-00-930)
send room info to Lobby, Name:RoomSvr1 IdleRoomNum:2560 UserNum:0.(1)(2017-08-12_13-34-20-953)
send room info to Lobby, Name:RoomSvr1 IdleRoomNum:2560 UserNum:0.(1)(2017-08-12_13-34-40-971)
send room info to Lobby, Name:RoomSvr1 IdleRoomNum:2560 UserNum:0.(1)(2017-08-12_13-35-00-995)
send room info to Lobby, Name:RoomSvr1 IdleRoomNum:2560 UserNum:0.(1)(2017-08-12_13-35-21-016)
send room info to Lobby, Name:RoomSvr1 IdleRoomNum:2560 UserNum:0.(1)(2017-08-12_13-35-41-046)
send room info to Lobby, Name:RoomSvr1 IdleRoomNum:2560 UserNum:0.(1)(2017-08-12_13-36-01-074)
send room info to Lobby, Name:RoomSvr1 IdleRoomNum:2560 UserNum:0.(1)(2017-08-12_13-36-21-102)
send room info to Lobby, Name:RoomSvr1 IdleRoomNum:2560 UserNum:0.(1)(2017-08-12_13-36-41-119)
send room info to Lobby, Name:RoomSvr1 IdleRoomNum:2560 UserNum:0.(1)(2017-08-12_13-37-01-145)
send room info to Lobby, Name:RoomSvr1 IdleRoomNum:2560 UserNum:0.(1)(2017-08-12_13-37-21-177)
send room info to Lobby, Name:RoomSvr1 IdleRoomNum:2560 UserNum:0.(1)(2017-08-12_13-37-41-207)
send room info to Lobby, Name:RoomSvr1 IdleRoomNum:2560 UserNum:0.(1)(2017-08-12_13-38-01-225)
send room info to Lobby, Name:RoomSvr1 IdleRoomNum:2560 UserNum:0.(1)(2017-08-12_13-38-21-261)
send room info to Lobby, Name:RoomSvr1 IdleRoomNum:2560 UserNum:0.(1)(2017-08-12_13-38-41-285)
send room info to Lobby, Name:RoomSvr1 IdleRoomNum:2560 UserNum:0.(1)(2017-08-12_13-39-01-304)
send room info to Lobby, Name:RoomSvr1 IdleRoomNum:2560 UserNum:0.(1)(2017-08-12_13-39-21-316)
send room info to Lobby, Name:RoomSvr1 IdleRoomNum:2560 UserNum:0.(1)(2017-08-12_13-39-41-336)
send room info to Lobby, Name:RoomSvr1 IdleRoomNum:2560 UserNum:0.(1)(2017-08-12_13-40-01-363)
send room info to Lobby, Name:RoomSvr1 IdleRoomNum:2560 UserNum:0.(1)(2017-08-12_13-40-21-397)
send room info to Lobby, Name:RoomSvr1 IdleRoomNum:2560 UserNum:0.(1)(2017-08-12_13-40-41-411)
send room info to Lobby, Name:RoomSvr1 IdleRoomNum:2560 UserNum:0.(1)(2017-08-12_13-41-01-431)
send room info to Lobby, Name:RoomSvr1 IdleRoomNum:2560 UserNum:0.(1)(2017-08-12_13-41-21-441)
send room info to Lobby, Name:RoomSvr1 IdleRoomNum:2560 UserNum:0.(1)(2017-08-12_13-41-41-467)
send room info to Lobby, Name:RoomSvr1 IdleRoomNum:2560 UserNum:0.(1)(2017-08-12_13-42-01-494)
send room info to Lobby, Name:RoomSvr1 IdleRoomNum:2560 UserNum:0.(1)(2017-08-12_13-42-21-506)
send room info to Lobby, Name:RoomSvr1 IdleRoomNum:2560 UserNum:0.(1)(2017-08-12_13-42-41-534)
