Init Succ!(1)(2021-05-14_00-27-08-644)
RegisterRoomServer,name:RoomSvr1,ip:127.0.0.1,port:9528,max room num:2560(14)(2021-05-14_00-27-13-880)
RegisterNodeJs,name:NodeJs1(14)(2021-05-14_00-27-16-735)
UpdateRoomServerInfo,name:RoomSvr1,idle room num:2560,cur user num:0(14)(2021-05-14_00-27-28-720)
DoUserLogin,guid:1,nick:韦舒兰,key:187537772,acc:509832077(7)(2021-05-14_00-27-28-991)
UpdateRoomServerInfo,name:RoomSvr1,idle room num:2560,cur user num:0(14)(2021-05-14_00-27-48-730)
UpdateRoomServerInfo,name:RoomSvr1,idle room num:2560,cur user num:0(14)(2021-05-14_00-28-08-769)
UpdateRoomServerInfo,name:RoomSvr1,idle room num:2560,cur user num:0(14)(2021-05-14_00-28-28-816)
UpdateRoomServerInfo,name:RoomSvr1,idle room num:2560,cur user num:0(14)(2021-05-14_00-28-48-850)
UpdateRoomServerInfo,name:RoomSvr1,idle room num:2560,cur user num:0(14)(2021-05-14_00-29-08-875)
UpdateRoomServerInfo,name:RoomSvr1,idle room num:2560,cur user num:0(14)(2021-05-14_00-29-28-914)
UpdateRoomServerInfo,name:RoomSvr1,idle room num:2560,cur user num:0(14)(2021-05-14_00-29-48-944)
UpdateRoomServerInfo,name:RoomSvr1,idle room num:2560,cur user num:0(14)(2021-05-14_00-30-08-992)
UpdateRoomServerInfo,name:RoomSvr1,idle room num:2560,cur user num:0(14)(2021-05-14_00-30-29-012)
UpdateRoomServerInfo,name:RoomSvr1,idle room num:2560,cur user num:0(14)(2021-05-14_00-30-49-037)
UpdateRoomServerInfo,name:RoomSvr1,idle room num:2560,cur user num:0(14)(2021-05-14_00-31-09-067)
UpdateRoomServerInfo,name:RoomSvr1,idle room num:2560,cur user num:0(14)(2021-05-14_00-31-29-101)
UpdateRoomServerInfo,name:RoomSvr1,idle room num:2560,cur user num:0(14)(2021-05-14_00-31-49-143)
UpdateRoomServerInfo,name:RoomSvr1,idle room num:2560,cur user num:0(14)(2021-05-14_00-32-09-159)
UpdateRoomServerInfo,name:RoomSvr1,idle room num:2560,cur user num:0(14)(2021-05-14_00-32-29-202)
UpdateRoomServerInfo,name:RoomSvr1,idle room num:2560,cur user num:0(14)(2021-05-14_00-32-49-220)
UpdateRoomServerInfo,name:RoomSvr1,idle room num:2560,cur user num:0(14)(2021-05-14_00-33-09-234)
UpdateRoomServerInfo,name:RoomSvr1,idle room num:2560,cur user num:0(14)(2021-05-14_00-33-29-261)
UpdateRoomServerInfo,name:RoomSvr1,idle room num:2560,cur user num:0(14)(2021-05-14_00-33-49-308)
UpdateRoomServerInfo,name:RoomSvr1,idle room num:2560,cur user num:0(14)(2021-05-14_00-34-09-319)
UpdateRoomServerInfo,name:RoomSvr1,idle room num:2560,cur user num:0(14)(2021-05-14_00-34-29-349)
UpdateRoomServerInfo,name:RoomSvr1,idle room num:2560,cur user num:0(14)(2021-05-14_00-34-49-365)
UpdateRoomServerInfo,name:RoomSvr1,idle room num:2560,cur user num:0(14)(2021-05-14_00-35-09-392)
UpdateRoomServerInfo,name:RoomSvr1,idle room num:2560,cur user num:0(14)(2021-05-14_00-35-29-423)
UpdateRoomServerInfo,name:RoomSvr1,idle room num:2560,cur user num:0(14)(2021-05-14_00-35-49-440)
UpdateRoomServerInfo,name:RoomSvr1,idle room num:2560,cur user num:0(14)(2021-05-14_00-36-09-467)
UpdateRoomServerInfo,name:RoomSvr1,idle room num:2560,cur user num:0(14)(2021-05-14_00-36-29-505)
UpdateRoomServerInfo,name:RoomSvr1,idle room num:2560,cur user num:0(14)(2021-05-14_00-36-49-539)
UpdateRoomServerInfo,name:RoomSvr1,idle room num:2560,cur user num:0(14)(2021-05-14_00-37-09-572)
UpdateRoomServerInfo,name:RoomSvr1,idle room num:2560,cur user num:0(14)(2021-05-14_00-37-29-585)
UpdateRoomServerInfo,name:RoomSvr1,idle room num:2560,cur user num:0(14)(2021-05-14_00-37-49-620)
UpdateRoomServerInfo,name:RoomSvr1,idle room num:2560,cur user num:0(14)(2021-05-14_00-38-09-644)
UpdateRoomServerInfo,name:RoomSvr1,idle room num:2560,cur user num:0(14)(2021-05-14_00-38-29-680)
UpdateRoomServerInfo,name:RoomSvr1,idle room num:2560,cur user num:0(14)(2021-05-14_00-38-49-711)
UpdateRoomServerInfo,name:RoomSvr1,idle room num:2560,cur user num:0(14)(2021-05-14_00-39-09-750)
UpdateRoomServerInfo,name:RoomSvr1,idle room num:2560,cur user num:0(14)(2021-05-14_00-39-29-776)
UpdateRoomServerInfo,name:RoomSvr1,idle room num:2560,cur user num:0(14)(2021-05-14_00-39-49-801)
UpdateRoomServerInfo,name:RoomSvr1,idle room num:2560,cur user num:0(14)(2021-05-14_00-40-09-822)
UpdateRoomServerInfo,name:RoomSvr1,idle room num:2560,cur user num:0(14)(2021-05-14_00-40-29-846)
UpdateRoomServerInfo,name:RoomSvr1,idle room num:2560,cur user num:0(14)(2021-05-14_00-40-49-864)
UpdateRoomServerInfo,name:RoomSvr1,idle room num:2560,cur user num:0(14)(2021-05-14_00-41-09-894)
UpdateRoomServerInfo,name:RoomSvr1,idle room num:2560,cur user num:0(14)(2021-05-14_00-41-29-932)
UpdateRoomServerInfo,name:RoomSvr1,idle room num:2560,cur user num:0(14)(2021-05-14_00-41-49-965)
UpdateRoomServerInfo,name:RoomSvr1,idle room num:2560,cur user num:0(14)(2021-05-14_00-42-09-999)
UpdateRoomServerInfo,name:RoomSvr1,idle room num:2560,cur user num:0(14)(2021-05-14_00-42-30-030)
UpdateRoomServerInfo,name:RoomSvr1,idle room num:2560,cur user num:0(14)(2021-05-14_00-42-50-065)
UpdateRoomServerInfo,name:RoomSvr1,idle room num:2560,cur user num:0(14)(2021-05-14_00-43-10-067)
UpdateRoomServerInfo,name:RoomSvr1,idle room num:2560,cur user num:0(14)(2021-05-14_00-43-30-122)
UpdateRoomServerInfo,name:RoomSvr1,idle room num:2560,cur user num:0(14)(2021-05-14_00-43-50-156)
UpdateRoomServerInfo,name:RoomSvr1,idle room num:2560,cur user num:0(14)(2021-05-14_00-44-10-174)
UpdateRoomServerInfo,name:RoomSvr1,idle room num:2560,cur user num:0(14)(2021-05-14_00-44-30-210)
UpdateRoomServerInfo,name:RoomSvr1,idle room num:2560,cur user num:0(14)(2021-05-14_00-44-50-239)
UpdateRoomServerInfo,name:RoomSvr1,idle room num:2560,cur user num:0(14)(2021-05-14_00-45-10-287)
UpdateRoomServerInfo,name:RoomSvr1,idle room num:2560,cur user num:0(14)(2021-05-14_00-45-30-328)
UpdateRoomServerInfo,name:RoomSvr1,idle room num:2560,cur user num:0(14)(2021-05-14_00-45-50-354)
UpdateRoomServerInfo,name:RoomSvr1,idle room num:2560,cur user num:0(14)(2021-05-14_00-46-10-390)
UpdateRoomServerInfo,name:RoomSvr1,idle room num:2560,cur user num:0(14)(2021-05-14_00-46-30-432)
UpdateRoomServerInfo,name:RoomSvr1,idle room num:2560,cur user num:0(14)(2021-05-14_00-46-50-453)
UpdateRoomServerInfo,name:RoomSvr1,idle room num:2560,cur user num:0(14)(2021-05-14_00-47-10-474)
UpdateRoomServerInfo,name:RoomSvr1,idle room num:2560,cur user num:0(14)(2021-05-14_00-47-30-518)
UpdateRoomServerInfo,name:RoomSvr1,idle room num:2560,cur user num:0(14)(2021-05-14_00-47-50-539)
UpdateRoomServerInfo,name:RoomSvr1,idle room num:2560,cur user num:0(14)(2021-05-14_00-48-10-564)
UpdateRoomServerInfo,name:RoomSvr1,idle room num:2560,cur user num:0(14)(2021-05-14_00-48-30-608)
UpdateRoomServerInfo,name:RoomSvr1,idle room num:2560,cur user num:0(14)(2021-05-14_00-48-50-632)
UpdateRoomServerInfo,name:RoomSvr1,idle room num:2560,cur user num:0(14)(2021-05-14_00-49-10-658)
UpdateRoomServerInfo,name:RoomSvr1,idle room num:2560,cur user num:0(14)(2021-05-14_00-49-30-680)
UpdateRoomServerInfo,name:RoomSvr1,idle room num:2560,cur user num:0(14)(2021-05-14_00-49-50-714)
UpdateRoomServerInfo,name:RoomSvr1,idle room num:2560,cur user num:0(14)(2021-05-14_00-50-10-742)
UpdateRoomServerInfo,name:RoomSvr1,idle room num:2560,cur user num:0(14)(2021-05-14_00-50-30-785)
UpdateRoomServerInfo,name:RoomSvr1,idle room num:2560,cur user num:0(14)(2021-05-14_00-50-50-807)
