Init Succ!(1)(2021-05-18_22-53-35-519)
room server init ip: 127.0.0.1  port: 9528(1)(2021-05-18_22-53-36-231)
Serialize init OK.(1)(2021-05-18_22-53-36-309)
thread 1 init ok.(1)(2021-05-18_22-53-36-838)
thread 2 init ok.(1)(2021-05-18_22-53-36-841)
thread 3 init ok.(1)(2021-05-18_22-53-36-841)
thread 4 init ok.(1)(2021-05-18_22-53-36-841)
thread 5 init ok.(1)(2021-05-18_22-53-36-842)
thread 6 init ok.(1)(2021-05-18_22-53-36-842)
thread 7 init ok.(1)(2021-05-18_22-53-36-845)
thread 8 init ok.(1)(2021-05-18_22-53-36-845)
thread 9 init ok.(1)(2021-05-18_22-53-36-845)
thread 10 init ok.(1)(2021-05-18_22-53-36-845)
thread 11 init ok.(1)(2021-05-18_22-53-36-846)
thread 12 init ok.(1)(2021-05-18_22-53-36-849)
thread 13 init ok.(1)(2021-05-18_22-53-36-849)
thread 14 init ok.(1)(2021-05-18_22-53-36-849)
thread 15 init ok.(1)(2021-05-18_22-53-36-863)
thread 16 init ok.(1)(2021-05-18_22-53-36-863)
thread 17 init ok.(1)(2021-05-18_22-53-36-866)
thread 18 init ok.(1)(2021-05-18_22-53-36-866)
thread 19 init ok.(1)(2021-05-18_22-53-36-870)
thread 20 init ok.(1)(2021-05-18_22-53-36-870)
thread 21 init ok.(1)(2021-05-18_22-53-36-870)
thread 22 init ok.(1)(2021-05-18_22-53-36-870)
thread 23 init ok.(1)(2021-05-18_22-53-36-874)
thread 24 init ok.(1)(2021-05-18_22-53-36-874)
thread 25 init ok.(1)(2021-05-18_22-53-36-874)
thread 26 init ok.(1)(2021-05-18_22-53-36-874)
thread 27 init ok.(1)(2021-05-18_22-53-36-875)
thread 28 init ok.(1)(2021-05-18_22-53-36-878)
thread 29 init ok.(1)(2021-05-18_22-53-36-878)
thread 30 init ok.(1)(2021-05-18_22-53-36-878)
thread 31 init ok.(1)(2021-05-18_22-53-36-878)
thread 32 init ok.(1)(2021-05-18_22-53-36-879)
thread 33 init ok.(1)(2021-05-18_22-53-36-882)
thread 34 init ok.(1)(2021-05-18_22-53-36-882)
thread 35 init ok.(1)(2021-05-18_22-53-36-882)
thread 36 init ok.(1)(2021-05-18_22-53-36-882)
thread 37 init ok.(1)(2021-05-18_22-53-36-883)
thread 38 init ok.(1)(2021-05-18_22-53-36-886)
thread 39 init ok.(1)(2021-05-18_22-53-36-886)
thread 40 init ok.(1)(2021-05-18_22-53-36-886)
Enable NetIncomingMessageType.ErrorMessage(1)(2021-05-18_22-53-36-889)
Enable NetIncomingMessageType.WarningMessage(1)(2021-05-18_22-53-36-889)
thread 1 start.(5)(2021-05-18_22-53-36-959)
thread 2 start.(6)(2021-05-18_22-53-36-959)
thread 3 start.(7)(2021-05-18_22-53-36-959)
thread 4 start.(8)(2021-05-18_22-53-36-959)
thread 5 start.(9)(2021-05-18_22-53-36-959)
thread 6 start.(10)(2021-05-18_22-53-36-960)
thread 7 start.(11)(2021-05-18_22-53-36-960)
thread 8 start.(12)(2021-05-18_22-53-36-960)
thread 9 start.(13)(2021-05-18_22-53-36-961)
thread 10 start.(14)(2021-05-18_22-53-36-961)
thread 11 start.(15)(2021-05-18_22-53-36-961)
thread 12 start.(16)(2021-05-18_22-53-36-961)
thread 13 start.(17)(2021-05-18_22-53-36-962)
thread 14 start.(18)(2021-05-18_22-53-36-962)
thread 15 start.(19)(2021-05-18_22-53-36-962)
thread 16 start.(20)(2021-05-18_22-53-36-962)
thread 17 start.(21)(2021-05-18_22-53-36-962)
thread 18 start.(22)(2021-05-18_22-53-36-962)
thread 19 start.(23)(2021-05-18_22-53-36-963)
thread 20 start.(24)(2021-05-18_22-53-36-963)
thread 21 start.(25)(2021-05-18_22-53-36-963)
thread 22 start.(26)(2021-05-18_22-53-36-963)
thread 23 start.(27)(2021-05-18_22-53-36-963)
thread 24 start.(28)(2021-05-18_22-53-36-964)
thread 25 start.(29)(2021-05-18_22-53-36-964)
thread 26 start.(30)(2021-05-18_22-53-36-964)
thread 27 start.(31)(2021-05-18_22-53-36-964)
thread 28 start.(32)(2021-05-18_22-53-36-964)
thread 29 start.(33)(2021-05-18_22-53-36-965)
thread 30 start.(34)(2021-05-18_22-53-36-965)
thread 31 start.(35)(2021-05-18_22-53-36-965)
thread 32 start.(36)(2021-05-18_22-53-36-965)
thread 33 start.(37)(2021-05-18_22-53-36-965)
thread 34 start.(38)(2021-05-18_22-53-36-965)
thread 35 start.(39)(2021-05-18_22-53-36-966)
thread 36 start.(40)(2021-05-18_22-53-36-966)
thread 37 start.(41)(2021-05-18_22-53-36-966)
thread 38 start.(42)(2021-05-18_22-53-36-966)
thread 39 start.(43)(2021-05-18_22-53-36-966)
thread 40 start.(44)(2021-05-18_22-53-36-967)
room server init ok.(1)(2021-05-18_22-53-37-053)
register room server to Lobby.(1)(2021-05-18_22-53-40-611)
send room info to Lobby, Name:RoomSvr1 IdleRoomNum:2560 UserNum:0.(1)(2021-05-18_22-53-55-551)
send room info to Lobby, Name:RoomSvr1 IdleRoomNum:2560 UserNum:0.(1)(2021-05-18_22-54-15-577)
send room info to Lobby, Name:RoomSvr1 IdleRoomNum:2560 UserNum:0.(1)(2021-05-18_22-54-35-611)
send room info to Lobby, Name:RoomSvr1 IdleRoomNum:2560 UserNum:0.(1)(2021-05-18_22-54-55-646)
send room info to Lobby, Name:RoomSvr1 IdleRoomNum:2560 UserNum:0.(1)(2021-05-18_22-55-15-675)
send room info to Lobby, Name:RoomSvr1 IdleRoomNum:2560 UserNum:0.(1)(2021-05-18_22-55-35-709)
send room info to Lobby, Name:RoomSvr1 IdleRoomNum:2560 UserNum:0.(1)(2021-05-18_22-55-55-739)
send room info to Lobby, Name:RoomSvr1 IdleRoomNum:2560 UserNum:0.(1)(2021-05-18_22-56-15-776)
send room info to Lobby, Name:RoomSvr1 IdleRoomNum:2560 UserNum:0.(1)(2021-05-18_22-56-35-809)
send room info to Lobby, Name:RoomSvr1 IdleRoomNum:2560 UserNum:0.(1)(2021-05-18_22-56-55-844)
send room info to Lobby, Name:RoomSvr1 IdleRoomNum:2560 UserNum:0.(1)(2021-05-18_22-57-15-878)
send room info to Lobby, Name:RoomSvr1 IdleRoomNum:2560 UserNum:0.(1)(2021-05-18_22-57-35-911)
send room info to Lobby, Name:RoomSvr1 IdleRoomNum:2560 UserNum:0.(1)(2021-05-18_22-57-55-943)
send room info to Lobby, Name:RoomSvr1 IdleRoomNum:2560 UserNum:0.(1)(2021-05-18_22-58-15-972)
send room info to Lobby, Name:RoomSvr1 IdleRoomNum:2560 UserNum:0.(1)(2021-05-18_22-58-35-988)
send room info to Lobby, Name:RoomSvr1 IdleRoomNum:2560 UserNum:0.(1)(2021-05-18_22-58-56-025)
send room info to Lobby, Name:RoomSvr1 IdleRoomNum:2560 UserNum:0.(1)(2021-05-18_22-59-16-050)
send room info to Lobby, Name:RoomSvr1 IdleRoomNum:2560 UserNum:0.(1)(2021-05-18_22-59-36-084)
send room info to Lobby, Name:RoomSvr1 IdleRoomNum:2560 UserNum:0.(1)(2021-05-18_22-59-56-116)
send room info to Lobby, Name:RoomSvr1 IdleRoomNum:2560 UserNum:0.(1)(2021-05-18_23-00-16-149)
send room info to Lobby, Name:RoomSvr1 IdleRoomNum:2560 UserNum:0.(1)(2021-05-18_23-00-36-174)
send room info to Lobby, Name:RoomSvr1 IdleRoomNum:2560 UserNum:0.(1)(2021-05-18_23-00-56-201)
send room info to Lobby, Name:RoomSvr1 IdleRoomNum:2560 UserNum:0.(1)(2021-05-18_23-01-16-225)
send room info to Lobby, Name:RoomSvr1 IdleRoomNum:2560 UserNum:0.(1)(2021-05-18_23-01-36-255)
send room info to Lobby, Name:RoomSvr1 IdleRoomNum:2560 UserNum:0.(1)(2021-05-18_23-01-56-287)
send room info to Lobby, Name:RoomSvr1 IdleRoomNum:2560 UserNum:0.(1)(2021-05-18_23-02-16-319)
send room info to Lobby, Name:RoomSvr1 IdleRoomNum:2560 UserNum:0.(1)(2021-05-18_23-02-36-351)
send room info to Lobby, Name:RoomSvr1 IdleRoomNum:2560 UserNum:0.(1)(2021-05-18_23-02-56-379)
send room info to Lobby, Name:RoomSvr1 IdleRoomNum:2560 UserNum:0.(1)(2021-05-18_23-03-16-405)
send room info to Lobby, Name:RoomSvr1 IdleRoomNum:2560 UserNum:0.(1)(2021-05-18_23-03-36-438)
send room info to Lobby, Name:RoomSvr1 IdleRoomNum:2560 UserNum:0.(1)(2021-05-18_23-03-56-470)
send room info to Lobby, Name:RoomSvr1 IdleRoomNum:2560 UserNum:0.(1)(2021-05-18_23-04-16-500)
send room info to Lobby, Name:RoomSvr1 IdleRoomNum:2560 UserNum:0.(1)(2021-05-18_23-04-36-526)
send room info to Lobby, Name:RoomSvr1 IdleRoomNum:2560 UserNum:0.(1)(2021-05-18_23-04-56-554)
send room info to Lobby, Name:RoomSvr1 IdleRoomNum:2560 UserNum:0.(1)(2021-05-18_23-05-16-574)
send room info to Lobby, Name:RoomSvr1 IdleRoomNum:2560 UserNum:0.(1)(2021-05-18_23-05-36-597)
send room info to Lobby, Name:RoomSvr1 IdleRoomNum:2560 UserNum:0.(1)(2021-05-18_23-05-56-619)
send room info to Lobby, Name:RoomSvr1 IdleRoomNum:2560 UserNum:0.(1)(2021-05-18_23-06-16-644)
send room info to Lobby, Name:RoomSvr1 IdleRoomNum:2560 UserNum:0.(1)(2021-05-18_23-06-36-676)
send room info to Lobby, Name:RoomSvr1 IdleRoomNum:2560 UserNum:0.(1)(2021-05-18_23-06-56-703)
send room info to Lobby, Name:RoomSvr1 IdleRoomNum:2560 UserNum:0.(1)(2021-05-18_23-07-16-730)
send room info to Lobby, Name:RoomSvr1 IdleRoomNum:2560 UserNum:0.(1)(2021-05-18_23-07-36-759)
send room info to Lobby, Name:RoomSvr1 IdleRoomNum:2560 UserNum:0.(1)(2021-05-18_23-07-56-789)
send room info to Lobby, Name:RoomSvr1 IdleRoomNum:2560 UserNum:0.(1)(2021-05-18_23-08-16-821)
send room info to Lobby, Name:RoomSvr1 IdleRoomNum:2560 UserNum:0.(1)(2021-05-18_23-08-36-850)
send room info to Lobby, Name:RoomSvr1 IdleRoomNum:2560 UserNum:0.(1)(2021-05-18_23-08-56-879)
send room info to Lobby, Name:RoomSvr1 IdleRoomNum:2560 UserNum:0.(1)(2021-05-18_23-09-16-911)
send room info to Lobby, Name:RoomSvr1 IdleRoomNum:2560 UserNum:0.(1)(2021-05-18_23-09-36-945)
send room info to Lobby, Name:RoomSvr1 IdleRoomNum:2560 UserNum:0.(1)(2021-05-18_23-09-56-978)
send room info to Lobby, Name:RoomSvr1 IdleRoomNum:2560 UserNum:0.(1)(2021-05-18_23-10-17-010)
send room info to Lobby, Name:RoomSvr1 IdleRoomNum:2560 UserNum:0.(1)(2021-05-18_23-10-37-035)
send room info to Lobby, Name:RoomSvr1 IdleRoomNum:2560 UserNum:0.(1)(2021-05-18_23-10-57-065)
send room info to Lobby, Name:RoomSvr1 IdleRoomNum:2560 UserNum:0.(1)(2021-05-18_23-11-17-102)
send room info to Lobby, Name:RoomSvr1 IdleRoomNum:2560 UserNum:0.(1)(2021-05-18_23-11-37-135)
send room info to Lobby, Name:RoomSvr1 IdleRoomNum:2560 UserNum:0.(1)(2021-05-18_23-11-57-166)
send room info to Lobby, Name:RoomSvr1 IdleRoomNum:2560 UserNum:0.(1)(2021-05-18_23-12-17-200)
send room info to Lobby, Name:RoomSvr1 IdleRoomNum:2560 UserNum:0.(1)(2021-05-18_23-12-37-236)
send room info to Lobby, Name:RoomSvr1 IdleRoomNum:2560 UserNum:0.(1)(2021-05-18_23-12-57-269)
send room info to Lobby, Name:RoomSvr1 IdleRoomNum:2560 UserNum:0.(1)(2021-05-18_23-13-17-299)
send room info to Lobby, Name:RoomSvr1 IdleRoomNum:2560 UserNum:0.(1)(2021-05-18_23-13-37-335)
send room info to Lobby, Name:RoomSvr1 IdleRoomNum:2560 UserNum:0.(1)(2021-05-18_23-13-57-354)
send room info to Lobby, Name:RoomSvr1 IdleRoomNum:2560 UserNum:0.(1)(2021-05-18_23-14-17-383)
send room info to Lobby, Name:RoomSvr1 IdleRoomNum:2560 UserNum:0.(1)(2021-05-18_23-14-37-413)
send room info to Lobby, Name:RoomSvr1 IdleRoomNum:2560 UserNum:0.(1)(2021-05-18_23-14-57-446)
send room info to Lobby, Name:RoomSvr1 IdleRoomNum:2560 UserNum:0.(1)(2021-05-18_23-15-17-478)
send room info to Lobby, Name:RoomSvr1 IdleRoomNum:2560 UserNum:0.(1)(2021-05-18_23-15-37-506)
send room info to Lobby, Name:RoomSvr1 IdleRoomNum:2560 UserNum:0.(1)(2021-05-18_23-15-57-535)
send room info to Lobby, Name:RoomSvr1 IdleRoomNum:2560 UserNum:0.(1)(2021-05-18_23-16-17-565)
send room info to Lobby, Name:RoomSvr1 IdleRoomNum:2560 UserNum:0.(1)(2021-05-18_23-16-37-594)
send room info to Lobby, Name:RoomSvr1 IdleRoomNum:2560 UserNum:0.(1)(2021-05-18_23-16-57-625)
send room info to Lobby, Name:RoomSvr1 IdleRoomNum:2560 UserNum:0.(1)(2021-05-18_23-17-17-647)
send room info to Lobby, Name:RoomSvr1 IdleRoomNum:2560 UserNum:0.(1)(2021-05-18_23-17-37-674)
send room info to Lobby, Name:RoomSvr1 IdleRoomNum:2560 UserNum:0.(1)(2021-05-18_23-17-57-695)
send room info to Lobby, Name:RoomSvr1 IdleRoomNum:2560 UserNum:0.(1)(2021-05-18_23-18-17-723)
send room info to Lobby, Name:RoomSvr1 IdleRoomNum:2560 UserNum:0.(1)(2021-05-18_23-18-37-744)
send room info to Lobby, Name:RoomSvr1 IdleRoomNum:2560 UserNum:0.(1)(2021-05-18_23-18-57-770)
send room info to Lobby, Name:RoomSvr1 IdleRoomNum:2560 UserNum:0.(1)(2021-05-18_23-19-17-794)
send room info to Lobby, Name:RoomSvr1 IdleRoomNum:2560 UserNum:0.(1)(2021-05-18_23-19-37-864)
send room info to Lobby, Name:RoomSvr1 IdleRoomNum:2560 UserNum:0.(1)(2021-05-18_23-19-57-893)
send room info to Lobby, Name:RoomSvr1 IdleRoomNum:2560 UserNum:0.(1)(2021-05-18_23-20-17-918)
send room info to Lobby, Name:RoomSvr1 IdleRoomNum:2560 UserNum:0.(1)(2021-05-18_23-20-37-950)
send room info to Lobby, Name:RoomSvr1 IdleRoomNum:2560 UserNum:0.(1)(2021-05-18_23-20-57-974)
send room info to Lobby, Name:RoomSvr1 IdleRoomNum:2560 UserNum:0.(1)(2021-05-18_23-21-18-007)
send room info to Lobby, Name:RoomSvr1 IdleRoomNum:2560 UserNum:0.(1)(2021-05-18_23-21-38-025)
send room info to Lobby, Name:RoomSvr1 IdleRoomNum:2560 UserNum:0.(1)(2021-05-18_23-21-58-030)
send room info to Lobby, Name:RoomSvr1 IdleRoomNum:2560 UserNum:0.(1)(2021-05-18_23-22-18-043)
send room info to Lobby, Name:RoomSvr1 IdleRoomNum:2560 UserNum:0.(1)(2021-05-18_23-22-38-063)
send room info to Lobby, Name:RoomSvr1 IdleRoomNum:2560 UserNum:0.(1)(2021-05-18_23-22-58-087)
send room info to Lobby, Name:RoomSvr1 IdleRoomNum:2560 UserNum:0.(1)(2021-05-18_23-23-18-104)
send room info to Lobby, Name:RoomSvr1 IdleRoomNum:2560 UserNum:0.(1)(2021-05-18_23-23-38-119)
send room info to Lobby, Name:RoomSvr1 IdleRoomNum:2560 UserNum:0.(1)(2021-05-18_23-23-58-136)
send room info to Lobby, Name:RoomSvr1 IdleRoomNum:2560 UserNum:0.(1)(2021-05-18_23-24-18-163)
send room info to Lobby, Name:RoomSvr1 IdleRoomNum:2560 UserNum:0.(1)(2021-05-18_23-24-38-188)
send room info to Lobby, Name:RoomSvr1 IdleRoomNum:2560 UserNum:0.(1)(2021-05-18_23-24-58-206)
send room info to Lobby, Name:RoomSvr1 IdleRoomNum:2560 UserNum:0.(1)(2021-05-18_23-25-18-225)
send room info to Lobby, Name:RoomSvr1 IdleRoomNum:2560 UserNum:0.(1)(2021-05-18_23-25-38-251)
send room info to Lobby, Name:RoomSvr1 IdleRoomNum:2560 UserNum:0.(1)(2021-05-18_23-25-58-274)
send room info to Lobby, Name:RoomSvr1 IdleRoomNum:2560 UserNum:0.(1)(2021-05-18_23-26-18-305)
send room info to Lobby, Name:RoomSvr1 IdleRoomNum:2560 UserNum:0.(1)(2021-05-18_23-26-38-330)
send room info to Lobby, Name:RoomSvr1 IdleRoomNum:2560 UserNum:0.(1)(2021-05-18_23-26-58-360)
send room info to Lobby, Name:RoomSvr1 IdleRoomNum:2560 UserNum:0.(1)(2021-05-18_23-27-18-395)
send room info to Lobby, Name:RoomSvr1 IdleRoomNum:2560 UserNum:0.(1)(2021-05-18_23-27-38-420)
send room info to Lobby, Name:RoomSvr1 IdleRoomNum:2560 UserNum:0.(1)(2021-05-18_23-27-58-441)
send room info to Lobby, Name:RoomSvr1 IdleRoomNum:2560 UserNum:0.(1)(2021-05-18_23-28-18-468)
send room info to Lobby, Name:RoomSvr1 IdleRoomNum:2560 UserNum:0.(1)(2021-05-18_23-28-38-478)
send room info to Lobby, Name:RoomSvr1 IdleRoomNum:2560 UserNum:0.(1)(2021-05-18_23-28-58-502)
send room info to Lobby, Name:RoomSvr1 IdleRoomNum:2560 UserNum:0.(1)(2021-05-18_23-29-18-526)
send room info to Lobby, Name:RoomSvr1 IdleRoomNum:2560 UserNum:0.(1)(2021-05-18_23-29-38-550)
send room info to Lobby, Name:RoomSvr1 IdleRoomNum:2560 UserNum:0.(1)(2021-05-18_23-29-58-557)
send room info to Lobby, Name:RoomSvr1 IdleRoomNum:2560 UserNum:0.(1)(2021-05-18_23-30-18-583)
send room info to Lobby, Name:RoomSvr1 IdleRoomNum:2560 UserNum:0.(1)(2021-05-18_23-30-38-610)
send room info to Lobby, Name:RoomSvr1 IdleRoomNum:2560 UserNum:0.(1)(2021-05-18_23-30-58-644)
send room info to Lobby, Name:RoomSvr1 IdleRoomNum:2560 UserNum:0.(1)(2021-05-18_23-31-18-664)
send room info to Lobby, Name:RoomSvr1 IdleRoomNum:2560 UserNum:0.(1)(2021-05-18_23-31-38-675)
send room info to Lobby, Name:RoomSvr1 IdleRoomNum:2560 UserNum:0.(1)(2021-05-18_23-31-58-681)
send room info to Lobby, Name:RoomSvr1 IdleRoomNum:2560 UserNum:0.(1)(2021-05-18_23-32-18-708)
send room info to Lobby, Name:RoomSvr1 IdleRoomNum:2560 UserNum:0.(1)(2021-05-18_23-32-38-737)
send room info to Lobby, Name:RoomSvr1 IdleRoomNum:2560 UserNum:0.(1)(2021-05-18_23-32-58-767)
send room info to Lobby, Name:RoomSvr1 IdleRoomNum:2560 UserNum:0.(1)(2021-05-18_23-33-18-785)
send room info to Lobby, Name:RoomSvr1 IdleRoomNum:2560 UserNum:0.(1)(2021-05-18_23-33-38-804)
send room info to Lobby, Name:RoomSvr1 IdleRoomNum:2560 UserNum:0.(1)(2021-05-18_23-33-58-826)
send room info to Lobby, Name:RoomSvr1 IdleRoomNum:2560 UserNum:0.(1)(2021-05-18_23-34-18-846)
send room info to Lobby, Name:RoomSvr1 IdleRoomNum:2560 UserNum:0.(1)(2021-05-18_23-34-38-860)
send room info to Lobby, Name:RoomSvr1 IdleRoomNum:2560 UserNum:0.(1)(2021-05-18_23-34-58-884)
send room info to Lobby, Name:RoomSvr1 IdleRoomNum:2560 UserNum:0.(1)(2021-05-18_23-35-18-912)
send room info to Lobby, Name:RoomSvr1 IdleRoomNum:2560 UserNum:0.(1)(2021-05-18_23-35-38-939)
send room info to Lobby, Name:RoomSvr1 IdleRoomNum:2560 UserNum:0.(1)(2021-05-18_23-35-58-974)
send room info to Lobby, Name:RoomSvr1 IdleRoomNum:2560 UserNum:0.(1)(2021-05-18_23-36-18-996)
send room info to Lobby, Name:RoomSvr1 IdleRoomNum:2560 UserNum:0.(1)(2021-05-18_23-36-39-027)
send room info to Lobby, Name:RoomSvr1 IdleRoomNum:2560 UserNum:0.(1)(2021-05-18_23-36-59-058)
send room info to Lobby, Name:RoomSvr1 IdleRoomNum:2560 UserNum:0.(1)(2021-05-18_23-37-19-080)
send room info to Lobby, Name:RoomSvr1 IdleRoomNum:2560 UserNum:0.(1)(2021-05-18_23-37-39-102)
send room info to Lobby, Name:RoomSvr1 IdleRoomNum:2560 UserNum:0.(1)(2021-05-18_23-37-59-120)
send room info to Lobby, Name:RoomSvr1 IdleRoomNum:2560 UserNum:0.(1)(2021-05-18_23-38-19-148)
send room info to Lobby, Name:RoomSvr1 IdleRoomNum:2560 UserNum:0.(1)(2021-05-18_23-38-39-170)
send room info to Lobby, Name:RoomSvr1 IdleRoomNum:2560 UserNum:0.(1)(2021-05-18_23-38-59-199)
send room info to Lobby, Name:RoomSvr1 IdleRoomNum:2560 UserNum:0.(1)(2021-05-18_23-39-19-248)
send room info to Lobby, Name:RoomSvr1 IdleRoomNum:2560 UserNum:0.(1)(2021-05-18_23-39-39-265)
send room info to Lobby, Name:RoomSvr1 IdleRoomNum:2560 UserNum:0.(1)(2021-05-18_23-39-59-282)
send room info to Lobby, Name:RoomSvr1 IdleRoomNum:2560 UserNum:0.(1)(2021-05-18_23-40-19-304)
send room info to Lobby, Name:RoomSvr1 IdleRoomNum:2560 UserNum:0.(1)(2021-05-18_23-40-39-320)
send room info to Lobby, Name:RoomSvr1 IdleRoomNum:2560 UserNum:0.(1)(2021-05-18_23-40-59-345)
send room info to Lobby, Name:RoomSvr1 IdleRoomNum:2560 UserNum:0.(1)(2021-05-18_23-41-19-376)
send room info to Lobby, Name:RoomSvr1 IdleRoomNum:2560 UserNum:0.(1)(2021-05-18_23-41-39-400)
send room info to Lobby, Name:RoomSvr1 IdleRoomNum:2560 UserNum:0.(1)(2021-05-18_23-41-59-430)
send room info to Lobby, Name:RoomSvr1 IdleRoomNum:2560 UserNum:0.(1)(2021-05-18_23-42-19-462)
send room info to Lobby, Name:RoomSvr1 IdleRoomNum:2560 UserNum:0.(1)(2021-05-18_23-42-39-477)
send room info to Lobby, Name:RoomSvr1 IdleRoomNum:2560 UserNum:0.(1)(2021-05-18_23-42-59-495)
send room info to Lobby, Name:RoomSvr1 IdleRoomNum:2560 UserNum:0.(1)(2021-05-18_23-43-19-530)
send room info to Lobby, Name:RoomSvr1 IdleRoomNum:2560 UserNum:0.(1)(2021-05-18_23-43-39-561)
send room info to Lobby, Name:RoomSvr1 IdleRoomNum:2560 UserNum:0.(1)(2021-05-18_23-43-59-594)
send room info to Lobby, Name:RoomSvr1 IdleRoomNum:2560 UserNum:0.(1)(2021-05-18_23-44-19-606)
send room info to Lobby, Name:RoomSvr1 IdleRoomNum:2560 UserNum:0.(1)(2021-05-18_23-44-39-629)
send room info to Lobby, Name:RoomSvr1 IdleRoomNum:2560 UserNum:0.(1)(2021-05-18_23-44-59-655)
send room info to Lobby, Name:RoomSvr1 IdleRoomNum:2560 UserNum:0.(1)(2021-05-18_23-45-19-683)
send room info to Lobby, Name:RoomSvr1 IdleRoomNum:2560 UserNum:0.(1)(2021-05-18_23-45-39-701)
send room info to Lobby, Name:RoomSvr1 IdleRoomNum:2560 UserNum:0.(1)(2021-05-18_23-45-59-716)
send room info to Lobby, Name:RoomSvr1 IdleRoomNum:2560 UserNum:0.(1)(2021-05-18_23-46-19-739)
send room info to Lobby, Name:RoomSvr1 IdleRoomNum:2560 UserNum:0.(1)(2021-05-18_23-46-39-755)
send room info to Lobby, Name:RoomSvr1 IdleRoomNum:2560 UserNum:0.(1)(2021-05-18_23-46-59-786)
send room info to Lobby, Name:RoomSvr1 IdleRoomNum:2560 UserNum:0.(1)(2021-05-18_23-47-19-808)
send room info to Lobby, Name:RoomSvr1 IdleRoomNum:2560 UserNum:0.(1)(2021-05-18_23-47-39-828)
send room info to Lobby, Name:RoomSvr1 IdleRoomNum:2560 UserNum:0.(1)(2021-05-18_23-47-59-848)
send room info to Lobby, Name:RoomSvr1 IdleRoomNum:2560 UserNum:0.(1)(2021-05-18_23-48-19-878)
send room info to Lobby, Name:RoomSvr1 IdleRoomNum:2560 UserNum:0.(1)(2021-05-18_23-48-39-904)
send room info to Lobby, Name:RoomSvr1 IdleRoomNum:2560 UserNum:0.(1)(2021-05-18_23-48-59-932)
send room info to Lobby, Name:RoomSvr1 IdleRoomNum:2560 UserNum:0.(1)(2021-05-18_23-49-19-963)
send room info to Lobby, Name:RoomSvr1 IdleRoomNum:2560 UserNum:0.(1)(2021-05-18_23-49-39-994)
send room info to Lobby, Name:RoomSvr1 IdleRoomNum:2560 UserNum:0.(1)(2021-05-18_23-50-00-020)
send room info to Lobby, Name:RoomSvr1 IdleRoomNum:2560 UserNum:0.(1)(2021-05-18_23-50-20-059)
send room info to Lobby, Name:RoomSvr1 IdleRoomNum:2560 UserNum:0.(1)(2021-05-18_23-50-40-079)
send room info to Lobby, Name:RoomSvr1 IdleRoomNum:2560 UserNum:0.(1)(2021-05-18_23-51-00-100)
send room info to Lobby, Name:RoomSvr1 IdleRoomNum:2560 UserNum:0.(1)(2021-05-18_23-51-20-130)
send room info to Lobby, Name:RoomSvr1 IdleRoomNum:2560 UserNum:0.(1)(2021-05-18_23-51-40-169)
send room info to Lobby, Name:RoomSvr1 IdleRoomNum:2560 UserNum:0.(1)(2021-05-18_23-52-00-201)
send room info to Lobby, Name:RoomSvr1 IdleRoomNum:2560 UserNum:0.(1)(2021-05-18_23-52-20-217)
send room info to Lobby, Name:RoomSvr1 IdleRoomNum:2560 UserNum:0.(1)(2021-05-18_23-52-40-226)
send room info to Lobby, Name:RoomSvr1 IdleRoomNum:2560 UserNum:0.(1)(2021-05-18_23-53-00-260)
send room info to Lobby, Name:RoomSvr1 IdleRoomNum:2560 UserNum:0.(1)(2021-05-18_23-53-20-285)
send room info to Lobby, Name:RoomSvr1 IdleRoomNum:2560 UserNum:0.(1)(2021-05-18_23-53-40-318)
send room info to Lobby, Name:RoomSvr1 IdleRoomNum:2560 UserNum:0.(1)(2021-05-18_23-54-00-348)
send room info to Lobby, Name:RoomSvr1 IdleRoomNum:2560 UserNum:0.(1)(2021-05-18_23-54-20-369)
send room info to Lobby, Name:RoomSvr1 IdleRoomNum:2560 UserNum:0.(1)(2021-05-18_23-54-40-398)
send room info to Lobby, Name:RoomSvr1 IdleRoomNum:2560 UserNum:0.(1)(2021-05-18_23-55-00-413)
send room info to Lobby, Name:RoomSvr1 IdleRoomNum:2560 UserNum:0.(1)(2021-05-18_23-55-20-430)
send room info to Lobby, Name:RoomSvr1 IdleRoomNum:2560 UserNum:0.(1)(2021-05-18_23-55-40-463)
send room info to Lobby, Name:RoomSvr1 IdleRoomNum:2560 UserNum:0.(1)(2021-05-18_23-56-00-482)
send room info to Lobby, Name:RoomSvr1 IdleRoomNum:2560 UserNum:0.(1)(2021-05-18_23-56-20-500)
send room info to Lobby, Name:RoomSvr1 IdleRoomNum:2560 UserNum:0.(1)(2021-05-18_23-56-40-530)
send room info to Lobby, Name:RoomSvr1 IdleRoomNum:2560 UserNum:0.(1)(2021-05-18_23-57-00-558)
send room info to Lobby, Name:RoomSvr1 IdleRoomNum:2560 UserNum:0.(1)(2021-05-18_23-57-20-576)
send room info to Lobby, Name:RoomSvr1 IdleRoomNum:2560 UserNum:0.(1)(2021-05-18_23-57-40-605)
send room info to Lobby, Name:RoomSvr1 IdleRoomNum:2560 UserNum:0.(1)(2021-05-18_23-58-00-636)
send room info to Lobby, Name:RoomSvr1 IdleRoomNum:2560 UserNum:0.(1)(2021-05-18_23-58-20-664)
send room info to Lobby, Name:RoomSvr1 IdleRoomNum:2560 UserNum:0.(1)(2021-05-18_23-58-40-686)
send room info to Lobby, Name:RoomSvr1 IdleRoomNum:2560 UserNum:0.(1)(2021-05-18_23-59-00-719)
send room info to Lobby, Name:RoomSvr1 IdleRoomNum:2560 UserNum:0.(1)(2021-05-18_23-59-20-759)
