Init Succ!(1)(2021-05-18_22-53-35-522)
RegisterRoomServer,name:RoomSvr1,ip:127.0.0.1,port:9528,max room num:2560(14)(2021-05-18_22-53-40-738)
RegisterNodeJs,name:NodeJs1(14)(2021-05-18_22-53-43-508)
DoUserLogin,guid:1,nick:卡尔·格兰特,key:112760315,acc:509832077(7)(2021-05-18_22-53-54-686)
UpdateRoomServerInfo,name:RoomSvr1,idle room num:2560,cur user num:0(14)(2021-05-18_22-53-55-576)
UpdateRoomServerInfo,name:RoomSvr1,idle room num:2560,cur user num:0(14)(2021-05-18_22-54-15-609)
UpdateRoomServerInfo,name:RoomSvr1,idle room num:2560,cur user num:0(14)(2021-05-18_22-54-35-641)
UpdateRoomServerInfo,name:RoomSvr1,idle room num:2560,cur user num:0(14)(2021-05-18_22-54-55-678)
UpdateRoomServerInfo,name:RoomSvr1,idle room num:2560,cur user num:0(14)(2021-05-18_22-55-15-707)
UpdateRoomServerInfo,name:RoomSvr1,idle room num:2560,cur user num:0(14)(2021-05-18_22-55-35-740)
UpdateRoomServerInfo,name:RoomSvr1,idle room num:2560,cur user num:0(14)(2021-05-18_22-55-55-772)
UpdateRoomServerInfo,name:RoomSvr1,idle room num:2560,cur user num:0(14)(2021-05-18_22-56-15-815)
DoUserLogin,guid:1,nick:卡尔·格兰特,key:9257430,acc:509832077(8)(2021-05-18_22-56-27-168)
UpdateRoomServerInfo,name:RoomSvr1,idle room num:2560,cur user num:0(14)(2021-05-18_22-56-35-838)
UpdateRoomServerInfo,name:RoomSvr1,idle room num:2560,cur user num:0(14)(2021-05-18_22-56-55-869)
UpdateRoomServerInfo,name:RoomSvr1,idle room num:2560,cur user num:0(14)(2021-05-18_22-57-15-903)
[Debug]:Init UserCombatInfo: SceneId = 2011, StartTime = 226077, GoldSum = 324, Exp = 30, RewardItem = 101001, ItemCount = 2(14)(2021-05-18_22-57-21-897)
UpdateRoomServerInfo,name:RoomSvr1,idle room num:2560,cur user num:0(14)(2021-05-18_22-57-35-937)
UpdateRoomServerInfo,name:RoomSvr1,idle room num:2560,cur user num:0(14)(2021-05-18_22-57-55-978)
UpdateRoomServerInfo,name:RoomSvr1,idle room num:2560,cur user num:0(14)(2021-05-18_22-58-16-006)
UpdateRoomServerInfo,name:RoomSvr1,idle room num:2560,cur user num:0(14)(2021-05-18_22-58-36-021)
user 1 completed mission 10013.(9)(2021-05-18_22-58-42-064)
UpdateRoomServerInfo,name:RoomSvr1,idle room num:2560,cur user num:0(14)(2021-05-18_22-58-56-065)
UpdateRoomServerInfo,name:RoomSvr1,idle room num:2560,cur user num:0(14)(2021-05-18_22-59-16-090)
UpdateRoomServerInfo,name:RoomSvr1,idle room num:2560,cur user num:0(14)(2021-05-18_22-59-36-114)
UpdateRoomServerInfo,name:RoomSvr1,idle room num:2560,cur user num:0(14)(2021-05-18_22-59-56-158)
UpdateRoomServerInfo,name:RoomSvr1,idle room num:2560,cur user num:0(14)(2021-05-18_23-00-16-177)
UpdateRoomServerInfo,name:RoomSvr1,idle room num:2560,cur user num:0(14)(2021-05-18_23-00-36-199)
UpdateRoomServerInfo,name:RoomSvr1,idle room num:2560,cur user num:0(14)(2021-05-18_23-00-56-226)
UpdateRoomServerInfo,name:RoomSvr1,idle room num:2560,cur user num:0(14)(2021-05-18_23-01-16-250)
UpdateRoomServerInfo,name:RoomSvr1,idle room num:2560,cur user num:0(14)(2021-05-18_23-01-36-288)
UpdateRoomServerInfo,name:RoomSvr1,idle room num:2560,cur user num:0(14)(2021-05-18_23-01-56-320)
UpdateRoomServerInfo,name:RoomSvr1,idle room num:2560,cur user num:0(14)(2021-05-18_23-02-16-363)
UpdateRoomServerInfo,name:RoomSvr1,idle room num:2560,cur user num:0(14)(2021-05-18_23-02-36-375)
UpdateRoomServerInfo,name:RoomSvr1,idle room num:2560,cur user num:0(14)(2021-05-18_23-02-56-412)
UpdateRoomServerInfo,name:RoomSvr1,idle room num:2560,cur user num:0(14)(2021-05-18_23-03-16-437)
UpdateRoomServerInfo,name:RoomSvr1,idle room num:2560,cur user num:0(14)(2021-05-18_23-03-36-473)
UpdateRoomServerInfo,name:RoomSvr1,idle room num:2560,cur user num:0(14)(2021-05-18_23-03-56-500)
UpdateRoomServerInfo,name:RoomSvr1,idle room num:2560,cur user num:0(14)(2021-05-18_23-04-16-531)
UpdateRoomServerInfo,name:RoomSvr1,idle room num:2560,cur user num:0(14)(2021-05-18_23-04-36-552)
UpdateRoomServerInfo,name:RoomSvr1,idle room num:2560,cur user num:0(14)(2021-05-18_23-04-56-588)
UpdateRoomServerInfo,name:RoomSvr1,idle room num:2560,cur user num:0(14)(2021-05-18_23-05-16-618)
UpdateRoomServerInfo,name:RoomSvr1,idle room num:2560,cur user num:0(14)(2021-05-18_23-05-36-627)
UpdateRoomServerInfo,name:RoomSvr1,idle room num:2560,cur user num:0(14)(2021-05-18_23-05-56-663)
UpdateRoomServerInfo,name:RoomSvr1,idle room num:2560,cur user num:0(14)(2021-05-18_23-06-16-688)
UpdateRoomServerInfo,name:RoomSvr1,idle room num:2560,cur user num:0(14)(2021-05-18_23-06-36-706)
UpdateRoomServerInfo,name:RoomSvr1,idle room num:2560,cur user num:0(14)(2021-05-18_23-06-56-735)
UpdateRoomServerInfo,name:RoomSvr1,idle room num:2560,cur user num:0(14)(2021-05-18_23-07-16-773)
UpdateRoomServerInfo,name:RoomSvr1,idle room num:2560,cur user num:0(14)(2021-05-18_23-07-36-790)
UpdateRoomServerInfo,name:RoomSvr1,idle room num:2560,cur user num:0(14)(2021-05-18_23-07-56-820)
UpdateRoomServerInfo,name:RoomSvr1,idle room num:2560,cur user num:0(14)(2021-05-18_23-08-16-850)
UpdateRoomServerInfo,name:RoomSvr1,idle room num:2560,cur user num:0(14)(2021-05-18_23-08-36-875)
UpdateRoomServerInfo,name:RoomSvr1,idle room num:2560,cur user num:0(14)(2021-05-18_23-08-56-900)
UpdateRoomServerInfo,name:RoomSvr1,idle room num:2560,cur user num:0(14)(2021-05-18_23-09-16-942)
UpdateRoomServerInfo,name:RoomSvr1,idle room num:2560,cur user num:0(14)(2021-05-18_23-09-36-977)
UpdateRoomServerInfo,name:RoomSvr1,idle room num:2560,cur user num:0(14)(2021-05-18_23-09-57-008)
[Debug]:Init UserCombatInfo: SceneId = 1013, StartTime = 994105, GoldSum = 48, Exp = 4, RewardItem = 101001, ItemCount = 1(14)(2021-05-18_23-10-09-925)
UpdateRoomServerInfo,name:RoomSvr1,idle room num:2560,cur user num:0(14)(2021-05-18_23-10-17-040)
UpdateRoomServerInfo,name:RoomSvr1,idle room num:2560,cur user num:0(14)(2021-05-18_23-10-37-061)
UpdateRoomServerInfo,name:RoomSvr1,idle room num:2560,cur user num:0(14)(2021-05-18_23-10-57-090)
user 1 completed mission 10001.(4)(2021-05-18_23-10-59-951)
user 1 completed mission 40001.(4)(2021-05-18_23-10-59-951)
UpdateRoomServerInfo,name:RoomSvr1,idle room num:2560,cur user num:0(14)(2021-05-18_23-11-17-127)
UpdateRoomServerInfo,name:RoomSvr1,idle room num:2560,cur user num:0(14)(2021-05-18_23-11-37-160)
UpdateRoomServerInfo,name:RoomSvr1,idle room num:2560,cur user num:0(14)(2021-05-18_23-11-57-198)
UpdateRoomServerInfo,name:RoomSvr1,idle room num:2560,cur user num:0(14)(2021-05-18_23-12-17-230)
UpdateRoomServerInfo,name:RoomSvr1,idle room num:2560,cur user num:0(14)(2021-05-18_23-12-37-268)
UpdateRoomServerInfo,name:RoomSvr1,idle room num:2560,cur user num:0(14)(2021-05-18_23-12-57-297)
UpdateRoomServerInfo,name:RoomSvr1,idle room num:2560,cur user num:0(14)(2021-05-18_23-13-17-337)
UpdateRoomServerInfo,name:RoomSvr1,idle room num:2560,cur user num:0(14)(2021-05-18_23-13-37-363)
UpdateRoomServerInfo,name:RoomSvr1,idle room num:2560,cur user num:0(14)(2021-05-18_23-13-57-385)
UpdateRoomServerInfo,name:RoomSvr1,idle room num:2560,cur user num:0(14)(2021-05-18_23-14-17-415)
UpdateRoomServerInfo,name:RoomSvr1,idle room num:2560,cur user num:0(14)(2021-05-18_23-14-37-442)
UpdateRoomServerInfo,name:RoomSvr1,idle room num:2560,cur user num:0(14)(2021-05-18_23-14-57-475)
UpdateRoomServerInfo,name:RoomSvr1,idle room num:2560,cur user num:0(14)(2021-05-18_23-15-17-504)
UpdateRoomServerInfo,name:RoomSvr1,idle room num:2560,cur user num:0(14)(2021-05-18_23-15-37-530)
UpdateRoomServerInfo,name:RoomSvr1,idle room num:2560,cur user num:0(14)(2021-05-18_23-15-57-578)
UpdateRoomServerInfo,name:RoomSvr1,idle room num:2560,cur user num:0(14)(2021-05-18_23-16-17-596)
UpdateRoomServerInfo,name:RoomSvr1,idle room num:2560,cur user num:0(14)(2021-05-18_23-16-37-619)
UpdateRoomServerInfo,name:RoomSvr1,idle room num:2560,cur user num:0(14)(2021-05-18_23-16-57-669)
UpdateRoomServerInfo,name:RoomSvr1,idle room num:2560,cur user num:0(14)(2021-05-18_23-17-17-688)
UpdateRoomServerInfo,name:RoomSvr1,idle room num:2560,cur user num:0(14)(2021-05-18_23-17-37-698)
UpdateRoomServerInfo,name:RoomSvr1,idle room num:2560,cur user num:0(14)(2021-05-18_23-17-57-733)
UpdateRoomServerInfo,name:RoomSvr1,idle room num:2560,cur user num:0(14)(2021-05-18_23-18-17-750)
UpdateRoomServerInfo,name:RoomSvr1,idle room num:2560,cur user num:0(14)(2021-05-18_23-18-37-766)
UpdateRoomServerInfo,name:RoomSvr1,idle room num:2560,cur user num:0(14)(2021-05-18_23-18-57-803)
UpdateRoomServerInfo,name:RoomSvr1,idle room num:2560,cur user num:0(14)(2021-05-18_23-19-17-819)
UpdateRoomServerInfo,name:RoomSvr1,idle room num:2560,cur user num:0(14)(2021-05-18_23-19-37-974)
UpdateRoomServerInfo,name:RoomSvr1,idle room num:2560,cur user num:0(14)(2021-05-18_23-19-57-921)
UpdateRoomServerInfo,name:RoomSvr1,idle room num:2560,cur user num:0(14)(2021-05-18_23-20-17-957)
UpdateRoomServerInfo,name:RoomSvr1,idle room num:2560,cur user num:0(14)(2021-05-18_23-20-37-977)
UpdateRoomServerInfo,name:RoomSvr1,idle room num:2560,cur user num:0(14)(2021-05-18_23-20-58-005)
UpdateRoomServerInfo,name:RoomSvr1,idle room num:2560,cur user num:0(14)(2021-05-18_23-21-18-031)
UpdateRoomServerInfo,name:RoomSvr1,idle room num:2560,cur user num:0(14)(2021-05-18_23-21-38-056)
UpdateRoomServerInfo,name:RoomSvr1,idle room num:2560,cur user num:0(14)(2021-05-18_23-21-58-061)
UpdateRoomServerInfo,name:RoomSvr1,idle room num:2560,cur user num:0(14)(2021-05-18_23-22-18-065)
UpdateRoomServerInfo,name:RoomSvr1,idle room num:2560,cur user num:0(14)(2021-05-18_23-22-38-090)
UpdateRoomServerInfo,name:RoomSvr1,idle room num:2560,cur user num:0(14)(2021-05-18_23-22-58-117)
UpdateRoomServerInfo,name:RoomSvr1,idle room num:2560,cur user num:0(14)(2021-05-18_23-23-18-136)
UpdateRoomServerInfo,name:RoomSvr1,idle room num:2560,cur user num:0(14)(2021-05-18_23-23-38-152)
UpdateRoomServerInfo,name:RoomSvr1,idle room num:2560,cur user num:0(14)(2021-05-18_23-23-58-157)
UpdateRoomServerInfo,name:RoomSvr1,idle room num:2560,cur user num:0(14)(2021-05-18_23-24-18-193)
UpdateRoomServerInfo,name:RoomSvr1,idle room num:2560,cur user num:0(14)(2021-05-18_23-24-38-211)
UpdateRoomServerInfo,name:RoomSvr1,idle room num:2560,cur user num:0(14)(2021-05-18_23-24-58-239)
UpdateRoomServerInfo,name:RoomSvr1,idle room num:2560,cur user num:0(14)(2021-05-18_23-25-18-264)
UpdateRoomServerInfo,name:RoomSvr1,idle room num:2560,cur user num:0(14)(2021-05-18_23-25-38-276)
UpdateRoomServerInfo,name:RoomSvr1,idle room num:2560,cur user num:0(14)(2021-05-18_23-25-58-310)
UpdateRoomServerInfo,name:RoomSvr1,idle room num:2560,cur user num:0(14)(2021-05-18_23-26-18-330)
UpdateRoomServerInfo,name:RoomSvr1,idle room num:2560,cur user num:0(14)(2021-05-18_23-26-38-362)
UpdateRoomServerInfo,name:RoomSvr1,idle room num:2560,cur user num:0(14)(2021-05-18_23-26-58-394)
UpdateRoomServerInfo,name:RoomSvr1,idle room num:2560,cur user num:0(14)(2021-05-18_23-27-18-419)
UpdateRoomServerInfo,name:RoomSvr1,idle room num:2560,cur user num:0(14)(2021-05-18_23-27-38-448)
UpdateRoomServerInfo,name:RoomSvr1,idle room num:2560,cur user num:0(14)(2021-05-18_23-27-58-474)
UpdateRoomServerInfo,name:RoomSvr1,idle room num:2560,cur user num:0(14)(2021-05-18_23-28-18-493)
UpdateRoomServerInfo,name:RoomSvr1,idle room num:2560,cur user num:0(14)(2021-05-18_23-28-38-503)
UpdateRoomServerInfo,name:RoomSvr1,idle room num:2560,cur user num:0(14)(2021-05-18_23-28-58-539)
UpdateRoomServerInfo,name:RoomSvr1,idle room num:2560,cur user num:0(14)(2021-05-18_23-29-18-554)
UpdateRoomServerInfo,name:RoomSvr1,idle room num:2560,cur user num:0(14)(2021-05-18_23-29-38-578)
UpdateRoomServerInfo,name:RoomSvr1,idle room num:2560,cur user num:0(14)(2021-05-18_23-29-58-588)
UpdateRoomServerInfo,name:RoomSvr1,idle room num:2560,cur user num:0(14)(2021-05-18_23-30-18-615)
UpdateRoomServerInfo,name:RoomSvr1,idle room num:2560,cur user num:0(14)(2021-05-18_23-30-38-635)
UpdateRoomServerInfo,name:RoomSvr1,idle room num:2560,cur user num:0(14)(2021-05-18_23-30-58-668)
UpdateRoomServerInfo,name:RoomSvr1,idle room num:2560,cur user num:0(14)(2021-05-18_23-31-18-690)
UpdateRoomServerInfo,name:RoomSvr1,idle room num:2560,cur user num:0(14)(2021-05-18_23-31-38-705)
UpdateRoomServerInfo,name:RoomSvr1,idle room num:2560,cur user num:0(14)(2021-05-18_23-31-58-718)
UpdateRoomServerInfo,name:RoomSvr1,idle room num:2560,cur user num:0(14)(2021-05-18_23-32-18-733)
UpdateRoomServerInfo,name:RoomSvr1,idle room num:2560,cur user num:0(14)(2021-05-18_23-32-38-781)
UpdateRoomServerInfo,name:RoomSvr1,idle room num:2560,cur user num:0(14)(2021-05-18_23-32-58-811)
UpdateRoomServerInfo,name:RoomSvr1,idle room num:2560,cur user num:0(14)(2021-05-18_23-33-18-818)
UpdateRoomServerInfo,name:RoomSvr1,idle room num:2560,cur user num:0(14)(2021-05-18_23-33-38-833)
UpdateRoomServerInfo,name:RoomSvr1,idle room num:2560,cur user num:0(14)(2021-05-18_23-33-58-868)
UpdateRoomServerInfo,name:RoomSvr1,idle room num:2560,cur user num:0(14)(2021-05-18_23-34-18-876)
UpdateRoomServerInfo,name:RoomSvr1,idle room num:2560,cur user num:0(14)(2021-05-18_23-34-38-892)
UpdateRoomServerInfo,name:RoomSvr1,idle room num:2560,cur user num:0(14)(2021-05-18_23-34-58-927)
UpdateRoomServerInfo,name:RoomSvr1,idle room num:2560,cur user num:0(14)(2021-05-18_23-35-18-951)
UpdateRoomServerInfo,name:RoomSvr1,idle room num:2560,cur user num:0(14)(2021-05-18_23-35-38-966)
UpdateRoomServerInfo,name:RoomSvr1,idle room num:2560,cur user num:0(14)(2021-05-18_23-35-59-001)
UpdateRoomServerInfo,name:RoomSvr1,idle room num:2560,cur user num:0(14)(2021-05-18_23-36-19-029)
UpdateRoomServerInfo,name:RoomSvr1,idle room num:2560,cur user num:0(14)(2021-05-18_23-36-39-054)
UpdateRoomServerInfo,name:RoomSvr1,idle room num:2560,cur user num:0(14)(2021-05-18_23-36-59-082)
UpdateRoomServerInfo,name:RoomSvr1,idle room num:2560,cur user num:0(14)(2021-05-18_23-37-19-111)
UpdateRoomServerInfo,name:RoomSvr1,idle room num:2560,cur user num:0(14)(2021-05-18_23-37-39-136)
UpdateRoomServerInfo,name:RoomSvr1,idle room num:2560,cur user num:0(14)(2021-05-18_23-37-59-164)
UpdateRoomServerInfo,name:RoomSvr1,idle room num:2560,cur user num:0(14)(2021-05-18_23-38-19-171)
UpdateRoomServerInfo,name:RoomSvr1,idle room num:2560,cur user num:0(14)(2021-05-18_23-38-39-213)
UpdateRoomServerInfo,name:RoomSvr1,idle room num:2560,cur user num:0(14)(2021-05-18_23-38-59-239)
UpdateRoomServerInfo,name:RoomSvr1,idle room num:2560,cur user num:0(14)(2021-05-18_23-39-19-271)
UpdateRoomServerInfo,name:RoomSvr1,idle room num:2560,cur user num:0(14)(2021-05-18_23-39-39-296)
UpdateRoomServerInfo,name:RoomSvr1,idle room num:2560,cur user num:0(14)(2021-05-18_23-39-59-311)
UpdateRoomServerInfo,name:RoomSvr1,idle room num:2560,cur user num:0(14)(2021-05-18_23-40-19-337)
UpdateRoomServerInfo,name:RoomSvr1,idle room num:2560,cur user num:0(14)(2021-05-18_23-40-39-351)
UpdateRoomServerInfo,name:RoomSvr1,idle room num:2560,cur user num:0(14)(2021-05-18_23-40-59-378)
UpdateRoomServerInfo,name:RoomSvr1,idle room num:2560,cur user num:0(14)(2021-05-18_23-41-19-399)
UpdateRoomServerInfo,name:RoomSvr1,idle room num:2560,cur user num:0(14)(2021-05-18_23-41-39-427)
UpdateRoomServerInfo,name:RoomSvr1,idle room num:2560,cur user num:0(14)(2021-05-18_23-41-59-473)
UpdateRoomServerInfo,name:RoomSvr1,idle room num:2560,cur user num:0(14)(2021-05-18_23-42-19-505)
UpdateRoomServerInfo,name:RoomSvr1,idle room num:2560,cur user num:0(14)(2021-05-18_23-42-39-507)
UpdateRoomServerInfo,name:RoomSvr1,idle room num:2560,cur user num:0(14)(2021-05-18_23-42-59-525)
UpdateRoomServerInfo,name:RoomSvr1,idle room num:2560,cur user num:0(14)(2021-05-18_23-43-19-562)
UpdateRoomServerInfo,name:RoomSvr1,idle room num:2560,cur user num:0(14)(2021-05-18_23-43-39-590)
UpdateRoomServerInfo,name:RoomSvr1,idle room num:2560,cur user num:0(14)(2021-05-18_23-43-59-624)
UpdateRoomServerInfo,name:RoomSvr1,idle room num:2560,cur user num:0(14)(2021-05-18_23-44-19-642)
UpdateRoomServerInfo,name:RoomSvr1,idle room num:2560,cur user num:0(14)(2021-05-18_23-44-39-662)
UpdateRoomServerInfo,name:RoomSvr1,idle room num:2560,cur user num:0(14)(2021-05-18_23-44-59-699)
UpdateRoomServerInfo,name:RoomSvr1,idle room num:2560,cur user num:0(14)(2021-05-18_23-45-19-715)
UpdateRoomServerInfo,name:RoomSvr1,idle room num:2560,cur user num:0(14)(2021-05-18_23-45-39-741)
UpdateRoomServerInfo,name:RoomSvr1,idle room num:2560,cur user num:0(14)(2021-05-18_23-45-59-754)
UpdateRoomServerInfo,name:RoomSvr1,idle room num:2560,cur user num:0(14)(2021-05-18_23-46-19-782)
UpdateRoomServerInfo,name:RoomSvr1,idle room num:2560,cur user num:0(14)(2021-05-18_23-46-39-787)
UpdateRoomServerInfo,name:RoomSvr1,idle room num:2560,cur user num:0(14)(2021-05-18_23-46-59-819)
UpdateRoomServerInfo,name:RoomSvr1,idle room num:2560,cur user num:0(14)(2021-05-18_23-47-19-840)
UpdateRoomServerInfo,name:RoomSvr1,idle room num:2560,cur user num:0(14)(2021-05-18_23-47-39-851)
UpdateRoomServerInfo,name:RoomSvr1,idle room num:2560,cur user num:0(14)(2021-05-18_23-47-59-878)
UpdateRoomServerInfo,name:RoomSvr1,idle room num:2560,cur user num:0(14)(2021-05-18_23-48-19-902)
UpdateRoomServerInfo,name:RoomSvr1,idle room num:2560,cur user num:0(14)(2021-05-18_23-48-39-942)
UpdateRoomServerInfo,name:RoomSvr1,idle room num:2560,cur user num:0(14)(2021-05-18_23-48-59-969)
UpdateRoomServerInfo,name:RoomSvr1,idle room num:2560,cur user num:0(14)(2021-05-18_23-49-19-996)
UpdateRoomServerInfo,name:RoomSvr1,idle room num:2560,cur user num:0(14)(2021-05-18_23-49-40-018)
UpdateRoomServerInfo,name:RoomSvr1,idle room num:2560,cur user num:0(14)(2021-05-18_23-50-00-043)
UpdateRoomServerInfo,name:RoomSvr1,idle room num:2560,cur user num:0(14)(2021-05-18_23-50-20-092)
UpdateRoomServerInfo,name:RoomSvr1,idle room num:2560,cur user num:0(14)(2021-05-18_23-50-40-121)
UpdateRoomServerInfo,name:RoomSvr1,idle room num:2560,cur user num:0(14)(2021-05-18_23-51-00-133)
UpdateRoomServerInfo,name:RoomSvr1,idle room num:2560,cur user num:0(14)(2021-05-18_23-51-20-173)
UpdateRoomServerInfo,name:RoomSvr1,idle room num:2560,cur user num:0(14)(2021-05-18_23-51-40-201)
UpdateRoomServerInfo,name:RoomSvr1,idle room num:2560,cur user num:0(14)(2021-05-18_23-52-00-223)
UpdateRoomServerInfo,name:RoomSvr1,idle room num:2560,cur user num:0(14)(2021-05-18_23-52-20-261)
UpdateRoomServerInfo,name:RoomSvr1,idle room num:2560,cur user num:0(14)(2021-05-18_23-52-40-256)
UpdateRoomServerInfo,name:RoomSvr1,idle room num:2560,cur user num:0(14)(2021-05-18_23-53-00-293)
UpdateRoomServerInfo,name:RoomSvr1,idle room num:2560,cur user num:0(14)(2021-05-18_23-53-20-308)
UpdateRoomServerInfo,name:RoomSvr1,idle room num:2560,cur user num:0(14)(2021-05-18_23-53-40-358)
UpdateRoomServerInfo,name:RoomSvr1,idle room num:2560,cur user num:0(14)(2021-05-18_23-54-00-390)
UpdateRoomServerInfo,name:RoomSvr1,idle room num:2560,cur user num:0(14)(2021-05-18_23-54-20-411)
UpdateRoomServerInfo,name:RoomSvr1,idle room num:2560,cur user num:0(14)(2021-05-18_23-54-40-428)
UpdateRoomServerInfo,name:RoomSvr1,idle room num:2560,cur user num:0(14)(2021-05-18_23-55-00-447)
UpdateRoomServerInfo,name:RoomSvr1,idle room num:2560,cur user num:0(14)(2021-05-18_23-55-20-473)
UpdateRoomServerInfo,name:RoomSvr1,idle room num:2560,cur user num:0(14)(2021-05-18_23-55-40-493)
UpdateRoomServerInfo,name:RoomSvr1,idle room num:2560,cur user num:0(14)(2021-05-18_23-56-00-515)
UpdateRoomServerInfo,name:RoomSvr1,idle room num:2560,cur user num:0(14)(2021-05-18_23-56-20-533)
UpdateRoomServerInfo,name:RoomSvr1,idle room num:2560,cur user num:0(14)(2021-05-18_23-56-40-572)
UpdateRoomServerInfo,name:RoomSvr1,idle room num:2560,cur user num:0(14)(2021-05-18_23-57-00-591)
UpdateRoomServerInfo,name:RoomSvr1,idle room num:2560,cur user num:0(14)(2021-05-18_23-57-20-619)
UpdateRoomServerInfo,name:RoomSvr1,idle room num:2560,cur user num:0(14)(2021-05-18_23-57-40-645)
UpdateRoomServerInfo,name:RoomSvr1,idle room num:2560,cur user num:0(14)(2021-05-18_23-58-00-662)
UpdateRoomServerInfo,name:RoomSvr1,idle room num:2560,cur user num:0(14)(2021-05-18_23-58-20-691)
UpdateRoomServerInfo,name:RoomSvr1,idle room num:2560,cur user num:0(14)(2021-05-18_23-58-40-710)
UpdateRoomServerInfo,name:RoomSvr1,idle room num:2560,cur user num:0(14)(2021-05-18_23-59-00-750)
UpdateRoomServerInfo,name:RoomSvr1,idle room num:2560,cur user num:0(14)(2021-05-18_23-59-20-791)
