Init Succ!(1)(2016-04-01_09-00-36-310)
RegisterRoomServer,name:RoomSvr1,ip:127.0.0.1,port:9528,max room num:2560(14)(2016-04-01_09-00-41-531)
RegisterNodeJs,name:NodeJs1(14)(2016-04-01_09-00-44-253)
UpdateRoomServerInfo,name:RoomSvr1,idle room num:2560,cur user num:0(14)(2016-04-01_09-00-56-273)
DoUserLogin,guid:1,nick:菲利普·朱莉,key:105166911,acc:614982042(7)(2016-04-01_09-01-08-915)
[Debug]:Init UserCombatInfo: SceneId = 1013, StartTime = 36945, GoldSum = 48, Exp = 4, RewardItem = 101001, ItemCount = 1(14)(2016-04-01_09-01-13-422)
UpdateRoomServerInfo,name:RoomSvr1,idle room num:2560,cur user num:0(14)(2016-04-01_09-01-16-301)
UpdateRoomServerInfo,name:RoomSvr1,idle room num:2560,cur user num:0(14)(2016-04-01_09-01-36-311)
UpdateRoomServerInfo,name:RoomSvr1,idle room num:2560,cur user num:0(14)(2016-04-01_09-01-56-350)
user 1 completed mission 10001.(7)(2016-04-01_09-02-11-507)
UpdateRoomServerInfo,name:RoomSvr1,idle room num:2560,cur user num:0(14)(2016-04-01_09-02-16-361)
UpdateRoomServerInfo,name:RoomSvr1,idle room num:2560,cur user num:0(14)(2016-04-01_09-02-36-397)
UpdateRoomServerInfo,name:RoomSvr1,idle room num:2560,cur user num:0(14)(2016-04-01_09-02-56-418)
UpdateRoomServerInfo,name:RoomSvr1,idle room num:2560,cur user num:0(14)(2016-04-01_09-03-16-449)
UpdateRoomServerInfo,name:RoomSvr1,idle room num:2560,cur user num:0(14)(2016-04-01_09-03-36-467)
UpdateRoomServerInfo,name:RoomSvr1,idle room num:2560,cur user num:0(14)(2016-04-01_09-03-56-485)
UpdateRoomServerInfo,name:RoomSvr1,idle room num:2560,cur user num:0(14)(2016-04-01_09-04-16-498)
UpdateRoomServerInfo,name:RoomSvr1,idle room num:2560,cur user num:0(14)(2016-04-01_09-04-36-519)
UpdateRoomServerInfo,name:RoomSvr1,idle room num:2560,cur user num:0(14)(2016-04-01_09-04-56-553)
UpdateRoomServerInfo,name:RoomSvr1,idle room num:2560,cur user num:0(14)(2016-04-01_09-05-16-566)
UpdateRoomServerInfo,name:RoomSvr1,idle room num:2560,cur user num:0(14)(2016-04-01_09-05-36-588)
UpdateRoomServerInfo,name:RoomSvr1,idle room num:2560,cur user num:0(14)(2016-04-01_09-05-56-619)
UpdateRoomServerInfo,name:RoomSvr1,idle room num:2560,cur user num:0(14)(2016-04-01_09-06-16-642)
UpdateRoomServerInfo,name:RoomSvr1,idle room num:2560,cur user num:0(14)(2016-04-01_09-06-36-660)
UpdateRoomServerInfo,name:RoomSvr1,idle room num:2560,cur user num:0(14)(2016-04-01_09-06-56-673)
UpdateRoomServerInfo,name:RoomSvr1,idle room num:2560,cur user num:0(14)(2016-04-01_09-07-16-690)
UpdateRoomServerInfo,name:RoomSvr1,idle room num:2560,cur user num:0(14)(2016-04-01_09-07-36-720)
UpdateRoomServerInfo,name:RoomSvr1,idle room num:2560,cur user num:0(14)(2016-04-01_09-07-56-733)
UpdateRoomServerInfo,name:RoomSvr1,idle room num:2560,cur user num:0(14)(2016-04-01_09-08-16-765)
UpdateRoomServerInfo,name:RoomSvr1,idle room num:2560,cur user num:0(14)(2016-04-01_09-08-36-768)
UpdateRoomServerInfo,name:RoomSvr1,idle room num:2560,cur user num:0(14)(2016-04-01_09-08-56-799)
UpdateRoomServerInfo,name:RoomSvr1,idle room num:2560,cur user num:0(14)(2016-04-01_09-09-16-819)
UpdateRoomServerInfo,name:RoomSvr1,idle room num:2560,cur user num:0(14)(2016-04-01_09-09-36-831)
UpdateRoomServerInfo,name:RoomSvr1,idle room num:2560,cur user num:0(14)(2016-04-01_09-09-56-862)
UpdateRoomServerInfo,name:RoomSvr1,idle room num:2560,cur user num:0(14)(2016-04-01_09-10-16-865)
UpdateRoomServerInfo,name:RoomSvr1,idle room num:2560,cur user num:0(14)(2016-04-01_09-10-36-906)
UpdateRoomServerInfo,name:RoomSvr1,idle room num:2560,cur user num:0(14)(2016-04-01_09-10-56-935)
UpdateRoomServerInfo,name:RoomSvr1,idle room num:2560,cur user num:0(14)(2016-04-01_09-11-16-939)
UpdateRoomServerInfo,name:RoomSvr1,idle room num:2560,cur user num:0(14)(2016-04-01_09-11-36-964)
UpdateRoomServerInfo,name:RoomSvr1,idle room num:2560,cur user num:0(14)(2016-04-01_09-11-56-997)
UpdateRoomServerInfo,name:RoomSvr1,idle room num:2560,cur user num:0(14)(2016-04-01_09-12-17-014)
UpdateRoomServerInfo,name:RoomSvr1,idle room num:2560,cur user num:0(14)(2016-04-01_09-12-37-044)
UpdateRoomServerInfo,name:RoomSvr1,idle room num:2560,cur user num:0(14)(2016-04-01_09-12-57-061)
UpdateRoomServerInfo,name:RoomSvr1,idle room num:2560,cur user num:0(14)(2016-04-01_09-13-17-078)
UpdateRoomServerInfo,name:RoomSvr1,idle room num:2560,cur user num:0(14)(2016-04-01_09-13-37-117)
UpdateRoomServerInfo,name:RoomSvr1,idle room num:2560,cur user num:0(14)(2016-04-01_09-13-57-158)
UpdateRoomServerInfo,name:RoomSvr1,idle room num:2560,cur user num:0(14)(2016-04-01_09-14-17-171)
UpdateRoomServerInfo,name:RoomSvr1,idle room num:2560,cur user num:0(14)(2016-04-01_09-14-37-189)
UpdateRoomServerInfo,name:RoomSvr1,idle room num:2560,cur user num:0(14)(2016-04-01_09-14-57-219)
UpdateRoomServerInfo,name:RoomSvr1,idle room num:2560,cur user num:0(14)(2016-04-01_09-15-17-242)
UpdateRoomServerInfo,name:RoomSvr1,idle room num:2560,cur user num:0(14)(2016-04-01_09-15-37-262)
UpdateRoomServerInfo,name:RoomSvr1,idle room num:2560,cur user num:0(14)(2016-04-01_09-15-57-293)
UpdateRoomServerInfo,name:RoomSvr1,idle room num:2560,cur user num:0(14)(2016-04-01_09-16-17-322)
UpdateRoomServerInfo,name:RoomSvr1,idle room num:2560,cur user num:0(14)(2016-04-01_09-16-37-331)
UpdateRoomServerInfo,name:RoomSvr1,idle room num:2560,cur user num:0(14)(2016-04-01_09-16-57-350)
UpdateRoomServerInfo,name:RoomSvr1,idle room num:2560,cur user num:0(14)(2016-04-01_09-17-17-379)
UpdateRoomServerInfo,name:RoomSvr1,idle room num:2560,cur user num:0(14)(2016-04-01_09-17-37-399)
UpdateRoomServerInfo,name:RoomSvr1,idle room num:2560,cur user num:0(14)(2016-04-01_09-17-57-416)
UpdateRoomServerInfo,name:RoomSvr1,idle room num:2560,cur user num:0(14)(2016-04-01_09-18-17-446)
UpdateRoomServerInfo,name:RoomSvr1,idle room num:2560,cur user num:0(14)(2016-04-01_09-18-37-461)
UpdateRoomServerInfo,name:RoomSvr1,idle room num:2560,cur user num:0(14)(2016-04-01_09-18-57-481)
UpdateRoomServerInfo,name:RoomSvr1,idle room num:2560,cur user num:0(14)(2016-04-01_09-19-17-512)
UpdateRoomServerInfo,name:RoomSvr1,idle room num:2560,cur user num:0(14)(2016-04-01_09-19-37-536)
UpdateRoomServerInfo,name:RoomSvr1,idle room num:2560,cur user num:0(14)(2016-04-01_09-19-57-545)
UpdateRoomServerInfo,name:RoomSvr1,idle room num:2560,cur user num:0(14)(2016-04-01_09-20-17-564)
UpdateRoomServerInfo,name:RoomSvr1,idle room num:2560,cur user num:0(14)(2016-04-01_09-20-37-582)
UpdateRoomServerInfo,name:RoomSvr1,idle room num:2560,cur user num:0(14)(2016-04-01_09-20-57-600)
UpdateRoomServerInfo,name:RoomSvr1,idle room num:2560,cur user num:0(14)(2016-04-01_09-21-17-621)
UpdateRoomServerInfo,name:RoomSvr1,idle room num:2560,cur user num:0(14)(2016-04-01_09-21-37-650)
UpdateRoomServerInfo,name:RoomSvr1,idle room num:2560,cur user num:0(14)(2016-04-01_09-21-57-682)
UpdateRoomServerInfo,name:RoomSvr1,idle room num:2560,cur user num:0(14)(2016-04-01_09-22-17-702)
UpdateRoomServerInfo,name:RoomSvr1,idle room num:2560,cur user num:0(14)(2016-04-01_09-22-37-737)
UpdateRoomServerInfo,name:RoomSvr1,idle room num:2560,cur user num:0(14)(2016-04-01_09-22-57-750)
UpdateRoomServerInfo,name:RoomSvr1,idle room num:2560,cur user num:0(14)(2016-04-01_09-23-17-763)
UpdateRoomServerInfo,name:RoomSvr1,idle room num:2560,cur user num:0(14)(2016-04-01_09-23-37-791)
UpdateRoomServerInfo,name:RoomSvr1,idle room num:2560,cur user num:0(14)(2016-04-01_09-23-57-813)
UpdateRoomServerInfo,name:RoomSvr1,idle room num:2560,cur user num:0(14)(2016-04-01_09-24-17-833)
UpdateRoomServerInfo,name:RoomSvr1,idle room num:2560,cur user num:0(14)(2016-04-01_09-24-37-848)
UpdateRoomServerInfo,name:RoomSvr1,idle room num:2560,cur user num:0(14)(2016-04-01_09-24-57-874)
UpdateRoomServerInfo,name:RoomSvr1,idle room num:2560,cur user num:0(14)(2016-04-01_09-25-17-906)
UpdateRoomServerInfo,name:RoomSvr1,idle room num:2560,cur user num:0(14)(2016-04-01_09-25-37-920)
UpdateRoomServerInfo,name:RoomSvr1,idle room num:2560,cur user num:0(14)(2016-04-01_09-25-57-945)
UpdateRoomServerInfo,name:RoomSvr1,idle room num:2560,cur user num:0(14)(2016-04-01_09-26-17-953)
UpdateRoomServerInfo,name:RoomSvr1,idle room num:2560,cur user num:0(14)(2016-04-01_09-26-37-981)
UpdateRoomServerInfo,name:RoomSvr1,idle room num:2560,cur user num:0(14)(2016-04-01_09-26-57-995)
UpdateRoomServerInfo,name:RoomSvr1,idle room num:2560,cur user num:0(14)(2016-04-01_09-27-18-020)
UpdateRoomServerInfo,name:RoomSvr1,idle room num:2560,cur user num:0(14)(2016-04-01_09-27-38-051)
UpdateRoomServerInfo,name:RoomSvr1,idle room num:2560,cur user num:0(14)(2016-04-01_09-27-58-072)
UpdateRoomServerInfo,name:RoomSvr1,idle room num:2560,cur user num:0(14)(2016-04-01_09-28-18-086)
UpdateRoomServerInfo,name:RoomSvr1,idle room num:2560,cur user num:0(14)(2016-04-01_09-28-38-109)
UpdateRoomServerInfo,name:RoomSvr1,idle room num:2560,cur user num:0(14)(2016-04-01_09-28-58-141)
UpdateRoomServerInfo,name:RoomSvr1,idle room num:2560,cur user num:0(14)(2016-04-01_09-29-18-161)
UpdateRoomServerInfo,name:RoomSvr1,idle room num:2560,cur user num:0(14)(2016-04-01_09-29-38-192)
UpdateRoomServerInfo,name:RoomSvr1,idle room num:2560,cur user num:0(14)(2016-04-01_09-29-58-212)
UpdateRoomServerInfo,name:RoomSvr1,idle room num:2560,cur user num:0(14)(2016-04-01_09-30-18-231)
UpdateRoomServerInfo,name:RoomSvr1,idle room num:2560,cur user num:0(14)(2016-04-01_09-30-38-262)
UpdateRoomServerInfo,name:RoomSvr1,idle room num:2560,cur user num:0(14)(2016-04-01_09-30-58-294)
UpdateRoomServerInfo,name:RoomSvr1,idle room num:2560,cur user num:0(14)(2016-04-01_09-31-18-312)
UpdateRoomServerInfo,name:RoomSvr1,idle room num:2560,cur user num:0(14)(2016-04-01_09-31-38-331)
UpdateRoomServerInfo,name:RoomSvr1,idle room num:2560,cur user num:0(14)(2016-04-01_09-31-58-366)
UpdateRoomServerInfo,name:RoomSvr1,idle room num:2560,cur user num:0(14)(2016-04-01_09-32-18-382)
UpdateRoomServerInfo,name:RoomSvr1,idle room num:2560,cur user num:0(14)(2016-04-01_09-32-38-403)
UpdateRoomServerInfo,name:RoomSvr1,idle room num:2560,cur user num:0(14)(2016-04-01_09-32-58-408)
UpdateRoomServerInfo,name:RoomSvr1,idle room num:2560,cur user num:0(14)(2016-04-01_09-33-18-440)
UpdateRoomServerInfo,name:RoomSvr1,idle room num:2560,cur user num:0(14)(2016-04-01_09-33-38-446)
UpdateRoomServerInfo,name:RoomSvr1,idle room num:2560,cur user num:0(14)(2016-04-01_09-33-58-475)
UpdateRoomServerInfo,name:RoomSvr1,idle room num:2560,cur user num:0(14)(2016-04-01_09-34-18-501)
UpdateRoomServerInfo,name:RoomSvr1,idle room num:2560,cur user num:0(14)(2016-04-01_09-34-38-512)
UpdateRoomServerInfo,name:RoomSvr1,idle room num:2560,cur user num:0(14)(2016-04-01_09-34-58-543)
UpdateRoomServerInfo,name:RoomSvr1,idle room num:2560,cur user num:0(14)(2016-04-01_09-35-18-555)
UpdateRoomServerInfo,name:RoomSvr1,idle room num:2560,cur user num:0(14)(2016-04-01_09-35-38-571)
UpdateRoomServerInfo,name:RoomSvr1,idle room num:2560,cur user num:0(14)(2016-04-01_09-35-58-592)
UpdateRoomServerInfo,name:RoomSvr1,idle room num:2560,cur user num:0(14)(2016-04-01_09-36-18-614)
UpdateRoomServerInfo,name:RoomSvr1,idle room num:2560,cur user num:0(14)(2016-04-01_09-36-38-640)
[Debug]:Init UserCombatInfo: SceneId = 1014, StartTime = 2162935, GoldSum = 72, Exp = 6, RewardItem = 101001, ItemCount = 2(14)(2016-04-01_09-36-39-413)
UpdateRoomServerInfo,name:RoomSvr1,idle room num:2560,cur user num:0(14)(2016-04-01_09-36-58-668)
UpdateRoomServerInfo,name:RoomSvr1,idle room num:2560,cur user num:0(14)(2016-04-01_09-37-18-681)
UpdateRoomServerInfo,name:RoomSvr1,idle room num:2560,cur user num:0(14)(2016-04-01_09-37-38-716)
user 1 completed mission 10002.(4)(2016-04-01_09-37-50-604)
UpdateRoomServerInfo,name:RoomSvr1,idle room num:2560,cur user num:0(14)(2016-04-01_09-37-58-738)
[Debug]:Init UserCombatInfo: SceneId = 1011, StartTime = 2254861, GoldSum = 12, Exp = 10, RewardItem = 14105, ItemCount = 1(14)(2016-04-01_09-38-11-339)
UpdateRoomServerInfo,name:RoomSvr1,idle room num:2560,cur user num:0(14)(2016-04-01_09-38-18-752)
UpdateRoomServerInfo,name:RoomSvr1,idle room num:2560,cur user num:0(14)(2016-04-01_09-38-38-784)
user 1 completed mission 10003.(5)(2016-04-01_09-38-54-956)
user 1 completed mission 40001.(5)(2016-04-01_09-38-54-956)
UpdateRoomServerInfo,name:RoomSvr1,idle room num:2560,cur user num:0(14)(2016-04-01_09-38-58-807)
UpdateRoomServerInfo,name:RoomSvr1,idle room num:2560,cur user num:0(14)(2016-04-01_09-39-18-832)
[Debug]:Init UserCombatInfo: SceneId = 1015, StartTime = 2322923, GoldSum = 96, Exp = 8, RewardItem = 101001, ItemCount = 1(14)(2016-04-01_09-39-19-401)
UpdateRoomServerInfo,name:RoomSvr1,idle room num:2560,cur user num:0(14)(2016-04-01_09-39-38-840)
UpdateRoomServerInfo,name:RoomSvr1,idle room num:2560,cur user num:0(14)(2016-04-01_09-39-58-871)
UpdateRoomServerInfo,name:RoomSvr1,idle room num:2560,cur user num:0(14)(2016-04-01_09-40-18-904)
user 1 completed mission 10004.(6)(2016-04-01_09-40-36-443)
UpdateRoomServerInfo,name:RoomSvr1,idle room num:2560,cur user num:0(14)(2016-04-01_09-40-38-911)
UpdateRoomServerInfo,name:RoomSvr1,idle room num:2560,cur user num:0(14)(2016-04-01_09-40-58-943)
UpdateRoomServerInfo,name:RoomSvr1,idle room num:2560,cur user num:0(14)(2016-04-01_09-41-18-949)
UpdateRoomServerInfo,name:RoomSvr1,idle room num:2560,cur user num:0(14)(2016-04-01_09-41-38-971)
UpdateRoomServerInfo,name:RoomSvr1,idle room num:2560,cur user num:0(14)(2016-04-01_09-41-59-014)
UpdateRoomServerInfo,name:RoomSvr1,idle room num:2560,cur user num:0(14)(2016-04-01_09-42-19-036)
UpdateRoomServerInfo,name:RoomSvr1,idle room num:2560,cur user num:0(14)(2016-04-01_09-42-39-067)
UpdateRoomServerInfo,name:RoomSvr1,idle room num:2560,cur user num:0(14)(2016-04-01_09-42-59-086)
UpdateRoomServerInfo,name:RoomSvr1,idle room num:2560,cur user num:0(14)(2016-04-01_09-43-19-106)
UpdateRoomServerInfo,name:RoomSvr1,idle room num:2560,cur user num:0(14)(2016-04-01_09-43-39-160)
UpdateRoomServerInfo,name:RoomSvr1,idle room num:2560,cur user num:0(14)(2016-04-01_09-43-59-163)
UpdateRoomServerInfo,name:RoomSvr1,idle room num:2560,cur user num:0(14)(2016-04-01_09-44-19-182)
UpdateRoomServerInfo,name:RoomSvr1,idle room num:2560,cur user num:0(14)(2016-04-01_09-44-39-190)
UpdateRoomServerInfo,name:RoomSvr1,idle room num:2560,cur user num:0(14)(2016-04-01_09-44-59-219)
UpdateRoomServerInfo,name:RoomSvr1,idle room num:2560,cur user num:0(14)(2016-04-01_09-45-19-230)
UpdateRoomServerInfo,name:RoomSvr1,idle room num:2560,cur user num:0(14)(2016-04-01_09-45-39-264)
UpdateRoomServerInfo,name:RoomSvr1,idle room num:2560,cur user num:0(14)(2016-04-01_09-45-59-278)
UpdateRoomServerInfo,name:RoomSvr1,idle room num:2560,cur user num:0(14)(2016-04-01_09-46-19-285)
UpdateRoomServerInfo,name:RoomSvr1,idle room num:2560,cur user num:0(14)(2016-04-01_09-46-39-320)
UpdateRoomServerInfo,name:RoomSvr1,idle room num:2560,cur user num:0(14)(2016-04-01_09-46-59-347)
UpdateRoomServerInfo,name:RoomSvr1,idle room num:2560,cur user num:0(14)(2016-04-01_09-47-19-353)
UpdateRoomServerInfo,name:RoomSvr1,idle room num:2560,cur user num:0(14)(2016-04-01_09-47-39-388)
UpdateRoomServerInfo,name:RoomSvr1,idle room num:2560,cur user num:0(14)(2016-04-01_09-47-59-413)
UpdateRoomServerInfo,name:RoomSvr1,idle room num:2560,cur user num:0(14)(2016-04-01_09-48-19-441)
UpdateRoomServerInfo,name:RoomSvr1,idle room num:2560,cur user num:0(14)(2016-04-01_09-48-39-449)
UpdateRoomServerInfo,name:RoomSvr1,idle room num:2560,cur user num:0(14)(2016-04-01_09-48-59-480)
UpdateRoomServerInfo,name:RoomSvr1,idle room num:2560,cur user num:0(14)(2016-04-01_09-49-19-509)
UpdateRoomServerInfo,name:RoomSvr1,idle room num:2560,cur user num:0(14)(2016-04-01_09-49-39-514)
UpdateRoomServerInfo,name:RoomSvr1,idle room num:2560,cur user num:0(14)(2016-04-01_09-49-59-539)
UpdateRoomServerInfo,name:RoomSvr1,idle room num:2560,cur user num:0(14)(2016-04-01_09-50-19-562)
UpdateRoomServerInfo,name:RoomSvr1,idle room num:2560,cur user num:0(14)(2016-04-01_09-50-39-589)
UpdateRoomServerInfo,name:RoomSvr1,idle room num:2560,cur user num:0(14)(2016-04-01_09-50-59-600)
UpdateRoomServerInfo,name:RoomSvr1,idle room num:2560,cur user num:0(14)(2016-04-01_09-51-19-617)
UpdateRoomServerInfo,name:RoomSvr1,idle room num:2560,cur user num:0(14)(2016-04-01_09-51-39-652)
UpdateRoomServerInfo,name:RoomSvr1,idle room num:2560,cur user num:0(14)(2016-04-01_09-51-59-686)
UpdateRoomServerInfo,name:RoomSvr1,idle room num:2560,cur user num:0(14)(2016-04-01_09-52-19-703)
UpdateRoomServerInfo,name:RoomSvr1,idle room num:2560,cur user num:0(14)(2016-04-01_09-52-39-735)
UpdateRoomServerInfo,name:RoomSvr1,idle room num:2560,cur user num:0(14)(2016-04-01_09-52-59-759)
DoUserLogin,guid:1,nick:菲利普·朱莉,key:149150222,acc:614982042(5)(2016-04-01_09-53-13-766)
UpdateRoomServerInfo,name:RoomSvr1,idle room num:2560,cur user num:0(14)(2016-04-01_09-53-19-786)
[Debug]:Init UserCombatInfo: SceneId = 1013, StartTime = 3167398, GoldSum = 48, Exp = 4, RewardItem = 101001, ItemCount = 1(14)(2016-04-01_09-53-23-875)
UpdateRoomServerInfo,name:RoomSvr1,idle room num:2560,cur user num:0(14)(2016-04-01_09-53-39-806)
UpdateRoomServerInfo,name:RoomSvr1,idle room num:2560,cur user num:0(14)(2016-04-01_09-53-59-829)
UpdateRoomServerInfo,name:RoomSvr1,idle room num:2560,cur user num:0(14)(2016-04-01_09-54-19-856)
user 1 completed mission 10001.(8)(2016-04-01_09-54-27-447)
UpdateRoomServerInfo,name:RoomSvr1,idle room num:2560,cur user num:0(14)(2016-04-01_09-54-39-883)
UpdateRoomServerInfo,name:RoomSvr1,idle room num:2560,cur user num:0(14)(2016-04-01_09-54-59-895)
UpdateRoomServerInfo,name:RoomSvr1,idle room num:2560,cur user num:0(14)(2016-04-01_09-55-19-918)
UpdateRoomServerInfo,name:RoomSvr1,idle room num:2560,cur user num:0(14)(2016-04-01_09-55-39-942)
UpdateRoomServerInfo,name:RoomSvr1,idle room num:2560,cur user num:0(14)(2016-04-01_09-55-59-966)
UpdateRoomServerInfo,name:RoomSvr1,idle room num:2560,cur user num:0(14)(2016-04-01_09-56-19-974)
UpdateRoomServerInfo,name:RoomSvr1,idle room num:2560,cur user num:0(14)(2016-04-01_09-56-40-006)
UpdateRoomServerInfo,name:RoomSvr1,idle room num:2560,cur user num:0(14)(2016-04-01_09-57-00-035)
UpdateRoomServerInfo,name:RoomSvr1,idle room num:2560,cur user num:0(14)(2016-04-01_09-57-20-072)
UpdateRoomServerInfo,name:RoomSvr1,idle room num:2560,cur user num:0(14)(2016-04-01_09-57-40-077)
UpdateRoomServerInfo,name:RoomSvr1,idle room num:2560,cur user num:0(14)(2016-04-01_09-58-00-116)
UpdateRoomServerInfo,name:RoomSvr1,idle room num:2560,cur user num:0(14)(2016-04-01_09-58-20-145)
UpdateRoomServerInfo,name:RoomSvr1,idle room num:2560,cur user num:0(14)(2016-04-01_09-58-40-153)
UpdateRoomServerInfo,name:RoomSvr1,idle room num:2560,cur user num:0(14)(2016-04-01_09-59-00-163)
UpdateRoomServerInfo,name:RoomSvr1,idle room num:2560,cur user num:0(14)(2016-04-01_09-59-20-192)
UpdateRoomServerInfo,name:RoomSvr1,idle room num:2560,cur user num:0(14)(2016-04-01_09-59-40-220)
UpdateRoomServerInfo,name:RoomSvr1,idle room num:2560,cur user num:0(14)(2016-04-01_10-00-00-240)
UpdateRoomServerInfo,name:RoomSvr1,idle room num:2560,cur user num:0(14)(2016-04-01_10-00-20-263)
UpdateRoomServerInfo,name:RoomSvr1,idle room num:2560,cur user num:0(14)(2016-04-01_10-00-40-286)
UpdateRoomServerInfo,name:RoomSvr1,idle room num:2560,cur user num:0(14)(2016-04-01_10-01-00-316)
[Debug]:Init UserCombatInfo: SceneId = 1014, StartTime = 3636249, GoldSum = 72, Exp = 6, RewardItem = 101001, ItemCount = 2(14)(2016-04-01_10-01-12-727)
UpdateRoomServerInfo,name:RoomSvr1,idle room num:2560,cur user num:0(14)(2016-04-01_10-01-20-347)
UpdateRoomServerInfo,name:RoomSvr1,idle room num:2560,cur user num:0(14)(2016-04-01_10-01-40-375)
UpdateRoomServerInfo,name:RoomSvr1,idle room num:2560,cur user num:0(14)(2016-04-01_10-02-00-394)
UpdateRoomServerInfo,name:RoomSvr1,idle room num:2560,cur user num:0(14)(2016-04-01_10-02-20-424)
user 1 completed mission 10002.(6)(2016-04-01_10-02-24-555)
UpdateRoomServerInfo,name:RoomSvr1,idle room num:2560,cur user num:0(14)(2016-04-01_10-02-40-453)
[Debug]:Init UserCombatInfo: SceneId = 1011, StartTime = 3740469, GoldSum = 12, Exp = 10, RewardItem = 14105, ItemCount = 1(14)(2016-04-01_10-02-56-947)
UpdateRoomServerInfo,name:RoomSvr1,idle room num:2560,cur user num:0(14)(2016-04-01_10-03-00-475)
UpdateRoomServerInfo,name:RoomSvr1,idle room num:2560,cur user num:0(14)(2016-04-01_10-03-20-499)
UpdateRoomServerInfo,name:RoomSvr1,idle room num:2560,cur user num:0(14)(2016-04-01_10-03-40-519)
UpdateRoomServerInfo,name:RoomSvr1,idle room num:2560,cur user num:0(14)(2016-04-01_10-04-00-554)
user 1 completed mission 10003.(3)(2016-04-01_10-04-19-764)
user 1 completed mission 40001.(3)(2016-04-01_10-04-19-765)
UpdateRoomServerInfo,name:RoomSvr1,idle room num:2560,cur user num:0(14)(2016-04-01_10-04-20-571)
UpdateRoomServerInfo,name:RoomSvr1,idle room num:2560,cur user num:0(14)(2016-04-01_10-04-40-595)
UpdateRoomServerInfo,name:RoomSvr1,idle room num:2560,cur user num:0(14)(2016-04-01_10-05-00-623)
UpdateRoomServerInfo,name:RoomSvr1,idle room num:2560,cur user num:0(14)(2016-04-01_10-05-20-642)
UpdateRoomServerInfo,name:RoomSvr1,idle room num:2560,cur user num:0(14)(2016-04-01_10-05-40-657)
UpdateRoomServerInfo,name:RoomSvr1,idle room num:2560,cur user num:0(14)(2016-04-01_10-06-00-702)
UpdateRoomServerInfo,name:RoomSvr1,idle room num:2560,cur user num:0(14)(2016-04-01_10-06-20-716)
UpdateRoomServerInfo,name:RoomSvr1,idle room num:2560,cur user num:0(14)(2016-04-01_10-06-40-742)
UpdateRoomServerInfo,name:RoomSvr1,idle room num:2560,cur user num:0(14)(2016-04-01_10-07-00-757)
UpdateRoomServerInfo,name:RoomSvr1,idle room num:2560,cur user num:0(14)(2016-04-01_10-07-20-775)
UpdateRoomServerInfo,name:RoomSvr1,idle room num:2560,cur user num:0(14)(2016-04-01_10-07-40-814)
UpdateRoomServerInfo,name:RoomSvr1,idle room num:2560,cur user num:0(14)(2016-04-01_10-08-00-837)
UpdateRoomServerInfo,name:RoomSvr1,idle room num:2560,cur user num:0(14)(2016-04-01_10-08-20-841)
UpdateRoomServerInfo,name:RoomSvr1,idle room num:2560,cur user num:0(14)(2016-04-01_10-08-40-870)
UpdateRoomServerInfo,name:RoomSvr1,idle room num:2560,cur user num:0(14)(2016-04-01_10-09-00-872)
UpdateRoomServerInfo,name:RoomSvr1,idle room num:2560,cur user num:0(14)(2016-04-01_10-09-20-886)
UpdateRoomServerInfo,name:RoomSvr1,idle room num:2560,cur user num:0(14)(2016-04-01_10-09-40-905)
UpdateRoomServerInfo,name:RoomSvr1,idle room num:2560,cur user num:0(14)(2016-04-01_10-10-00-930)
UpdateRoomServerInfo,name:RoomSvr1,idle room num:2560,cur user num:0(14)(2016-04-01_10-10-20-944)
UpdateRoomServerInfo,name:RoomSvr1,idle room num:2560,cur user num:0(14)(2016-04-01_10-10-40-952)
UpdateRoomServerInfo,name:RoomSvr1,idle room num:2560,cur user num:0(14)(2016-04-01_10-11-00-979)
UpdateRoomServerInfo,name:RoomSvr1,idle room num:2560,cur user num:0(14)(2016-04-01_10-11-20-992)
UpdateRoomServerInfo,name:RoomSvr1,idle room num:2560,cur user num:0(14)(2016-04-01_10-11-41-020)
UpdateRoomServerInfo,name:RoomSvr1,idle room num:2560,cur user num:0(14)(2016-04-01_10-12-01-034)
UpdateRoomServerInfo,name:RoomSvr1,idle room num:2560,cur user num:0(14)(2016-04-01_10-12-21-068)
UpdateRoomServerInfo,name:RoomSvr1,idle room num:2560,cur user num:0(14)(2016-04-01_10-12-41-072)
UpdateRoomServerInfo,name:RoomSvr1,idle room num:2560,cur user num:0(14)(2016-04-01_10-13-01-090)
UpdateRoomServerInfo,name:RoomSvr1,idle room num:2560,cur user num:0(14)(2016-04-01_10-13-21-108)
UpdateRoomServerInfo,name:RoomSvr1,idle room num:2560,cur user num:0(14)(2016-04-01_10-13-41-131)
UpdateRoomServerInfo,name:RoomSvr1,idle room num:2560,cur user num:0(14)(2016-04-01_10-14-01-140)
UpdateRoomServerInfo,name:RoomSvr1,idle room num:2560,cur user num:0(14)(2016-04-01_10-14-21-163)
UpdateRoomServerInfo,name:RoomSvr1,idle room num:2560,cur user num:0(14)(2016-04-01_10-14-41-178)
UpdateRoomServerInfo,name:RoomSvr1,idle room num:2560,cur user num:0(14)(2016-04-01_10-15-01-197)
UpdateRoomServerInfo,name:RoomSvr1,idle room num:2560,cur user num:0(14)(2016-04-01_10-15-21-203)
UpdateRoomServerInfo,name:RoomSvr1,idle room num:2560,cur user num:0(14)(2016-04-01_10-15-41-221)
UpdateRoomServerInfo,name:RoomSvr1,idle room num:2560,cur user num:0(14)(2016-04-01_10-16-01-248)
UpdateRoomServerInfo,name:RoomSvr1,idle room num:2560,cur user num:0(14)(2016-04-01_10-16-21-258)
UpdateRoomServerInfo,name:RoomSvr1,idle room num:2560,cur user num:0(14)(2016-04-01_10-16-41-277)
UpdateRoomServerInfo,name:RoomSvr1,idle room num:2560,cur user num:0(14)(2016-04-01_10-17-01-293)
UpdateRoomServerInfo,name:RoomSvr1,idle room num:2560,cur user num:0(14)(2016-04-01_10-17-21-316)
UpdateRoomServerInfo,name:RoomSvr1,idle room num:2560,cur user num:0(14)(2016-04-01_10-17-41-344)
UpdateRoomServerInfo,name:RoomSvr1,idle room num:2560,cur user num:0(14)(2016-04-01_10-18-01-367)
UpdateRoomServerInfo,name:RoomSvr1,idle room num:2560,cur user num:0(14)(2016-04-01_10-18-21-390)
UpdateRoomServerInfo,name:RoomSvr1,idle room num:2560,cur user num:0(14)(2016-04-01_10-18-41-409)
UpdateRoomServerInfo,name:RoomSvr1,idle room num:2560,cur user num:0(14)(2016-04-01_10-19-01-432)
UpdateRoomServerInfo,name:RoomSvr1,idle room num:2560,cur user num:0(14)(2016-04-01_10-19-21-437)
UpdateRoomServerInfo,name:RoomSvr1,idle room num:2560,cur user num:0(14)(2016-04-01_10-19-41-471)
UpdateRoomServerInfo,name:RoomSvr1,idle room num:2560,cur user num:0(14)(2016-04-01_10-20-01-504)
UpdateRoomServerInfo,name:RoomSvr1,idle room num:2560,cur user num:0(14)(2016-04-01_10-20-21-507)
UpdateRoomServerInfo,name:RoomSvr1,idle room num:2560,cur user num:0(14)(2016-04-01_10-20-41-517)
UpdateRoomServerInfo,name:RoomSvr1,idle room num:2560,cur user num:0(14)(2016-04-01_10-21-01-543)
UpdateRoomServerInfo,name:RoomSvr1,idle room num:2560,cur user num:0(14)(2016-04-01_10-21-21-568)
UpdateRoomServerInfo,name:RoomSvr1,idle room num:2560,cur user num:0(14)(2016-04-01_10-21-41-589)
UpdateRoomServerInfo,name:RoomSvr1,idle room num:2560,cur user num:0(14)(2016-04-01_10-22-01-592)
UpdateRoomServerInfo,name:RoomSvr1,idle room num:2560,cur user num:0(14)(2016-04-01_10-22-21-623)
UpdateRoomServerInfo,name:RoomSvr1,idle room num:2560,cur user num:0(14)(2016-04-01_10-22-41-616)
UpdateRoomServerInfo,name:RoomSvr1,idle room num:2560,cur user num:0(14)(2016-04-01_10-23-01-630)
UpdateRoomServerInfo,name:RoomSvr1,idle room num:2560,cur user num:0(14)(2016-04-01_10-23-21-655)
UpdateRoomServerInfo,name:RoomSvr1,idle room num:2560,cur user num:0(14)(2016-04-01_10-23-41-676)
UpdateRoomServerInfo,name:RoomSvr1,idle room num:2560,cur user num:0(14)(2016-04-01_10-24-01-690)
UpdateRoomServerInfo,name:RoomSvr1,idle room num:2560,cur user num:0(14)(2016-04-01_10-24-21-723)
UpdateRoomServerInfo,name:RoomSvr1,idle room num:2560,cur user num:0(14)(2016-04-01_10-24-41-726)
UpdateRoomServerInfo,name:RoomSvr1,idle room num:2560,cur user num:0(14)(2016-04-01_10-25-01-745)
UpdateRoomServerInfo,name:RoomSvr1,idle room num:2560,cur user num:0(14)(2016-04-01_10-25-21-781)
UpdateRoomServerInfo,name:RoomSvr1,idle room num:2560,cur user num:0(14)(2016-04-01_10-25-41-781)
UpdateRoomServerInfo,name:RoomSvr1,idle room num:2560,cur user num:0(14)(2016-04-01_10-26-01-805)
UpdateRoomServerInfo,name:RoomSvr1,idle room num:2560,cur user num:0(14)(2016-04-01_10-26-21-811)
UpdateRoomServerInfo,name:RoomSvr1,idle room num:2560,cur user num:0(14)(2016-04-01_10-26-41-830)
UpdateRoomServerInfo,name:RoomSvr1,idle room num:2560,cur user num:0(14)(2016-04-01_10-27-01-844)
UpdateRoomServerInfo,name:RoomSvr1,idle room num:2560,cur user num:0(14)(2016-04-01_10-27-21-856)
UpdateRoomServerInfo,name:RoomSvr1,idle room num:2560,cur user num:0(14)(2016-04-01_10-27-41-879)
UpdateRoomServerInfo,name:RoomSvr1,idle room num:2560,cur user num:0(14)(2016-04-01_10-28-01-895)
UpdateRoomServerInfo,name:RoomSvr1,idle room num:2560,cur user num:0(14)(2016-04-01_10-28-21-918)
UpdateRoomServerInfo,name:RoomSvr1,idle room num:2560,cur user num:0(14)(2016-04-01_10-28-41-929)
UpdateRoomServerInfo,name:RoomSvr1,idle room num:2560,cur user num:0(14)(2016-04-01_10-29-01-951)
UpdateRoomServerInfo,name:RoomSvr1,idle room num:2560,cur user num:0(14)(2016-04-01_10-29-21-969)
UpdateRoomServerInfo,name:RoomSvr1,idle room num:2560,cur user num:0(14)(2016-04-01_10-29-41-973)
UpdateRoomServerInfo,name:RoomSvr1,idle room num:2560,cur user num:0(14)(2016-04-01_10-30-01-999)
UpdateRoomServerInfo,name:RoomSvr1,idle room num:2560,cur user num:0(14)(2016-04-01_10-30-22-004)
UpdateRoomServerInfo,name:RoomSvr1,idle room num:2560,cur user num:0(14)(2016-04-01_10-30-42-021)
UpdateRoomServerInfo,name:RoomSvr1,idle room num:2560,cur user num:0(14)(2016-04-01_10-31-02-037)
UpdateRoomServerInfo,name:RoomSvr1,idle room num:2560,cur user num:0(14)(2016-04-01_10-31-22-063)
UpdateRoomServerInfo,name:RoomSvr1,idle room num:2560,cur user num:0(14)(2016-04-01_10-31-42-066)
UpdateRoomServerInfo,name:RoomSvr1,idle room num:2560,cur user num:0(14)(2016-04-01_10-32-02-101)
UpdateRoomServerInfo,name:RoomSvr1,idle room num:2560,cur user num:0(14)(2016-04-01_10-32-22-124)
UpdateRoomServerInfo,name:RoomSvr1,idle room num:2560,cur user num:0(14)(2016-04-01_10-32-42-132)
UpdateRoomServerInfo,name:RoomSvr1,idle room num:2560,cur user num:0(14)(2016-04-01_10-33-02-161)
UpdateRoomServerInfo,name:RoomSvr1,idle room num:2560,cur user num:0(14)(2016-04-01_10-33-22-178)
