send room info to Lobby, Name:RoomSvr1 IdleRoomNum:2560 UserNum:0.(1)(2021-05-18_23-59-40-777)
send room info to Lobby, Name:RoomSvr1 IdleRoomNum:2560 UserNum:0.(1)(2021-05-19_00-00-00-785)
send room info to Lobby, Name:RoomSvr1 IdleRoomNum:2560 UserNum:0.(1)(2021-05-19_00-00-20-800)
send room info to Lobby, Name:RoomSvr1 IdleRoomNum:2560 UserNum:0.(1)(2021-05-19_00-00-40-824)
send room info to Lobby, Name:RoomSvr1 IdleRoomNum:2560 UserNum:0.(1)(2021-05-19_00-01-00-850)
send room info to Lobby, Name:RoomSvr1 IdleRoomNum:2560 UserNum:0.(1)(2021-05-19_00-01-20-882)
send room info to Lobby, Name:RoomSvr1 IdleRoomNum:2560 UserNum:0.(1)(2021-05-19_00-01-40-910)
send room info to Lobby, Name:RoomSvr1 IdleRoomNum:2560 UserNum:0.(1)(2021-05-19_00-02-00-926)
send room info to Lobby, Name:RoomSvr1 IdleRoomNum:2560 UserNum:0.(1)(2021-05-19_00-02-20-950)
send room info to Lobby, Name:RoomSvr1 IdleRoomNum:2560 UserNum:0.(1)(2021-05-19_00-02-40-976)
send room info to Lobby, Name:RoomSvr1 IdleRoomNum:2560 UserNum:0.(1)(2021-05-19_00-03-01-008)
send room info to Lobby, Name:RoomSvr1 IdleRoomNum:2560 UserNum:0.(1)(2021-05-19_00-03-21-028)
send room info to Lobby, Name:RoomSvr1 IdleRoomNum:2560 UserNum:0.(1)(2021-05-19_00-03-41-049)
send room info to Lobby, Name:RoomSvr1 IdleRoomNum:2560 UserNum:0.(1)(2021-05-19_00-04-01-080)
send room info to Lobby, Name:RoomSvr1 IdleRoomNum:2560 UserNum:0.(1)(2021-05-19_00-04-21-115)
send room info to Lobby, Name:RoomSvr1 IdleRoomNum:2560 UserNum:0.(1)(2021-05-19_00-04-41-122)
send room info to Lobby, Name:RoomSvr1 IdleRoomNum:2560 UserNum:0.(1)(2021-05-19_00-05-01-141)
send room info to Lobby, Name:RoomSvr1 IdleRoomNum:2560 UserNum:0.(1)(2021-05-19_00-05-21-176)
send room info to Lobby, Name:RoomSvr1 IdleRoomNum:2560 UserNum:0.(1)(2021-05-19_00-05-41-211)
send room info to Lobby, Name:RoomSvr1 IdleRoomNum:2560 UserNum:0.(1)(2021-05-19_00-06-01-242)
send room info to Lobby, Name:RoomSvr1 IdleRoomNum:2560 UserNum:0.(1)(2021-05-19_00-06-21-268)
send room info to Lobby, Name:RoomSvr1 IdleRoomNum:2560 UserNum:0.(1)(2021-05-19_00-06-41-291)
send room info to Lobby, Name:RoomSvr1 IdleRoomNum:2560 UserNum:0.(1)(2021-05-19_00-07-01-311)
send room info to Lobby, Name:RoomSvr1 IdleRoomNum:2560 UserNum:0.(1)(2021-05-19_00-07-21-341)
send room info to Lobby, Name:RoomSvr1 IdleRoomNum:2560 UserNum:0.(1)(2021-05-19_00-07-41-366)
send room info to Lobby, Name:RoomSvr1 IdleRoomNum:2560 UserNum:0.(1)(2021-05-19_00-08-01-389)
send room info to Lobby, Name:RoomSvr1 IdleRoomNum:2560 UserNum:0.(1)(2021-05-19_00-08-21-419)
send room info to Lobby, Name:RoomSvr1 IdleRoomNum:2560 UserNum:0.(1)(2021-05-19_00-08-41-447)
send room info to Lobby, Name:RoomSvr1 IdleRoomNum:2560 UserNum:0.(1)(2021-05-19_00-09-01-460)
send room info to Lobby, Name:RoomSvr1 IdleRoomNum:2560 UserNum:0.(1)(2021-05-19_00-09-21-488)
send room info to Lobby, Name:RoomSvr1 IdleRoomNum:2560 UserNum:0.(1)(2021-05-19_00-09-41-507)
send room info to Lobby, Name:RoomSvr1 IdleRoomNum:2560 UserNum:0.(1)(2021-05-19_00-10-01-521)
send room info to Lobby, Name:RoomSvr1 IdleRoomNum:2560 UserNum:0.(1)(2021-05-19_00-10-21-533)
send room info to Lobby, Name:RoomSvr1 IdleRoomNum:2560 UserNum:0.(1)(2021-05-19_00-10-41-570)
send room info to Lobby, Name:RoomSvr1 IdleRoomNum:2560 UserNum:0.(1)(2021-05-19_00-11-01-602)
send room info to Lobby, Name:RoomSvr1 IdleRoomNum:2560 UserNum:0.(1)(2021-05-19_00-11-21-638)
send room info to Lobby, Name:RoomSvr1 IdleRoomNum:2560 UserNum:0.(1)(2021-05-19_00-11-41-661)
send room info to Lobby, Name:RoomSvr1 IdleRoomNum:2560 UserNum:0.(1)(2021-05-19_00-12-01-688)
send room info to Lobby, Name:RoomSvr1 IdleRoomNum:2560 UserNum:0.(1)(2021-05-19_00-12-21-707)
send room info to Lobby, Name:RoomSvr1 IdleRoomNum:2560 UserNum:0.(1)(2021-05-19_00-12-41-726)
send room info to Lobby, Name:RoomSvr1 IdleRoomNum:2560 UserNum:0.(1)(2021-05-19_00-13-01-759)
send room info to Lobby, Name:RoomSvr1 IdleRoomNum:2560 UserNum:0.(1)(2021-05-19_00-13-21-784)
send room info to Lobby, Name:RoomSvr1 IdleRoomNum:2560 UserNum:0.(1)(2021-05-19_00-13-41-802)
send room info to Lobby, Name:RoomSvr1 IdleRoomNum:2560 UserNum:0.(1)(2021-05-19_00-14-01-818)
send room info to Lobby, Name:RoomSvr1 IdleRoomNum:2560 UserNum:0.(1)(2021-05-19_00-14-21-840)
send room info to Lobby, Name:RoomSvr1 IdleRoomNum:2560 UserNum:0.(1)(2021-05-19_00-14-41-864)
send room info to Lobby, Name:RoomSvr1 IdleRoomNum:2560 UserNum:0.(1)(2021-05-19_00-15-01-893)
send room info to Lobby, Name:RoomSvr1 IdleRoomNum:2560 UserNum:0.(1)(2021-05-19_00-15-21-918)
send room info to Lobby, Name:RoomSvr1 IdleRoomNum:2560 UserNum:0.(1)(2021-05-19_00-15-41-944)
send room info to Lobby, Name:RoomSvr1 IdleRoomNum:2560 UserNum:0.(1)(2021-05-19_00-16-01-950)
send room info to Lobby, Name:RoomSvr1 IdleRoomNum:2560 UserNum:0.(1)(2021-05-19_00-16-21-971)
send room info to Lobby, Name:RoomSvr1 IdleRoomNum:2560 UserNum:0.(1)(2021-05-19_00-16-42-005)
send room info to Lobby, Name:RoomSvr1 IdleRoomNum:2560 UserNum:0.(1)(2021-05-19_00-17-02-034)
send room info to Lobby, Name:RoomSvr1 IdleRoomNum:2560 UserNum:0.(1)(2021-05-19_00-17-22-054)
send room info to Lobby, Name:RoomSvr1 IdleRoomNum:2560 UserNum:0.(1)(2021-05-19_00-17-42-091)
send room info to Lobby, Name:RoomSvr1 IdleRoomNum:2560 UserNum:0.(1)(2021-05-19_00-18-02-122)
send room info to Lobby, Name:RoomSvr1 IdleRoomNum:2560 UserNum:0.(1)(2021-05-19_00-18-22-149)
send room info to Lobby, Name:RoomSvr1 IdleRoomNum:2560 UserNum:0.(1)(2021-05-19_00-18-42-175)
send room info to Lobby, Name:RoomSvr1 IdleRoomNum:2560 UserNum:0.(1)(2021-05-19_00-19-02-203)
send room info to Lobby, Name:RoomSvr1 IdleRoomNum:2560 UserNum:0.(1)(2021-05-19_00-19-22-232)
send room info to Lobby, Name:RoomSvr1 IdleRoomNum:2560 UserNum:0.(1)(2021-05-19_00-19-42-257)
send room info to Lobby, Name:RoomSvr1 IdleRoomNum:2560 UserNum:0.(1)(2021-05-19_00-20-02-278)
send room info to Lobby, Name:RoomSvr1 IdleRoomNum:2560 UserNum:0.(1)(2021-05-19_00-20-22-302)
send room info to Lobby, Name:RoomSvr1 IdleRoomNum:2560 UserNum:0.(1)(2021-05-19_00-20-42-313)
send room info to Lobby, Name:RoomSvr1 IdleRoomNum:2560 UserNum:0.(1)(2021-05-19_00-21-02-321)
send room info to Lobby, Name:RoomSvr1 IdleRoomNum:2560 UserNum:0.(1)(2021-05-19_00-21-22-330)
send room info to Lobby, Name:RoomSvr1 IdleRoomNum:2560 UserNum:0.(1)(2021-05-19_00-21-42-354)
send room info to Lobby, Name:RoomSvr1 IdleRoomNum:2560 UserNum:0.(1)(2021-05-19_00-22-02-392)
send room info to Lobby, Name:RoomSvr1 IdleRoomNum:2560 UserNum:0.(1)(2021-05-19_00-22-22-402)
send room info to Lobby, Name:RoomSvr1 IdleRoomNum:2560 UserNum:0.(1)(2021-05-19_00-22-42-435)
send room info to Lobby, Name:RoomSvr1 IdleRoomNum:2560 UserNum:0.(1)(2021-05-19_00-23-02-461)
send room info to Lobby, Name:RoomSvr1 IdleRoomNum:2560 UserNum:0.(1)(2021-05-19_00-23-22-489)
send room info to Lobby, Name:RoomSvr1 IdleRoomNum:2560 UserNum:0.(1)(2021-05-19_00-23-42-510)
send room info to Lobby, Name:RoomSvr1 IdleRoomNum:2560 UserNum:0.(1)(2021-05-19_00-24-02-520)
send room info to Lobby, Name:RoomSvr1 IdleRoomNum:2560 UserNum:0.(1)(2021-05-19_00-24-22-539)
send room info to Lobby, Name:RoomSvr1 IdleRoomNum:2560 UserNum:0.(1)(2021-05-19_00-24-42-555)
send room info to Lobby, Name:RoomSvr1 IdleRoomNum:2560 UserNum:0.(1)(2021-05-19_00-25-02-573)
send room info to Lobby, Name:RoomSvr1 IdleRoomNum:2560 UserNum:0.(1)(2021-05-19_00-25-22-598)
send room info to Lobby, Name:RoomSvr1 IdleRoomNum:2560 UserNum:0.(1)(2021-05-19_00-25-42-607)
send room info to Lobby, Name:RoomSvr1 IdleRoomNum:2560 UserNum:0.(1)(2021-05-19_00-26-02-621)
send room info to Lobby, Name:RoomSvr1 IdleRoomNum:2560 UserNum:0.(1)(2021-05-19_00-26-22-633)
send room info to Lobby, Name:RoomSvr1 IdleRoomNum:2560 UserNum:0.(1)(2021-05-19_00-26-42-666)
send room info to Lobby, Name:RoomSvr1 IdleRoomNum:2560 UserNum:0.(1)(2021-05-19_00-27-02-694)
send room info to Lobby, Name:RoomSvr1 IdleRoomNum:2560 UserNum:0.(1)(2021-05-19_00-27-22-724)
send room info to Lobby, Name:RoomSvr1 IdleRoomNum:2560 UserNum:0.(1)(2021-05-19_00-27-42-741)
send room info to Lobby, Name:RoomSvr1 IdleRoomNum:2560 UserNum:0.(1)(2021-05-19_00-28-02-769)
send room info to Lobby, Name:RoomSvr1 IdleRoomNum:2560 UserNum:0.(1)(2021-05-19_00-28-22-791)
send room info to Lobby, Name:RoomSvr1 IdleRoomNum:2560 UserNum:0.(1)(2021-05-19_00-28-42-820)
send room info to Lobby, Name:RoomSvr1 IdleRoomNum:2560 UserNum:0.(1)(2021-05-19_00-29-02-833)
send room info to Lobby, Name:RoomSvr1 IdleRoomNum:2560 UserNum:0.(1)(2021-05-19_00-29-22-853)
send room info to Lobby, Name:RoomSvr1 IdleRoomNum:2560 UserNum:0.(1)(2021-05-19_00-29-42-875)
send room info to Lobby, Name:RoomSvr1 IdleRoomNum:2560 UserNum:0.(1)(2021-05-19_00-30-02-907)
send room info to Lobby, Name:RoomSvr1 IdleRoomNum:2560 UserNum:0.(1)(2021-05-19_00-30-22-934)
send room info to Lobby, Name:RoomSvr1 IdleRoomNum:2560 UserNum:0.(1)(2021-05-19_00-30-42-957)
send room info to Lobby, Name:RoomSvr1 IdleRoomNum:2560 UserNum:0.(1)(2021-05-19_00-31-02-982)
send room info to Lobby, Name:RoomSvr1 IdleRoomNum:2560 UserNum:0.(1)(2021-05-19_00-31-23-006)
send room info to Lobby, Name:RoomSvr1 IdleRoomNum:2560 UserNum:0.(1)(2021-05-19_00-31-43-038)
send room info to Lobby, Name:RoomSvr1 IdleRoomNum:2560 UserNum:0.(1)(2021-05-19_00-32-03-045)
send room info to Lobby, Name:RoomSvr1 IdleRoomNum:2560 UserNum:0.(1)(2021-05-19_00-32-23-067)
send room info to Lobby, Name:RoomSvr1 IdleRoomNum:2560 UserNum:0.(1)(2021-05-19_00-32-43-083)
send room info to Lobby, Name:RoomSvr1 IdleRoomNum:2560 UserNum:0.(1)(2021-05-19_00-33-03-100)
send room info to Lobby, Name:RoomSvr1 IdleRoomNum:2560 UserNum:0.(1)(2021-05-19_00-33-23-118)
send room info to Lobby, Name:RoomSvr1 IdleRoomNum:2560 UserNum:0.(1)(2021-05-19_00-33-43-145)
send room info to Lobby, Name:RoomSvr1 IdleRoomNum:2560 UserNum:0.(1)(2021-05-19_00-34-03-153)
send room info to Lobby, Name:RoomSvr1 IdleRoomNum:2560 UserNum:0.(1)(2021-05-19_00-34-23-166)
send room info to Lobby, Name:RoomSvr1 IdleRoomNum:2560 UserNum:0.(1)(2021-05-19_00-34-43-181)
send room info to Lobby, Name:RoomSvr1 IdleRoomNum:2560 UserNum:0.(1)(2021-05-19_00-35-03-208)
send room info to Lobby, Name:RoomSvr1 IdleRoomNum:2560 UserNum:0.(1)(2021-05-19_00-35-23-230)
send room info to Lobby, Name:RoomSvr1 IdleRoomNum:2560 UserNum:0.(1)(2021-05-19_00-35-43-245)
send room info to Lobby, Name:RoomSvr1 IdleRoomNum:2560 UserNum:0.(1)(2021-05-19_00-36-03-271)
send room info to Lobby, Name:RoomSvr1 IdleRoomNum:2560 UserNum:0.(1)(2021-05-19_00-36-23-299)
send room info to Lobby, Name:RoomSvr1 IdleRoomNum:2560 UserNum:0.(1)(2021-05-19_00-36-43-330)
send room info to Lobby, Name:RoomSvr1 IdleRoomNum:2560 UserNum:0.(1)(2021-05-19_00-37-03-351)
send room info to Lobby, Name:RoomSvr1 IdleRoomNum:2560 UserNum:0.(1)(2021-05-19_00-37-23-377)
send room info to Lobby, Name:RoomSvr1 IdleRoomNum:2560 UserNum:0.(1)(2021-05-19_00-37-43-406)
send room info to Lobby, Name:RoomSvr1 IdleRoomNum:2560 UserNum:0.(1)(2021-05-19_00-38-03-431)
send room info to Lobby, Name:RoomSvr1 IdleRoomNum:2560 UserNum:0.(1)(2021-05-19_00-38-23-461)
send room info to Lobby, Name:RoomSvr1 IdleRoomNum:2560 UserNum:0.(1)(2021-05-19_00-38-43-472)
send room info to Lobby, Name:RoomSvr1 IdleRoomNum:2560 UserNum:0.(1)(2021-05-19_00-39-03-488)
send room info to Lobby, Name:RoomSvr1 IdleRoomNum:2560 UserNum:0.(1)(2021-05-19_00-39-23-501)
send room info to Lobby, Name:RoomSvr1 IdleRoomNum:2560 UserNum:0.(1)(2021-05-19_00-39-43-528)
send room info to Lobby, Name:RoomSvr1 IdleRoomNum:2560 UserNum:0.(1)(2021-05-19_00-40-03-544)
send room info to Lobby, Name:RoomSvr1 IdleRoomNum:2560 UserNum:0.(1)(2021-05-19_00-40-23-573)
send room info to Lobby, Name:RoomSvr1 IdleRoomNum:2560 UserNum:0.(1)(2021-05-19_00-40-43-606)
send room info to Lobby, Name:RoomSvr1 IdleRoomNum:2560 UserNum:0.(1)(2021-05-19_00-41-03-629)
send room info to Lobby, Name:RoomSvr1 IdleRoomNum:2560 UserNum:0.(1)(2021-05-19_00-41-23-642)
send room info to Lobby, Name:RoomSvr1 IdleRoomNum:2560 UserNum:0.(1)(2021-05-19_00-41-43-676)
send room info to Lobby, Name:RoomSvr1 IdleRoomNum:2560 UserNum:0.(1)(2021-05-19_00-42-03-693)
send room info to Lobby, Name:RoomSvr1 IdleRoomNum:2560 UserNum:0.(1)(2021-05-19_00-42-23-718)
send room info to Lobby, Name:RoomSvr1 IdleRoomNum:2560 UserNum:0.(1)(2021-05-19_00-42-43-735)
send room info to Lobby, Name:RoomSvr1 IdleRoomNum:2560 UserNum:0.(1)(2021-05-19_00-43-03-752)
send room info to Lobby, Name:RoomSvr1 IdleRoomNum:2560 UserNum:0.(1)(2021-05-19_00-43-23-784)
send room info to Lobby, Name:RoomSvr1 IdleRoomNum:2560 UserNum:0.(1)(2021-05-19_00-43-43-805)
send room info to Lobby, Name:RoomSvr1 IdleRoomNum:2560 UserNum:0.(1)(2021-05-19_00-44-03-831)
send room info to Lobby, Name:RoomSvr1 IdleRoomNum:2560 UserNum:0.(1)(2021-05-19_00-44-23-862)
send room info to Lobby, Name:RoomSvr1 IdleRoomNum:2560 UserNum:0.(1)(2021-05-19_00-44-43-892)
send room info to Lobby, Name:RoomSvr1 IdleRoomNum:2560 UserNum:0.(1)(2021-05-19_00-45-03-924)
send room info to Lobby, Name:RoomSvr1 IdleRoomNum:2560 UserNum:0.(1)(2021-05-19_00-45-23-941)
send room info to Lobby, Name:RoomSvr1 IdleRoomNum:2560 UserNum:0.(1)(2021-05-19_00-45-43-967)
send room info to Lobby, Name:RoomSvr1 IdleRoomNum:2560 UserNum:0.(1)(2021-05-19_00-46-04-000)
send room info to Lobby, Name:RoomSvr1 IdleRoomNum:2560 UserNum:0.(1)(2021-05-19_00-46-24-022)
send room info to Lobby, Name:RoomSvr1 IdleRoomNum:2560 UserNum:0.(1)(2021-05-19_00-46-44-034)
send room info to Lobby, Name:RoomSvr1 IdleRoomNum:2560 UserNum:0.(1)(2021-05-19_00-47-04-044)
send room info to Lobby, Name:RoomSvr1 IdleRoomNum:2560 UserNum:0.(1)(2021-05-19_00-47-24-062)
send room info to Lobby, Name:RoomSvr1 IdleRoomNum:2560 UserNum:0.(1)(2021-05-19_00-47-44-071)
send room info to Lobby, Name:RoomSvr1 IdleRoomNum:2560 UserNum:0.(1)(2021-05-19_00-48-04-082)
send room info to Lobby, Name:RoomSvr1 IdleRoomNum:2560 UserNum:0.(1)(2021-05-19_00-48-24-095)
send room info to Lobby, Name:RoomSvr1 IdleRoomNum:2560 UserNum:0.(1)(2021-05-19_00-48-44-118)
send room info to Lobby, Name:RoomSvr1 IdleRoomNum:2560 UserNum:0.(1)(2021-05-19_00-49-04-134)
send room info to Lobby, Name:RoomSvr1 IdleRoomNum:2560 UserNum:0.(1)(2021-05-19_00-49-24-148)
send room info to Lobby, Name:RoomSvr1 IdleRoomNum:2560 UserNum:0.(1)(2021-05-19_00-49-44-175)
send room info to Lobby, Name:RoomSvr1 IdleRoomNum:2560 UserNum:0.(1)(2021-05-19_00-50-04-209)
send room info to Lobby, Name:RoomSvr1 IdleRoomNum:2560 UserNum:0.(1)(2021-05-19_00-50-24-239)
send room info to Lobby, Name:RoomSvr1 IdleRoomNum:2560 UserNum:0.(1)(2021-05-19_00-50-44-262)
send room info to Lobby, Name:RoomSvr1 IdleRoomNum:2560 UserNum:0.(1)(2021-05-19_00-51-04-289)
send room info to Lobby, Name:RoomSvr1 IdleRoomNum:2560 UserNum:0.(1)(2021-05-19_00-51-24-316)
send room info to Lobby, Name:RoomSvr1 IdleRoomNum:2560 UserNum:0.(1)(2021-05-19_00-51-44-333)
send room info to Lobby, Name:RoomSvr1 IdleRoomNum:2560 UserNum:0.(1)(2021-05-19_00-52-04-356)
send room info to Lobby, Name:RoomSvr1 IdleRoomNum:2560 UserNum:0.(1)(2021-05-19_00-52-24-378)
send room info to Lobby, Name:RoomSvr1 IdleRoomNum:2560 UserNum:0.(1)(2021-05-19_00-52-44-412)
send room info to Lobby, Name:RoomSvr1 IdleRoomNum:2560 UserNum:0.(1)(2021-05-19_00-53-04-440)
send room info to Lobby, Name:RoomSvr1 IdleRoomNum:2560 UserNum:0.(1)(2021-05-19_00-53-24-462)
send room info to Lobby, Name:RoomSvr1 IdleRoomNum:2560 UserNum:0.(1)(2021-05-19_00-53-44-485)
send room info to Lobby, Name:RoomSvr1 IdleRoomNum:2560 UserNum:0.(1)(2021-05-19_00-54-04-521)
send room info to Lobby, Name:RoomSvr1 IdleRoomNum:2560 UserNum:0.(1)(2021-05-19_00-54-24-536)
send room info to Lobby, Name:RoomSvr1 IdleRoomNum:2560 UserNum:0.(1)(2021-05-19_00-54-44-562)
send room info to Lobby, Name:RoomSvr1 IdleRoomNum:2560 UserNum:0.(1)(2021-05-19_00-55-04-588)
send room info to Lobby, Name:RoomSvr1 IdleRoomNum:2560 UserNum:0.(1)(2021-05-19_00-55-24-605)
send room info to Lobby, Name:RoomSvr1 IdleRoomNum:2560 UserNum:0.(1)(2021-05-19_00-55-44-616)
send room info to Lobby, Name:RoomSvr1 IdleRoomNum:2560 UserNum:0.(1)(2021-05-19_00-56-04-633)
send room info to Lobby, Name:RoomSvr1 IdleRoomNum:2560 UserNum:0.(1)(2021-05-19_00-56-24-644)
send room info to Lobby, Name:RoomSvr1 IdleRoomNum:2560 UserNum:0.(1)(2021-05-19_00-56-44-662)
send room info to Lobby, Name:RoomSvr1 IdleRoomNum:2560 UserNum:0.(1)(2021-05-19_00-57-04-680)
send room info to Lobby, Name:RoomSvr1 IdleRoomNum:2560 UserNum:0.(1)(2021-05-19_00-57-24-710)
send room info to Lobby, Name:RoomSvr1 IdleRoomNum:2560 UserNum:0.(1)(2021-05-19_00-57-44-724)
send room info to Lobby, Name:RoomSvr1 IdleRoomNum:2560 UserNum:0.(1)(2021-05-19_00-58-04-740)
send room info to Lobby, Name:RoomSvr1 IdleRoomNum:2560 UserNum:0.(1)(2021-05-19_00-58-24-746)
send room info to Lobby, Name:RoomSvr1 IdleRoomNum:2560 UserNum:0.(1)(2021-05-19_00-58-44-773)
send room info to Lobby, Name:RoomSvr1 IdleRoomNum:2560 UserNum:0.(1)(2021-05-19_00-59-04-795)
send room info to Lobby, Name:RoomSvr1 IdleRoomNum:2560 UserNum:0.(1)(2021-05-19_00-59-24-820)
send room info to Lobby, Name:RoomSvr1 IdleRoomNum:2560 UserNum:0.(1)(2021-05-19_00-59-44-844)
send room info to Lobby, Name:RoomSvr1 IdleRoomNum:2560 UserNum:0.(1)(2021-05-19_01-00-04-871)
send room info to Lobby, Name:RoomSvr1 IdleRoomNum:2560 UserNum:0.(1)(2021-05-19_01-00-24-902)
send room info to Lobby, Name:RoomSvr1 IdleRoomNum:2560 UserNum:0.(1)(2021-05-19_01-00-44-933)
send room info to Lobby, Name:RoomSvr1 IdleRoomNum:2560 UserNum:0.(1)(2021-05-19_01-01-04-959)
send room info to Lobby, Name:RoomSvr1 IdleRoomNum:2560 UserNum:0.(1)(2021-05-19_01-01-24-997)
send room info to Lobby, Name:RoomSvr1 IdleRoomNum:2560 UserNum:0.(1)(2021-05-19_01-01-45-013)
send room info to Lobby, Name:RoomSvr1 IdleRoomNum:2560 UserNum:0.(1)(2021-05-19_01-02-05-019)
send room info to Lobby, Name:RoomSvr1 IdleRoomNum:2560 UserNum:0.(1)(2021-05-19_01-02-25-035)
send room info to Lobby, Name:RoomSvr1 IdleRoomNum:2560 UserNum:0.(1)(2021-05-19_01-02-45-046)
send room info to Lobby, Name:RoomSvr1 IdleRoomNum:2560 UserNum:0.(1)(2021-05-19_01-03-05-074)
send room info to Lobby, Name:RoomSvr1 IdleRoomNum:2560 UserNum:0.(1)(2021-05-19_01-03-25-116)
send room info to Lobby, Name:RoomSvr1 IdleRoomNum:2560 UserNum:0.(1)(2021-05-19_01-03-45-141)
send room info to Lobby, Name:RoomSvr1 IdleRoomNum:2560 UserNum:0.(1)(2021-05-19_01-04-05-168)
send room info to Lobby, Name:RoomSvr1 IdleRoomNum:2560 UserNum:0.(1)(2021-05-19_01-04-25-191)
send room info to Lobby, Name:RoomSvr1 IdleRoomNum:2560 UserNum:0.(1)(2021-05-19_01-04-45-200)
send room info to Lobby, Name:RoomSvr1 IdleRoomNum:2560 UserNum:0.(1)(2021-05-19_01-05-05-225)
send room info to Lobby, Name:RoomSvr1 IdleRoomNum:2560 UserNum:0.(1)(2021-05-19_01-05-25-241)
send room info to Lobby, Name:RoomSvr1 IdleRoomNum:2560 UserNum:0.(1)(2021-05-19_01-05-45-266)
send room info to Lobby, Name:RoomSvr1 IdleRoomNum:2560 UserNum:0.(1)(2021-05-19_01-06-05-289)
send room info to Lobby, Name:RoomSvr1 IdleRoomNum:2560 UserNum:0.(1)(2021-05-19_01-06-25-301)
send room info to Lobby, Name:RoomSvr1 IdleRoomNum:2560 UserNum:0.(1)(2021-05-19_01-06-45-324)
send room info to Lobby, Name:RoomSvr1 IdleRoomNum:2560 UserNum:0.(1)(2021-05-19_01-07-05-350)
send room info to Lobby, Name:RoomSvr1 IdleRoomNum:2560 UserNum:0.(1)(2021-05-19_01-07-25-382)
send room info to Lobby, Name:RoomSvr1 IdleRoomNum:2560 UserNum:0.(1)(2021-05-19_01-07-45-418)
send room info to Lobby, Name:RoomSvr1 IdleRoomNum:2560 UserNum:0.(1)(2021-05-19_01-08-05-441)
send room info to Lobby, Name:RoomSvr1 IdleRoomNum:2560 UserNum:0.(1)(2021-05-19_01-08-25-458)
send room info to Lobby, Name:RoomSvr1 IdleRoomNum:2560 UserNum:0.(1)(2021-05-19_01-08-45-477)
send room info to Lobby, Name:RoomSvr1 IdleRoomNum:2560 UserNum:0.(1)(2021-05-19_01-09-05-493)
send room info to Lobby, Name:RoomSvr1 IdleRoomNum:2560 UserNum:0.(1)(2021-05-19_01-09-25-505)
send room info to Lobby, Name:RoomSvr1 IdleRoomNum:2560 UserNum:0.(1)(2021-05-19_01-09-45-528)
send room info to Lobby, Name:RoomSvr1 IdleRoomNum:2560 UserNum:0.(1)(2021-05-19_01-10-05-542)
send room info to Lobby, Name:RoomSvr1 IdleRoomNum:2560 UserNum:0.(1)(2021-05-19_01-10-25-576)
send room info to Lobby, Name:RoomSvr1 IdleRoomNum:2560 UserNum:0.(1)(2021-05-19_01-10-45-592)
send room info to Lobby, Name:RoomSvr1 IdleRoomNum:2560 UserNum:0.(1)(2021-05-19_01-11-05-629)
send room info to Lobby, Name:RoomSvr1 IdleRoomNum:2560 UserNum:0.(1)(2021-05-19_01-11-25-657)
send room info to Lobby, Name:RoomSvr1 IdleRoomNum:2560 UserNum:0.(1)(2021-05-19_01-11-45-695)
send room info to Lobby, Name:RoomSvr1 IdleRoomNum:2560 UserNum:0.(1)(2021-05-19_01-12-05-723)
send room info to Lobby, Name:RoomSvr1 IdleRoomNum:2560 UserNum:0.(1)(2021-05-19_01-12-25-740)
send room info to Lobby, Name:RoomSvr1 IdleRoomNum:2560 UserNum:0.(1)(2021-05-19_01-12-45-769)
send room info to Lobby, Name:RoomSvr1 IdleRoomNum:2560 UserNum:0.(1)(2021-05-19_01-13-05-801)
send room info to Lobby, Name:RoomSvr1 IdleRoomNum:2560 UserNum:0.(1)(2021-05-19_01-13-25-826)
send room info to Lobby, Name:RoomSvr1 IdleRoomNum:2560 UserNum:0.(1)(2021-05-19_01-13-45-851)
send room info to Lobby, Name:RoomSvr1 IdleRoomNum:2560 UserNum:0.(1)(2021-05-19_01-14-05-863)
send room info to Lobby, Name:RoomSvr1 IdleRoomNum:2560 UserNum:0.(1)(2021-05-19_01-14-25-885)
send room info to Lobby, Name:RoomSvr1 IdleRoomNum:2560 UserNum:0.(1)(2021-05-19_01-14-45-900)
send room info to Lobby, Name:RoomSvr1 IdleRoomNum:2560 UserNum:0.(1)(2021-05-19_01-15-05-928)
send room info to Lobby, Name:RoomSvr1 IdleRoomNum:2560 UserNum:0.(1)(2021-05-19_01-15-25-965)
send room info to Lobby, Name:RoomSvr1 IdleRoomNum:2560 UserNum:0.(1)(2021-05-19_01-15-45-998)
send room info to Lobby, Name:RoomSvr1 IdleRoomNum:2560 UserNum:0.(1)(2021-05-19_01-16-06-014)
send room info to Lobby, Name:RoomSvr1 IdleRoomNum:2560 UserNum:0.(1)(2021-05-19_01-16-26-041)
send room info to Lobby, Name:RoomSvr1 IdleRoomNum:2560 UserNum:0.(1)(2021-05-19_01-16-46-072)
send room info to Lobby, Name:RoomSvr1 IdleRoomNum:2560 UserNum:0.(1)(2021-05-19_01-17-06-099)
send room info to Lobby, Name:RoomSvr1 IdleRoomNum:2560 UserNum:0.(1)(2021-05-19_01-17-26-124)
send room info to Lobby, Name:RoomSvr1 IdleRoomNum:2560 UserNum:0.(1)(2021-05-19_01-17-46-139)
send room info to Lobby, Name:RoomSvr1 IdleRoomNum:2560 UserNum:0.(1)(2021-05-19_01-18-06-157)
send room info to Lobby, Name:RoomSvr1 IdleRoomNum:2560 UserNum:0.(1)(2021-05-19_01-18-26-174)
send room info to Lobby, Name:RoomSvr1 IdleRoomNum:2560 UserNum:0.(1)(2021-05-19_01-18-46-199)
send room info to Lobby, Name:RoomSvr1 IdleRoomNum:2560 UserNum:0.(1)(2021-05-19_01-19-06-223)
send room info to Lobby, Name:RoomSvr1 IdleRoomNum:2560 UserNum:0.(1)(2021-05-19_01-19-26-247)
send room info to Lobby, Name:RoomSvr1 IdleRoomNum:2560 UserNum:0.(1)(2021-05-19_01-19-46-267)
send room info to Lobby, Name:RoomSvr1 IdleRoomNum:2560 UserNum:0.(1)(2021-05-19_01-20-06-302)
send room info to Lobby, Name:RoomSvr1 IdleRoomNum:2560 UserNum:0.(1)(2021-05-19_01-20-26-326)
send room info to Lobby, Name:RoomSvr1 IdleRoomNum:2560 UserNum:0.(1)(2021-05-19_01-20-46-353)
send room info to Lobby, Name:RoomSvr1 IdleRoomNum:2560 UserNum:0.(1)(2021-05-19_01-21-06-368)
send room info to Lobby, Name:RoomSvr1 IdleRoomNum:2560 UserNum:0.(1)(2021-05-19_01-21-26-398)
send room info to Lobby, Name:RoomSvr1 IdleRoomNum:2560 UserNum:0.(1)(2021-05-19_01-21-46-421)
send room info to Lobby, Name:RoomSvr1 IdleRoomNum:2560 UserNum:0.(1)(2021-05-19_01-22-06-450)
send room info to Lobby, Name:RoomSvr1 IdleRoomNum:2560 UserNum:0.(1)(2021-05-19_01-22-26-469)
send room info to Lobby, Name:RoomSvr1 IdleRoomNum:2560 UserNum:0.(1)(2021-05-19_01-22-46-484)
send room info to Lobby, Name:RoomSvr1 IdleRoomNum:2560 UserNum:0.(1)(2021-05-19_01-23-06-503)
send room info to Lobby, Name:RoomSvr1 IdleRoomNum:2560 UserNum:0.(1)(2021-05-19_01-23-26-536)
send room info to Lobby, Name:RoomSvr1 IdleRoomNum:2560 UserNum:0.(1)(2021-05-19_01-23-46-567)
send room info to Lobby, Name:RoomSvr1 IdleRoomNum:2560 UserNum:0.(1)(2021-05-19_01-24-06-582)
send room info to Lobby, Name:RoomSvr1 IdleRoomNum:2560 UserNum:0.(1)(2021-05-19_01-24-26-590)
send room info to Lobby, Name:RoomSvr1 IdleRoomNum:2560 UserNum:0.(1)(2021-05-19_01-24-46-617)
send room info to Lobby, Name:RoomSvr1 IdleRoomNum:2560 UserNum:0.(1)(2021-05-19_01-25-06-633)
send room info to Lobby, Name:RoomSvr1 IdleRoomNum:2560 UserNum:0.(1)(2021-05-19_01-25-26-668)
send room info to Lobby, Name:RoomSvr1 IdleRoomNum:2560 UserNum:0.(1)(2021-05-19_01-25-46-684)
send room info to Lobby, Name:RoomSvr1 IdleRoomNum:2560 UserNum:0.(1)(2021-05-19_01-26-06-698)
send room info to Lobby, Name:RoomSvr1 IdleRoomNum:2560 UserNum:0.(1)(2021-05-19_01-26-26-729)
send room info to Lobby, Name:RoomSvr1 IdleRoomNum:2560 UserNum:0.(1)(2021-05-19_01-26-46-736)
send room info to Lobby, Name:RoomSvr1 IdleRoomNum:2560 UserNum:0.(1)(2021-05-19_01-27-06-744)
send room info to Lobby, Name:RoomSvr1 IdleRoomNum:2560 UserNum:0.(1)(2021-05-19_01-27-26-763)
send room info to Lobby, Name:RoomSvr1 IdleRoomNum:2560 UserNum:0.(1)(2021-05-19_01-27-46-773)
send room info to Lobby, Name:RoomSvr1 IdleRoomNum:2560 UserNum:0.(1)(2021-05-19_01-28-06-788)
send room info to Lobby, Name:RoomSvr1 IdleRoomNum:2560 UserNum:0.(1)(2021-05-19_01-28-26-805)
send room info to Lobby, Name:RoomSvr1 IdleRoomNum:2560 UserNum:0.(1)(2021-05-19_01-28-46-819)
send room info to Lobby, Name:RoomSvr1 IdleRoomNum:2560 UserNum:0.(1)(2021-05-19_01-29-06-842)
send room info to Lobby, Name:RoomSvr1 IdleRoomNum:2560 UserNum:0.(1)(2021-05-19_01-29-26-859)
send room info to Lobby, Name:RoomSvr1 IdleRoomNum:2560 UserNum:0.(1)(2021-05-19_01-29-46-873)
send room info to Lobby, Name:RoomSvr1 IdleRoomNum:2560 UserNum:0.(1)(2021-05-19_01-30-06-895)
send room info to Lobby, Name:RoomSvr1 IdleRoomNum:2560 UserNum:0.(1)(2021-05-19_01-30-26-922)
send room info to Lobby, Name:RoomSvr1 IdleRoomNum:2560 UserNum:0.(1)(2021-05-19_01-30-46-947)
send room info to Lobby, Name:RoomSvr1 IdleRoomNum:2560 UserNum:0.(1)(2021-05-19_01-31-06-960)
send room info to Lobby, Name:RoomSvr1 IdleRoomNum:2560 UserNum:0.(1)(2021-05-19_01-31-26-979)
send room info to Lobby, Name:RoomSvr1 IdleRoomNum:2560 UserNum:0.(1)(2021-05-19_01-31-47-005)
send room info to Lobby, Name:RoomSvr1 IdleRoomNum:2560 UserNum:0.(1)(2021-05-19_01-32-07-012)
send room info to Lobby, Name:RoomSvr1 IdleRoomNum:2560 UserNum:0.(1)(2021-05-19_01-32-27-037)
send room info to Lobby, Name:RoomSvr1 IdleRoomNum:2560 UserNum:0.(1)(2021-05-19_01-32-47-061)
send room info to Lobby, Name:RoomSvr1 IdleRoomNum:2560 UserNum:0.(1)(2021-05-19_01-33-07-088)
send room info to Lobby, Name:RoomSvr1 IdleRoomNum:2560 UserNum:0.(1)(2021-05-19_01-33-27-119)
send room info to Lobby, Name:RoomSvr1 IdleRoomNum:2560 UserNum:0.(1)(2021-05-19_01-33-47-134)
send room info to Lobby, Name:RoomSvr1 IdleRoomNum:2560 UserNum:0.(1)(2021-05-19_01-34-07-160)
send room info to Lobby, Name:RoomSvr1 IdleRoomNum:2560 UserNum:0.(1)(2021-05-19_01-34-27-184)
send room info to Lobby, Name:RoomSvr1 IdleRoomNum:2560 UserNum:0.(1)(2021-05-19_01-34-47-225)
send room info to Lobby, Name:RoomSvr1 IdleRoomNum:2560 UserNum:0.(1)(2021-05-19_01-35-07-252)
send room info to Lobby, Name:RoomSvr1 IdleRoomNum:2560 UserNum:0.(1)(2021-05-19_01-35-27-287)
send room info to Lobby, Name:RoomSvr1 IdleRoomNum:2560 UserNum:0.(1)(2021-05-19_01-35-47-316)
send room info to Lobby, Name:RoomSvr1 IdleRoomNum:2560 UserNum:0.(1)(2021-05-19_01-36-07-350)
send room info to Lobby, Name:RoomSvr1 IdleRoomNum:2560 UserNum:0.(1)(2021-05-19_01-36-27-373)
send room info to Lobby, Name:RoomSvr1 IdleRoomNum:2560 UserNum:0.(1)(2021-05-19_01-36-47-395)
send room info to Lobby, Name:RoomSvr1 IdleRoomNum:2560 UserNum:0.(1)(2021-05-19_01-37-07-415)
send room info to Lobby, Name:RoomSvr1 IdleRoomNum:2560 UserNum:0.(1)(2021-05-19_01-37-27-438)
Init Succ!(1)(2021-05-19_22-53-19-951)
room server init ip: 127.0.0.1  port: 9528(1)(2021-05-19_22-53-20-090)
Serialize init OK.(1)(2021-05-19_22-53-20-096)
thread 1 init ok.(1)(2021-05-19_22-53-20-581)
thread 2 init ok.(1)(2021-05-19_22-53-20-584)
thread 3 init ok.(1)(2021-05-19_22-53-20-584)
thread 4 init ok.(1)(2021-05-19_22-53-20-584)
thread 5 init ok.(1)(2021-05-19_22-53-20-584)
thread 6 init ok.(1)(2021-05-19_22-53-20-584)
thread 7 init ok.(1)(2021-05-19_22-53-20-587)
thread 8 init ok.(1)(2021-05-19_22-53-20-587)
thread 9 init ok.(1)(2021-05-19_22-53-20-587)
thread 10 init ok.(1)(2021-05-19_22-53-20-588)
thread 11 init ok.(1)(2021-05-19_22-53-20-588)
thread 12 init ok.(1)(2021-05-19_22-53-20-592)
thread 13 init ok.(1)(2021-05-19_22-53-20-592)
thread 14 init ok.(1)(2021-05-19_22-53-20-592)
thread 15 init ok.(1)(2021-05-19_22-53-20-606)
thread 16 init ok.(1)(2021-05-19_22-53-20-607)
thread 17 init ok.(1)(2021-05-19_22-53-20-610)
thread 18 init ok.(1)(2021-05-19_22-53-20-610)
thread 19 init ok.(1)(2021-05-19_22-53-20-611)
thread 20 init ok.(1)(2021-05-19_22-53-20-611)
thread 21 init ok.(1)(2021-05-19_22-53-20-611)
thread 22 init ok.(1)(2021-05-19_22-53-20-612)
thread 23 init ok.(1)(2021-05-19_22-53-20-615)
thread 24 init ok.(1)(2021-05-19_22-53-20-615)
thread 25 init ok.(1)(2021-05-19_22-53-20-615)
thread 26 init ok.(1)(2021-05-19_22-53-20-615)
thread 27 init ok.(1)(2021-05-19_22-53-20-616)
thread 28 init ok.(1)(2021-05-19_22-53-20-619)
thread 29 init ok.(1)(2021-05-19_22-53-20-619)
thread 30 init ok.(1)(2021-05-19_22-53-20-619)
thread 31 init ok.(1)(2021-05-19_22-53-20-619)
thread 32 init ok.(1)(2021-05-19_22-53-20-620)
thread 33 init ok.(1)(2021-05-19_22-53-20-623)
thread 34 init ok.(1)(2021-05-19_22-53-20-623)
thread 35 init ok.(1)(2021-05-19_22-53-20-623)
thread 36 init ok.(1)(2021-05-19_22-53-20-623)
thread 37 init ok.(1)(2021-05-19_22-53-20-624)
thread 38 init ok.(1)(2021-05-19_22-53-20-627)
thread 39 init ok.(1)(2021-05-19_22-53-20-627)
thread 40 init ok.(1)(2021-05-19_22-53-20-627)
Enable NetIncomingMessageType.ErrorMessage(1)(2021-05-19_22-53-20-630)
Enable NetIncomingMessageType.WarningMessage(1)(2021-05-19_22-53-20-630)
thread 1 start.(5)(2021-05-19_22-53-20-689)
thread 3 start.(7)(2021-05-19_22-53-20-689)
thread 2 start.(6)(2021-05-19_22-53-20-689)
thread 4 start.(8)(2021-05-19_22-53-20-689)
thread 5 start.(9)(2021-05-19_22-53-20-689)
thread 6 start.(10)(2021-05-19_22-53-20-690)
thread 7 start.(11)(2021-05-19_22-53-20-690)
thread 8 start.(12)(2021-05-19_22-53-20-690)
thread 9 start.(13)(2021-05-19_22-53-20-691)
thread 10 start.(14)(2021-05-19_22-53-20-691)
thread 11 start.(15)(2021-05-19_22-53-20-691)
thread 12 start.(16)(2021-05-19_22-53-20-691)
thread 13 start.(17)(2021-05-19_22-53-20-691)
thread 14 start.(18)(2021-05-19_22-53-20-692)
thread 15 start.(19)(2021-05-19_22-53-20-692)
thread 16 start.(20)(2021-05-19_22-53-20-692)
thread 17 start.(21)(2021-05-19_22-53-20-692)
thread 18 start.(22)(2021-05-19_22-53-20-692)
thread 19 start.(23)(2021-05-19_22-53-20-692)
thread 20 start.(24)(2021-05-19_22-53-20-692)
thread 21 start.(25)(2021-05-19_22-53-20-693)
thread 22 start.(26)(2021-05-19_22-53-20-693)
thread 23 start.(27)(2021-05-19_22-53-20-693)
thread 24 start.(28)(2021-05-19_22-53-20-693)
thread 25 start.(29)(2021-05-19_22-53-20-694)
thread 26 start.(30)(2021-05-19_22-53-20-694)
thread 27 start.(31)(2021-05-19_22-53-20-694)
thread 28 start.(32)(2021-05-19_22-53-20-695)
thread 29 start.(33)(2021-05-19_22-53-20-695)
thread 30 start.(34)(2021-05-19_22-53-20-695)
thread 31 start.(35)(2021-05-19_22-53-20-695)
thread 32 start.(36)(2021-05-19_22-53-20-696)
thread 33 start.(37)(2021-05-19_22-53-20-696)
thread 34 start.(38)(2021-05-19_22-53-20-696)
thread 35 start.(39)(2021-05-19_22-53-20-696)
thread 36 start.(40)(2021-05-19_22-53-20-696)
thread 37 start.(41)(2021-05-19_22-53-20-697)
thread 38 start.(42)(2021-05-19_22-53-20-697)
thread 39 start.(43)(2021-05-19_22-53-20-697)
thread 40 start.(44)(2021-05-19_22-53-20-698)
room server init ok.(1)(2021-05-19_22-53-20-706)
register room server to Lobby.(1)(2021-05-19_22-53-25-053)
send room info to Lobby, Name:RoomSvr1 IdleRoomNum:2560 UserNum:0.(1)(2021-05-19_22-53-39-975)
send room info to Lobby, Name:RoomSvr1 IdleRoomNum:2560 UserNum:0.(1)(2021-05-19_22-53-59-998)
send room info to Lobby, Name:RoomSvr1 IdleRoomNum:2560 UserNum:0.(1)(2021-05-19_22-54-20-034)
send room info to Lobby, Name:RoomSvr1 IdleRoomNum:2560 UserNum:0.(1)(2021-05-19_22-54-40-068)
send room info to Lobby, Name:RoomSvr1 IdleRoomNum:2560 UserNum:0.(1)(2021-05-19_22-55-00-096)
send room info to Lobby, Name:RoomSvr1 IdleRoomNum:2560 UserNum:0.(1)(2021-05-19_22-55-20-119)
send room info to Lobby, Name:RoomSvr1 IdleRoomNum:2560 UserNum:0.(1)(2021-05-19_22-55-40-146)
send room info to Lobby, Name:RoomSvr1 IdleRoomNum:2560 UserNum:0.(1)(2021-05-19_22-56-00-181)
send room info to Lobby, Name:RoomSvr1 IdleRoomNum:2560 UserNum:0.(1)(2021-05-19_22-56-20-207)
send room info to Lobby, Name:RoomSvr1 IdleRoomNum:2560 UserNum:0.(1)(2021-05-19_22-56-40-240)
send room info to Lobby, Name:RoomSvr1 IdleRoomNum:2560 UserNum:0.(1)(2021-05-19_22-57-00-270)
send room info to Lobby, Name:RoomSvr1 IdleRoomNum:2560 UserNum:0.(1)(2021-05-19_22-57-20-299)
send room info to Lobby, Name:RoomSvr1 IdleRoomNum:2560 UserNum:0.(1)(2021-05-19_22-57-40-324)
send room info to Lobby, Name:RoomSvr1 IdleRoomNum:2560 UserNum:0.(1)(2021-05-19_22-58-00-354)
send room info to Lobby, Name:RoomSvr1 IdleRoomNum:2560 UserNum:0.(1)(2021-05-19_22-58-20-389)
send room info to Lobby, Name:RoomSvr1 IdleRoomNum:2560 UserNum:0.(1)(2021-05-19_22-58-40-423)
send room info to Lobby, Name:RoomSvr1 IdleRoomNum:2560 UserNum:0.(1)(2021-05-19_22-59-00-454)
send room info to Lobby, Name:RoomSvr1 IdleRoomNum:2560 UserNum:0.(1)(2021-05-19_22-59-20-488)
send room info to Lobby, Name:RoomSvr1 IdleRoomNum:2560 UserNum:0.(1)(2021-05-19_22-59-40-519)
send room info to Lobby, Name:RoomSvr1 IdleRoomNum:2560 UserNum:0.(1)(2021-05-19_23-00-00-552)
send room info to Lobby, Name:RoomSvr1 IdleRoomNum:2560 UserNum:0.(1)(2021-05-19_23-00-20-589)
send room info to Lobby, Name:RoomSvr1 IdleRoomNum:2560 UserNum:0.(1)(2021-05-19_23-00-40-611)
send room info to Lobby, Name:RoomSvr1 IdleRoomNum:2560 UserNum:0.(1)(2021-05-19_23-01-00-630)
send room info to Lobby, Name:RoomSvr1 IdleRoomNum:2560 UserNum:0.(1)(2021-05-19_23-01-20-661)
send room info to Lobby, Name:RoomSvr1 IdleRoomNum:2560 UserNum:0.(1)(2021-05-19_23-01-40-684)
send room info to Lobby, Name:RoomSvr1 IdleRoomNum:2560 UserNum:0.(1)(2021-05-19_23-02-00-715)
send room info to Lobby, Name:RoomSvr1 IdleRoomNum:2560 UserNum:0.(1)(2021-05-19_23-02-20-754)
send room info to Lobby, Name:RoomSvr1 IdleRoomNum:2560 UserNum:0.(1)(2021-05-19_23-02-40-772)
send room info to Lobby, Name:RoomSvr1 IdleRoomNum:2560 UserNum:0.(1)(2021-05-19_23-03-00-792)
send room info to Lobby, Name:RoomSvr1 IdleRoomNum:2560 UserNum:0.(1)(2021-05-19_23-03-20-828)
send room info to Lobby, Name:RoomSvr1 IdleRoomNum:2560 UserNum:0.(1)(2021-05-19_23-03-40-850)
send room info to Lobby, Name:RoomSvr1 IdleRoomNum:2560 UserNum:0.(1)(2021-05-19_23-04-00-872)
send room info to Lobby, Name:RoomSvr1 IdleRoomNum:2560 UserNum:0.(1)(2021-05-19_23-04-20-902)
send room info to Lobby, Name:RoomSvr1 IdleRoomNum:2560 UserNum:0.(1)(2021-05-19_23-04-40-933)
send room info to Lobby, Name:RoomSvr1 IdleRoomNum:2560 UserNum:0.(1)(2021-05-19_23-05-00-965)
Init Succ!(1)(2021-05-19_23-12-17-243)
room server init ip: 127.0.0.1  port: 9528(1)(2021-05-19_23-12-17-378)
Serialize init OK.(1)(2021-05-19_23-12-17-385)
thread 1 init ok.(1)(2021-05-19_23-12-17-864)
thread 2 init ok.(1)(2021-05-19_23-12-17-867)
thread 3 init ok.(1)(2021-05-19_23-12-17-867)
thread 4 init ok.(1)(2021-05-19_23-12-17-867)
thread 5 init ok.(1)(2021-05-19_23-12-17-868)
thread 6 init ok.(1)(2021-05-19_23-12-17-868)
thread 7 init ok.(1)(2021-05-19_23-12-17-871)
thread 8 init ok.(1)(2021-05-19_23-12-17-871)
thread 9 init ok.(1)(2021-05-19_23-12-17-871)
thread 10 init ok.(1)(2021-05-19_23-12-17-872)
thread 11 init ok.(1)(2021-05-19_23-12-17-872)
thread 12 init ok.(1)(2021-05-19_23-12-17-875)
thread 13 init ok.(1)(2021-05-19_23-12-17-875)
thread 14 init ok.(1)(2021-05-19_23-12-17-875)
thread 15 init ok.(1)(2021-05-19_23-12-17-889)
thread 16 init ok.(1)(2021-05-19_23-12-17-890)
thread 17 init ok.(1)(2021-05-19_23-12-17-893)
thread 18 init ok.(1)(2021-05-19_23-12-17-893)
thread 19 init ok.(1)(2021-05-19_23-12-17-893)
thread 20 init ok.(1)(2021-05-19_23-12-17-893)
thread 21 init ok.(1)(2021-05-19_23-12-17-893)
thread 22 init ok.(1)(2021-05-19_23-12-17-894)
thread 23 init ok.(1)(2021-05-19_23-12-17-897)
thread 24 init ok.(1)(2021-05-19_23-12-17-897)
thread 25 init ok.(1)(2021-05-19_23-12-17-897)
thread 26 init ok.(1)(2021-05-19_23-12-17-898)
thread 27 init ok.(1)(2021-05-19_23-12-17-898)
thread 28 init ok.(1)(2021-05-19_23-12-17-900)
thread 29 init ok.(1)(2021-05-19_23-12-17-900)
thread 30 init ok.(1)(2021-05-19_23-12-17-900)
thread 31 init ok.(1)(2021-05-19_23-12-17-900)
thread 32 init ok.(1)(2021-05-19_23-12-17-901)
thread 33 init ok.(1)(2021-05-19_23-12-17-904)
thread 34 init ok.(1)(2021-05-19_23-12-17-904)
thread 35 init ok.(1)(2021-05-19_23-12-17-904)
thread 36 init ok.(1)(2021-05-19_23-12-17-904)
thread 37 init ok.(1)(2021-05-19_23-12-17-905)
thread 38 init ok.(1)(2021-05-19_23-12-17-908)
thread 39 init ok.(1)(2021-05-19_23-12-17-908)
thread 40 init ok.(1)(2021-05-19_23-12-17-908)
Enable NetIncomingMessageType.ErrorMessage(1)(2021-05-19_23-12-17-910)
Enable NetIncomingMessageType.WarningMessage(1)(2021-05-19_23-12-17-911)
thread 1 start.(5)(2021-05-19_23-12-17-969)
thread 3 start.(7)(2021-05-19_23-12-17-969)
thread 4 start.(8)(2021-05-19_23-12-17-969)
thread 5 start.(9)(2021-05-19_23-12-17-969)
thread 6 start.(10)(2021-05-19_23-12-17-969)
thread 2 start.(6)(2021-05-19_23-12-17-969)
thread 7 start.(11)(2021-05-19_23-12-17-969)
thread 8 start.(12)(2021-05-19_23-12-17-969)
thread 9 start.(13)(2021-05-19_23-12-17-969)
thread 10 start.(14)(2021-05-19_23-12-17-970)
thread 11 start.(15)(2021-05-19_23-12-17-970)
thread 12 start.(16)(2021-05-19_23-12-17-970)
thread 13 start.(17)(2021-05-19_23-12-17-970)
thread 14 start.(18)(2021-05-19_23-12-17-971)
thread 15 start.(19)(2021-05-19_23-12-17-971)
thread 16 start.(20)(2021-05-19_23-12-17-971)
thread 17 start.(21)(2021-05-19_23-12-17-971)
thread 18 start.(22)(2021-05-19_23-12-17-972)
thread 19 start.(23)(2021-05-19_23-12-17-972)
thread 20 start.(24)(2021-05-19_23-12-17-972)
thread 21 start.(25)(2021-05-19_23-12-17-972)
thread 22 start.(26)(2021-05-19_23-12-17-973)
thread 23 start.(27)(2021-05-19_23-12-17-973)
thread 24 start.(28)(2021-05-19_23-12-17-974)
thread 25 start.(29)(2021-05-19_23-12-17-974)
thread 26 start.(30)(2021-05-19_23-12-17-975)
thread 27 start.(31)(2021-05-19_23-12-17-975)
thread 28 start.(32)(2021-05-19_23-12-17-975)
thread 29 start.(33)(2021-05-19_23-12-17-976)
thread 30 start.(34)(2021-05-19_23-12-17-976)
thread 31 start.(35)(2021-05-19_23-12-17-976)
thread 32 start.(36)(2021-05-19_23-12-17-976)
thread 33 start.(37)(2021-05-19_23-12-17-977)
thread 34 start.(38)(2021-05-19_23-12-17-977)
thread 35 start.(39)(2021-05-19_23-12-17-978)
thread 36 start.(40)(2021-05-19_23-12-17-978)
thread 37 start.(41)(2021-05-19_23-12-17-981)
thread 38 start.(42)(2021-05-19_23-12-17-981)
thread 39 start.(43)(2021-05-19_23-12-17-981)
thread 40 start.(44)(2021-05-19_23-12-17-982)
room server init ok.(1)(2021-05-19_23-12-17-990)
register room server to Lobby.(1)(2021-05-19_23-12-22-341)
send room info to Lobby, Name:RoomSvr1 IdleRoomNum:2560 UserNum:0.(1)(2021-05-19_23-12-37-259)
send room info to Lobby, Name:RoomSvr1 IdleRoomNum:2560 UserNum:0.(1)(2021-05-19_23-12-57-281)
send room info to Lobby, Name:RoomSvr1 IdleRoomNum:2560 UserNum:0.(1)(2021-05-19_23-13-17-316)
send room info to Lobby, Name:RoomSvr1 IdleRoomNum:2560 UserNum:0.(1)(2021-05-19_23-13-37-349)
send room info to Lobby, Name:RoomSvr1 IdleRoomNum:2560 UserNum:0.(1)(2021-05-19_23-13-57-379)
send room info to Lobby, Name:RoomSvr1 IdleRoomNum:2560 UserNum:0.(1)(2021-05-19_23-14-17-413)
send room info to Lobby, Name:RoomSvr1 IdleRoomNum:2560 UserNum:0.(1)(2021-05-19_23-14-37-447)
send room info to Lobby, Name:RoomSvr1 IdleRoomNum:2560 UserNum:0.(1)(2021-05-19_23-14-57-472)
send room info to Lobby, Name:RoomSvr1 IdleRoomNum:2560 UserNum:0.(1)(2021-05-19_23-15-17-504)
send room info to Lobby, Name:RoomSvr1 IdleRoomNum:2560 UserNum:0.(1)(2021-05-19_23-15-37-529)
send room info to Lobby, Name:RoomSvr1 IdleRoomNum:2560 UserNum:0.(1)(2021-05-19_23-15-57-553)
send room info to Lobby, Name:RoomSvr1 IdleRoomNum:2560 UserNum:0.(1)(2021-05-19_23-16-17-587)
send room info to Lobby, Name:RoomSvr1 IdleRoomNum:2560 UserNum:0.(1)(2021-05-19_23-16-37-612)
send room info to Lobby, Name:RoomSvr1 IdleRoomNum:2560 UserNum:0.(1)(2021-05-19_23-16-57-638)
send room info to Lobby, Name:RoomSvr1 IdleRoomNum:2560 UserNum:0.(1)(2021-05-19_23-17-17-662)
send room info to Lobby, Name:RoomSvr1 IdleRoomNum:2560 UserNum:0.(1)(2021-05-19_23-17-37-695)
send room info to Lobby, Name:RoomSvr1 IdleRoomNum:2560 UserNum:0.(1)(2021-05-19_23-17-57-720)
send room info to Lobby, Name:RoomSvr1 IdleRoomNum:2560 UserNum:0.(1)(2021-05-19_23-18-17-736)
send room info to Lobby, Name:RoomSvr1 IdleRoomNum:2560 UserNum:0.(1)(2021-05-19_23-18-37-753)
send room info to Lobby, Name:RoomSvr1 IdleRoomNum:2560 UserNum:0.(1)(2021-05-19_23-18-57-777)
send room info to Lobby, Name:RoomSvr1 IdleRoomNum:2560 UserNum:0.(1)(2021-05-19_23-19-17-797)
send room info to Lobby, Name:RoomSvr1 IdleRoomNum:2560 UserNum:0.(1)(2021-05-19_23-19-37-809)
send room info to Lobby, Name:RoomSvr1 IdleRoomNum:2560 UserNum:0.(1)(2021-05-19_23-19-57-818)
send room info to Lobby, Name:RoomSvr1 IdleRoomNum:2560 UserNum:0.(1)(2021-05-19_23-20-17-831)
send room info to Lobby, Name:RoomSvr1 IdleRoomNum:2560 UserNum:0.(1)(2021-05-19_23-20-37-852)
send room info to Lobby, Name:RoomSvr1 IdleRoomNum:2560 UserNum:0.(1)(2021-05-19_23-20-57-868)
send room info to Lobby, Name:RoomSvr1 IdleRoomNum:2560 UserNum:0.(1)(2021-05-19_23-21-17-890)
send room info to Lobby, Name:RoomSvr1 IdleRoomNum:2560 UserNum:0.(1)(2021-05-19_23-21-37-913)
send room info to Lobby, Name:RoomSvr1 IdleRoomNum:2560 UserNum:0.(1)(2021-05-19_23-21-57-932)
send room info to Lobby, Name:RoomSvr1 IdleRoomNum:2560 UserNum:0.(1)(2021-05-19_23-22-17-944)
send room info to Lobby, Name:RoomSvr1 IdleRoomNum:2560 UserNum:0.(1)(2021-05-19_23-22-37-959)
send room info to Lobby, Name:RoomSvr1 IdleRoomNum:2560 UserNum:0.(1)(2021-05-19_23-22-57-978)
send room info to Lobby, Name:RoomSvr1 IdleRoomNum:2560 UserNum:0.(1)(2021-05-19_23-23-17-994)
send room info to Lobby, Name:RoomSvr1 IdleRoomNum:2560 UserNum:0.(1)(2021-05-19_23-23-38-009)
send room info to Lobby, Name:RoomSvr1 IdleRoomNum:2560 UserNum:0.(1)(2021-05-19_23-23-58-023)
send room info to Lobby, Name:RoomSvr1 IdleRoomNum:2560 UserNum:0.(1)(2021-05-19_23-24-18-037)
send room info to Lobby, Name:RoomSvr1 IdleRoomNum:2560 UserNum:0.(1)(2021-05-19_23-24-38-062)
send room info to Lobby, Name:RoomSvr1 IdleRoomNum:2560 UserNum:0.(1)(2021-05-19_23-24-58-077)
send room info to Lobby, Name:RoomSvr1 IdleRoomNum:2560 UserNum:0.(1)(2021-05-19_23-25-18-092)
send room info to Lobby, Name:RoomSvr1 IdleRoomNum:2560 UserNum:0.(1)(2021-05-19_23-25-38-118)
send room info to Lobby, Name:RoomSvr1 IdleRoomNum:2560 UserNum:0.(1)(2021-05-19_23-25-58-137)
send room info to Lobby, Name:RoomSvr1 IdleRoomNum:2560 UserNum:0.(1)(2021-05-19_23-26-18-166)
send room info to Lobby, Name:RoomSvr1 IdleRoomNum:2560 UserNum:0.(1)(2021-05-19_23-26-38-189)
send room info to Lobby, Name:RoomSvr1 IdleRoomNum:2560 UserNum:0.(1)(2021-05-19_23-26-58-214)
send room info to Lobby, Name:RoomSvr1 IdleRoomNum:2560 UserNum:0.(1)(2021-05-19_23-27-18-231)
send room info to Lobby, Name:RoomSvr1 IdleRoomNum:2560 UserNum:0.(1)(2021-05-19_23-27-38-253)
send room info to Lobby, Name:RoomSvr1 IdleRoomNum:2560 UserNum:0.(1)(2021-05-19_23-27-58-268)
send room info to Lobby, Name:RoomSvr1 IdleRoomNum:2560 UserNum:0.(1)(2021-05-19_23-28-18-287)
send room info to Lobby, Name:RoomSvr1 IdleRoomNum:2560 UserNum:0.(1)(2021-05-19_23-28-38-302)
send room info to Lobby, Name:RoomSvr1 IdleRoomNum:2560 UserNum:0.(1)(2021-05-19_23-28-58-325)
send room info to Lobby, Name:RoomSvr1 IdleRoomNum:2560 UserNum:0.(1)(2021-05-19_23-29-18-342)
send room info to Lobby, Name:RoomSvr1 IdleRoomNum:2560 UserNum:0.(1)(2021-05-19_23-29-38-359)
send room info to Lobby, Name:RoomSvr1 IdleRoomNum:2560 UserNum:0.(1)(2021-05-19_23-29-58-377)
send room info to Lobby, Name:RoomSvr1 IdleRoomNum:2560 UserNum:0.(1)(2021-05-19_23-30-18-409)
send room info to Lobby, Name:RoomSvr1 IdleRoomNum:2560 UserNum:0.(1)(2021-05-19_23-30-38-431)
send room info to Lobby, Name:RoomSvr1 IdleRoomNum:2560 UserNum:0.(1)(2021-05-19_23-30-58-461)
send room info to Lobby, Name:RoomSvr1 IdleRoomNum:2560 UserNum:0.(1)(2021-05-19_23-31-18-493)
send room info to Lobby, Name:RoomSvr1 IdleRoomNum:2560 UserNum:0.(1)(2021-05-19_23-31-38-522)
send room info to Lobby, Name:RoomSvr1 IdleRoomNum:2560 UserNum:0.(1)(2021-05-19_23-31-58-548)
send room info to Lobby, Name:RoomSvr1 IdleRoomNum:2560 UserNum:0.(1)(2021-05-19_23-32-18-567)
send room info to Lobby, Name:RoomSvr1 IdleRoomNum:2560 UserNum:0.(1)(2021-05-19_23-32-38-596)
send room info to Lobby, Name:RoomSvr1 IdleRoomNum:2560 UserNum:0.(1)(2021-05-19_23-32-58-603)
send room info to Lobby, Name:RoomSvr1 IdleRoomNum:2560 UserNum:0.(1)(2021-05-19_23-33-18-612)
send room info to Lobby, Name:RoomSvr1 IdleRoomNum:2560 UserNum:0.(1)(2021-05-19_23-33-38-635)
send room info to Lobby, Name:RoomSvr1 IdleRoomNum:2560 UserNum:0.(1)(2021-05-19_23-33-58-648)
send room info to Lobby, Name:RoomSvr1 IdleRoomNum:2560 UserNum:0.(1)(2021-05-19_23-34-18-656)
send room info to Lobby, Name:RoomSvr1 IdleRoomNum:2560 UserNum:0.(1)(2021-05-19_23-34-38-665)
send room info to Lobby, Name:RoomSvr1 IdleRoomNum:2560 UserNum:0.(1)(2021-05-19_23-34-58-680)
send room info to Lobby, Name:RoomSvr1 IdleRoomNum:2560 UserNum:0.(1)(2021-05-19_23-35-18-690)
send room info to Lobby, Name:RoomSvr1 IdleRoomNum:2560 UserNum:0.(1)(2021-05-19_23-35-38-705)
send room info to Lobby, Name:RoomSvr1 IdleRoomNum:2560 UserNum:0.(1)(2021-05-19_23-35-58-711)
send room info to Lobby, Name:RoomSvr1 IdleRoomNum:2560 UserNum:0.(1)(2021-05-19_23-36-18-722)
send room info to Lobby, Name:RoomSvr1 IdleRoomNum:2560 UserNum:0.(1)(2021-05-19_23-36-38-735)
send room info to Lobby, Name:RoomSvr1 IdleRoomNum:2560 UserNum:0.(1)(2021-05-19_23-36-58-757)
send room info to Lobby, Name:RoomSvr1 IdleRoomNum:2560 UserNum:0.(1)(2021-05-19_23-37-18-786)
send room info to Lobby, Name:RoomSvr1 IdleRoomNum:2560 UserNum:0.(1)(2021-05-19_23-37-38-805)
send room info to Lobby, Name:RoomSvr1 IdleRoomNum:2560 UserNum:0.(1)(2021-05-19_23-37-58-819)
send room info to Lobby, Name:RoomSvr1 IdleRoomNum:2560 UserNum:0.(1)(2021-05-19_23-38-18-847)
send room info to Lobby, Name:RoomSvr1 IdleRoomNum:2560 UserNum:0.(1)(2021-05-19_23-38-38-863)
send room info to Lobby, Name:RoomSvr1 IdleRoomNum:2560 UserNum:0.(1)(2021-05-19_23-38-58-897)
send room info to Lobby, Name:RoomSvr1 IdleRoomNum:2560 UserNum:0.(1)(2021-05-19_23-39-18-908)
send room info to Lobby, Name:RoomSvr1 IdleRoomNum:2560 UserNum:0.(1)(2021-05-19_23-39-38-929)
send room info to Lobby, Name:RoomSvr1 IdleRoomNum:2560 UserNum:0.(1)(2021-05-19_23-39-58-948)
send room info to Lobby, Name:RoomSvr1 IdleRoomNum:2560 UserNum:0.(1)(2021-05-19_23-40-18-979)
send room info to Lobby, Name:RoomSvr1 IdleRoomNum:2560 UserNum:0.(1)(2021-05-19_23-40-39-002)
send room info to Lobby, Name:RoomSvr1 IdleRoomNum:2560 UserNum:0.(1)(2021-05-19_23-40-59-028)
send room info to Lobby, Name:RoomSvr1 IdleRoomNum:2560 UserNum:0.(1)(2021-05-19_23-41-19-060)
send room info to Lobby, Name:RoomSvr1 IdleRoomNum:2560 UserNum:0.(1)(2021-05-19_23-41-39-076)
send room info to Lobby, Name:RoomSvr1 IdleRoomNum:2560 UserNum:0.(1)(2021-05-19_23-41-59-104)
send room info to Lobby, Name:RoomSvr1 IdleRoomNum:2560 UserNum:0.(1)(2021-05-19_23-42-19-139)
send room info to Lobby, Name:RoomSvr1 IdleRoomNum:2560 UserNum:0.(1)(2021-05-19_23-42-39-168)
send room info to Lobby, Name:RoomSvr1 IdleRoomNum:2560 UserNum:0.(1)(2021-05-19_23-42-59-191)
send room info to Lobby, Name:RoomSvr1 IdleRoomNum:2560 UserNum:0.(1)(2021-05-19_23-43-19-206)
send room info to Lobby, Name:RoomSvr1 IdleRoomNum:2560 UserNum:0.(1)(2021-05-19_23-43-39-222)
send room info to Lobby, Name:RoomSvr1 IdleRoomNum:2560 UserNum:0.(1)(2021-05-19_23-43-59-240)
send room info to Lobby, Name:RoomSvr1 IdleRoomNum:2560 UserNum:0.(1)(2021-05-19_23-44-19-267)
send room info to Lobby, Name:RoomSvr1 IdleRoomNum:2560 UserNum:0.(1)(2021-05-19_23-44-39-302)
send room info to Lobby, Name:RoomSvr1 IdleRoomNum:2560 UserNum:0.(1)(2021-05-19_23-44-59-315)
send room info to Lobby, Name:RoomSvr1 IdleRoomNum:2560 UserNum:0.(1)(2021-05-19_23-45-19-321)
send room info to Lobby, Name:RoomSvr1 IdleRoomNum:2560 UserNum:0.(1)(2021-05-19_23-45-39-329)
send room info to Lobby, Name:RoomSvr1 IdleRoomNum:2560 UserNum:0.(1)(2021-05-19_23-45-59-353)
send room info to Lobby, Name:RoomSvr1 IdleRoomNum:2560 UserNum:0.(1)(2021-05-19_23-46-19-382)
send room info to Lobby, Name:RoomSvr1 IdleRoomNum:2560 UserNum:0.(1)(2021-05-19_23-46-39-411)
send room info to Lobby, Name:RoomSvr1 IdleRoomNum:2560 UserNum:0.(1)(2021-05-19_23-46-59-431)
send room info to Lobby, Name:RoomSvr1 IdleRoomNum:2560 UserNum:0.(1)(2021-05-19_23-47-19-451)
send room info to Lobby, Name:RoomSvr1 IdleRoomNum:2560 UserNum:0.(1)(2021-05-19_23-47-39-478)
send room info to Lobby, Name:RoomSvr1 IdleRoomNum:2560 UserNum:0.(1)(2021-05-19_23-47-59-504)
send room info to Lobby, Name:RoomSvr1 IdleRoomNum:2560 UserNum:0.(1)(2021-05-19_23-48-19-532)
send room info to Lobby, Name:RoomSvr1 IdleRoomNum:2560 UserNum:0.(1)(2021-05-19_23-48-39-549)
send room info to Lobby, Name:RoomSvr1 IdleRoomNum:2560 UserNum:0.(1)(2021-05-19_23-48-59-574)
send room info to Lobby, Name:RoomSvr1 IdleRoomNum:2560 UserNum:0.(1)(2021-05-19_23-49-19-593)
send room info to Lobby, Name:RoomSvr1 IdleRoomNum:2560 UserNum:0.(1)(2021-05-19_23-49-39-608)
send room info to Lobby, Name:RoomSvr1 IdleRoomNum:2560 UserNum:0.(1)(2021-05-19_23-49-59-616)
send room info to Lobby, Name:RoomSvr1 IdleRoomNum:2560 UserNum:0.(1)(2021-05-19_23-50-19-645)
send room info to Lobby, Name:RoomSvr1 IdleRoomNum:2560 UserNum:0.(1)(2021-05-19_23-50-39-650)
send room info to Lobby, Name:RoomSvr1 IdleRoomNum:2560 UserNum:0.(1)(2021-05-19_23-50-59-681)
send room info to Lobby, Name:RoomSvr1 IdleRoomNum:2560 UserNum:0.(1)(2021-05-19_23-51-19-712)
send room info to Lobby, Name:RoomSvr1 IdleRoomNum:2560 UserNum:0.(1)(2021-05-19_23-51-39-728)
send room info to Lobby, Name:RoomSvr1 IdleRoomNum:2560 UserNum:0.(1)(2021-05-19_23-51-59-751)
send room info to Lobby, Name:RoomSvr1 IdleRoomNum:2560 UserNum:0.(1)(2021-05-19_23-52-19-768)
send room info to Lobby, Name:RoomSvr1 IdleRoomNum:2560 UserNum:0.(1)(2021-05-19_23-52-39-796)
send room info to Lobby, Name:RoomSvr1 IdleRoomNum:2560 UserNum:0.(1)(2021-05-19_23-52-59-821)
send room info to Lobby, Name:RoomSvr1 IdleRoomNum:2560 UserNum:0.(1)(2021-05-19_23-53-19-851)
send room info to Lobby, Name:RoomSvr1 IdleRoomNum:2560 UserNum:0.(1)(2021-05-19_23-53-39-879)
send room info to Lobby, Name:RoomSvr1 IdleRoomNum:2560 UserNum:0.(1)(2021-05-19_23-53-59-893)
send room info to Lobby, Name:RoomSvr1 IdleRoomNum:2560 UserNum:0.(1)(2021-05-19_23-54-19-912)
send room info to Lobby, Name:RoomSvr1 IdleRoomNum:2560 UserNum:0.(1)(2021-05-19_23-54-39-928)
send room info to Lobby, Name:RoomSvr1 IdleRoomNum:2560 UserNum:0.(1)(2021-05-19_23-54-59-955)
send room info to Lobby, Name:RoomSvr1 IdleRoomNum:2560 UserNum:0.(1)(2021-05-19_23-55-19-971)
send room info to Lobby, Name:RoomSvr1 IdleRoomNum:2560 UserNum:0.(1)(2021-05-19_23-55-39-998)
send room info to Lobby, Name:RoomSvr1 IdleRoomNum:2560 UserNum:0.(1)(2021-05-19_23-56-00-019)
send room info to Lobby, Name:RoomSvr1 IdleRoomNum:2560 UserNum:0.(1)(2021-05-19_23-56-20-029)
send room info to Lobby, Name:RoomSvr1 IdleRoomNum:2560 UserNum:0.(1)(2021-05-19_23-56-40-046)
send room info to Lobby, Name:RoomSvr1 IdleRoomNum:2560 UserNum:0.(1)(2021-05-19_23-57-00-053)
send room info to Lobby, Name:RoomSvr1 IdleRoomNum:2560 UserNum:0.(1)(2021-05-19_23-57-20-063)
send room info to Lobby, Name:RoomSvr1 IdleRoomNum:2560 UserNum:0.(1)(2021-05-19_23-57-40-071)
send room info to Lobby, Name:RoomSvr1 IdleRoomNum:2560 UserNum:0.(1)(2021-05-19_23-58-00-090)
send room info to Lobby, Name:RoomSvr1 IdleRoomNum:2560 UserNum:0.(1)(2021-05-19_23-58-20-108)
send room info to Lobby, Name:RoomSvr1 IdleRoomNum:2560 UserNum:0.(1)(2021-05-19_23-58-40-116)
send room info to Lobby, Name:RoomSvr1 IdleRoomNum:2560 UserNum:0.(1)(2021-05-19_23-59-00-124)
