Init Succ!(1)(2021-05-15_00-05-15-136)
room server init ip: 127.0.0.1  port: 9528(1)(2021-05-15_00-05-15-853)
Serialize init OK.(1)(2021-05-15_00-05-15-929)
thread 1 init ok.(1)(2021-05-15_00-05-16-508)
thread 2 init ok.(1)(2021-05-15_00-05-16-511)
thread 3 init ok.(1)(2021-05-15_00-05-16-511)
thread 4 init ok.(1)(2021-05-15_00-05-16-511)
thread 5 init ok.(1)(2021-05-15_00-05-16-511)
thread 6 init ok.(1)(2021-05-15_00-05-16-511)
thread 7 init ok.(1)(2021-05-15_00-05-16-515)
thread 8 init ok.(1)(2021-05-15_00-05-16-515)
thread 9 init ok.(1)(2021-05-15_00-05-16-515)
thread 10 init ok.(1)(2021-05-15_00-05-16-515)
thread 11 init ok.(1)(2021-05-15_00-05-16-516)
thread 12 init ok.(1)(2021-05-15_00-05-16-519)
thread 13 init ok.(1)(2021-05-15_00-05-16-519)
thread 14 init ok.(1)(2021-05-15_00-05-16-519)
thread 15 init ok.(1)(2021-05-15_00-05-16-533)
thread 16 init ok.(1)(2021-05-15_00-05-16-533)
thread 17 init ok.(1)(2021-05-15_00-05-16-536)
thread 18 init ok.(1)(2021-05-15_00-05-16-536)
thread 19 init ok.(1)(2021-05-15_00-05-16-536)
thread 20 init ok.(1)(2021-05-15_00-05-16-537)
thread 21 init ok.(1)(2021-05-15_00-05-16-537)
thread 22 init ok.(1)(2021-05-15_00-05-16-537)
thread 23 init ok.(1)(2021-05-15_00-05-16-540)
thread 24 init ok.(1)(2021-05-15_00-05-16-540)
thread 25 init ok.(1)(2021-05-15_00-05-16-540)
thread 26 init ok.(1)(2021-05-15_00-05-16-540)
thread 27 init ok.(1)(2021-05-15_00-05-16-540)
thread 28 init ok.(1)(2021-05-15_00-05-16-544)
thread 29 init ok.(1)(2021-05-15_00-05-16-544)
thread 30 init ok.(1)(2021-05-15_00-05-16-544)
thread 31 init ok.(1)(2021-05-15_00-05-16-545)
thread 32 init ok.(1)(2021-05-15_00-05-16-545)
thread 33 init ok.(1)(2021-05-15_00-05-16-548)
thread 34 init ok.(1)(2021-05-15_00-05-16-548)
thread 35 init ok.(1)(2021-05-15_00-05-16-548)
thread 36 init ok.(1)(2021-05-15_00-05-16-548)
thread 37 init ok.(1)(2021-05-15_00-05-16-549)
thread 38 init ok.(1)(2021-05-15_00-05-16-552)
thread 39 init ok.(1)(2021-05-15_00-05-16-552)
thread 40 init ok.(1)(2021-05-15_00-05-16-552)
Enable NetIncomingMessageType.ErrorMessage(1)(2021-05-15_00-05-16-554)
Enable NetIncomingMessageType.WarningMessage(1)(2021-05-15_00-05-16-555)
thread 3 start.(7)(2021-05-15_00-05-16-614)
thread 2 start.(6)(2021-05-15_00-05-16-614)
thread 1 start.(5)(2021-05-15_00-05-16-614)
thread 4 start.(8)(2021-05-15_00-05-16-614)
thread 5 start.(9)(2021-05-15_00-05-16-614)
thread 6 start.(10)(2021-05-15_00-05-16-615)
thread 7 start.(11)(2021-05-15_00-05-16-615)
thread 8 start.(12)(2021-05-15_00-05-16-615)
thread 9 start.(13)(2021-05-15_00-05-16-615)
thread 10 start.(14)(2021-05-15_00-05-16-616)
thread 11 start.(15)(2021-05-15_00-05-16-616)
thread 12 start.(16)(2021-05-15_00-05-16-616)
thread 13 start.(17)(2021-05-15_00-05-16-616)
thread 14 start.(18)(2021-05-15_00-05-16-616)
thread 15 start.(19)(2021-05-15_00-05-16-617)
thread 16 start.(20)(2021-05-15_00-05-16-617)
thread 17 start.(21)(2021-05-15_00-05-16-617)
thread 18 start.(22)(2021-05-15_00-05-16-617)
thread 19 start.(23)(2021-05-15_00-05-16-617)
thread 20 start.(24)(2021-05-15_00-05-16-617)
thread 21 start.(25)(2021-05-15_00-05-16-618)
thread 22 start.(26)(2021-05-15_00-05-16-618)
thread 23 start.(27)(2021-05-15_00-05-16-618)
thread 24 start.(28)(2021-05-15_00-05-16-618)
thread 25 start.(29)(2021-05-15_00-05-16-618)
thread 26 start.(30)(2021-05-15_00-05-16-619)
thread 27 start.(31)(2021-05-15_00-05-16-619)
thread 28 start.(32)(2021-05-15_00-05-16-619)
thread 29 start.(33)(2021-05-15_00-05-16-619)
thread 30 start.(34)(2021-05-15_00-05-16-619)
thread 31 start.(35)(2021-05-15_00-05-16-619)
thread 32 start.(36)(2021-05-15_00-05-16-620)
thread 33 start.(37)(2021-05-15_00-05-16-620)
thread 34 start.(38)(2021-05-15_00-05-16-620)
thread 35 start.(39)(2021-05-15_00-05-16-620)
thread 36 start.(40)(2021-05-15_00-05-16-621)
thread 37 start.(41)(2021-05-15_00-05-16-621)
thread 38 start.(42)(2021-05-15_00-05-16-621)
thread 39 start.(43)(2021-05-15_00-05-16-622)
thread 40 start.(44)(2021-05-15_00-05-16-622)
room server init ok.(1)(2021-05-15_00-05-16-704)
register room server to Lobby.(1)(2021-05-15_00-05-20-246)
send room info to Lobby, Name:RoomSvr1 IdleRoomNum:2560 UserNum:0.(1)(2021-05-15_00-05-35-172)
send room info to Lobby, Name:RoomSvr1 IdleRoomNum:2560 UserNum:0.(1)(2021-05-15_00-05-55-196)
send room info to Lobby, Name:RoomSvr1 IdleRoomNum:2560 UserNum:0.(1)(2021-05-15_00-06-15-230)
send room info to Lobby, Name:RoomSvr1 IdleRoomNum:2560 UserNum:0.(1)(2021-05-15_00-06-35-265)
send room info to Lobby, Name:RoomSvr1 IdleRoomNum:2560 UserNum:0.(1)(2021-05-15_00-06-55-277)
send room info to Lobby, Name:RoomSvr1 IdleRoomNum:2560 UserNum:0.(1)(2021-05-15_00-07-15-288)
send room info to Lobby, Name:RoomSvr1 IdleRoomNum:2560 UserNum:0.(1)(2021-05-15_00-07-35-310)
send room info to Lobby, Name:RoomSvr1 IdleRoomNum:2560 UserNum:0.(1)(2021-05-15_00-07-55-344)
send room info to Lobby, Name:RoomSvr1 IdleRoomNum:2560 UserNum:0.(1)(2021-05-15_00-08-15-375)
send room info to Lobby, Name:RoomSvr1 IdleRoomNum:2560 UserNum:0.(1)(2021-05-15_00-08-35-396)
send room info to Lobby, Name:RoomSvr1 IdleRoomNum:2560 UserNum:0.(1)(2021-05-15_00-08-55-421)
send room info to Lobby, Name:RoomSvr1 IdleRoomNum:2560 UserNum:0.(1)(2021-05-15_00-09-15-430)
send room info to Lobby, Name:RoomSvr1 IdleRoomNum:2560 UserNum:0.(1)(2021-05-15_00-09-35-440)
send room info to Lobby, Name:RoomSvr1 IdleRoomNum:2560 UserNum:0.(1)(2021-05-15_00-09-55-452)
send room info to Lobby, Name:RoomSvr1 IdleRoomNum:2560 UserNum:0.(1)(2021-05-15_00-10-15-463)
send room info to Lobby, Name:RoomSvr1 IdleRoomNum:2560 UserNum:0.(1)(2021-05-15_00-10-35-474)
send room info to Lobby, Name:RoomSvr1 IdleRoomNum:2560 UserNum:0.(1)(2021-05-15_00-10-55-494)
send room info to Lobby, Name:RoomSvr1 IdleRoomNum:2560 UserNum:0.(1)(2021-05-15_00-11-15-529)
send room info to Lobby, Name:RoomSvr1 IdleRoomNum:2560 UserNum:0.(1)(2021-05-15_00-11-35-562)
send room info to Lobby, Name:RoomSvr1 IdleRoomNum:2560 UserNum:0.(1)(2021-05-15_00-11-55-598)
send room info to Lobby, Name:RoomSvr1 IdleRoomNum:2560 UserNum:0.(1)(2021-05-15_00-12-15-626)
send room info to Lobby, Name:RoomSvr1 IdleRoomNum:2560 UserNum:0.(1)(2021-05-15_00-12-35-647)
send room info to Lobby, Name:RoomSvr1 IdleRoomNum:2560 UserNum:0.(1)(2021-05-15_00-12-55-682)
send room info to Lobby, Name:RoomSvr1 IdleRoomNum:2560 UserNum:0.(1)(2021-05-15_00-13-15-699)
send room info to Lobby, Name:RoomSvr1 IdleRoomNum:2560 UserNum:0.(1)(2021-05-15_00-13-35-730)
send room info to Lobby, Name:RoomSvr1 IdleRoomNum:2560 UserNum:0.(1)(2021-05-15_00-13-55-745)
send room info to Lobby, Name:RoomSvr1 IdleRoomNum:2560 UserNum:0.(1)(2021-05-15_00-14-15-770)
send room info to Lobby, Name:RoomSvr1 IdleRoomNum:2560 UserNum:0.(1)(2021-05-15_00-14-35-786)
send room info to Lobby, Name:RoomSvr1 IdleRoomNum:2560 UserNum:0.(1)(2021-05-15_00-14-55-812)
send room info to Lobby, Name:RoomSvr1 IdleRoomNum:2560 UserNum:0.(1)(2021-05-15_00-15-15-841)
send room info to Lobby, Name:RoomSvr1 IdleRoomNum:2560 UserNum:0.(1)(2021-05-15_00-15-35-868)
send room info to Lobby, Name:RoomSvr1 IdleRoomNum:2560 UserNum:0.(1)(2021-05-15_00-15-55-897)
send room info to Lobby, Name:RoomSvr1 IdleRoomNum:2560 UserNum:0.(1)(2021-05-15_00-16-15-933)
send room info to Lobby, Name:RoomSvr1 IdleRoomNum:2560 UserNum:0.(1)(2021-05-15_00-16-35-966)
send room info to Lobby, Name:RoomSvr1 IdleRoomNum:2560 UserNum:0.(1)(2021-05-15_00-16-55-999)
send room info to Lobby, Name:RoomSvr1 IdleRoomNum:2560 UserNum:0.(1)(2021-05-15_00-17-16-027)
send room info to Lobby, Name:RoomSvr1 IdleRoomNum:2560 UserNum:0.(1)(2021-05-15_00-17-36-065)
send room info to Lobby, Name:RoomSvr1 IdleRoomNum:2560 UserNum:0.(1)(2021-05-15_00-17-56-094)
send room info to Lobby, Name:RoomSvr1 IdleRoomNum:2560 UserNum:0.(1)(2021-05-15_00-18-16-118)
send room info to Lobby, Name:RoomSvr1 IdleRoomNum:2560 UserNum:0.(1)(2021-05-15_00-18-36-148)
send room info to Lobby, Name:RoomSvr1 IdleRoomNum:2560 UserNum:0.(1)(2021-05-15_00-18-56-180)
send room info to Lobby, Name:RoomSvr1 IdleRoomNum:2560 UserNum:0.(1)(2021-05-15_00-19-16-212)
send room info to Lobby, Name:RoomSvr1 IdleRoomNum:2560 UserNum:0.(1)(2021-05-15_00-19-36-240)
send room info to Lobby, Name:RoomSvr1 IdleRoomNum:2560 UserNum:0.(1)(2021-05-15_00-19-56-272)
send room info to Lobby, Name:RoomSvr1 IdleRoomNum:2560 UserNum:0.(1)(2021-05-15_00-20-16-298)
send room info to Lobby, Name:RoomSvr1 IdleRoomNum:2560 UserNum:0.(1)(2021-05-15_00-20-36-332)
send room info to Lobby, Name:RoomSvr1 IdleRoomNum:2560 UserNum:0.(1)(2021-05-15_00-20-56-358)
send room info to Lobby, Name:RoomSvr1 IdleRoomNum:2560 UserNum:0.(1)(2021-05-15_00-21-16-392)
send room info to Lobby, Name:RoomSvr1 IdleRoomNum:2560 UserNum:0.(1)(2021-05-15_00-21-36-423)
send room info to Lobby, Name:RoomSvr1 IdleRoomNum:2560 UserNum:0.(1)(2021-05-15_00-21-56-448)
send room info to Lobby, Name:RoomSvr1 IdleRoomNum:2560 UserNum:0.(1)(2021-05-15_00-22-16-490)
send room info to Lobby, Name:RoomSvr1 IdleRoomNum:2560 UserNum:0.(1)(2021-05-15_00-22-36-520)
send room info to Lobby, Name:RoomSvr1 IdleRoomNum:2560 UserNum:0.(1)(2021-05-15_00-22-56-544)
send room info to Lobby, Name:RoomSvr1 IdleRoomNum:2560 UserNum:0.(1)(2021-05-15_00-23-16-568)
send room info to Lobby, Name:RoomSvr1 IdleRoomNum:2560 UserNum:0.(1)(2021-05-15_00-23-36-602)
send room info to Lobby, Name:RoomSvr1 IdleRoomNum:2560 UserNum:0.(1)(2021-05-15_00-23-56-625)
send room info to Lobby, Name:RoomSvr1 IdleRoomNum:2560 UserNum:0.(1)(2021-05-15_00-24-16-655)
send room info to Lobby, Name:RoomSvr1 IdleRoomNum:2560 UserNum:0.(1)(2021-05-15_00-24-36-685)
send room info to Lobby, Name:RoomSvr1 IdleRoomNum:2560 UserNum:0.(1)(2021-05-15_00-24-56-723)
send room info to Lobby, Name:RoomSvr1 IdleRoomNum:2560 UserNum:0.(1)(2021-05-15_00-25-16-755)
send room info to Lobby, Name:RoomSvr1 IdleRoomNum:2560 UserNum:0.(1)(2021-05-15_00-25-36-788)
send room info to Lobby, Name:RoomSvr1 IdleRoomNum:2560 UserNum:0.(1)(2021-05-15_00-25-56-807)
send room info to Lobby, Name:RoomSvr1 IdleRoomNum:2560 UserNum:0.(1)(2021-05-15_00-26-16-834)
send room info to Lobby, Name:RoomSvr1 IdleRoomNum:2560 UserNum:0.(1)(2021-05-15_00-26-36-864)
send room info to Lobby, Name:RoomSvr1 IdleRoomNum:2560 UserNum:0.(1)(2021-05-15_00-26-56-893)
send room info to Lobby, Name:RoomSvr1 IdleRoomNum:2560 UserNum:0.(1)(2021-05-15_00-27-16-928)
send room info to Lobby, Name:RoomSvr1 IdleRoomNum:2560 UserNum:0.(1)(2021-05-15_00-27-36-956)
send room info to Lobby, Name:RoomSvr1 IdleRoomNum:2560 UserNum:0.(1)(2021-05-15_00-27-56-983)
send room info to Lobby, Name:RoomSvr1 IdleRoomNum:2560 UserNum:0.(1)(2021-05-15_00-28-17-009)
send room info to Lobby, Name:RoomSvr1 IdleRoomNum:2560 UserNum:0.(1)(2021-05-15_00-28-37-034)
send room info to Lobby, Name:RoomSvr1 IdleRoomNum:2560 UserNum:0.(1)(2021-05-15_00-28-57-049)
send room info to Lobby, Name:RoomSvr1 IdleRoomNum:2560 UserNum:0.(1)(2021-05-15_00-29-17-079)
send room info to Lobby, Name:RoomSvr1 IdleRoomNum:2560 UserNum:0.(1)(2021-05-15_00-29-37-120)
send room info to Lobby, Name:RoomSvr1 IdleRoomNum:2560 UserNum:0.(1)(2021-05-15_00-29-57-153)
send room info to Lobby, Name:RoomSvr1 IdleRoomNum:2560 UserNum:0.(1)(2021-05-15_00-30-17-188)
send room info to Lobby, Name:RoomSvr1 IdleRoomNum:2560 UserNum:0.(1)(2021-05-15_00-30-37-202)
send room info to Lobby, Name:RoomSvr1 IdleRoomNum:2560 UserNum:0.(1)(2021-05-15_00-30-57-216)
send room info to Lobby, Name:RoomSvr1 IdleRoomNum:2560 UserNum:0.(1)(2021-05-15_00-31-17-248)
send room info to Lobby, Name:RoomSvr1 IdleRoomNum:2560 UserNum:0.(1)(2021-05-15_00-31-37-263)
send room info to Lobby, Name:RoomSvr1 IdleRoomNum:2560 UserNum:0.(1)(2021-05-15_00-31-57-304)
send room info to Lobby, Name:RoomSvr1 IdleRoomNum:2560 UserNum:0.(1)(2021-05-15_00-32-17-320)
send room info to Lobby, Name:RoomSvr1 IdleRoomNum:2560 UserNum:0.(1)(2021-05-15_00-32-37-336)
send room info to Lobby, Name:RoomSvr1 IdleRoomNum:2560 UserNum:0.(1)(2021-05-15_00-32-57-361)
send room info to Lobby, Name:RoomSvr1 IdleRoomNum:2560 UserNum:0.(1)(2021-05-15_00-33-17-391)
send room info to Lobby, Name:RoomSvr1 IdleRoomNum:2560 UserNum:0.(1)(2021-05-15_00-33-37-414)
send room info to Lobby, Name:RoomSvr1 IdleRoomNum:2560 UserNum:0.(1)(2021-05-15_00-33-57-426)
send room info to Lobby, Name:RoomSvr1 IdleRoomNum:2560 UserNum:0.(1)(2021-05-15_00-34-17-450)
send room info to Lobby, Name:RoomSvr1 IdleRoomNum:2560 UserNum:0.(1)(2021-05-15_00-34-37-472)
send room info to Lobby, Name:RoomSvr1 IdleRoomNum:2560 UserNum:0.(1)(2021-05-15_00-34-57-499)
send room info to Lobby, Name:RoomSvr1 IdleRoomNum:2560 UserNum:0.(1)(2021-05-15_00-35-17-518)
send room info to Lobby, Name:RoomSvr1 IdleRoomNum:2560 UserNum:0.(1)(2021-05-15_00-35-37-536)
send room info to Lobby, Name:RoomSvr1 IdleRoomNum:2560 UserNum:0.(1)(2021-05-15_00-35-57-566)
send room info to Lobby, Name:RoomSvr1 IdleRoomNum:2560 UserNum:0.(1)(2021-05-15_00-36-17-601)
send room info to Lobby, Name:RoomSvr1 IdleRoomNum:2560 UserNum:0.(1)(2021-05-15_00-36-37-627)
send room info to Lobby, Name:RoomSvr1 IdleRoomNum:2560 UserNum:0.(1)(2021-05-15_00-36-57-653)
send room info to Lobby, Name:RoomSvr1 IdleRoomNum:2560 UserNum:0.(1)(2021-05-15_00-37-17-681)
send room info to Lobby, Name:RoomSvr1 IdleRoomNum:2560 UserNum:0.(1)(2021-05-15_00-37-37-706)
send room info to Lobby, Name:RoomSvr1 IdleRoomNum:2560 UserNum:0.(1)(2021-05-15_00-37-57-741)
send room info to Lobby, Name:RoomSvr1 IdleRoomNum:2560 UserNum:0.(1)(2021-05-15_00-38-17-768)
send room info to Lobby, Name:RoomSvr1 IdleRoomNum:2560 UserNum:0.(1)(2021-05-15_00-38-37-791)
send room info to Lobby, Name:RoomSvr1 IdleRoomNum:2560 UserNum:0.(1)(2021-05-15_00-38-57-806)
send room info to Lobby, Name:RoomSvr1 IdleRoomNum:2560 UserNum:0.(1)(2021-05-15_00-39-17-812)
send room info to Lobby, Name:RoomSvr1 IdleRoomNum:2560 UserNum:0.(1)(2021-05-15_00-39-37-848)
send room info to Lobby, Name:RoomSvr1 IdleRoomNum:2560 UserNum:0.(1)(2021-05-15_00-39-57-871)
send room info to Lobby, Name:RoomSvr1 IdleRoomNum:2560 UserNum:0.(1)(2021-05-15_00-40-17-899)
send room info to Lobby, Name:RoomSvr1 IdleRoomNum:2560 UserNum:0.(1)(2021-05-15_00-40-37-938)
send room info to Lobby, Name:RoomSvr1 IdleRoomNum:2560 UserNum:0.(1)(2021-05-15_00-40-57-964)
send room info to Lobby, Name:RoomSvr1 IdleRoomNum:2560 UserNum:0.(1)(2021-05-15_00-41-17-996)
send room info to Lobby, Name:RoomSvr1 IdleRoomNum:2560 UserNum:0.(1)(2021-05-15_00-41-38-029)
send room info to Lobby, Name:RoomSvr1 IdleRoomNum:2560 UserNum:0.(1)(2021-05-15_00-41-58-056)
send room info to Lobby, Name:RoomSvr1 IdleRoomNum:2560 UserNum:0.(1)(2021-05-15_00-42-18-088)
send room info to Lobby, Name:RoomSvr1 IdleRoomNum:2560 UserNum:0.(1)(2021-05-15_00-42-38-121)
send room info to Lobby, Name:RoomSvr1 IdleRoomNum:2560 UserNum:0.(1)(2021-05-15_00-42-58-155)
send room info to Lobby, Name:RoomSvr1 IdleRoomNum:2560 UserNum:0.(1)(2021-05-15_00-43-18-189)
send room info to Lobby, Name:RoomSvr1 IdleRoomNum:2560 UserNum:0.(1)(2021-05-15_00-43-38-222)
send room info to Lobby, Name:RoomSvr1 IdleRoomNum:2560 UserNum:0.(1)(2021-05-15_00-43-58-250)
send room info to Lobby, Name:RoomSvr1 IdleRoomNum:2560 UserNum:0.(1)(2021-05-15_00-44-18-285)
send room info to Lobby, Name:RoomSvr1 IdleRoomNum:2560 UserNum:0.(1)(2021-05-15_00-44-38-310)
send room info to Lobby, Name:RoomSvr1 IdleRoomNum:2560 UserNum:0.(1)(2021-05-15_00-44-58-338)
send room info to Lobby, Name:RoomSvr1 IdleRoomNum:2560 UserNum:0.(1)(2021-05-15_00-45-18-368)
send room info to Lobby, Name:RoomSvr1 IdleRoomNum:2560 UserNum:0.(1)(2021-05-15_00-45-38-400)
send room info to Lobby, Name:RoomSvr1 IdleRoomNum:2560 UserNum:0.(1)(2021-05-15_00-45-58-422)
send room info to Lobby, Name:RoomSvr1 IdleRoomNum:2560 UserNum:0.(1)(2021-05-15_00-46-18-454)
send room info to Lobby, Name:RoomSvr1 IdleRoomNum:2560 UserNum:0.(1)(2021-05-15_00-46-38-486)
send room info to Lobby, Name:RoomSvr1 IdleRoomNum:2560 UserNum:0.(1)(2021-05-15_00-46-58-521)
send room info to Lobby, Name:RoomSvr1 IdleRoomNum:2560 UserNum:0.(1)(2021-05-15_00-47-18-548)
send room info to Lobby, Name:RoomSvr1 IdleRoomNum:2560 UserNum:0.(1)(2021-05-15_00-47-38-569)
send room info to Lobby, Name:RoomSvr1 IdleRoomNum:2560 UserNum:0.(1)(2021-05-15_00-47-58-600)
send room info to Lobby, Name:RoomSvr1 IdleRoomNum:2560 UserNum:0.(1)(2021-05-15_00-48-18-632)
send room info to Lobby, Name:RoomSvr1 IdleRoomNum:2560 UserNum:0.(1)(2021-05-15_00-48-38-662)
send room info to Lobby, Name:RoomSvr1 IdleRoomNum:2560 UserNum:0.(1)(2021-05-15_00-48-58-689)
send room info to Lobby, Name:RoomSvr1 IdleRoomNum:2560 UserNum:0.(1)(2021-05-15_00-49-18-715)
send room info to Lobby, Name:RoomSvr1 IdleRoomNum:2560 UserNum:0.(1)(2021-05-15_00-49-38-729)
send room info to Lobby, Name:RoomSvr1 IdleRoomNum:2560 UserNum:0.(1)(2021-05-15_00-49-58-746)
send room info to Lobby, Name:RoomSvr1 IdleRoomNum:2560 UserNum:0.(1)(2021-05-15_00-50-18-779)
send room info to Lobby, Name:RoomSvr1 IdleRoomNum:2560 UserNum:0.(1)(2021-05-15_00-50-38-811)
send room info to Lobby, Name:RoomSvr1 IdleRoomNum:2560 UserNum:0.(1)(2021-05-15_00-50-58-830)
send room info to Lobby, Name:RoomSvr1 IdleRoomNum:2560 UserNum:0.(1)(2021-05-15_00-51-18-863)
send room info to Lobby, Name:RoomSvr1 IdleRoomNum:2560 UserNum:0.(1)(2021-05-15_00-51-38-892)
send room info to Lobby, Name:RoomSvr1 IdleRoomNum:2560 UserNum:0.(1)(2021-05-15_00-51-58-914)
send room info to Lobby, Name:RoomSvr1 IdleRoomNum:2560 UserNum:0.(1)(2021-05-15_00-52-18-952)
send room info to Lobby, Name:RoomSvr1 IdleRoomNum:2560 UserNum:0.(1)(2021-05-15_00-52-38-980)
send room info to Lobby, Name:RoomSvr1 IdleRoomNum:2560 UserNum:0.(1)(2021-05-15_00-52-59-003)
send room info to Lobby, Name:RoomSvr1 IdleRoomNum:2560 UserNum:0.(1)(2021-05-15_00-53-19-038)
send room info to Lobby, Name:RoomSvr1 IdleRoomNum:2560 UserNum:0.(1)(2021-05-15_00-53-39-068)
send room info to Lobby, Name:RoomSvr1 IdleRoomNum:2560 UserNum:0.(1)(2021-05-15_00-53-59-096)
send room info to Lobby, Name:RoomSvr1 IdleRoomNum:2560 UserNum:0.(1)(2021-05-15_00-54-19-124)
send room info to Lobby, Name:RoomSvr1 IdleRoomNum:2560 UserNum:0.(1)(2021-05-15_00-54-39-151)
send room info to Lobby, Name:RoomSvr1 IdleRoomNum:2560 UserNum:0.(1)(2021-05-15_00-54-59-180)
send room info to Lobby, Name:RoomSvr1 IdleRoomNum:2560 UserNum:0.(1)(2021-05-15_00-55-19-220)
send room info to Lobby, Name:RoomSvr1 IdleRoomNum:2560 UserNum:0.(1)(2021-05-15_00-55-39-247)
send room info to Lobby, Name:RoomSvr1 IdleRoomNum:2560 UserNum:0.(1)(2021-05-15_00-55-59-265)
send room info to Lobby, Name:RoomSvr1 IdleRoomNum:2560 UserNum:0.(1)(2021-05-15_00-56-19-284)
send room info to Lobby, Name:RoomSvr1 IdleRoomNum:2560 UserNum:0.(1)(2021-05-15_00-56-39-306)
send room info to Lobby, Name:RoomSvr1 IdleRoomNum:2560 UserNum:0.(1)(2021-05-15_00-56-59-333)
send room info to Lobby, Name:RoomSvr1 IdleRoomNum:2560 UserNum:0.(1)(2021-05-15_00-57-19-349)
send room info to Lobby, Name:RoomSvr1 IdleRoomNum:2560 UserNum:0.(1)(2021-05-15_00-57-39-373)
send room info to Lobby, Name:RoomSvr1 IdleRoomNum:2560 UserNum:0.(1)(2021-05-15_00-57-59-394)
send room info to Lobby, Name:RoomSvr1 IdleRoomNum:2560 UserNum:0.(1)(2021-05-15_00-58-19-417)
send room info to Lobby, Name:RoomSvr1 IdleRoomNum:2560 UserNum:0.(1)(2021-05-15_00-58-39-447)
send room info to Lobby, Name:RoomSvr1 IdleRoomNum:2560 UserNum:0.(1)(2021-05-15_00-58-59-473)
send room info to Lobby, Name:RoomSvr1 IdleRoomNum:2560 UserNum:0.(1)(2021-05-15_00-59-19-505)
send room info to Lobby, Name:RoomSvr1 IdleRoomNum:2560 UserNum:0.(1)(2021-05-15_00-59-39-529)
send room info to Lobby, Name:RoomSvr1 IdleRoomNum:2560 UserNum:0.(1)(2021-05-15_00-59-59-550)
send room info to Lobby, Name:RoomSvr1 IdleRoomNum:2560 UserNum:0.(1)(2021-05-15_01-00-19-577)
send room info to Lobby, Name:RoomSvr1 IdleRoomNum:2560 UserNum:0.(1)(2021-05-15_01-00-39-603)
send room info to Lobby, Name:RoomSvr1 IdleRoomNum:2560 UserNum:0.(1)(2021-05-15_01-00-59-628)
send room info to Lobby, Name:RoomSvr1 IdleRoomNum:2560 UserNum:0.(1)(2021-05-15_01-01-19-654)
send room info to Lobby, Name:RoomSvr1 IdleRoomNum:2560 UserNum:0.(1)(2021-05-15_01-01-39-673)
send room info to Lobby, Name:RoomSvr1 IdleRoomNum:2560 UserNum:0.(1)(2021-05-15_01-01-59-685)
send room info to Lobby, Name:RoomSvr1 IdleRoomNum:2560 UserNum:0.(1)(2021-05-15_01-02-19-705)
send room info to Lobby, Name:RoomSvr1 IdleRoomNum:2560 UserNum:0.(1)(2021-05-15_01-02-39-729)
send room info to Lobby, Name:RoomSvr1 IdleRoomNum:2560 UserNum:0.(1)(2021-05-15_01-02-59-748)
send room info to Lobby, Name:RoomSvr1 IdleRoomNum:2560 UserNum:0.(1)(2021-05-15_01-03-19-771)
send room info to Lobby, Name:RoomSvr1 IdleRoomNum:2560 UserNum:0.(1)(2021-05-15_01-03-39-803)
send room info to Lobby, Name:RoomSvr1 IdleRoomNum:2560 UserNum:0.(1)(2021-05-15_01-03-59-838)
send room info to Lobby, Name:RoomSvr1 IdleRoomNum:2560 UserNum:0.(1)(2021-05-15_01-04-19-867)
send room info to Lobby, Name:RoomSvr1 IdleRoomNum:2560 UserNum:0.(1)(2021-05-15_01-04-39-891)
send room info to Lobby, Name:RoomSvr1 IdleRoomNum:2560 UserNum:0.(1)(2021-05-15_01-04-59-917)
send room info to Lobby, Name:RoomSvr1 IdleRoomNum:2560 UserNum:0.(1)(2021-05-15_01-05-19-956)
send room info to Lobby, Name:RoomSvr1 IdleRoomNum:2560 UserNum:0.(1)(2021-05-15_01-05-39-983)
send room info to Lobby, Name:RoomSvr1 IdleRoomNum:2560 UserNum:0.(1)(2021-05-15_01-06-00-014)
send room info to Lobby, Name:RoomSvr1 IdleRoomNum:2560 UserNum:0.(1)(2021-05-15_01-06-20-041)
send room info to Lobby, Name:RoomSvr1 IdleRoomNum:2560 UserNum:0.(1)(2021-05-15_01-06-40-064)
send room info to Lobby, Name:RoomSvr1 IdleRoomNum:2560 UserNum:0.(1)(2021-05-15_01-07-00-088)
send room info to Lobby, Name:RoomSvr1 IdleRoomNum:2560 UserNum:0.(1)(2021-05-15_01-07-20-104)
send room info to Lobby, Name:RoomSvr1 IdleRoomNum:2560 UserNum:0.(1)(2021-05-15_01-07-40-139)
send room info to Lobby, Name:RoomSvr1 IdleRoomNum:2560 UserNum:0.(1)(2021-05-15_01-08-00-162)
send room info to Lobby, Name:RoomSvr1 IdleRoomNum:2560 UserNum:0.(1)(2021-05-15_01-08-20-193)
send room info to Lobby, Name:RoomSvr1 IdleRoomNum:2560 UserNum:0.(1)(2021-05-15_01-08-40-207)
send room info to Lobby, Name:RoomSvr1 IdleRoomNum:2560 UserNum:0.(1)(2021-05-15_01-09-00-242)
send room info to Lobby, Name:RoomSvr1 IdleRoomNum:2560 UserNum:0.(1)(2021-05-15_01-09-20-263)
send room info to Lobby, Name:RoomSvr1 IdleRoomNum:2560 UserNum:0.(1)(2021-05-15_01-09-40-293)
send room info to Lobby, Name:RoomSvr1 IdleRoomNum:2560 UserNum:0.(1)(2021-05-15_01-10-00-301)
send room info to Lobby, Name:RoomSvr1 IdleRoomNum:2560 UserNum:0.(1)(2021-05-15_01-10-20-328)
send room info to Lobby, Name:RoomSvr1 IdleRoomNum:2560 UserNum:0.(1)(2021-05-15_01-10-40-347)
send room info to Lobby, Name:RoomSvr1 IdleRoomNum:2560 UserNum:0.(1)(2021-05-15_01-11-00-372)
send room info to Lobby, Name:RoomSvr1 IdleRoomNum:2560 UserNum:0.(1)(2021-05-15_01-11-20-393)
send room info to Lobby, Name:RoomSvr1 IdleRoomNum:2560 UserNum:0.(1)(2021-05-15_01-11-40-424)
send room info to Lobby, Name:RoomSvr1 IdleRoomNum:2560 UserNum:0.(1)(2021-05-15_01-12-00-445)
Init Succ!(1)(2021-05-15_01-25-33-874)
room server init ip: 127.0.0.1  port: 9528(1)(2021-05-15_01-25-34-504)
Serialize init OK.(1)(2021-05-15_01-25-34-582)
thread 1 init ok.(1)(2021-05-15_01-25-35-131)
thread 2 init ok.(1)(2021-05-15_01-25-35-134)
thread 3 init ok.(1)(2021-05-15_01-25-35-134)
thread 4 init ok.(1)(2021-05-15_01-25-35-134)
thread 5 init ok.(1)(2021-05-15_01-25-35-135)
thread 6 init ok.(1)(2021-05-15_01-25-35-135)
thread 7 init ok.(1)(2021-05-15_01-25-35-138)
thread 8 init ok.(1)(2021-05-15_01-25-35-138)
thread 9 init ok.(1)(2021-05-15_01-25-35-138)
thread 10 init ok.(1)(2021-05-15_01-25-35-139)
thread 11 init ok.(1)(2021-05-15_01-25-35-139)
thread 12 init ok.(1)(2021-05-15_01-25-35-142)
thread 13 init ok.(1)(2021-05-15_01-25-35-142)
thread 14 init ok.(1)(2021-05-15_01-25-35-144)
thread 15 init ok.(1)(2021-05-15_01-25-35-152)
thread 16 init ok.(1)(2021-05-15_01-25-35-152)
thread 17 init ok.(1)(2021-05-15_01-25-35-156)
thread 18 init ok.(1)(2021-05-15_01-25-35-156)
thread 19 init ok.(1)(2021-05-15_01-25-35-156)
thread 20 init ok.(1)(2021-05-15_01-25-35-156)
thread 21 init ok.(1)(2021-05-15_01-25-35-156)
thread 22 init ok.(1)(2021-05-15_01-25-35-157)
thread 23 init ok.(1)(2021-05-15_01-25-35-160)
thread 24 init ok.(1)(2021-05-15_01-25-35-160)
thread 25 init ok.(1)(2021-05-15_01-25-35-160)
thread 26 init ok.(1)(2021-05-15_01-25-35-161)
thread 27 init ok.(1)(2021-05-15_01-25-35-161)
thread 28 init ok.(1)(2021-05-15_01-25-35-164)
thread 29 init ok.(1)(2021-05-15_01-25-35-164)
thread 30 init ok.(1)(2021-05-15_01-25-35-164)
thread 31 init ok.(1)(2021-05-15_01-25-35-165)
thread 32 init ok.(1)(2021-05-15_01-25-35-166)
thread 33 init ok.(1)(2021-05-15_01-25-35-169)
thread 34 init ok.(1)(2021-05-15_01-25-35-169)
thread 35 init ok.(1)(2021-05-15_01-25-35-169)
thread 36 init ok.(1)(2021-05-15_01-25-35-170)
thread 37 init ok.(1)(2021-05-15_01-25-35-170)
thread 38 init ok.(1)(2021-05-15_01-25-35-173)
thread 39 init ok.(1)(2021-05-15_01-25-35-173)
thread 40 init ok.(1)(2021-05-15_01-25-35-173)
Enable NetIncomingMessageType.ErrorMessage(1)(2021-05-15_01-25-35-176)
Enable NetIncomingMessageType.WarningMessage(1)(2021-05-15_01-25-35-176)
thread 1 start.(5)(2021-05-15_01-25-35-237)
thread 3 start.(7)(2021-05-15_01-25-35-237)
thread 2 start.(6)(2021-05-15_01-25-35-237)
thread 4 start.(8)(2021-05-15_01-25-35-237)
thread 5 start.(9)(2021-05-15_01-25-35-237)
thread 6 start.(10)(2021-05-15_01-25-35-237)
thread 7 start.(11)(2021-05-15_01-25-35-238)
thread 8 start.(12)(2021-05-15_01-25-35-238)
thread 9 start.(13)(2021-05-15_01-25-35-238)
thread 10 start.(14)(2021-05-15_01-25-35-238)
thread 11 start.(15)(2021-05-15_01-25-35-238)
thread 12 start.(16)(2021-05-15_01-25-35-238)
thread 13 start.(17)(2021-05-15_01-25-35-239)
thread 14 start.(18)(2021-05-15_01-25-35-239)
thread 15 start.(19)(2021-05-15_01-25-35-239)
thread 16 start.(20)(2021-05-15_01-25-35-239)
thread 17 start.(21)(2021-05-15_01-25-35-239)
thread 18 start.(22)(2021-05-15_01-25-35-240)
thread 19 start.(23)(2021-05-15_01-25-35-240)
thread 20 start.(24)(2021-05-15_01-25-35-240)
thread 21 start.(25)(2021-05-15_01-25-35-241)
thread 22 start.(26)(2021-05-15_01-25-35-241)
thread 23 start.(27)(2021-05-15_01-25-35-241)
thread 24 start.(28)(2021-05-15_01-25-35-241)
thread 25 start.(29)(2021-05-15_01-25-35-241)
thread 26 start.(30)(2021-05-15_01-25-35-242)
thread 27 start.(31)(2021-05-15_01-25-35-242)
thread 28 start.(32)(2021-05-15_01-25-35-242)
thread 29 start.(33)(2021-05-15_01-25-35-242)
thread 30 start.(34)(2021-05-15_01-25-35-242)
thread 31 start.(35)(2021-05-15_01-25-35-243)
thread 32 start.(36)(2021-05-15_01-25-35-243)
thread 33 start.(37)(2021-05-15_01-25-35-243)
thread 34 start.(38)(2021-05-15_01-25-35-243)
thread 35 start.(39)(2021-05-15_01-25-35-243)
thread 36 start.(40)(2021-05-15_01-25-35-244)
thread 37 start.(41)(2021-05-15_01-25-35-244)
thread 38 start.(42)(2021-05-15_01-25-35-244)
thread 39 start.(43)(2021-05-15_01-25-35-244)
thread 40 start.(44)(2021-05-15_01-25-35-244)
room server init ok.(1)(2021-05-15_01-25-35-324)
register room server to Lobby.(1)(2021-05-15_01-25-38-958)
send room info to Lobby, Name:RoomSvr1 IdleRoomNum:2560 UserNum:0.(1)(2021-05-15_01-25-53-902)
send room info to Lobby, Name:RoomSvr1 IdleRoomNum:2560 UserNum:0.(1)(2021-05-15_01-26-13-925)
send room info to Lobby, Name:RoomSvr1 IdleRoomNum:2560 UserNum:0.(1)(2021-05-15_01-26-33-948)
send room info to Lobby, Name:RoomSvr1 IdleRoomNum:2560 UserNum:0.(1)(2021-05-15_01-26-53-969)
send room info to Lobby, Name:RoomSvr1 IdleRoomNum:2560 UserNum:0.(1)(2021-05-15_01-27-13-999)
send room info to Lobby, Name:RoomSvr1 IdleRoomNum:2560 UserNum:0.(1)(2021-05-15_01-27-34-015)
send room info to Lobby, Name:RoomSvr1 IdleRoomNum:2560 UserNum:0.(1)(2021-05-15_01-27-54-050)
send room info to Lobby, Name:RoomSvr1 IdleRoomNum:2560 UserNum:0.(1)(2021-05-15_01-28-14-061)
send room info to Lobby, Name:RoomSvr1 IdleRoomNum:2560 UserNum:0.(1)(2021-05-15_01-28-34-072)
send room info to Lobby, Name:RoomSvr1 IdleRoomNum:2560 UserNum:0.(1)(2021-05-15_01-28-54-100)
send room info to Lobby, Name:RoomSvr1 IdleRoomNum:2560 UserNum:0.(1)(2021-05-15_01-29-14-112)
send room info to Lobby, Name:RoomSvr1 IdleRoomNum:2560 UserNum:0.(1)(2021-05-15_01-29-34-131)
send room info to Lobby, Name:RoomSvr1 IdleRoomNum:2560 UserNum:0.(1)(2021-05-15_01-29-54-143)
send room info to Lobby, Name:RoomSvr1 IdleRoomNum:2560 UserNum:0.(1)(2021-05-15_01-30-14-176)
send room info to Lobby, Name:RoomSvr1 IdleRoomNum:2560 UserNum:0.(1)(2021-05-15_01-30-34-212)
send room info to Lobby, Name:RoomSvr1 IdleRoomNum:2560 UserNum:0.(1)(2021-05-15_01-30-54-223)
send room info to Lobby, Name:RoomSvr1 IdleRoomNum:2560 UserNum:0.(1)(2021-05-15_01-31-14-249)
send room info to Lobby, Name:RoomSvr1 IdleRoomNum:2560 UserNum:0.(1)(2021-05-15_01-31-34-266)
send room info to Lobby, Name:RoomSvr1 IdleRoomNum:2560 UserNum:0.(1)(2021-05-15_01-31-54-302)
send room info to Lobby, Name:RoomSvr1 IdleRoomNum:2560 UserNum:0.(1)(2021-05-15_01-32-14-338)
send room info to Lobby, Name:RoomSvr1 IdleRoomNum:2560 UserNum:0.(1)(2021-05-15_01-32-34-364)
send room info to Lobby, Name:RoomSvr1 IdleRoomNum:2560 UserNum:0.(1)(2021-05-15_01-32-54-397)
send room info to Lobby, Name:RoomSvr1 IdleRoomNum:2560 UserNum:0.(1)(2021-05-15_01-33-14-421)
send room info to Lobby, Name:RoomSvr1 IdleRoomNum:2560 UserNum:0.(1)(2021-05-15_01-33-34-457)
send room info to Lobby, Name:RoomSvr1 IdleRoomNum:2560 UserNum:0.(1)(2021-05-15_01-33-54-489)
send room info to Lobby, Name:RoomSvr1 IdleRoomNum:2560 UserNum:0.(1)(2021-05-15_01-34-14-510)
send room info to Lobby, Name:RoomSvr1 IdleRoomNum:2560 UserNum:0.(1)(2021-05-15_01-34-34-532)
send room info to Lobby, Name:RoomSvr1 IdleRoomNum:2560 UserNum:0.(1)(2021-05-15_01-34-54-564)
send room info to Lobby, Name:RoomSvr1 IdleRoomNum:2560 UserNum:0.(1)(2021-05-15_01-35-14-594)
send room info to Lobby, Name:RoomSvr1 IdleRoomNum:2560 UserNum:0.(1)(2021-05-15_01-35-34-622)
send room info to Lobby, Name:RoomSvr1 IdleRoomNum:2560 UserNum:0.(1)(2021-05-15_01-35-54-655)
send room info to Lobby, Name:RoomSvr1 IdleRoomNum:2560 UserNum:0.(1)(2021-05-15_01-36-14-669)
send room info to Lobby, Name:RoomSvr1 IdleRoomNum:2560 UserNum:0.(1)(2021-05-15_01-36-34-702)
send room info to Lobby, Name:RoomSvr1 IdleRoomNum:2560 UserNum:0.(1)(2021-05-15_01-36-54-727)
send room info to Lobby, Name:RoomSvr1 IdleRoomNum:2560 UserNum:0.(1)(2021-05-15_01-37-14-757)
send room info to Lobby, Name:RoomSvr1 IdleRoomNum:2560 UserNum:0.(1)(2021-05-15_01-37-34-785)
send room info to Lobby, Name:RoomSvr1 IdleRoomNum:2560 UserNum:0.(1)(2021-05-15_01-37-54-813)
send room info to Lobby, Name:RoomSvr1 IdleRoomNum:2560 UserNum:0.(1)(2021-05-15_01-38-14-844)
send room info to Lobby, Name:RoomSvr1 IdleRoomNum:2560 UserNum:0.(1)(2021-05-15_01-38-34-881)
send room info to Lobby, Name:RoomSvr1 IdleRoomNum:2560 UserNum:0.(1)(2021-05-15_01-38-54-915)
send room info to Lobby, Name:RoomSvr1 IdleRoomNum:2560 UserNum:0.(1)(2021-05-15_01-39-14-949)
send room info to Lobby, Name:RoomSvr1 IdleRoomNum:2560 UserNum:0.(1)(2021-05-15_01-39-34-976)
send room info to Lobby, Name:RoomSvr1 IdleRoomNum:2560 UserNum:0.(1)(2021-05-15_01-39-55-013)
send room info to Lobby, Name:RoomSvr1 IdleRoomNum:2560 UserNum:0.(1)(2021-05-15_01-40-15-048)
send room info to Lobby, Name:RoomSvr1 IdleRoomNum:2560 UserNum:0.(1)(2021-05-15_01-40-35-077)
send room info to Lobby, Name:RoomSvr1 IdleRoomNum:2560 UserNum:0.(1)(2021-05-15_01-40-55-103)
send room info to Lobby, Name:RoomSvr1 IdleRoomNum:2560 UserNum:0.(1)(2021-05-15_01-41-15-126)
send room info to Lobby, Name:RoomSvr1 IdleRoomNum:2560 UserNum:0.(1)(2021-05-15_01-41-35-155)
send room info to Lobby, Name:RoomSvr1 IdleRoomNum:2560 UserNum:0.(1)(2021-05-15_01-41-55-180)
send room info to Lobby, Name:RoomSvr1 IdleRoomNum:2560 UserNum:0.(1)(2021-05-15_01-42-15-219)
send room info to Lobby, Name:RoomSvr1 IdleRoomNum:2560 UserNum:0.(1)(2021-05-15_01-42-35-249)
send room info to Lobby, Name:RoomSvr1 IdleRoomNum:2560 UserNum:0.(1)(2021-05-15_01-42-55-284)
send room info to Lobby, Name:RoomSvr1 IdleRoomNum:2560 UserNum:0.(1)(2021-05-15_01-43-15-318)
send room info to Lobby, Name:RoomSvr1 IdleRoomNum:2560 UserNum:0.(1)(2021-05-15_01-43-35-355)
send room info to Lobby, Name:RoomSvr1 IdleRoomNum:2560 UserNum:0.(1)(2021-05-15_01-43-55-383)
send room info to Lobby, Name:RoomSvr1 IdleRoomNum:2560 UserNum:0.(1)(2021-05-15_01-44-15-417)
send room info to Lobby, Name:RoomSvr1 IdleRoomNum:2560 UserNum:0.(1)(2021-05-15_01-44-35-441)
send room info to Lobby, Name:RoomSvr1 IdleRoomNum:2560 UserNum:0.(1)(2021-05-15_01-44-55-477)
send room info to Lobby, Name:RoomSvr1 IdleRoomNum:2560 UserNum:0.(1)(2021-05-15_01-45-15-504)
send room info to Lobby, Name:RoomSvr1 IdleRoomNum:2560 UserNum:0.(1)(2021-05-15_01-45-35-539)
send room info to Lobby, Name:RoomSvr1 IdleRoomNum:2560 UserNum:0.(1)(2021-05-15_01-45-55-572)
send room info to Lobby, Name:RoomSvr1 IdleRoomNum:2560 UserNum:0.(1)(2021-05-15_01-46-15-610)
send room info to Lobby, Name:RoomSvr1 IdleRoomNum:2560 UserNum:0.(1)(2021-05-15_01-46-35-642)
send room info to Lobby, Name:RoomSvr1 IdleRoomNum:2560 UserNum:0.(1)(2021-05-15_01-46-55-675)
send room info to Lobby, Name:RoomSvr1 IdleRoomNum:2560 UserNum:0.(1)(2021-05-15_01-47-15-707)
send room info to Lobby, Name:RoomSvr1 IdleRoomNum:2560 UserNum:0.(1)(2021-05-15_01-47-35-747)
send room info to Lobby, Name:RoomSvr1 IdleRoomNum:2560 UserNum:0.(1)(2021-05-15_01-47-55-785)
send room info to Lobby, Name:RoomSvr1 IdleRoomNum:2560 UserNum:0.(1)(2021-05-15_01-48-15-813)
send room info to Lobby, Name:RoomSvr1 IdleRoomNum:2560 UserNum:0.(1)(2021-05-15_01-48-35-835)
send room info to Lobby, Name:RoomSvr1 IdleRoomNum:2560 UserNum:0.(1)(2021-05-15_01-48-55-863)
send room info to Lobby, Name:RoomSvr1 IdleRoomNum:2560 UserNum:0.(1)(2021-05-15_01-49-15-892)
send room info to Lobby, Name:RoomSvr1 IdleRoomNum:2560 UserNum:0.(1)(2021-05-15_01-49-35-927)
send room info to Lobby, Name:RoomSvr1 IdleRoomNum:2560 UserNum:0.(1)(2021-05-15_01-49-55-959)
send room info to Lobby, Name:RoomSvr1 IdleRoomNum:2560 UserNum:0.(1)(2021-05-15_01-50-15-990)
send room info to Lobby, Name:RoomSvr1 IdleRoomNum:2560 UserNum:0.(1)(2021-05-15_01-50-36-014)
send room info to Lobby, Name:RoomSvr1 IdleRoomNum:2560 UserNum:0.(1)(2021-05-15_01-50-56-043)
send room info to Lobby, Name:RoomSvr1 IdleRoomNum:2560 UserNum:0.(1)(2021-05-15_01-51-16-079)
send room info to Lobby, Name:RoomSvr1 IdleRoomNum:2560 UserNum:0.(1)(2021-05-15_01-51-36-116)
send room info to Lobby, Name:RoomSvr1 IdleRoomNum:2560 UserNum:0.(1)(2021-05-15_01-51-56-150)
send room info to Lobby, Name:RoomSvr1 IdleRoomNum:2560 UserNum:0.(1)(2021-05-15_01-52-16-184)
send room info to Lobby, Name:RoomSvr1 IdleRoomNum:2560 UserNum:0.(1)(2021-05-15_01-52-36-210)
send room info to Lobby, Name:RoomSvr1 IdleRoomNum:2560 UserNum:0.(1)(2021-05-15_01-52-56-236)
send room info to Lobby, Name:RoomSvr1 IdleRoomNum:2560 UserNum:0.(1)(2021-05-15_01-53-16-261)
send room info to Lobby, Name:RoomSvr1 IdleRoomNum:2560 UserNum:0.(1)(2021-05-15_01-53-36-277)
send room info to Lobby, Name:RoomSvr1 IdleRoomNum:2560 UserNum:0.(1)(2021-05-15_01-53-56-302)
send room info to Lobby, Name:RoomSvr1 IdleRoomNum:2560 UserNum:0.(1)(2021-05-15_01-54-16-340)
send room info to Lobby, Name:RoomSvr1 IdleRoomNum:2560 UserNum:0.(1)(2021-05-15_01-54-36-374)
send room info to Lobby, Name:RoomSvr1 IdleRoomNum:2560 UserNum:0.(1)(2021-05-15_01-54-56-404)
send room info to Lobby, Name:RoomSvr1 IdleRoomNum:2560 UserNum:0.(1)(2021-05-15_01-55-16-431)
send room info to Lobby, Name:RoomSvr1 IdleRoomNum:2560 UserNum:0.(1)(2021-05-15_01-55-36-459)
send room info to Lobby, Name:RoomSvr1 IdleRoomNum:2560 UserNum:0.(1)(2021-05-15_01-55-56-477)
send room info to Lobby, Name:RoomSvr1 IdleRoomNum:2560 UserNum:0.(1)(2021-05-15_01-56-16-511)
send room info to Lobby, Name:RoomSvr1 IdleRoomNum:2560 UserNum:0.(1)(2021-05-15_01-56-36-535)
send room info to Lobby, Name:RoomSvr1 IdleRoomNum:2560 UserNum:0.(1)(2021-05-15_01-56-56-555)
send room info to Lobby, Name:RoomSvr1 IdleRoomNum:2560 UserNum:0.(1)(2021-05-15_01-57-16-572)
send room info to Lobby, Name:RoomSvr1 IdleRoomNum:2560 UserNum:0.(1)(2021-05-15_01-57-36-601)
send room info to Lobby, Name:RoomSvr1 IdleRoomNum:2560 UserNum:0.(1)(2021-05-15_01-57-56-624)
send room info to Lobby, Name:RoomSvr1 IdleRoomNum:2560 UserNum:0.(1)(2021-05-15_01-58-16-656)
send room info to Lobby, Name:RoomSvr1 IdleRoomNum:2560 UserNum:0.(1)(2021-05-15_01-58-36-687)
send room info to Lobby, Name:RoomSvr1 IdleRoomNum:2560 UserNum:0.(1)(2021-05-15_01-58-56-721)
send room info to Lobby, Name:RoomSvr1 IdleRoomNum:2560 UserNum:0.(1)(2021-05-15_01-59-16-740)
send room info to Lobby, Name:RoomSvr1 IdleRoomNum:2560 UserNum:0.(1)(2021-05-15_01-59-36-772)
send room info to Lobby, Name:RoomSvr1 IdleRoomNum:2560 UserNum:0.(1)(2021-05-15_01-59-56-804)
send room info to Lobby, Name:RoomSvr1 IdleRoomNum:2560 UserNum:0.(1)(2021-05-15_02-00-16-837)
send room info to Lobby, Name:RoomSvr1 IdleRoomNum:2560 UserNum:0.(1)(2021-05-15_02-00-36-864)
send room info to Lobby, Name:RoomSvr1 IdleRoomNum:2560 UserNum:0.(1)(2021-05-15_02-00-56-892)
send room info to Lobby, Name:RoomSvr1 IdleRoomNum:2560 UserNum:0.(1)(2021-05-15_02-01-16-925)
send room info to Lobby, Name:RoomSvr1 IdleRoomNum:2560 UserNum:0.(1)(2021-05-15_02-01-36-947)
send room info to Lobby, Name:RoomSvr1 IdleRoomNum:2560 UserNum:0.(1)(2021-05-15_02-01-56-983)
send room info to Lobby, Name:RoomSvr1 IdleRoomNum:2560 UserNum:0.(1)(2021-05-15_02-02-17-005)
send room info to Lobby, Name:RoomSvr1 IdleRoomNum:2560 UserNum:0.(1)(2021-05-15_02-02-37-035)
send room info to Lobby, Name:RoomSvr1 IdleRoomNum:2560 UserNum:0.(1)(2021-05-15_02-02-57-067)
send room info to Lobby, Name:RoomSvr1 IdleRoomNum:2560 UserNum:0.(1)(2021-05-15_02-03-17-095)
send room info to Lobby, Name:RoomSvr1 IdleRoomNum:2560 UserNum:0.(1)(2021-05-15_02-03-37-116)
send room info to Lobby, Name:RoomSvr1 IdleRoomNum:2560 UserNum:0.(1)(2021-05-15_02-03-57-141)
send room info to Lobby, Name:RoomSvr1 IdleRoomNum:2560 UserNum:0.(1)(2021-05-15_02-04-17-165)
send room info to Lobby, Name:RoomSvr1 IdleRoomNum:2560 UserNum:0.(1)(2021-05-15_02-04-37-192)
send room info to Lobby, Name:RoomSvr1 IdleRoomNum:2560 UserNum:0.(1)(2021-05-15_02-04-57-212)
send room info to Lobby, Name:RoomSvr1 IdleRoomNum:2560 UserNum:0.(1)(2021-05-15_02-05-17-237)
send room info to Lobby, Name:RoomSvr1 IdleRoomNum:2560 UserNum:0.(1)(2021-05-15_02-05-37-267)
send room info to Lobby, Name:RoomSvr1 IdleRoomNum:2560 UserNum:0.(1)(2021-05-15_02-05-57-301)
send room info to Lobby, Name:RoomSvr1 IdleRoomNum:2560 UserNum:0.(1)(2021-05-15_02-06-17-318)
send room info to Lobby, Name:RoomSvr1 IdleRoomNum:2560 UserNum:0.(1)(2021-05-15_02-06-37-344)
send room info to Lobby, Name:RoomSvr1 IdleRoomNum:2560 UserNum:0.(1)(2021-05-15_02-06-57-370)
send room info to Lobby, Name:RoomSvr1 IdleRoomNum:2560 UserNum:0.(1)(2021-05-15_02-07-17-404)
send room info to Lobby, Name:RoomSvr1 IdleRoomNum:2560 UserNum:0.(1)(2021-05-15_02-07-37-425)
send room info to Lobby, Name:RoomSvr1 IdleRoomNum:2560 UserNum:0.(1)(2021-05-15_02-07-57-453)
send room info to Lobby, Name:RoomSvr1 IdleRoomNum:2560 UserNum:0.(1)(2021-05-15_02-08-17-477)
send room info to Lobby, Name:RoomSvr1 IdleRoomNum:2560 UserNum:0.(1)(2021-05-15_02-08-37-515)
send room info to Lobby, Name:RoomSvr1 IdleRoomNum:2560 UserNum:0.(1)(2021-05-15_02-08-57-542)
send room info to Lobby, Name:RoomSvr1 IdleRoomNum:2560 UserNum:0.(1)(2021-05-15_02-09-17-579)
send room info to Lobby, Name:RoomSvr1 IdleRoomNum:2560 UserNum:0.(1)(2021-05-15_02-09-37-603)
send room info to Lobby, Name:RoomSvr1 IdleRoomNum:2560 UserNum:0.(1)(2021-05-15_02-09-57-632)
send room info to Lobby, Name:RoomSvr1 IdleRoomNum:2560 UserNum:0.(1)(2021-05-15_02-10-17-659)
send room info to Lobby, Name:RoomSvr1 IdleRoomNum:2560 UserNum:0.(1)(2021-05-15_02-10-37-694)
send room info to Lobby, Name:RoomSvr1 IdleRoomNum:2560 UserNum:0.(1)(2021-05-15_02-10-57-722)
send room info to Lobby, Name:RoomSvr1 IdleRoomNum:2560 UserNum:0.(1)(2021-05-15_02-11-17-754)
send room info to Lobby, Name:RoomSvr1 IdleRoomNum:2560 UserNum:0.(1)(2021-05-15_02-11-37-791)
send room info to Lobby, Name:RoomSvr1 IdleRoomNum:2560 UserNum:0.(1)(2021-05-15_02-11-57-818)
send room info to Lobby, Name:RoomSvr1 IdleRoomNum:2560 UserNum:0.(1)(2021-05-15_02-12-17-832)
send room info to Lobby, Name:RoomSvr1 IdleRoomNum:2560 UserNum:0.(1)(2021-05-15_02-12-37-859)
send room info to Lobby, Name:RoomSvr1 IdleRoomNum:2560 UserNum:0.(1)(2021-05-15_02-12-57-896)
send room info to Lobby, Name:RoomSvr1 IdleRoomNum:2560 UserNum:0.(1)(2021-05-15_02-13-17-923)
send room info to Lobby, Name:RoomSvr1 IdleRoomNum:2560 UserNum:0.(1)(2021-05-15_02-13-37-954)
send room info to Lobby, Name:RoomSvr1 IdleRoomNum:2560 UserNum:0.(1)(2021-05-15_02-13-57-989)
send room info to Lobby, Name:RoomSvr1 IdleRoomNum:2560 UserNum:0.(1)(2021-05-15_02-14-18-005)
send room info to Lobby, Name:RoomSvr1 IdleRoomNum:2560 UserNum:0.(1)(2021-05-15_02-14-38-029)
send room info to Lobby, Name:RoomSvr1 IdleRoomNum:2560 UserNum:0.(1)(2021-05-15_02-14-58-056)
send room info to Lobby, Name:RoomSvr1 IdleRoomNum:2560 UserNum:0.(1)(2021-05-15_02-15-18-088)
send room info to Lobby, Name:RoomSvr1 IdleRoomNum:2560 UserNum:0.(1)(2021-05-15_02-15-38-119)
send room info to Lobby, Name:RoomSvr1 IdleRoomNum:2560 UserNum:0.(1)(2021-05-15_02-15-58-157)
send room info to Lobby, Name:RoomSvr1 IdleRoomNum:2560 UserNum:0.(1)(2021-05-15_02-16-18-186)
send room info to Lobby, Name:RoomSvr1 IdleRoomNum:2560 UserNum:0.(1)(2021-05-15_02-16-38-204)
send room info to Lobby, Name:RoomSvr1 IdleRoomNum:2560 UserNum:0.(1)(2021-05-15_02-16-58-230)
send room info to Lobby, Name:RoomSvr1 IdleRoomNum:2560 UserNum:0.(1)(2021-05-15_02-17-18-259)
send room info to Lobby, Name:RoomSvr1 IdleRoomNum:2560 UserNum:0.(1)(2021-05-15_02-17-38-291)
send room info to Lobby, Name:RoomSvr1 IdleRoomNum:2560 UserNum:0.(1)(2021-05-15_02-17-58-316)
send room info to Lobby, Name:RoomSvr1 IdleRoomNum:2560 UserNum:0.(1)(2021-05-15_02-18-18-353)
send room info to Lobby, Name:RoomSvr1 IdleRoomNum:2560 UserNum:0.(1)(2021-05-15_02-18-38-385)
send room info to Lobby, Name:RoomSvr1 IdleRoomNum:2560 UserNum:0.(1)(2021-05-15_02-18-58-421)
send room info to Lobby, Name:RoomSvr1 IdleRoomNum:2560 UserNum:0.(1)(2021-05-15_02-19-18-444)
send room info to Lobby, Name:RoomSvr1 IdleRoomNum:2560 UserNum:0.(1)(2021-05-15_02-19-38-476)
send room info to Lobby, Name:RoomSvr1 IdleRoomNum:2560 UserNum:0.(1)(2021-05-15_02-19-58-508)
send room info to Lobby, Name:RoomSvr1 IdleRoomNum:2560 UserNum:0.(1)(2021-05-15_02-20-18-535)
send room info to Lobby, Name:RoomSvr1 IdleRoomNum:2560 UserNum:0.(1)(2021-05-15_02-20-38-572)
send room info to Lobby, Name:RoomSvr1 IdleRoomNum:2560 UserNum:0.(1)(2021-05-15_02-20-58-599)
send room info to Lobby, Name:RoomSvr1 IdleRoomNum:2560 UserNum:0.(1)(2021-05-15_02-21-18-627)
send room info to Lobby, Name:RoomSvr1 IdleRoomNum:2560 UserNum:0.(1)(2021-05-15_02-21-38-662)
send room info to Lobby, Name:RoomSvr1 IdleRoomNum:2560 UserNum:0.(1)(2021-05-15_02-21-58-697)
send room info to Lobby, Name:RoomSvr1 IdleRoomNum:2560 UserNum:0.(1)(2021-05-15_02-22-18-726)
send room info to Lobby, Name:RoomSvr1 IdleRoomNum:2560 UserNum:0.(1)(2021-05-15_02-22-38-759)
send room info to Lobby, Name:RoomSvr1 IdleRoomNum:2560 UserNum:0.(1)(2021-05-15_02-22-58-793)
send room info to Lobby, Name:RoomSvr1 IdleRoomNum:2560 UserNum:0.(1)(2021-05-15_02-23-18-826)
