Init Succ!(1)(2021-05-13_23-16-57-637)
room server init ip: 127.0.0.1  port: 9528(1)(2021-05-13_23-16-58-318)
Serialize init OK.(1)(2021-05-13_23-16-58-395)
thread 1 init ok.(1)(2021-05-13_23-16-58-902)
thread 2 init ok.(1)(2021-05-13_23-16-58-905)
thread 3 init ok.(1)(2021-05-13_23-16-58-905)
thread 4 init ok.(1)(2021-05-13_23-16-58-905)
thread 5 init ok.(1)(2021-05-13_23-16-58-905)
thread 6 init ok.(1)(2021-05-13_23-16-58-905)
thread 7 init ok.(1)(2021-05-13_23-16-58-909)
thread 8 init ok.(1)(2021-05-13_23-16-58-909)
thread 9 init ok.(1)(2021-05-13_23-16-58-909)
thread 10 init ok.(1)(2021-05-13_23-16-58-910)
thread 11 init ok.(1)(2021-05-13_23-16-58-910)
thread 12 init ok.(1)(2021-05-13_23-16-58-913)
thread 13 init ok.(1)(2021-05-13_23-16-58-913)
thread 14 init ok.(1)(2021-05-13_23-16-58-913)
thread 15 init ok.(1)(2021-05-13_23-16-58-928)
thread 16 init ok.(1)(2021-05-13_23-16-58-928)
thread 17 init ok.(1)(2021-05-13_23-16-58-932)
thread 18 init ok.(1)(2021-05-13_23-16-58-932)
thread 19 init ok.(1)(2021-05-13_23-16-58-932)
thread 20 init ok.(1)(2021-05-13_23-16-58-933)
thread 21 init ok.(1)(2021-05-13_23-16-58-933)
thread 22 init ok.(1)(2021-05-13_23-16-58-933)
thread 23 init ok.(1)(2021-05-13_23-16-58-936)
thread 24 init ok.(1)(2021-05-13_23-16-58-936)
thread 25 init ok.(1)(2021-05-13_23-16-58-936)
thread 26 init ok.(1)(2021-05-13_23-16-58-936)
thread 27 init ok.(1)(2021-05-13_23-16-58-937)
thread 28 init ok.(1)(2021-05-13_23-16-58-940)
thread 29 init ok.(1)(2021-05-13_23-16-58-940)
thread 30 init ok.(1)(2021-05-13_23-16-58-940)
thread 31 init ok.(1)(2021-05-13_23-16-58-940)
thread 32 init ok.(1)(2021-05-13_23-16-58-941)
thread 33 init ok.(1)(2021-05-13_23-16-58-944)
thread 34 init ok.(1)(2021-05-13_23-16-58-944)
thread 35 init ok.(1)(2021-05-13_23-16-58-945)
thread 36 init ok.(1)(2021-05-13_23-16-58-945)
thread 37 init ok.(1)(2021-05-13_23-16-58-945)
thread 38 init ok.(1)(2021-05-13_23-16-58-948)
thread 39 init ok.(1)(2021-05-13_23-16-58-948)
thread 40 init ok.(1)(2021-05-13_23-16-58-948)
Enable NetIncomingMessageType.ErrorMessage(1)(2021-05-13_23-16-58-951)
Enable NetIncomingMessageType.WarningMessage(1)(2021-05-13_23-16-58-951)
thread 1 start.(5)(2021-05-13_23-16-59-018)
thread 4 start.(8)(2021-05-13_23-16-59-018)
thread 3 start.(7)(2021-05-13_23-16-59-018)
thread 2 start.(6)(2021-05-13_23-16-59-018)
thread 5 start.(9)(2021-05-13_23-16-59-018)
thread 6 start.(10)(2021-05-13_23-16-59-018)
thread 7 start.(11)(2021-05-13_23-16-59-018)
thread 8 start.(12)(2021-05-13_23-16-59-019)
thread 9 start.(13)(2021-05-13_23-16-59-019)
thread 10 start.(14)(2021-05-13_23-16-59-019)
thread 11 start.(15)(2021-05-13_23-16-59-019)
thread 12 start.(16)(2021-05-13_23-16-59-020)
thread 13 start.(17)(2021-05-13_23-16-59-020)
thread 14 start.(18)(2021-05-13_23-16-59-020)
thread 15 start.(19)(2021-05-13_23-16-59-020)
thread 16 start.(20)(2021-05-13_23-16-59-020)
thread 17 start.(21)(2021-05-13_23-16-59-020)
thread 18 start.(22)(2021-05-13_23-16-59-021)
thread 19 start.(23)(2021-05-13_23-16-59-021)
thread 20 start.(24)(2021-05-13_23-16-59-021)
thread 21 start.(25)(2021-05-13_23-16-59-022)
thread 22 start.(26)(2021-05-13_23-16-59-022)
thread 23 start.(27)(2021-05-13_23-16-59-022)
thread 24 start.(28)(2021-05-13_23-16-59-022)
thread 25 start.(29)(2021-05-13_23-16-59-023)
thread 26 start.(30)(2021-05-13_23-16-59-023)
thread 27 start.(31)(2021-05-13_23-16-59-023)
thread 28 start.(32)(2021-05-13_23-16-59-023)
thread 29 start.(33)(2021-05-13_23-16-59-024)
thread 30 start.(34)(2021-05-13_23-16-59-024)
thread 31 start.(35)(2021-05-13_23-16-59-024)
thread 32 start.(36)(2021-05-13_23-16-59-024)
thread 33 start.(37)(2021-05-13_23-16-59-025)
thread 34 start.(38)(2021-05-13_23-16-59-026)
thread 35 start.(39)(2021-05-13_23-16-59-026)
thread 36 start.(40)(2021-05-13_23-16-59-027)
thread 37 start.(41)(2021-05-13_23-16-59-027)
thread 38 start.(42)(2021-05-13_23-16-59-028)
thread 39 start.(43)(2021-05-13_23-16-59-028)
thread 40 start.(44)(2021-05-13_23-16-59-029)
room server init ok.(1)(2021-05-13_23-16-59-113)
register room server to Lobby.(1)(2021-05-13_23-17-02-736)
send room info to Lobby, Name:RoomSvr1 IdleRoomNum:2560 UserNum:0.(1)(2021-05-13_23-17-17-660)
send room info to Lobby, Name:RoomSvr1 IdleRoomNum:2560 UserNum:0.(1)(2021-05-13_23-17-37-695)
send room info to Lobby, Name:RoomSvr1 IdleRoomNum:2560 UserNum:0.(1)(2021-05-13_23-17-57-732)
send room info to Lobby, Name:RoomSvr1 IdleRoomNum:2560 UserNum:0.(1)(2021-05-13_23-18-17-769)
send room info to Lobby, Name:RoomSvr1 IdleRoomNum:2560 UserNum:0.(1)(2021-05-13_23-18-37-782)
send room info to Lobby, Name:RoomSvr1 IdleRoomNum:2560 UserNum:0.(1)(2021-05-13_23-18-57-811)
send room info to Lobby, Name:RoomSvr1 IdleRoomNum:2560 UserNum:0.(1)(2021-05-13_23-19-17-845)
send room info to Lobby, Name:RoomSvr1 IdleRoomNum:2560 UserNum:0.(1)(2021-05-13_23-19-37-875)
send room info to Lobby, Name:RoomSvr1 IdleRoomNum:2560 UserNum:0.(1)(2021-05-13_23-19-57-899)
send room info to Lobby, Name:RoomSvr1 IdleRoomNum:2560 UserNum:0.(1)(2021-05-13_23-20-17-933)
send room info to Lobby, Name:RoomSvr1 IdleRoomNum:2560 UserNum:0.(1)(2021-05-13_23-20-37-962)
send room info to Lobby, Name:RoomSvr1 IdleRoomNum:2560 UserNum:0.(1)(2021-05-13_23-20-57-985)
send room info to Lobby, Name:RoomSvr1 IdleRoomNum:2560 UserNum:0.(1)(2021-05-13_23-21-18-019)
send room info to Lobby, Name:RoomSvr1 IdleRoomNum:2560 UserNum:0.(1)(2021-05-13_23-21-38-052)
send room info to Lobby, Name:RoomSvr1 IdleRoomNum:2560 UserNum:0.(1)(2021-05-13_23-21-58-073)
send room info to Lobby, Name:RoomSvr1 IdleRoomNum:2560 UserNum:0.(1)(2021-05-13_23-22-18-109)
send room info to Lobby, Name:RoomSvr1 IdleRoomNum:2560 UserNum:0.(1)(2021-05-13_23-22-38-135)
send room info to Lobby, Name:RoomSvr1 IdleRoomNum:2560 UserNum:0.(1)(2021-05-13_23-22-58-163)
send room info to Lobby, Name:RoomSvr1 IdleRoomNum:2560 UserNum:0.(1)(2021-05-13_23-23-18-189)
send room info to Lobby, Name:RoomSvr1 IdleRoomNum:2560 UserNum:0.(1)(2021-05-13_23-23-38-213)
send room info to Lobby, Name:RoomSvr1 IdleRoomNum:2560 UserNum:0.(1)(2021-05-13_23-23-58-245)
send room info to Lobby, Name:RoomSvr1 IdleRoomNum:2560 UserNum:0.(1)(2021-05-13_23-24-18-265)
send room info to Lobby, Name:RoomSvr1 IdleRoomNum:2560 UserNum:0.(1)(2021-05-13_23-24-38-288)
send room info to Lobby, Name:RoomSvr1 IdleRoomNum:2560 UserNum:0.(1)(2021-05-13_23-24-58-323)
send room info to Lobby, Name:RoomSvr1 IdleRoomNum:2560 UserNum:0.(1)(2021-05-13_23-25-18-351)
send room info to Lobby, Name:RoomSvr1 IdleRoomNum:2560 UserNum:0.(1)(2021-05-13_23-25-38-378)
send room info to Lobby, Name:RoomSvr1 IdleRoomNum:2560 UserNum:0.(1)(2021-05-13_23-25-58-412)
send room info to Lobby, Name:RoomSvr1 IdleRoomNum:2560 UserNum:0.(1)(2021-05-13_23-26-18-443)
send room info to Lobby, Name:RoomSvr1 IdleRoomNum:2560 UserNum:0.(1)(2021-05-13_23-26-38-477)
send room info to Lobby, Name:RoomSvr1 IdleRoomNum:2560 UserNum:0.(1)(2021-05-13_23-26-58-508)
send room info to Lobby, Name:RoomSvr1 IdleRoomNum:2560 UserNum:0.(1)(2021-05-13_23-27-18-535)
send room info to Lobby, Name:RoomSvr1 IdleRoomNum:2560 UserNum:0.(1)(2021-05-13_23-27-38-568)
send room info to Lobby, Name:RoomSvr1 IdleRoomNum:2560 UserNum:0.(1)(2021-05-13_23-27-58-605)
send room info to Lobby, Name:RoomSvr1 IdleRoomNum:2560 UserNum:0.(1)(2021-05-13_23-28-18-629)
send room info to Lobby, Name:RoomSvr1 IdleRoomNum:2560 UserNum:0.(1)(2021-05-13_23-28-38-660)
send room info to Lobby, Name:RoomSvr1 IdleRoomNum:2560 UserNum:0.(1)(2021-05-13_23-28-58-689)
send room info to Lobby, Name:RoomSvr1 IdleRoomNum:2560 UserNum:0.(1)(2021-05-13_23-29-18-717)
send room info to Lobby, Name:RoomSvr1 IdleRoomNum:2560 UserNum:0.(1)(2021-05-13_23-29-38-738)
send room info to Lobby, Name:RoomSvr1 IdleRoomNum:2560 UserNum:0.(1)(2021-05-13_23-29-58-766)
send room info to Lobby, Name:RoomSvr1 IdleRoomNum:2560 UserNum:0.(1)(2021-05-13_23-30-18-791)
send room info to Lobby, Name:RoomSvr1 IdleRoomNum:2560 UserNum:0.(1)(2021-05-13_23-30-38-819)
send room info to Lobby, Name:RoomSvr1 IdleRoomNum:2560 UserNum:0.(1)(2021-05-13_23-30-58-844)
send room info to Lobby, Name:RoomSvr1 IdleRoomNum:2560 UserNum:0.(1)(2021-05-13_23-31-18-878)
send room info to Lobby, Name:RoomSvr1 IdleRoomNum:2560 UserNum:0.(1)(2021-05-13_23-31-38-909)
send room info to Lobby, Name:RoomSvr1 IdleRoomNum:2560 UserNum:0.(1)(2021-05-13_23-31-58-932)
send room info to Lobby, Name:RoomSvr1 IdleRoomNum:2560 UserNum:0.(1)(2021-05-13_23-32-18-964)
send room info to Lobby, Name:RoomSvr1 IdleRoomNum:2560 UserNum:0.(1)(2021-05-13_23-32-38-992)
send room info to Lobby, Name:RoomSvr1 IdleRoomNum:2560 UserNum:0.(1)(2021-05-13_23-32-59-016)
send room info to Lobby, Name:RoomSvr1 IdleRoomNum:2560 UserNum:0.(1)(2021-05-13_23-33-19-048)
send room info to Lobby, Name:RoomSvr1 IdleRoomNum:2560 UserNum:0.(1)(2021-05-13_23-33-39-081)
send room info to Lobby, Name:RoomSvr1 IdleRoomNum:2560 UserNum:0.(1)(2021-05-13_23-33-59-118)
send room info to Lobby, Name:RoomSvr1 IdleRoomNum:2560 UserNum:0.(1)(2021-05-13_23-34-19-150)
send room info to Lobby, Name:RoomSvr1 IdleRoomNum:2560 UserNum:0.(1)(2021-05-13_23-34-39-171)
send room info to Lobby, Name:RoomSvr1 IdleRoomNum:2560 UserNum:0.(1)(2021-05-13_23-34-59-199)
send room info to Lobby, Name:RoomSvr1 IdleRoomNum:2560 UserNum:0.(1)(2021-05-13_23-35-19-238)
send room info to Lobby, Name:RoomSvr1 IdleRoomNum:2560 UserNum:0.(1)(2021-05-13_23-35-39-272)
send room info to Lobby, Name:RoomSvr1 IdleRoomNum:2560 UserNum:0.(1)(2021-05-13_23-35-59-289)
send room info to Lobby, Name:RoomSvr1 IdleRoomNum:2560 UserNum:0.(1)(2021-05-13_23-36-19-324)
send room info to Lobby, Name:RoomSvr1 IdleRoomNum:2560 UserNum:0.(1)(2021-05-13_23-36-39-342)
send room info to Lobby, Name:RoomSvr1 IdleRoomNum:2560 UserNum:0.(1)(2021-05-13_23-36-59-362)
send room info to Lobby, Name:RoomSvr1 IdleRoomNum:2560 UserNum:0.(1)(2021-05-13_23-37-19-389)
send room info to Lobby, Name:RoomSvr1 IdleRoomNum:2560 UserNum:0.(1)(2021-05-13_23-37-39-410)
send room info to Lobby, Name:RoomSvr1 IdleRoomNum:2560 UserNum:0.(1)(2021-05-13_23-37-59-430)
send room info to Lobby, Name:RoomSvr1 IdleRoomNum:2560 UserNum:0.(1)(2021-05-13_23-38-19-468)
send room info to Lobby, Name:RoomSvr1 IdleRoomNum:2560 UserNum:0.(1)(2021-05-13_23-38-39-497)
send room info to Lobby, Name:RoomSvr1 IdleRoomNum:2560 UserNum:0.(1)(2021-05-13_23-38-59-530)
send room info to Lobby, Name:RoomSvr1 IdleRoomNum:2560 UserNum:0.(1)(2021-05-13_23-39-19-550)
send room info to Lobby, Name:RoomSvr1 IdleRoomNum:2560 UserNum:0.(1)(2021-05-13_23-39-39-587)
send room info to Lobby, Name:RoomSvr1 IdleRoomNum:2560 UserNum:0.(1)(2021-05-13_23-39-59-618)
send room info to Lobby, Name:RoomSvr1 IdleRoomNum:2560 UserNum:0.(1)(2021-05-13_23-40-19-655)
send room info to Lobby, Name:RoomSvr1 IdleRoomNum:2560 UserNum:0.(1)(2021-05-13_23-40-39-689)
send room info to Lobby, Name:RoomSvr1 IdleRoomNum:2560 UserNum:0.(1)(2021-05-13_23-40-59-714)
send room info to Lobby, Name:RoomSvr1 IdleRoomNum:2560 UserNum:0.(1)(2021-05-13_23-41-19-747)
send room info to Lobby, Name:RoomSvr1 IdleRoomNum:2560 UserNum:0.(1)(2021-05-13_23-41-39-771)
send room info to Lobby, Name:RoomSvr1 IdleRoomNum:2560 UserNum:0.(1)(2021-05-13_23-41-59-807)
send room info to Lobby, Name:RoomSvr1 IdleRoomNum:2560 UserNum:0.(1)(2021-05-13_23-42-19-846)
send room info to Lobby, Name:RoomSvr1 IdleRoomNum:2560 UserNum:0.(1)(2021-05-13_23-42-39-874)
send room info to Lobby, Name:RoomSvr1 IdleRoomNum:2560 UserNum:0.(1)(2021-05-13_23-42-59-906)
send room info to Lobby, Name:RoomSvr1 IdleRoomNum:2560 UserNum:0.(1)(2021-05-13_23-43-19-937)
send room info to Lobby, Name:RoomSvr1 IdleRoomNum:2560 UserNum:0.(1)(2021-05-13_23-43-39-966)
send room info to Lobby, Name:RoomSvr1 IdleRoomNum:2560 UserNum:0.(1)(2021-05-13_23-43-59-997)
send room info to Lobby, Name:RoomSvr1 IdleRoomNum:2560 UserNum:0.(1)(2021-05-13_23-44-20-031)
send room info to Lobby, Name:RoomSvr1 IdleRoomNum:2560 UserNum:0.(1)(2021-05-13_23-44-40-061)
send room info to Lobby, Name:RoomSvr1 IdleRoomNum:2560 UserNum:0.(1)(2021-05-13_23-45-00-078)
send room info to Lobby, Name:RoomSvr1 IdleRoomNum:2560 UserNum:0.(1)(2021-05-13_23-45-20-113)
send room info to Lobby, Name:RoomSvr1 IdleRoomNum:2560 UserNum:0.(1)(2021-05-13_23-45-40-135)
send room info to Lobby, Name:RoomSvr1 IdleRoomNum:2560 UserNum:0.(1)(2021-05-13_23-46-00-171)
send room info to Lobby, Name:RoomSvr1 IdleRoomNum:2560 UserNum:0.(1)(2021-05-13_23-46-20-199)
send room info to Lobby, Name:RoomSvr1 IdleRoomNum:2560 UserNum:0.(1)(2021-05-13_23-46-40-237)
send room info to Lobby, Name:RoomSvr1 IdleRoomNum:2560 UserNum:0.(1)(2021-05-13_23-47-00-266)
send room info to Lobby, Name:RoomSvr1 IdleRoomNum:2560 UserNum:0.(1)(2021-05-13_23-47-20-299)
send room info to Lobby, Name:RoomSvr1 IdleRoomNum:2560 UserNum:0.(1)(2021-05-13_23-47-40-312)
send room info to Lobby, Name:RoomSvr1 IdleRoomNum:2560 UserNum:0.(1)(2021-05-13_23-48-00-340)
send room info to Lobby, Name:RoomSvr1 IdleRoomNum:2560 UserNum:0.(1)(2021-05-13_23-48-20-370)
send room info to Lobby, Name:RoomSvr1 IdleRoomNum:2560 UserNum:0.(1)(2021-05-13_23-48-40-392)
send room info to Lobby, Name:RoomSvr1 IdleRoomNum:2560 UserNum:0.(1)(2021-05-13_23-49-00-418)
send room info to Lobby, Name:RoomSvr1 IdleRoomNum:2560 UserNum:0.(1)(2021-05-13_23-49-20-447)
send room info to Lobby, Name:RoomSvr1 IdleRoomNum:2560 UserNum:0.(1)(2021-05-13_23-49-40-484)
send room info to Lobby, Name:RoomSvr1 IdleRoomNum:2560 UserNum:0.(1)(2021-05-13_23-50-00-505)
send room info to Lobby, Name:RoomSvr1 IdleRoomNum:2560 UserNum:0.(1)(2021-05-13_23-50-20-533)
send room info to Lobby, Name:RoomSvr1 IdleRoomNum:2560 UserNum:0.(1)(2021-05-13_23-50-40-564)
send room info to Lobby, Name:RoomSvr1 IdleRoomNum:2560 UserNum:0.(1)(2021-05-13_23-51-00-595)
send room info to Lobby, Name:RoomSvr1 IdleRoomNum:2560 UserNum:0.(1)(2021-05-13_23-51-20-624)
send room info to Lobby, Name:RoomSvr1 IdleRoomNum:2560 UserNum:0.(1)(2021-05-13_23-51-40-654)
send room info to Lobby, Name:RoomSvr1 IdleRoomNum:2560 UserNum:0.(1)(2021-05-13_23-52-00-686)
send room info to Lobby, Name:RoomSvr1 IdleRoomNum:2560 UserNum:0.(1)(2021-05-13_23-52-20-709)
send room info to Lobby, Name:RoomSvr1 IdleRoomNum:2560 UserNum:0.(1)(2021-05-13_23-52-40-745)
send room info to Lobby, Name:RoomSvr1 IdleRoomNum:2560 UserNum:0.(1)(2021-05-13_23-53-00-777)
send room info to Lobby, Name:RoomSvr1 IdleRoomNum:2560 UserNum:0.(1)(2021-05-13_23-53-20-798)
send room info to Lobby, Name:RoomSvr1 IdleRoomNum:2560 UserNum:0.(1)(2021-05-13_23-53-40-842)
send room info to Lobby, Name:RoomSvr1 IdleRoomNum:2560 UserNum:0.(1)(2021-05-13_23-54-00-865)
send room info to Lobby, Name:RoomSvr1 IdleRoomNum:2560 UserNum:0.(1)(2021-05-13_23-54-20-886)
send room info to Lobby, Name:RoomSvr1 IdleRoomNum:2560 UserNum:0.(1)(2021-05-13_23-54-40-908)
send room info to Lobby, Name:RoomSvr1 IdleRoomNum:2560 UserNum:0.(1)(2021-05-13_23-55-00-935)
send room info to Lobby, Name:RoomSvr1 IdleRoomNum:2560 UserNum:0.(1)(2021-05-13_23-55-20-951)
send room info to Lobby, Name:RoomSvr1 IdleRoomNum:2560 UserNum:0.(1)(2021-05-13_23-55-40-968)
