Init Succ!(1)(2021-06-10_21-19-12-281)
RegisterRoomServer,name:RoomSvr1,ip:127.0.0.1,port:9528,max room num:2560(14)(2021-06-10_21-19-17-539)
RegisterNodeJs,name:NodeJs1(14)(2021-06-10_21-19-20-314)
UpdateRoomServerInfo,name:RoomSvr1,idle room num:2560,cur user num:0(14)(2021-06-10_21-19-32-400)
DoUserLogin,guid:1,nick:不穿鞋的黑客,key:147544679,acc:358296203(7)(2021-06-10_21-19-48-838)
UpdateRoomServerInfo,name:RoomSvr1,idle room num:2560,cur user num:0(14)(2021-06-10_21-19-52-438)
UpdateRoomServerInfo,name:RoomSvr1,idle room num:2560,cur user num:0(14)(2021-06-10_21-20-12-462)
UpdateRoomServerInfo,name:RoomSvr1,idle room num:2560,cur user num:0(14)(2021-06-10_21-20-32-489)
UpdateRoomServerInfo,name:RoomSvr1,idle room num:2560,cur user num:0(14)(2021-06-10_21-20-52-519)
UpdateRoomServerInfo,name:RoomSvr1,idle room num:2560,cur user num:0(14)(2021-06-10_21-21-12-550)
UpdateRoomServerInfo,name:RoomSvr1,idle room num:2560,cur user num:0(14)(2021-06-10_21-21-32-560)
UpdateRoomServerInfo,name:RoomSvr1,idle room num:2560,cur user num:0(14)(2021-06-10_21-21-52-613)
UpdateRoomServerInfo,name:RoomSvr1,idle room num:2560,cur user num:0(14)(2021-06-10_21-22-12-670)
UpdateRoomServerInfo,name:RoomSvr1,idle room num:2560,cur user num:0(14)(2021-06-10_21-22-32-694)
UpdateRoomServerInfo,name:RoomSvr1,idle room num:2560,cur user num:0(14)(2021-06-10_21-22-52-729)
UpdateRoomServerInfo,name:RoomSvr1,idle room num:2560,cur user num:0(14)(2021-06-10_21-23-12-779)
UpdateRoomServerInfo,name:RoomSvr1,idle room num:2560,cur user num:0(14)(2021-06-10_21-23-32-782)
UpdateRoomServerInfo,name:RoomSvr1,idle room num:2560,cur user num:0(14)(2021-06-10_21-23-52-814)
UpdateRoomServerInfo,name:RoomSvr1,idle room num:2560,cur user num:0(14)(2021-06-10_21-24-12-839)
UpdateRoomServerInfo,name:RoomSvr1,idle room num:2560,cur user num:0(14)(2021-06-10_21-24-32-870)
UpdateRoomServerInfo,name:RoomSvr1,idle room num:2560,cur user num:0(14)(2021-06-10_21-24-52-900)
UpdateRoomServerInfo,name:RoomSvr1,idle room num:2560,cur user num:0(14)(2021-06-10_21-25-12-940)
UpdateRoomServerInfo,name:RoomSvr1,idle room num:2560,cur user num:0(14)(2021-06-10_21-25-32-971)
UpdateRoomServerInfo,name:RoomSvr1,idle room num:2560,cur user num:0(14)(2021-06-10_21-25-52-986)
UpdateRoomServerInfo,name:RoomSvr1,idle room num:2560,cur user num:0(14)(2021-06-10_21-26-13-018)
UpdateRoomServerInfo,name:RoomSvr1,idle room num:2560,cur user num:0(14)(2021-06-10_21-26-33-077)
UpdateRoomServerInfo,name:RoomSvr1,idle room num:2560,cur user num:0(14)(2021-06-10_21-26-53-116)
UpdateRoomServerInfo,name:RoomSvr1,idle room num:2560,cur user num:0(14)(2021-06-10_21-27-13-160)
UpdateRoomServerInfo,name:RoomSvr1,idle room num:2560,cur user num:0(14)(2021-06-10_21-27-33-190)
UpdateRoomServerInfo,name:RoomSvr1,idle room num:2560,cur user num:0(14)(2021-06-10_21-27-53-225)
UpdateRoomServerInfo,name:RoomSvr1,idle room num:2560,cur user num:0(14)(2021-06-10_21-28-13-241)
UpdateRoomServerInfo,name:RoomSvr1,idle room num:2560,cur user num:0(14)(2021-06-10_21-28-33-262)
UpdateRoomServerInfo,name:RoomSvr1,idle room num:2560,cur user num:0(14)(2021-06-10_21-28-53-296)
UpdateRoomServerInfo,name:RoomSvr1,idle room num:2560,cur user num:0(14)(2021-06-10_21-29-13-346)
UpdateRoomServerInfo,name:RoomSvr1,idle room num:2560,cur user num:0(14)(2021-06-10_21-29-33-375)
UpdateRoomServerInfo,name:RoomSvr1,idle room num:2560,cur user num:0(14)(2021-06-10_21-29-53-406)
UpdateRoomServerInfo,name:RoomSvr1,idle room num:2560,cur user num:0(14)(2021-06-10_21-30-13-447)
UpdateRoomServerInfo,name:RoomSvr1,idle room num:2560,cur user num:0(14)(2021-06-10_21-30-33-486)
UpdateRoomServerInfo,name:RoomSvr1,idle room num:2560,cur user num:0(14)(2021-06-10_21-30-53-505)
UpdateRoomServerInfo,name:RoomSvr1,idle room num:2560,cur user num:0(14)(2021-06-10_21-31-13-562)
UpdateRoomServerInfo,name:RoomSvr1,idle room num:2560,cur user num:0(14)(2021-06-10_21-31-33-577)
UpdateRoomServerInfo,name:RoomSvr1,idle room num:2560,cur user num:0(14)(2021-06-10_21-31-53-624)
UpdateRoomServerInfo,name:RoomSvr1,idle room num:2560,cur user num:0(14)(2021-06-10_21-32-13-662)
UpdateRoomServerInfo,name:RoomSvr1,idle room num:2560,cur user num:0(14)(2021-06-10_21-32-33-688)
UpdateRoomServerInfo,name:RoomSvr1,idle room num:2560,cur user num:0(14)(2021-06-10_21-32-53-743)
UpdateRoomServerInfo,name:RoomSvr1,idle room num:2560,cur user num:0(14)(2021-06-10_21-33-13-760)
UpdateRoomServerInfo,name:RoomSvr1,idle room num:2560,cur user num:0(14)(2021-06-10_21-33-33-811)
UpdateRoomServerInfo,name:RoomSvr1,idle room num:2560,cur user num:0(14)(2021-06-10_21-33-53-814)
UpdateRoomServerInfo,name:RoomSvr1,idle room num:2560,cur user num:0(14)(2021-06-10_21-34-13-873)
UpdateRoomServerInfo,name:RoomSvr1,idle room num:2560,cur user num:0(14)(2021-06-10_21-34-33-894)
UpdateRoomServerInfo,name:RoomSvr1,idle room num:2560,cur user num:0(14)(2021-06-10_21-34-53-927)
UpdateRoomServerInfo,name:RoomSvr1,idle room num:2560,cur user num:0(14)(2021-06-10_21-35-13-925)
UpdateRoomServerInfo,name:RoomSvr1,idle room num:2560,cur user num:0(14)(2021-06-10_21-35-33-981)
UpdateRoomServerInfo,name:RoomSvr1,idle room num:2560,cur user num:0(14)(2021-06-10_21-35-54-004)
UpdateRoomServerInfo,name:RoomSvr1,idle room num:2560,cur user num:0(14)(2021-06-10_21-36-14-065)
UpdateRoomServerInfo,name:RoomSvr1,idle room num:2560,cur user num:0(14)(2021-06-10_21-36-34-070)
UpdateRoomServerInfo,name:RoomSvr1,idle room num:2560,cur user num:0(14)(2021-06-10_21-36-54-117)
UpdateRoomServerInfo,name:RoomSvr1,idle room num:2560,cur user num:0(14)(2021-06-10_21-37-14-155)
UpdateRoomServerInfo,name:RoomSvr1,idle room num:2560,cur user num:0(14)(2021-06-10_21-37-34-187)
UpdateRoomServerInfo,name:RoomSvr1,idle room num:2560,cur user num:0(14)(2021-06-10_21-37-54-233)
UpdateRoomServerInfo,name:RoomSvr1,idle room num:2560,cur user num:0(14)(2021-06-10_21-38-14-256)
UpdateRoomServerInfo,name:RoomSvr1,idle room num:2560,cur user num:0(14)(2021-06-10_21-38-34-286)
UpdateRoomServerInfo,name:RoomSvr1,idle room num:2560,cur user num:0(14)(2021-06-10_21-38-54-327)
UpdateRoomServerInfo,name:RoomSvr1,idle room num:2560,cur user num:0(14)(2021-06-10_21-39-14-362)
UpdateRoomServerInfo,name:RoomSvr1,idle room num:2560,cur user num:0(14)(2021-06-10_21-39-34-385)
UpdateRoomServerInfo,name:RoomSvr1,idle room num:2560,cur user num:0(14)(2021-06-10_21-39-54-440)
UpdateRoomServerInfo,name:RoomSvr1,idle room num:2560,cur user num:0(14)(2021-06-10_21-40-14-487)
UpdateRoomServerInfo,name:RoomSvr1,idle room num:2560,cur user num:0(14)(2021-06-10_21-40-34-507)
UpdateRoomServerInfo,name:RoomSvr1,idle room num:2560,cur user num:0(14)(2021-06-10_21-40-54-554)
UpdateRoomServerInfo,name:RoomSvr1,idle room num:2560,cur user num:0(14)(2021-06-10_21-41-14-593)
UpdateRoomServerInfo,name:RoomSvr1,idle room num:2560,cur user num:0(14)(2021-06-10_21-41-34-619)
UpdateRoomServerInfo,name:RoomSvr1,idle room num:2560,cur user num:0(14)(2021-06-10_21-41-54-646)
UpdateRoomServerInfo,name:RoomSvr1,idle room num:2560,cur user num:0(14)(2021-06-10_21-42-14-701)
UpdateRoomServerInfo,name:RoomSvr1,idle room num:2560,cur user num:0(14)(2021-06-10_21-42-34-749)
UpdateRoomServerInfo,name:RoomSvr1,idle room num:2560,cur user num:0(14)(2021-06-10_21-42-54-792)
UpdateRoomServerInfo,name:RoomSvr1,idle room num:2560,cur user num:0(14)(2021-06-10_21-43-14-822)
UpdateRoomServerInfo,name:RoomSvr1,idle room num:2560,cur user num:0(14)(2021-06-10_21-43-34-842)
UpdateRoomServerInfo,name:RoomSvr1,idle room num:2560,cur user num:0(14)(2021-06-10_21-43-54-876)
UpdateRoomServerInfo,name:RoomSvr1,idle room num:2560,cur user num:0(14)(2021-06-10_21-44-14-912)
UpdateRoomServerInfo,name:RoomSvr1,idle room num:2560,cur user num:0(14)(2021-06-10_21-44-34-950)
UpdateRoomServerInfo,name:RoomSvr1,idle room num:2560,cur user num:0(14)(2021-06-10_21-44-54-986)
UpdateRoomServerInfo,name:RoomSvr1,idle room num:2560,cur user num:0(14)(2021-06-10_21-45-15-018)
UpdateRoomServerInfo,name:RoomSvr1,idle room num:2560,cur user num:0(14)(2021-06-10_21-45-35-055)
UpdateRoomServerInfo,name:RoomSvr1,idle room num:2560,cur user num:0(14)(2021-06-10_21-45-55-090)
UpdateRoomServerInfo,name:RoomSvr1,idle room num:2560,cur user num:0(14)(2021-06-10_21-46-15-118)
UpdateRoomServerInfo,name:RoomSvr1,idle room num:2560,cur user num:0(14)(2021-06-10_21-46-35-133)
UpdateRoomServerInfo,name:RoomSvr1,idle room num:2560,cur user num:0(14)(2021-06-10_21-46-55-180)
UpdateRoomServerInfo,name:RoomSvr1,idle room num:2560,cur user num:0(14)(2021-06-10_21-47-15-219)
UpdateRoomServerInfo,name:RoomSvr1,idle room num:2560,cur user num:0(14)(2021-06-10_21-47-35-246)
UpdateRoomServerInfo,name:RoomSvr1,idle room num:2560,cur user num:0(14)(2021-06-10_21-47-55-268)
UpdateRoomServerInfo,name:RoomSvr1,idle room num:2560,cur user num:0(14)(2021-06-10_21-48-15-315)
UpdateRoomServerInfo,name:RoomSvr1,idle room num:2560,cur user num:0(14)(2021-06-10_21-48-35-361)
UpdateRoomServerInfo,name:RoomSvr1,idle room num:2560,cur user num:0(14)(2021-06-10_21-48-55-388)
UpdateRoomServerInfo,name:RoomSvr1,idle room num:2560,cur user num:0(14)(2021-06-10_21-49-15-433)
UpdateRoomServerInfo,name:RoomSvr1,idle room num:2560,cur user num:0(14)(2021-06-10_21-49-35-466)
UpdateRoomServerInfo,name:RoomSvr1,idle room num:2560,cur user num:0(14)(2021-06-10_21-49-55-469)
UpdateRoomServerInfo,name:RoomSvr1,idle room num:2560,cur user num:0(14)(2021-06-10_21-50-15-533)
UpdateRoomServerInfo,name:RoomSvr1,idle room num:2560,cur user num:0(14)(2021-06-10_21-50-35-568)
UpdateRoomServerInfo,name:RoomSvr1,idle room num:2560,cur user num:0(14)(2021-06-10_21-50-55-593)
UpdateRoomServerInfo,name:RoomSvr1,idle room num:2560,cur user num:0(14)(2021-06-10_21-51-15-634)
UpdateRoomServerInfo,name:RoomSvr1,idle room num:2560,cur user num:0(14)(2021-06-10_21-51-35-638)
UpdateRoomServerInfo,name:RoomSvr1,idle room num:2560,cur user num:0(14)(2021-06-10_21-51-55-699)
UpdateRoomServerInfo,name:RoomSvr1,idle room num:2560,cur user num:0(14)(2021-06-10_21-52-15-714)
UpdateRoomServerInfo,name:RoomSvr1,idle room num:2560,cur user num:0(14)(2021-06-10_21-52-35-760)
UpdateRoomServerInfo,name:RoomSvr1,idle room num:2560,cur user num:0(14)(2021-06-10_21-52-55-784)
UpdateRoomServerInfo,name:RoomSvr1,idle room num:2560,cur user num:0(14)(2021-06-10_21-53-15-834)
UpdateRoomServerInfo,name:RoomSvr1,idle room num:2560,cur user num:0(14)(2021-06-10_21-53-35-855)
UpdateRoomServerInfo,name:RoomSvr1,idle room num:2560,cur user num:0(14)(2021-06-10_21-53-55-889)
UpdateRoomServerInfo,name:RoomSvr1,idle room num:2560,cur user num:0(14)(2021-06-10_21-54-15-929)
UpdateRoomServerInfo,name:RoomSvr1,idle room num:2560,cur user num:0(14)(2021-06-10_21-54-35-960)
UpdateRoomServerInfo,name:RoomSvr1,idle room num:2560,cur user num:0(14)(2021-06-10_21-54-55-999)
UpdateRoomServerInfo,name:RoomSvr1,idle room num:2560,cur user num:0(14)(2021-06-10_21-55-16-048)
UpdateRoomServerInfo,name:RoomSvr1,idle room num:2560,cur user num:0(14)(2021-06-10_21-55-36-098)
UpdateRoomServerInfo,name:RoomSvr1,idle room num:2560,cur user num:0(14)(2021-06-10_21-55-56-139)
UpdateRoomServerInfo,name:RoomSvr1,idle room num:2560,cur user num:0(14)(2021-06-10_21-56-16-188)
UpdateRoomServerInfo,name:RoomSvr1,idle room num:2560,cur user num:0(14)(2021-06-10_21-56-36-236)
UpdateRoomServerInfo,name:RoomSvr1,idle room num:2560,cur user num:0(14)(2021-06-10_21-56-56-271)
UpdateRoomServerInfo,name:RoomSvr1,idle room num:2560,cur user num:0(14)(2021-06-10_21-57-16-287)
UpdateRoomServerInfo,name:RoomSvr1,idle room num:2560,cur user num:0(14)(2021-06-10_21-57-36-299)
UpdateRoomServerInfo,name:RoomSvr1,idle room num:2560,cur user num:0(14)(2021-06-10_21-57-56-368)
UpdateRoomServerInfo,name:RoomSvr1,idle room num:2560,cur user num:0(14)(2021-06-10_21-58-16-397)
UpdateRoomServerInfo,name:RoomSvr1,idle room num:2560,cur user num:0(14)(2021-06-10_21-58-36-439)
UpdateRoomServerInfo,name:RoomSvr1,idle room num:2560,cur user num:0(14)(2021-06-10_21-58-56-477)
UpdateRoomServerInfo,name:RoomSvr1,idle room num:2560,cur user num:0(14)(2021-06-10_21-59-16-508)
UpdateRoomServerInfo,name:RoomSvr1,idle room num:2560,cur user num:0(14)(2021-06-10_21-59-36-548)
UpdateRoomServerInfo,name:RoomSvr1,idle room num:2560,cur user num:0(14)(2021-06-10_21-59-56-557)
UpdateRoomServerInfo,name:RoomSvr1,idle room num:2560,cur user num:0(14)(2021-06-10_22-00-16-614)
UpdateRoomServerInfo,name:RoomSvr1,idle room num:2560,cur user num:0(14)(2021-06-10_22-00-36-643)
UpdateRoomServerInfo,name:RoomSvr1,idle room num:2560,cur user num:0(14)(2021-06-10_22-00-56-689)
UpdateRoomServerInfo,name:RoomSvr1,idle room num:2560,cur user num:0(14)(2021-06-10_22-01-16-738)
UpdateRoomServerInfo,name:RoomSvr1,idle room num:2560,cur user num:0(14)(2021-06-10_22-01-36-772)
UpdateRoomServerInfo,name:RoomSvr1,idle room num:2560,cur user num:0(14)(2021-06-10_22-01-56-792)
UpdateRoomServerInfo,name:RoomSvr1,idle room num:2560,cur user num:0(14)(2021-06-10_22-02-16-845)
UpdateRoomServerInfo,name:RoomSvr1,idle room num:2560,cur user num:0(14)(2021-06-10_22-02-36-900)
UpdateRoomServerInfo,name:RoomSvr1,idle room num:2560,cur user num:0(14)(2021-06-10_22-02-56-918)
UpdateRoomServerInfo,name:RoomSvr1,idle room num:2560,cur user num:0(14)(2021-06-10_22-03-16-956)
UpdateRoomServerInfo,name:RoomSvr1,idle room num:2560,cur user num:0(14)(2021-06-10_22-03-37-000)
UpdateRoomServerInfo,name:RoomSvr1,idle room num:2560,cur user num:0(14)(2021-06-10_22-03-57-051)
UpdateRoomServerInfo,name:RoomSvr1,idle room num:2560,cur user num:0(14)(2021-06-10_22-04-17-071)
UpdateRoomServerInfo,name:RoomSvr1,idle room num:2560,cur user num:0(14)(2021-06-10_22-04-37-089)
UpdateRoomServerInfo,name:RoomSvr1,idle room num:2560,cur user num:0(14)(2021-06-10_22-04-57-131)
UpdateRoomServerInfo,name:RoomSvr1,idle room num:2560,cur user num:0(14)(2021-06-10_22-05-17-190)
UpdateRoomServerInfo,name:RoomSvr1,idle room num:2560,cur user num:0(14)(2021-06-10_22-05-37-227)
UpdateRoomServerInfo,name:RoomSvr1,idle room num:2560,cur user num:0(14)(2021-06-10_22-05-57-246)
UpdateRoomServerInfo,name:RoomSvr1,idle room num:2560,cur user num:0(14)(2021-06-10_22-06-17-259)
UpdateRoomServerInfo,name:RoomSvr1,idle room num:2560,cur user num:0(14)(2021-06-10_22-06-37-342)
UpdateRoomServerInfo,name:RoomSvr1,idle room num:2560,cur user num:0(14)(2021-06-10_22-06-57-363)
UpdateRoomServerInfo,name:RoomSvr1,idle room num:2560,cur user num:0(14)(2021-06-10_22-07-17-405)
UpdateRoomServerInfo,name:RoomSvr1,idle room num:2560,cur user num:0(14)(2021-06-10_22-07-37-446)
UpdateRoomServerInfo,name:RoomSvr1,idle room num:2560,cur user num:0(14)(2021-06-10_22-07-57-451)
UpdateRoomServerInfo,name:RoomSvr1,idle room num:2560,cur user num:0(14)(2021-06-10_22-08-17-500)
UpdateRoomServerInfo,name:RoomSvr1,idle room num:2560,cur user num:0(14)(2021-06-10_22-08-37-529)
UpdateRoomServerInfo,name:RoomSvr1,idle room num:2560,cur user num:0(14)(2021-06-10_22-08-57-567)
UpdateRoomServerInfo,name:RoomSvr1,idle room num:2560,cur user num:0(14)(2021-06-10_22-09-17-593)
UpdateRoomServerInfo,name:RoomSvr1,idle room num:2560,cur user num:0(14)(2021-06-10_22-09-37-630)
UpdateRoomServerInfo,name:RoomSvr1,idle room num:2560,cur user num:0(14)(2021-06-10_22-09-57-640)
UpdateRoomServerInfo,name:RoomSvr1,idle room num:2560,cur user num:0(14)(2021-06-10_22-10-17-696)
UpdateRoomServerInfo,name:RoomSvr1,idle room num:2560,cur user num:0(14)(2021-06-10_22-10-37-711)
UpdateRoomServerInfo,name:RoomSvr1,idle room num:2560,cur user num:0(14)(2021-06-10_22-10-57-741)
UpdateRoomServerInfo,name:RoomSvr1,idle room num:2560,cur user num:0(14)(2021-06-10_22-11-17-767)
UpdateRoomServerInfo,name:RoomSvr1,idle room num:2560,cur user num:0(14)(2021-06-10_22-11-37-797)
UpdateRoomServerInfo,name:RoomSvr1,idle room num:2560,cur user num:0(14)(2021-06-10_22-11-57-838)
UpdateRoomServerInfo,name:RoomSvr1,idle room num:2560,cur user num:0(14)(2021-06-10_22-12-17-884)
UpdateRoomServerInfo,name:RoomSvr1,idle room num:2560,cur user num:0(14)(2021-06-10_22-12-37-904)
UpdateRoomServerInfo,name:RoomSvr1,idle room num:2560,cur user num:0(14)(2021-06-10_22-12-57-946)
UpdateRoomServerInfo,name:RoomSvr1,idle room num:2560,cur user num:0(14)(2021-06-10_22-13-17-950)
UpdateRoomServerInfo,name:RoomSvr1,idle room num:2560,cur user num:0(14)(2021-06-10_22-13-38-012)
UpdateRoomServerInfo,name:RoomSvr1,idle room num:2560,cur user num:0(14)(2021-06-10_22-13-58-030)
UpdateRoomServerInfo,name:RoomSvr1,idle room num:2560,cur user num:0(14)(2021-06-10_22-14-18-079)
UpdateRoomServerInfo,name:RoomSvr1,idle room num:2560,cur user num:0(14)(2021-06-10_22-14-38-102)
UpdateRoomServerInfo,name:RoomSvr1,idle room num:2560,cur user num:0(14)(2021-06-10_22-14-58-132)
UpdateRoomServerInfo,name:RoomSvr1,idle room num:2560,cur user num:0(14)(2021-06-10_22-15-18-177)
UpdateRoomServerInfo,name:RoomSvr1,idle room num:2560,cur user num:0(14)(2021-06-10_22-15-38-219)
UpdateRoomServerInfo,name:RoomSvr1,idle room num:2560,cur user num:0(14)(2021-06-10_22-15-58-268)
UpdateRoomServerInfo,name:RoomSvr1,idle room num:2560,cur user num:0(14)(2021-06-10_22-16-18-286)
UpdateRoomServerInfo,name:RoomSvr1,idle room num:2560,cur user num:0(14)(2021-06-10_22-16-38-301)
UpdateRoomServerInfo,name:RoomSvr1,idle room num:2560,cur user num:0(14)(2021-06-10_22-16-58-335)
UpdateRoomServerInfo,name:RoomSvr1,idle room num:2560,cur user num:0(14)(2021-06-10_22-17-18-374)
UpdateRoomServerInfo,name:RoomSvr1,idle room num:2560,cur user num:0(14)(2021-06-10_22-17-38-399)
UpdateRoomServerInfo,name:RoomSvr1,idle room num:2560,cur user num:0(14)(2021-06-10_22-17-58-432)
UpdateRoomServerInfo,name:RoomSvr1,idle room num:2560,cur user num:0(14)(2021-06-10_22-18-18-454)
UpdateRoomServerInfo,name:RoomSvr1,idle room num:2560,cur user num:0(14)(2021-06-10_22-18-38-495)
UpdateRoomServerInfo,name:RoomSvr1,idle room num:2560,cur user num:0(14)(2021-06-10_22-18-58-545)
UpdateRoomServerInfo,name:RoomSvr1,idle room num:2560,cur user num:0(14)(2021-06-10_22-19-18-564)
UpdateRoomServerInfo,name:RoomSvr1,idle room num:2560,cur user num:0(14)(2021-06-10_22-19-38-609)
UpdateRoomServerInfo,name:RoomSvr1,idle room num:2560,cur user num:0(14)(2021-06-10_22-19-58-629)
UpdateRoomServerInfo,name:RoomSvr1,idle room num:2560,cur user num:0(14)(2021-06-10_22-20-18-669)
UpdateRoomServerInfo,name:RoomSvr1,idle room num:2560,cur user num:0(14)(2021-06-10_22-20-38-701)
UpdateRoomServerInfo,name:RoomSvr1,idle room num:2560,cur user num:0(14)(2021-06-10_22-20-58-732)
UpdateRoomServerInfo,name:RoomSvr1,idle room num:2560,cur user num:0(14)(2021-06-10_22-21-18-774)
UpdateRoomServerInfo,name:RoomSvr1,idle room num:2560,cur user num:0(14)(2021-06-10_22-21-38-806)
UpdateRoomServerInfo,name:RoomSvr1,idle room num:2560,cur user num:0(14)(2021-06-10_22-21-58-853)
UpdateRoomServerInfo,name:RoomSvr1,idle room num:2560,cur user num:0(14)(2021-06-10_22-22-18-876)
UpdateRoomServerInfo,name:RoomSvr1,idle room num:2560,cur user num:0(14)(2021-06-10_22-22-38-871)
UpdateRoomServerInfo,name:RoomSvr1,idle room num:2560,cur user num:0(14)(2021-06-10_22-22-58-922)
UpdateRoomServerInfo,name:RoomSvr1,idle room num:2560,cur user num:0(14)(2021-06-10_22-23-18-962)
UpdateRoomServerInfo,name:RoomSvr1,idle room num:2560,cur user num:0(14)(2021-06-10_22-23-38-987)
UpdateRoomServerInfo,name:RoomSvr1,idle room num:2560,cur user num:0(14)(2021-06-10_22-23-59-016)
UpdateRoomServerInfo,name:RoomSvr1,idle room num:2560,cur user num:0(14)(2021-06-10_22-24-19-003)
UpdateRoomServerInfo,name:RoomSvr1,idle room num:2560,cur user num:0(14)(2021-06-10_22-24-39-048)
UpdateRoomServerInfo,name:RoomSvr1,idle room num:2560,cur user num:0(14)(2021-06-10_22-24-59-067)
UpdateRoomServerInfo,name:RoomSvr1,idle room num:2560,cur user num:0(14)(2021-06-10_22-25-19-110)
UpdateRoomServerInfo,name:RoomSvr1,idle room num:2560,cur user num:0(14)(2021-06-10_22-25-39-120)
UpdateRoomServerInfo,name:RoomSvr1,idle room num:2560,cur user num:0(14)(2021-06-10_22-25-59-160)
UpdateRoomServerInfo,name:RoomSvr1,idle room num:2560,cur user num:0(14)(2021-06-10_22-26-19-209)
UpdateRoomServerInfo,name:RoomSvr1,idle room num:2560,cur user num:0(14)(2021-06-10_22-26-39-228)
UpdateRoomServerInfo,name:RoomSvr1,idle room num:2560,cur user num:0(14)(2021-06-10_22-26-59-264)
UpdateRoomServerInfo,name:RoomSvr1,idle room num:2560,cur user num:0(14)(2021-06-10_22-27-19-297)
UpdateRoomServerInfo,name:RoomSvr1,idle room num:2560,cur user num:0(14)(2021-06-10_22-27-39-323)
UpdateRoomServerInfo,name:RoomSvr1,idle room num:2560,cur user num:0(14)(2021-06-10_22-27-59-320)
UpdateRoomServerInfo,name:RoomSvr1,idle room num:2560,cur user num:0(14)(2021-06-10_22-28-19-347)
UpdateRoomServerInfo,name:RoomSvr1,idle room num:2560,cur user num:0(14)(2021-06-10_22-28-39-391)
UpdateRoomServerInfo,name:RoomSvr1,idle room num:2560,cur user num:0(14)(2021-06-10_22-28-59-433)
UpdateRoomServerInfo,name:RoomSvr1,idle room num:2560,cur user num:0(14)(2021-06-10_22-29-19-438)
UpdateRoomServerInfo,name:RoomSvr1,idle room num:2560,cur user num:0(14)(2021-06-10_22-29-39-502)
UpdateRoomServerInfo,name:RoomSvr1,idle room num:2560,cur user num:0(14)(2021-06-10_22-29-59-528)
UpdateRoomServerInfo,name:RoomSvr1,idle room num:2560,cur user num:0(14)(2021-06-10_22-30-19-559)
UpdateRoomServerInfo,name:RoomSvr1,idle room num:2560,cur user num:0(14)(2021-06-10_22-30-39-593)
UpdateRoomServerInfo,name:RoomSvr1,idle room num:2560,cur user num:0(14)(2021-06-10_22-30-59-640)
UpdateRoomServerInfo,name:RoomSvr1,idle room num:2560,cur user num:0(14)(2021-06-10_22-31-19-672)
UpdateRoomServerInfo,name:RoomSvr1,idle room num:2560,cur user num:0(14)(2021-06-10_22-31-39-697)
UpdateRoomServerInfo,name:RoomSvr1,idle room num:2560,cur user num:0(14)(2021-06-10_22-31-59-743)
UpdateRoomServerInfo,name:RoomSvr1,idle room num:2560,cur user num:0(14)(2021-06-10_22-32-19-805)
UpdateRoomServerInfo,name:RoomSvr1,idle room num:2560,cur user num:0(14)(2021-06-10_22-32-39-833)
UpdateRoomServerInfo,name:RoomSvr1,idle room num:2560,cur user num:0(14)(2021-06-10_22-32-59-862)
UpdateRoomServerInfo,name:RoomSvr1,idle room num:2560,cur user num:0(14)(2021-06-10_22-33-19-903)
UpdateRoomServerInfo,name:RoomSvr1,idle room num:2560,cur user num:0(14)(2021-06-10_22-33-39-905)
UpdateRoomServerInfo,name:RoomSvr1,idle room num:2560,cur user num:0(14)(2021-06-10_22-33-59-938)
UpdateRoomServerInfo,name:RoomSvr1,idle room num:2560,cur user num:0(14)(2021-06-10_22-34-19-976)
UpdateRoomServerInfo,name:RoomSvr1,idle room num:2560,cur user num:0(14)(2021-06-10_22-34-40-010)
UpdateRoomServerInfo,name:RoomSvr1,idle room num:2560,cur user num:0(14)(2021-06-10_22-35-00-055)
UpdateRoomServerInfo,name:RoomSvr1,idle room num:2560,cur user num:0(14)(2021-06-10_22-35-20-090)
UpdateRoomServerInfo,name:RoomSvr1,idle room num:2560,cur user num:0(14)(2021-06-10_22-35-40-139)
UpdateRoomServerInfo,name:RoomSvr1,idle room num:2560,cur user num:0(14)(2021-06-10_22-36-00-191)
UpdateRoomServerInfo,name:RoomSvr1,idle room num:2560,cur user num:0(14)(2021-06-10_22-36-20-232)
UpdateRoomServerInfo,name:RoomSvr1,idle room num:2560,cur user num:0(14)(2021-06-10_22-36-40-255)
UpdateRoomServerInfo,name:RoomSvr1,idle room num:2560,cur user num:0(14)(2021-06-10_22-37-00-310)
UpdateRoomServerInfo,name:RoomSvr1,idle room num:2560,cur user num:0(14)(2021-06-10_22-37-20-334)
UpdateRoomServerInfo,name:RoomSvr1,idle room num:2560,cur user num:0(14)(2021-06-10_22-37-40-373)
UpdateRoomServerInfo,name:RoomSvr1,idle room num:2560,cur user num:0(14)(2021-06-10_22-38-00-407)
UpdateRoomServerInfo,name:RoomSvr1,idle room num:2560,cur user num:0(14)(2021-06-10_22-38-20-441)
UpdateRoomServerInfo,name:RoomSvr1,idle room num:2560,cur user num:0(14)(2021-06-10_22-38-40-473)
UpdateRoomServerInfo,name:RoomSvr1,idle room num:2560,cur user num:0(14)(2021-06-10_22-39-00-500)
UpdateRoomServerInfo,name:RoomSvr1,idle room num:2560,cur user num:0(14)(2021-06-10_22-39-20-527)
UpdateRoomServerInfo,name:RoomSvr1,idle room num:2560,cur user num:0(14)(2021-06-10_22-39-40-581)
UpdateRoomServerInfo,name:RoomSvr1,idle room num:2560,cur user num:0(14)(2021-06-10_22-40-00-622)
UpdateRoomServerInfo,name:RoomSvr1,idle room num:2560,cur user num:0(14)(2021-06-10_22-40-20-638)
UpdateRoomServerInfo,name:RoomSvr1,idle room num:2560,cur user num:0(14)(2021-06-10_22-40-40-675)
UpdateRoomServerInfo,name:RoomSvr1,idle room num:2560,cur user num:0(14)(2021-06-10_22-41-00-717)
UpdateRoomServerInfo,name:RoomSvr1,idle room num:2560,cur user num:0(14)(2021-06-10_22-41-20-742)
UpdateRoomServerInfo,name:RoomSvr1,idle room num:2560,cur user num:0(14)(2021-06-10_22-41-40-772)
UpdateRoomServerInfo,name:RoomSvr1,idle room num:2560,cur user num:0(14)(2021-06-10_22-42-00-828)
UpdateRoomServerInfo,name:RoomSvr1,idle room num:2560,cur user num:0(14)(2021-06-10_22-42-20-860)
UpdateRoomServerInfo,name:RoomSvr1,idle room num:2560,cur user num:0(14)(2021-06-10_22-42-40-895)
UpdateRoomServerInfo,name:RoomSvr1,idle room num:2560,cur user num:0(14)(2021-06-10_22-43-00-955)
UpdateRoomServerInfo,name:RoomSvr1,idle room num:2560,cur user num:0(14)(2021-06-10_22-43-20-986)
UpdateRoomServerInfo,name:RoomSvr1,idle room num:2560,cur user num:0(14)(2021-06-10_22-43-41-024)
UpdateRoomServerInfo,name:RoomSvr1,idle room num:2560,cur user num:0(14)(2021-06-10_22-44-01-070)
UpdateRoomServerInfo,name:RoomSvr1,idle room num:2560,cur user num:0(14)(2021-06-10_22-44-21-104)
UpdateRoomServerInfo,name:RoomSvr1,idle room num:2560,cur user num:0(14)(2021-06-10_22-44-41-124)
UpdateRoomServerInfo,name:RoomSvr1,idle room num:2560,cur user num:0(14)(2021-06-10_22-45-01-168)
UpdateRoomServerInfo,name:RoomSvr1,idle room num:2560,cur user num:0(14)(2021-06-10_22-45-21-218)
UpdateRoomServerInfo,name:RoomSvr1,idle room num:2560,cur user num:0(14)(2021-06-10_22-45-41-243)
UpdateRoomServerInfo,name:RoomSvr1,idle room num:2560,cur user num:0(14)(2021-06-10_22-46-01-274)
UpdateRoomServerInfo,name:RoomSvr1,idle room num:2560,cur user num:0(14)(2021-06-10_22-46-21-291)
UpdateRoomServerInfo,name:RoomSvr1,idle room num:2560,cur user num:0(14)(2021-06-10_22-46-41-334)
UpdateRoomServerInfo,name:RoomSvr1,idle room num:2560,cur user num:0(14)(2021-06-10_22-47-01-365)
UpdateRoomServerInfo,name:RoomSvr1,idle room num:2560,cur user num:0(14)(2021-06-10_22-47-21-411)
UpdateRoomServerInfo,name:RoomSvr1,idle room num:2560,cur user num:0(14)(2021-06-10_22-47-41-431)
UpdateRoomServerInfo,name:RoomSvr1,idle room num:2560,cur user num:0(14)(2021-06-10_22-48-01-455)
UpdateRoomServerInfo,name:RoomSvr1,idle room num:2560,cur user num:0(14)(2021-06-10_22-48-21-509)
UpdateRoomServerInfo,name:RoomSvr1,idle room num:2560,cur user num:0(14)(2021-06-10_22-48-41-549)
UpdateRoomServerInfo,name:RoomSvr1,idle room num:2560,cur user num:0(14)(2021-06-10_22-49-01-593)
UpdateRoomServerInfo,name:RoomSvr1,idle room num:2560,cur user num:0(14)(2021-06-10_22-49-21-633)
UpdateRoomServerInfo,name:RoomSvr1,idle room num:2560,cur user num:0(14)(2021-06-10_22-49-41-657)
UpdateRoomServerInfo,name:RoomSvr1,idle room num:2560,cur user num:0(14)(2021-06-10_22-50-01-678)
UpdateRoomServerInfo,name:RoomSvr1,idle room num:2560,cur user num:0(14)(2021-06-10_22-50-21-717)
UpdateRoomServerInfo,name:RoomSvr1,idle room num:2560,cur user num:0(14)(2021-06-10_22-50-41-770)
UpdateRoomServerInfo,name:RoomSvr1,idle room num:2560,cur user num:0(14)(2021-06-10_22-51-01-814)
UpdateRoomServerInfo,name:RoomSvr1,idle room num:2560,cur user num:0(14)(2021-06-10_22-51-21-856)
UpdateRoomServerInfo,name:RoomSvr1,idle room num:2560,cur user num:0(14)(2021-06-10_22-51-41-871)
UpdateRoomServerInfo,name:RoomSvr1,idle room num:2560,cur user num:0(14)(2021-06-10_22-52-01-913)
UpdateRoomServerInfo,name:RoomSvr1,idle room num:2560,cur user num:0(14)(2021-06-10_22-52-21-968)
UpdateRoomServerInfo,name:RoomSvr1,idle room num:2560,cur user num:0(14)(2021-06-10_22-52-42-013)
UpdateRoomServerInfo,name:RoomSvr1,idle room num:2560,cur user num:0(14)(2021-06-10_22-53-02-027)
UpdateRoomServerInfo,name:RoomSvr1,idle room num:2560,cur user num:0(14)(2021-06-10_22-53-22-064)
UpdateRoomServerInfo,name:RoomSvr1,idle room num:2560,cur user num:0(14)(2021-06-10_22-53-42-084)
UpdateRoomServerInfo,name:RoomSvr1,idle room num:2560,cur user num:0(14)(2021-06-10_22-54-02-140)
UpdateRoomServerInfo,name:RoomSvr1,idle room num:2560,cur user num:0(14)(2021-06-10_22-54-22-173)
UpdateRoomServerInfo,name:RoomSvr1,idle room num:2560,cur user num:0(14)(2021-06-10_22-54-42-220)
UpdateRoomServerInfo,name:RoomSvr1,idle room num:2560,cur user num:0(14)(2021-06-10_22-55-02-263)
UpdateRoomServerInfo,name:RoomSvr1,idle room num:2560,cur user num:0(14)(2021-06-10_22-55-22-301)
UpdateRoomServerInfo,name:RoomSvr1,idle room num:2560,cur user num:0(14)(2021-06-10_22-55-42-329)
UpdateRoomServerInfo,name:RoomSvr1,idle room num:2560,cur user num:0(14)(2021-06-10_22-56-02-369)
UpdateRoomServerInfo,name:RoomSvr1,idle room num:2560,cur user num:0(14)(2021-06-10_22-56-22-419)
UpdateRoomServerInfo,name:RoomSvr1,idle room num:2560,cur user num:0(14)(2021-06-10_22-56-42-460)
UpdateRoomServerInfo,name:RoomSvr1,idle room num:2560,cur user num:0(14)(2021-06-10_22-57-02-499)
UpdateRoomServerInfo,name:RoomSvr1,idle room num:2560,cur user num:0(14)(2021-06-10_22-57-22-515)
UpdateRoomServerInfo,name:RoomSvr1,idle room num:2560,cur user num:0(14)(2021-06-10_22-57-42-586)
UpdateRoomServerInfo,name:RoomSvr1,idle room num:2560,cur user num:0(14)(2021-06-10_22-58-02-603)
UpdateRoomServerInfo,name:RoomSvr1,idle room num:2560,cur user num:0(14)(2021-06-10_22-58-22-609)
UpdateRoomServerInfo,name:RoomSvr1,idle room num:2560,cur user num:0(14)(2021-06-10_22-58-42-680)
UpdateRoomServerInfo,name:RoomSvr1,idle room num:2560,cur user num:0(14)(2021-06-10_22-59-02-698)
UpdateRoomServerInfo,name:RoomSvr1,idle room num:2560,cur user num:0(14)(2021-06-10_22-59-22-737)
UpdateRoomServerInfo,name:RoomSvr1,idle room num:2560,cur user num:0(14)(2021-06-10_22-59-42-782)
UpdateRoomServerInfo,name:RoomSvr1,idle room num:2560,cur user num:0(14)(2021-06-10_23-00-02-828)
UpdateRoomServerInfo,name:RoomSvr1,idle room num:2560,cur user num:0(14)(2021-06-10_23-00-22-877)
UpdateRoomServerInfo,name:RoomSvr1,idle room num:2560,cur user num:0(14)(2021-06-10_23-00-42-896)
UpdateRoomServerInfo,name:RoomSvr1,idle room num:2560,cur user num:0(14)(2021-06-10_23-01-02-949)
UpdateRoomServerInfo,name:RoomSvr1,idle room num:2560,cur user num:0(14)(2021-06-10_23-01-23-001)
UpdateRoomServerInfo,name:RoomSvr1,idle room num:2560,cur user num:0(14)(2021-06-10_23-01-43-039)
UpdateRoomServerInfo,name:RoomSvr1,idle room num:2560,cur user num:0(14)(2021-06-10_23-02-03-070)
UpdateRoomServerInfo,name:RoomSvr1,idle room num:2560,cur user num:0(14)(2021-06-10_23-02-23-100)
UpdateRoomServerInfo,name:RoomSvr1,idle room num:2560,cur user num:0(14)(2021-06-10_23-02-43-127)
UpdateRoomServerInfo,name:RoomSvr1,idle room num:2560,cur user num:0(14)(2021-06-10_23-03-03-146)
UpdateRoomServerInfo,name:RoomSvr1,idle room num:2560,cur user num:0(14)(2021-06-10_23-03-23-153)
UpdateRoomServerInfo,name:RoomSvr1,idle room num:2560,cur user num:0(14)(2021-06-10_23-03-43-194)
UpdateRoomServerInfo,name:RoomSvr1,idle room num:2560,cur user num:0(14)(2021-06-10_23-04-03-235)
UpdateRoomServerInfo,name:RoomSvr1,idle room num:2560,cur user num:0(14)(2021-06-10_23-04-23-267)
UpdateRoomServerInfo,name:RoomSvr1,idle room num:2560,cur user num:0(14)(2021-06-10_23-04-43-293)
UpdateRoomServerInfo,name:RoomSvr1,idle room num:2560,cur user num:0(14)(2021-06-10_23-05-03-318)
UpdateRoomServerInfo,name:RoomSvr1,idle room num:2560,cur user num:0(14)(2021-06-10_23-05-23-368)
UpdateRoomServerInfo,name:RoomSvr1,idle room num:2560,cur user num:0(14)(2021-06-10_23-05-43-397)
UpdateRoomServerInfo,name:RoomSvr1,idle room num:2560,cur user num:0(14)(2021-06-10_23-06-03-440)
UpdateRoomServerInfo,name:RoomSvr1,idle room num:2560,cur user num:0(14)(2021-06-10_23-06-23-463)
UpdateRoomServerInfo,name:RoomSvr1,idle room num:2560,cur user num:0(14)(2021-06-10_23-06-43-502)
UpdateRoomServerInfo,name:RoomSvr1,idle room num:2560,cur user num:0(14)(2021-06-10_23-07-03-535)
UpdateRoomServerInfo,name:RoomSvr1,idle room num:2560,cur user num:0(14)(2021-06-10_23-07-23-568)
UpdateRoomServerInfo,name:RoomSvr1,idle room num:2560,cur user num:0(14)(2021-06-10_23-07-43-612)
UpdateRoomServerInfo,name:RoomSvr1,idle room num:2560,cur user num:0(14)(2021-06-10_23-08-03-630)
UpdateRoomServerInfo,name:RoomSvr1,idle room num:2560,cur user num:0(14)(2021-06-10_23-08-23-674)
UpdateRoomServerInfo,name:RoomSvr1,idle room num:2560,cur user num:0(14)(2021-06-10_23-08-43-704)
UpdateRoomServerInfo,name:RoomSvr1,idle room num:2560,cur user num:0(14)(2021-06-10_23-09-03-730)
UpdateRoomServerInfo,name:RoomSvr1,idle room num:2560,cur user num:0(14)(2021-06-10_23-09-23-741)
UpdateRoomServerInfo,name:RoomSvr1,idle room num:2560,cur user num:0(14)(2021-06-10_23-09-43-788)
UpdateRoomServerInfo,name:RoomSvr1,idle room num:2560,cur user num:0(14)(2021-06-10_23-10-03-827)
UpdateRoomServerInfo,name:RoomSvr1,idle room num:2560,cur user num:0(14)(2021-06-10_23-10-23-856)
UpdateRoomServerInfo,name:RoomSvr1,idle room num:2560,cur user num:0(14)(2021-06-10_23-10-43-887)
UpdateRoomServerInfo,name:RoomSvr1,idle room num:2560,cur user num:0(14)(2021-06-10_23-11-03-927)
UpdateRoomServerInfo,name:RoomSvr1,idle room num:2560,cur user num:0(14)(2021-06-10_23-11-23-956)
UpdateRoomServerInfo,name:RoomSvr1,idle room num:2560,cur user num:0(14)(2021-06-10_23-11-43-984)
UpdateRoomServerInfo,name:RoomSvr1,idle room num:2560,cur user num:0(14)(2021-06-10_23-12-04-007)
UpdateRoomServerInfo,name:RoomSvr1,idle room num:2560,cur user num:0(14)(2021-06-10_23-12-24-039)
UpdateRoomServerInfo,name:RoomSvr1,idle room num:2560,cur user num:0(14)(2021-06-10_23-12-44-064)
UpdateRoomServerInfo,name:RoomSvr1,idle room num:2560,cur user num:0(14)(2021-06-10_23-13-04-109)
UpdateRoomServerInfo,name:RoomSvr1,idle room num:2560,cur user num:0(14)(2021-06-10_23-13-24-143)
UpdateRoomServerInfo,name:RoomSvr1,idle room num:2560,cur user num:0(14)(2021-06-10_23-13-44-195)
UpdateRoomServerInfo,name:RoomSvr1,idle room num:2560,cur user num:0(14)(2021-06-10_23-14-04-185)
UpdateRoomServerInfo,name:RoomSvr1,idle room num:2560,cur user num:0(14)(2021-06-10_23-14-24-245)
UpdateRoomServerInfo,name:RoomSvr1,idle room num:2560,cur user num:0(14)(2021-06-10_23-14-44-294)
UpdateRoomServerInfo,name:RoomSvr1,idle room num:2560,cur user num:0(14)(2021-06-10_23-15-04-322)
UpdateRoomServerInfo,name:RoomSvr1,idle room num:2560,cur user num:0(14)(2021-06-10_23-15-24-346)
UpdateRoomServerInfo,name:RoomSvr1,idle room num:2560,cur user num:0(14)(2021-06-10_23-15-44-369)
UpdateRoomServerInfo,name:RoomSvr1,idle room num:2560,cur user num:0(14)(2021-06-10_23-16-04-404)
UpdateRoomServerInfo,name:RoomSvr1,idle room num:2560,cur user num:0(14)(2021-06-10_23-16-24-417)
UpdateRoomServerInfo,name:RoomSvr1,idle room num:2560,cur user num:0(14)(2021-06-10_23-16-44-468)
UpdateRoomServerInfo,name:RoomSvr1,idle room num:2560,cur user num:0(14)(2021-06-10_23-17-04-494)
UpdateRoomServerInfo,name:RoomSvr1,idle room num:2560,cur user num:0(14)(2021-06-10_23-17-24-527)
UpdateRoomServerInfo,name:RoomSvr1,idle room num:2560,cur user num:0(14)(2021-06-10_23-17-44-589)
UpdateRoomServerInfo,name:RoomSvr1,idle room num:2560,cur user num:0(14)(2021-06-10_23-18-04-621)
UpdateRoomServerInfo,name:RoomSvr1,idle room num:2560,cur user num:0(14)(2021-06-10_23-18-24-664)
UpdateRoomServerInfo,name:RoomSvr1,idle room num:2560,cur user num:0(14)(2021-06-10_23-18-44-685)
UpdateRoomServerInfo,name:RoomSvr1,idle room num:2560,cur user num:0(14)(2021-06-10_23-19-04-722)
UpdateRoomServerInfo,name:RoomSvr1,idle room num:2560,cur user num:0(14)(2021-06-10_23-19-24-763)
UpdateRoomServerInfo,name:RoomSvr1,idle room num:2560,cur user num:0(14)(2021-06-10_23-19-44-794)
UpdateRoomServerInfo,name:RoomSvr1,idle room num:2560,cur user num:0(14)(2021-06-10_23-20-04-832)
UpdateRoomServerInfo,name:RoomSvr1,idle room num:2560,cur user num:0(14)(2021-06-10_23-20-24-858)
UpdateRoomServerInfo,name:RoomSvr1,idle room num:2560,cur user num:0(14)(2021-06-10_23-20-44-882)
UpdateRoomServerInfo,name:RoomSvr1,idle room num:2560,cur user num:0(14)(2021-06-10_23-21-04-905)
UpdateRoomServerInfo,name:RoomSvr1,idle room num:2560,cur user num:0(14)(2021-06-10_23-21-24-937)
UpdateRoomServerInfo,name:RoomSvr1,idle room num:2560,cur user num:0(14)(2021-06-10_23-21-44-982)
UpdateRoomServerInfo,name:RoomSvr1,idle room num:2560,cur user num:0(14)(2021-06-10_23-22-05-006)
UpdateRoomServerInfo,name:RoomSvr1,idle room num:2560,cur user num:0(14)(2021-06-10_23-22-25-045)
UpdateRoomServerInfo,name:RoomSvr1,idle room num:2560,cur user num:0(14)(2021-06-10_23-22-45-070)
UpdateRoomServerInfo,name:RoomSvr1,idle room num:2560,cur user num:0(14)(2021-06-10_23-23-05-105)
UpdateRoomServerInfo,name:RoomSvr1,idle room num:2560,cur user num:0(14)(2021-06-10_23-23-25-150)
UpdateRoomServerInfo,name:RoomSvr1,idle room num:2560,cur user num:0(14)(2021-06-10_23-23-45-167)
UpdateRoomServerInfo,name:RoomSvr1,idle room num:2560,cur user num:0(14)(2021-06-10_23-24-05-199)
UpdateRoomServerInfo,name:RoomSvr1,idle room num:2560,cur user num:0(14)(2021-06-10_23-24-25-231)
UpdateRoomServerInfo,name:RoomSvr1,idle room num:2560,cur user num:0(14)(2021-06-10_23-24-45-263)
UpdateRoomServerInfo,name:RoomSvr1,idle room num:2560,cur user num:0(14)(2021-06-10_23-25-05-290)
UpdateRoomServerInfo,name:RoomSvr1,idle room num:2560,cur user num:0(14)(2021-06-10_23-25-25-343)
UpdateRoomServerInfo,name:RoomSvr1,idle room num:2560,cur user num:0(14)(2021-06-10_23-25-45-367)
UpdateRoomServerInfo,name:RoomSvr1,idle room num:2560,cur user num:0(14)(2021-06-10_23-26-05-403)
UpdateRoomServerInfo,name:RoomSvr1,idle room num:2560,cur user num:0(14)(2021-06-10_23-26-25-452)
UpdateRoomServerInfo,name:RoomSvr1,idle room num:2560,cur user num:0(14)(2021-06-10_23-26-45-489)
UpdateRoomServerInfo,name:RoomSvr1,idle room num:2560,cur user num:0(14)(2021-06-10_23-27-05-530)
UpdateRoomServerInfo,name:RoomSvr1,idle room num:2560,cur user num:0(14)(2021-06-10_23-27-25-562)
UpdateRoomServerInfo,name:RoomSvr1,idle room num:2560,cur user num:0(14)(2021-06-10_23-27-45-603)
UpdateRoomServerInfo,name:RoomSvr1,idle room num:2560,cur user num:0(14)(2021-06-10_23-28-05-642)
UpdateRoomServerInfo,name:RoomSvr1,idle room num:2560,cur user num:0(14)(2021-06-10_23-28-25-679)
UpdateRoomServerInfo,name:RoomSvr1,idle room num:2560,cur user num:0(14)(2021-06-10_23-28-45-697)
UpdateRoomServerInfo,name:RoomSvr1,idle room num:2560,cur user num:0(14)(2021-06-10_23-29-05-725)
UpdateRoomServerInfo,name:RoomSvr1,idle room num:2560,cur user num:0(14)(2021-06-10_23-29-25-753)
UpdateRoomServerInfo,name:RoomSvr1,idle room num:2560,cur user num:0(14)(2021-06-10_23-29-45-789)
UpdateRoomServerInfo,name:RoomSvr1,idle room num:2560,cur user num:0(14)(2021-06-10_23-30-05-830)
UpdateRoomServerInfo,name:RoomSvr1,idle room num:2560,cur user num:0(14)(2021-06-10_23-30-25-860)
UpdateRoomServerInfo,name:RoomSvr1,idle room num:2560,cur user num:0(14)(2021-06-10_23-30-45-868)
UpdateRoomServerInfo,name:RoomSvr1,idle room num:2560,cur user num:0(14)(2021-06-10_23-31-05-918)
UpdateRoomServerInfo,name:RoomSvr1,idle room num:2560,cur user num:0(14)(2021-06-10_23-31-25-945)
UpdateRoomServerInfo,name:RoomSvr1,idle room num:2560,cur user num:0(14)(2021-06-10_23-31-45-975)
UpdateRoomServerInfo,name:RoomSvr1,idle room num:2560,cur user num:0(14)(2021-06-10_23-32-06-000)
UpdateRoomServerInfo,name:RoomSvr1,idle room num:2560,cur user num:0(14)(2021-06-10_23-32-26-027)
UpdateRoomServerInfo,name:RoomSvr1,idle room num:2560,cur user num:0(14)(2021-06-10_23-32-46-071)
UpdateRoomServerInfo,name:RoomSvr1,idle room num:2560,cur user num:0(14)(2021-06-10_23-33-06-093)
UpdateRoomServerInfo,name:RoomSvr1,idle room num:2560,cur user num:0(14)(2021-06-10_23-33-26-155)
UpdateRoomServerInfo,name:RoomSvr1,idle room num:2560,cur user num:0(14)(2021-06-10_23-33-46-203)
UpdateRoomServerInfo,name:RoomSvr1,idle room num:2560,cur user num:0(14)(2021-06-10_23-34-06-221)
UpdateRoomServerInfo,name:RoomSvr1,idle room num:2560,cur user num:0(14)(2021-06-10_23-34-26-273)
UpdateRoomServerInfo,name:RoomSvr1,idle room num:2560,cur user num:0(14)(2021-06-10_23-34-46-297)
UpdateRoomServerInfo,name:RoomSvr1,idle room num:2560,cur user num:0(14)(2021-06-10_23-35-06-324)
UpdateRoomServerInfo,name:RoomSvr1,idle room num:2560,cur user num:0(14)(2021-06-10_23-35-26-359)
UpdateRoomServerInfo,name:RoomSvr1,idle room num:2560,cur user num:0(14)(2021-06-10_23-35-46-412)
UpdateRoomServerInfo,name:RoomSvr1,idle room num:2560,cur user num:0(14)(2021-06-10_23-36-06-438)
UpdateRoomServerInfo,name:RoomSvr1,idle room num:2560,cur user num:0(14)(2021-06-10_23-36-26-475)
UpdateRoomServerInfo,name:RoomSvr1,idle room num:2560,cur user num:0(14)(2021-06-10_23-36-46-513)
UpdateRoomServerInfo,name:RoomSvr1,idle room num:2560,cur user num:0(14)(2021-06-10_23-37-06-551)
UpdateRoomServerInfo,name:RoomSvr1,idle room num:2560,cur user num:0(14)(2021-06-10_23-37-26-609)
UpdateRoomServerInfo,name:RoomSvr1,idle room num:2560,cur user num:0(14)(2021-06-10_23-37-46-621)
UpdateRoomServerInfo,name:RoomSvr1,idle room num:2560,cur user num:0(14)(2021-06-10_23-38-06-685)
UpdateRoomServerInfo,name:RoomSvr1,idle room num:2560,cur user num:0(14)(2021-06-10_23-38-26-708)
UpdateRoomServerInfo,name:RoomSvr1,idle room num:2560,cur user num:0(14)(2021-06-10_23-38-46-746)
UpdateRoomServerInfo,name:RoomSvr1,idle room num:2560,cur user num:0(14)(2021-06-10_23-39-06-787)
UpdateRoomServerInfo,name:RoomSvr1,idle room num:2560,cur user num:0(14)(2021-06-10_23-39-26-815)
UpdateRoomServerInfo,name:RoomSvr1,idle room num:2560,cur user num:0(14)(2021-06-10_23-39-46-846)
UpdateRoomServerInfo,name:RoomSvr1,idle room num:2560,cur user num:0(14)(2021-06-10_23-40-06-871)
UpdateRoomServerInfo,name:RoomSvr1,idle room num:2560,cur user num:0(14)(2021-06-10_23-40-26-908)
UpdateRoomServerInfo,name:RoomSvr1,idle room num:2560,cur user num:0(14)(2021-06-10_23-40-46-929)
UpdateRoomServerInfo,name:RoomSvr1,idle room num:2560,cur user num:0(14)(2021-06-10_23-41-06-957)
UpdateRoomServerInfo,name:RoomSvr1,idle room num:2560,cur user num:0(14)(2021-06-10_23-41-26-994)
UpdateRoomServerInfo,name:RoomSvr1,idle room num:2560,cur user num:0(14)(2021-06-10_23-41-47-021)
UpdateRoomServerInfo,name:RoomSvr1,idle room num:2560,cur user num:0(14)(2021-06-10_23-42-07-053)
UpdateRoomServerInfo,name:RoomSvr1,idle room num:2560,cur user num:0(14)(2021-06-10_23-42-27-074)
UpdateRoomServerInfo,name:RoomSvr1,idle room num:2560,cur user num:0(14)(2021-06-10_23-42-47-120)
UpdateRoomServerInfo,name:RoomSvr1,idle room num:2560,cur user num:0(14)(2021-06-10_23-43-07-141)
UpdateRoomServerInfo,name:RoomSvr1,idle room num:2560,cur user num:0(14)(2021-06-10_23-43-27-154)
UpdateRoomServerInfo,name:RoomSvr1,idle room num:2560,cur user num:0(14)(2021-06-10_23-43-47-164)
UpdateRoomServerInfo,name:RoomSvr1,idle room num:2560,cur user num:0(14)(2021-06-10_23-44-07-239)
UpdateRoomServerInfo,name:RoomSvr1,idle room num:2560,cur user num:0(14)(2021-06-10_23-44-27-262)
UpdateRoomServerInfo,name:RoomSvr1,idle room num:2560,cur user num:0(14)(2021-06-10_23-44-47-289)
UpdateRoomServerInfo,name:RoomSvr1,idle room num:2560,cur user num:0(14)(2021-06-10_23-45-07-319)
UpdateRoomServerInfo,name:RoomSvr1,idle room num:2560,cur user num:0(14)(2021-06-10_23-45-27-345)
UpdateRoomServerInfo,name:RoomSvr1,idle room num:2560,cur user num:0(14)(2021-06-10_23-45-47-386)
UpdateRoomServerInfo,name:RoomSvr1,idle room num:2560,cur user num:0(14)(2021-06-10_23-46-07-418)
DoUserLogin,guid:2,nick:酷到爆的粉丝,key:261570009,acc:358296203(3)(2021-06-10_23-46-23-349)
UpdateRoomServerInfo,name:RoomSvr1,idle room num:2560,cur user num:0(14)(2021-06-10_23-46-27-443)
UpdateRoomServerInfo,name:RoomSvr1,idle room num:2560,cur user num:0(14)(2021-06-10_23-46-47-459)
UpdateRoomServerInfo,name:RoomSvr1,idle room num:2560,cur user num:0(14)(2021-06-10_23-47-07-473)
UpdateRoomServerInfo,name:RoomSvr1,idle room num:2560,cur user num:0(14)(2021-06-10_23-47-27-518)
UpdateRoomServerInfo,name:RoomSvr1,idle room num:2560,cur user num:0(14)(2021-06-10_23-47-47-540)
UpdateRoomServerInfo,name:RoomSvr1,idle room num:2560,cur user num:0(14)(2021-06-10_23-48-07-549)
UpdateRoomServerInfo,name:RoomSvr1,idle room num:2560,cur user num:0(14)(2021-06-10_23-48-27-579)
UpdateRoomServerInfo,name:RoomSvr1,idle room num:2560,cur user num:0(14)(2021-06-10_23-48-47-596)
UpdateRoomServerInfo,name:RoomSvr1,idle room num:2560,cur user num:0(14)(2021-06-10_23-49-07-612)
UpdateRoomServerInfo,name:RoomSvr1,idle room num:2560,cur user num:0(14)(2021-06-10_23-49-27-634)
UpdateRoomServerInfo,name:RoomSvr1,idle room num:2560,cur user num:0(14)(2021-06-10_23-49-47-672)
UpdateRoomServerInfo,name:RoomSvr1,idle room num:2560,cur user num:0(14)(2021-06-10_23-50-07-699)
UpdateRoomServerInfo,name:RoomSvr1,idle room num:2560,cur user num:0(14)(2021-06-10_23-50-27-732)
UpdateRoomServerInfo,name:RoomSvr1,idle room num:2560,cur user num:0(14)(2021-06-10_23-50-47-742)
UpdateRoomServerInfo,name:RoomSvr1,idle room num:2560,cur user num:0(14)(2021-06-10_23-51-07-773)
UpdateRoomServerInfo,name:RoomSvr1,idle room num:2560,cur user num:0(14)(2021-06-10_23-51-27-807)
UpdateRoomServerInfo,name:RoomSvr1,idle room num:2560,cur user num:0(14)(2021-06-10_23-51-47-843)
UpdateRoomServerInfo,name:RoomSvr1,idle room num:2560,cur user num:0(14)(2021-06-10_23-52-07-850)
UpdateRoomServerInfo,name:RoomSvr1,idle room num:2560,cur user num:0(14)(2021-06-10_23-52-27-887)
UpdateRoomServerInfo,name:RoomSvr1,idle room num:2560,cur user num:0(14)(2021-06-10_23-52-47-915)
UpdateRoomServerInfo,name:RoomSvr1,idle room num:2560,cur user num:0(14)(2021-06-10_23-53-07-957)
UpdateRoomServerInfo,name:RoomSvr1,idle room num:2560,cur user num:0(14)(2021-06-10_23-53-27-981)
UpdateRoomServerInfo,name:RoomSvr1,idle room num:2560,cur user num:0(14)(2021-06-10_23-53-48-010)
UpdateRoomServerInfo,name:RoomSvr1,idle room num:2560,cur user num:0(14)(2021-06-10_23-54-08-041)
UpdateRoomServerInfo,name:RoomSvr1,idle room num:2560,cur user num:0(14)(2021-06-10_23-54-28-065)
UpdateRoomServerInfo,name:RoomSvr1,idle room num:2560,cur user num:0(14)(2021-06-10_23-54-48-117)
UpdateRoomServerInfo,name:RoomSvr1,idle room num:2560,cur user num:0(14)(2021-06-10_23-55-08-137)
UpdateRoomServerInfo,name:RoomSvr1,idle room num:2560,cur user num:0(14)(2021-06-10_23-55-28-188)
UpdateRoomServerInfo,name:RoomSvr1,idle room num:2560,cur user num:0(14)(2021-06-10_23-55-48-215)
UpdateRoomServerInfo,name:RoomSvr1,idle room num:2560,cur user num:0(14)(2021-06-10_23-56-08-243)
UpdateRoomServerInfo,name:RoomSvr1,idle room num:2560,cur user num:0(14)(2021-06-10_23-56-28-263)
UpdateRoomServerInfo,name:RoomSvr1,idle room num:2560,cur user num:0(14)(2021-06-10_23-56-48-292)
UpdateRoomServerInfo,name:RoomSvr1,idle room num:2560,cur user num:0(14)(2021-06-10_23-57-08-322)
UpdateRoomServerInfo,name:RoomSvr1,idle room num:2560,cur user num:0(14)(2021-06-10_23-57-28-330)
UpdateRoomServerInfo,name:RoomSvr1,idle room num:2560,cur user num:0(14)(2021-06-10_23-57-48-392)
UpdateRoomServerInfo,name:RoomSvr1,idle room num:2560,cur user num:0(14)(2021-06-10_23-58-08-405)
UpdateRoomServerInfo,name:RoomSvr1,idle room num:2560,cur user num:0(14)(2021-06-10_23-58-28-463)
UpdateRoomServerInfo,name:RoomSvr1,idle room num:2560,cur user num:0(14)(2021-06-10_23-58-48-469)
UpdateRoomServerInfo,name:RoomSvr1,idle room num:2560,cur user num:0(14)(2021-06-10_23-59-08-509)
