Init Succ!(1)(2017-08-12_12-36-57-035)
RegisterRoomServer,name:RoomSvr1,ip:127.0.0.1,port:9528,max room num:2560(14)(2017-08-12_12-37-02-365)
RegisterNodeJs,name:NodeJs1(14)(2017-08-12_12-37-04-999)
UpdateRoomServerInfo,name:RoomSvr1,idle room num:2560,cur user num:0(14)(2017-08-12_12-37-17-094)
UpdateRoomServerInfo,name:RoomSvr1,idle room num:2560,cur user num:0(14)(2017-08-12_12-37-37-118)
UpdateRoomServerInfo,name:RoomSvr1,idle room num:2560,cur user num:0(14)(2017-08-12_12-37-57-133)
DoUserLogin,guid:1,nick:不会饱的贝勒爷,key:253535285,acc:3944053709(7)(2017-08-12_12-37-57-798)
UpdateRoomServerInfo,name:RoomSvr1,idle room num:2560,cur user num:0(14)(2017-08-12_12-38-17-169)
UpdateRoomServerInfo,name:RoomSvr1,idle room num:2560,cur user num:0(14)(2017-08-12_12-38-37-200)
UpdateRoomServerInfo,name:RoomSvr1,idle room num:2560,cur user num:0(14)(2017-08-12_12-38-57-200)
UpdateRoomServerInfo,name:RoomSvr1,idle room num:2560,cur user num:0(14)(2017-08-12_12-39-17-232)
DoUserLogin,guid:1,nick:不会饱的贝勒爷,key:201699377,acc:3944053709(6)(2017-08-12_12-39-35-086)
UpdateRoomServerInfo,name:RoomSvr1,idle room num:2560,cur user num:0(14)(2017-08-12_12-39-37-241)
UpdateRoomServerInfo,name:RoomSvr1,idle room num:2560,cur user num:0(14)(2017-08-12_12-39-57-278)
UpdateRoomServerInfo,name:RoomSvr1,idle room num:2560,cur user num:0(14)(2017-08-12_12-40-17-298)
UpdateRoomServerInfo,name:RoomSvr1,idle room num:2560,cur user num:0(14)(2017-08-12_12-40-37-322)
UpdateRoomServerInfo,name:RoomSvr1,idle room num:2560,cur user num:0(14)(2017-08-12_12-40-57-329)
UpdateRoomServerInfo,name:RoomSvr1,idle room num:2560,cur user num:0(14)(2017-08-12_12-41-17-346)
UpdateRoomServerInfo,name:RoomSvr1,idle room num:2560,cur user num:0(14)(2017-08-12_12-41-37-363)
UpdateRoomServerInfo,name:RoomSvr1,idle room num:2560,cur user num:0(14)(2017-08-12_12-41-57-415)
UpdateRoomServerInfo,name:RoomSvr1,idle room num:2560,cur user num:0(14)(2017-08-12_12-42-17-418)
UpdateRoomServerInfo,name:RoomSvr1,idle room num:2560,cur user num:0(14)(2017-08-12_12-42-37-444)
UpdateRoomServerInfo,name:RoomSvr1,idle room num:2560,cur user num:0(14)(2017-08-12_12-42-57-468)
UpdateRoomServerInfo,name:RoomSvr1,idle room num:2560,cur user num:0(14)(2017-08-12_12-43-17-508)
UpdateRoomServerInfo,name:RoomSvr1,idle room num:2560,cur user num:0(14)(2017-08-12_12-43-37-534)
UpdateRoomServerInfo,name:RoomSvr1,idle room num:2560,cur user num:0(14)(2017-08-12_12-43-57-563)
UpdateRoomServerInfo,name:RoomSvr1,idle room num:2560,cur user num:0(14)(2017-08-12_12-44-17-589)
UpdateRoomServerInfo,name:RoomSvr1,idle room num:2560,cur user num:0(14)(2017-08-12_12-44-37-596)
UpdateRoomServerInfo,name:RoomSvr1,idle room num:2560,cur user num:0(14)(2017-08-12_12-44-57-624)
UpdateRoomServerInfo,name:RoomSvr1,idle room num:2560,cur user num:0(14)(2017-08-12_12-45-17-649)
UpdateRoomServerInfo,name:RoomSvr1,idle room num:2560,cur user num:0(14)(2017-08-12_12-45-37-687)
DoUserLogin,guid:2,nick:宇文天幽,key:240713044,acc:2610199269(3)(2017-08-12_12-45-43-297)
UpdateRoomServerInfo,name:RoomSvr1,idle room num:2560,cur user num:0(14)(2017-08-12_12-45-57-700)
UpdateRoomServerInfo,name:RoomSvr1,idle room num:2560,cur user num:0(14)(2017-08-12_12-46-17-716)
UpdateRoomServerInfo,name:RoomSvr1,idle room num:2560,cur user num:0(14)(2017-08-12_12-46-37-735)
UpdateRoomServerInfo,name:RoomSvr1,idle room num:2560,cur user num:0(14)(2017-08-12_12-46-57-765)
UpdateRoomServerInfo,name:RoomSvr1,idle room num:2560,cur user num:0(14)(2017-08-12_12-47-17-766)
UpdateRoomServerInfo,name:RoomSvr1,idle room num:2560,cur user num:0(14)(2017-08-12_12-47-37-772)
UpdateRoomServerInfo,name:RoomSvr1,idle room num:2560,cur user num:0(14)(2017-08-12_12-47-57-794)
UpdateRoomServerInfo,name:RoomSvr1,idle room num:2560,cur user num:0(14)(2017-08-12_12-48-17-822)
UpdateRoomServerInfo,name:RoomSvr1,idle room num:2560,cur user num:0(14)(2017-08-12_12-48-37-843)
UpdateRoomServerInfo,name:RoomSvr1,idle room num:2560,cur user num:0(14)(2017-08-12_12-48-57-872)
UpdateRoomServerInfo,name:RoomSvr1,idle room num:2560,cur user num:0(14)(2017-08-12_12-49-17-883)
UpdateRoomServerInfo,name:RoomSvr1,idle room num:2560,cur user num:0(14)(2017-08-12_12-49-37-908)
UpdateRoomServerInfo,name:RoomSvr1,idle room num:2560,cur user num:0(14)(2017-08-12_12-49-57-926)
UpdateRoomServerInfo,name:RoomSvr1,idle room num:2560,cur user num:0(14)(2017-08-12_12-50-17-945)
UpdateRoomServerInfo,name:RoomSvr1,idle room num:2560,cur user num:0(14)(2017-08-12_12-50-37-970)
UpdateRoomServerInfo,name:RoomSvr1,idle room num:2560,cur user num:0(14)(2017-08-12_12-50-57-994)
UpdateRoomServerInfo,name:RoomSvr1,idle room num:2560,cur user num:0(14)(2017-08-12_12-51-18-007)
UpdateRoomServerInfo,name:RoomSvr1,idle room num:2560,cur user num:0(14)(2017-08-12_12-51-38-043)
UpdateRoomServerInfo,name:RoomSvr1,idle room num:2560,cur user num:0(14)(2017-08-12_12-51-58-058)
UpdateRoomServerInfo,name:RoomSvr1,idle room num:2560,cur user num:0(14)(2017-08-12_12-52-18-100)
UpdateRoomServerInfo,name:RoomSvr1,idle room num:2560,cur user num:0(14)(2017-08-12_12-52-38-112)
UpdateRoomServerInfo,name:RoomSvr1,idle room num:2560,cur user num:0(14)(2017-08-12_12-52-58-154)
UpdateRoomServerInfo,name:RoomSvr1,idle room num:2560,cur user num:0(14)(2017-08-12_12-53-18-176)
UpdateRoomServerInfo,name:RoomSvr1,idle room num:2560,cur user num:0(14)(2017-08-12_12-53-38-207)
UpdateRoomServerInfo,name:RoomSvr1,idle room num:2560,cur user num:0(14)(2017-08-12_12-53-58-212)
UpdateRoomServerInfo,name:RoomSvr1,idle room num:2560,cur user num:0(14)(2017-08-12_12-54-18-241)
UpdateRoomServerInfo,name:RoomSvr1,idle room num:2560,cur user num:0(14)(2017-08-12_12-54-38-260)
UpdateRoomServerInfo,name:RoomSvr1,idle room num:2560,cur user num:0(14)(2017-08-12_12-54-58-274)
UpdateRoomServerInfo,name:RoomSvr1,idle room num:2560,cur user num:0(14)(2017-08-12_12-55-18-315)
UpdateRoomServerInfo,name:RoomSvr1,idle room num:2560,cur user num:0(14)(2017-08-12_12-55-38-311)
UpdateRoomServerInfo,name:RoomSvr1,idle room num:2560,cur user num:0(14)(2017-08-12_12-55-58-345)
UpdateRoomServerInfo,name:RoomSvr1,idle room num:2560,cur user num:0(14)(2017-08-12_12-56-18-374)
UpdateRoomServerInfo,name:RoomSvr1,idle room num:2560,cur user num:0(14)(2017-08-12_12-56-38-371)
UpdateRoomServerInfo,name:RoomSvr1,idle room num:2560,cur user num:0(14)(2017-08-12_12-56-58-399)
UpdateRoomServerInfo,name:RoomSvr1,idle room num:2560,cur user num:0(14)(2017-08-12_12-57-18-425)
UpdateRoomServerInfo,name:RoomSvr1,idle room num:2560,cur user num:0(14)(2017-08-12_12-57-38-460)
UpdateRoomServerInfo,name:RoomSvr1,idle room num:2560,cur user num:0(14)(2017-08-12_12-57-58-489)
UpdateRoomServerInfo,name:RoomSvr1,idle room num:2560,cur user num:0(14)(2017-08-12_12-58-18-513)
UpdateRoomServerInfo,name:RoomSvr1,idle room num:2560,cur user num:0(14)(2017-08-12_12-58-38-540)
UpdateRoomServerInfo,name:RoomSvr1,idle room num:2560,cur user num:0(14)(2017-08-12_12-58-58-545)
UpdateRoomServerInfo,name:RoomSvr1,idle room num:2560,cur user num:0(14)(2017-08-12_12-59-18-566)
UpdateRoomServerInfo,name:RoomSvr1,idle room num:2560,cur user num:0(14)(2017-08-12_12-59-38-600)
DoUserLogin,guid:2,nick:宇文天幽,key:207768205,acc:2610199269(9)(2017-08-12_12-59-39-144)
UpdateRoomServerInfo,name:RoomSvr1,idle room num:2560,cur user num:0(14)(2017-08-12_12-59-58-622)
UpdateRoomServerInfo,name:RoomSvr1,idle room num:2560,cur user num:0(14)(2017-08-12_13-00-18-648)
UpdateRoomServerInfo,name:RoomSvr1,idle room num:2560,cur user num:0(14)(2017-08-12_13-00-38-673)
UpdateRoomServerInfo,name:RoomSvr1,idle room num:2560,cur user num:0(14)(2017-08-12_13-00-58-710)
UpdateRoomServerInfo,name:RoomSvr1,idle room num:2560,cur user num:0(14)(2017-08-12_13-01-18-734)
UpdateRoomServerInfo,name:RoomSvr1,idle room num:2560,cur user num:0(14)(2017-08-12_13-01-38-759)
UpdateRoomServerInfo,name:RoomSvr1,idle room num:2560,cur user num:0(14)(2017-08-12_13-01-58-767)
UpdateRoomServerInfo,name:RoomSvr1,idle room num:2560,cur user num:0(14)(2017-08-12_13-02-18-790)
UpdateRoomServerInfo,name:RoomSvr1,idle room num:2560,cur user num:0(14)(2017-08-12_13-02-38-819)
UpdateRoomServerInfo,name:RoomSvr1,idle room num:2560,cur user num:0(14)(2017-08-12_13-02-58-843)
UpdateRoomServerInfo,name:RoomSvr1,idle room num:2560,cur user num:0(14)(2017-08-12_13-03-18-857)
UpdateRoomServerInfo,name:RoomSvr1,idle room num:2560,cur user num:0(14)(2017-08-12_13-03-38-893)
UpdateRoomServerInfo,name:RoomSvr1,idle room num:2560,cur user num:0(14)(2017-08-12_13-03-58-915)
UpdateRoomServerInfo,name:RoomSvr1,idle room num:2560,cur user num:0(14)(2017-08-12_13-04-18-949)
UpdateRoomServerInfo,name:RoomSvr1,idle room num:2560,cur user num:0(14)(2017-08-12_13-04-38-986)
UpdateRoomServerInfo,name:RoomSvr1,idle room num:2560,cur user num:0(14)(2017-08-12_13-04-59-002)
UpdateRoomServerInfo,name:RoomSvr1,idle room num:2560,cur user num:0(14)(2017-08-12_13-05-19-038)
UpdateRoomServerInfo,name:RoomSvr1,idle room num:2560,cur user num:0(14)(2017-08-12_13-05-39-045)
UpdateRoomServerInfo,name:RoomSvr1,idle room num:2560,cur user num:0(14)(2017-08-12_13-05-59-081)
UpdateRoomServerInfo,name:RoomSvr1,idle room num:2560,cur user num:0(14)(2017-08-12_13-06-19-106)
UpdateRoomServerInfo,name:RoomSvr1,idle room num:2560,cur user num:0(14)(2017-08-12_13-06-39-130)
UpdateRoomServerInfo,name:RoomSvr1,idle room num:2560,cur user num:0(14)(2017-08-12_13-06-59-152)
UpdateRoomServerInfo,name:RoomSvr1,idle room num:2560,cur user num:0(14)(2017-08-12_13-07-19-183)
UpdateRoomServerInfo,name:RoomSvr1,idle room num:2560,cur user num:0(14)(2017-08-12_13-07-39-195)
UpdateRoomServerInfo,name:RoomSvr1,idle room num:2560,cur user num:0(14)(2017-08-12_13-07-59-212)
UpdateRoomServerInfo,name:RoomSvr1,idle room num:2560,cur user num:0(14)(2017-08-12_13-08-19-239)
UpdateRoomServerInfo,name:RoomSvr1,idle room num:2560,cur user num:0(14)(2017-08-12_13-08-39-257)
UpdateRoomServerInfo,name:RoomSvr1,idle room num:2560,cur user num:0(14)(2017-08-12_13-08-59-281)
UpdateRoomServerInfo,name:RoomSvr1,idle room num:2560,cur user num:0(14)(2017-08-12_13-09-19-310)
UpdateRoomServerInfo,name:RoomSvr1,idle room num:2560,cur user num:0(14)(2017-08-12_13-09-39-341)
UpdateRoomServerInfo,name:RoomSvr1,idle room num:2560,cur user num:0(14)(2017-08-12_13-09-59-359)
UpdateRoomServerInfo,name:RoomSvr1,idle room num:2560,cur user num:0(14)(2017-08-12_13-10-19-386)
UpdateRoomServerInfo,name:RoomSvr1,idle room num:2560,cur user num:0(14)(2017-08-12_13-10-39-393)
UpdateRoomServerInfo,name:RoomSvr1,idle room num:2560,cur user num:0(14)(2017-08-12_13-10-59-412)
UpdateRoomServerInfo,name:RoomSvr1,idle room num:2560,cur user num:0(14)(2017-08-12_13-11-19-432)
UpdateRoomServerInfo,name:RoomSvr1,idle room num:2560,cur user num:0(14)(2017-08-12_13-11-39-447)
UpdateRoomServerInfo,name:RoomSvr1,idle room num:2560,cur user num:0(14)(2017-08-12_13-11-59-469)
UpdateRoomServerInfo,name:RoomSvr1,idle room num:2560,cur user num:0(14)(2017-08-12_13-12-19-494)
UpdateRoomServerInfo,name:RoomSvr1,idle room num:2560,cur user num:0(14)(2017-08-12_13-12-39-502)
UpdateRoomServerInfo,name:RoomSvr1,idle room num:2560,cur user num:0(14)(2017-08-12_13-12-59-537)
UpdateRoomServerInfo,name:RoomSvr1,idle room num:2560,cur user num:0(14)(2017-08-12_13-13-19-552)
UpdateRoomServerInfo,name:RoomSvr1,idle room num:2560,cur user num:0(14)(2017-08-12_13-13-39-573)
UpdateRoomServerInfo,name:RoomSvr1,idle room num:2560,cur user num:0(14)(2017-08-12_13-13-59-583)
UpdateRoomServerInfo,name:RoomSvr1,idle room num:2560,cur user num:0(14)(2017-08-12_13-14-19-615)
UpdateRoomServerInfo,name:RoomSvr1,idle room num:2560,cur user num:0(14)(2017-08-12_13-14-39-620)
UpdateRoomServerInfo,name:RoomSvr1,idle room num:2560,cur user num:0(14)(2017-08-12_13-14-59-649)
UpdateRoomServerInfo,name:RoomSvr1,idle room num:2560,cur user num:0(14)(2017-08-12_13-15-19-666)
UpdateRoomServerInfo,name:RoomSvr1,idle room num:2560,cur user num:0(14)(2017-08-12_13-15-39-697)
UpdateRoomServerInfo,name:RoomSvr1,idle room num:2560,cur user num:0(14)(2017-08-12_13-15-59-710)
UpdateRoomServerInfo,name:RoomSvr1,idle room num:2560,cur user num:0(14)(2017-08-12_13-16-19-747)
UpdateRoomServerInfo,name:RoomSvr1,idle room num:2560,cur user num:0(14)(2017-08-12_13-16-39-759)
UpdateRoomServerInfo,name:RoomSvr1,idle room num:2560,cur user num:0(14)(2017-08-12_13-16-59-788)
UpdateRoomServerInfo,name:RoomSvr1,idle room num:2560,cur user num:0(14)(2017-08-12_13-17-19-815)
UpdateRoomServerInfo,name:RoomSvr1,idle room num:2560,cur user num:0(14)(2017-08-12_13-17-39-845)
UpdateRoomServerInfo,name:RoomSvr1,idle room num:2560,cur user num:0(14)(2017-08-12_13-17-59-878)
UpdateRoomServerInfo,name:RoomSvr1,idle room num:2560,cur user num:0(14)(2017-08-12_13-18-19-913)
UpdateRoomServerInfo,name:RoomSvr1,idle room num:2560,cur user num:0(14)(2017-08-12_13-18-39-911)
UpdateRoomServerInfo,name:RoomSvr1,idle room num:2560,cur user num:0(14)(2017-08-12_13-18-59-955)
UpdateRoomServerInfo,name:RoomSvr1,idle room num:2560,cur user num:0(14)(2017-08-12_13-19-19-980)
UpdateRoomServerInfo,name:RoomSvr1,idle room num:2560,cur user num:0(14)(2017-08-12_13-19-39-980)
UpdateRoomServerInfo,name:RoomSvr1,idle room num:2560,cur user num:0(14)(2017-08-12_13-20-00-010)
UpdateRoomServerInfo,name:RoomSvr1,idle room num:2560,cur user num:0(14)(2017-08-12_13-20-20-011)
UpdateRoomServerInfo,name:RoomSvr1,idle room num:2560,cur user num:0(14)(2017-08-12_13-20-40-057)
UpdateRoomServerInfo,name:RoomSvr1,idle room num:2560,cur user num:0(14)(2017-08-12_13-21-00-075)
UpdateRoomServerInfo,name:RoomSvr1,idle room num:2560,cur user num:0(14)(2017-08-12_13-21-20-102)
UpdateRoomServerInfo,name:RoomSvr1,idle room num:2560,cur user num:0(14)(2017-08-12_13-21-40-125)
UpdateRoomServerInfo,name:RoomSvr1,idle room num:2560,cur user num:0(14)(2017-08-12_13-22-00-128)
UpdateRoomServerInfo,name:RoomSvr1,idle room num:2560,cur user num:0(14)(2017-08-12_13-22-20-154)
UpdateRoomServerInfo,name:RoomSvr1,idle room num:2560,cur user num:0(14)(2017-08-12_13-22-40-180)
UpdateRoomServerInfo,name:RoomSvr1,idle room num:2560,cur user num:0(14)(2017-08-12_13-23-00-200)
UpdateRoomServerInfo,name:RoomSvr1,idle room num:2560,cur user num:0(14)(2017-08-12_13-23-20-225)
UpdateRoomServerInfo,name:RoomSvr1,idle room num:2560,cur user num:0(14)(2017-08-12_13-23-40-249)
UpdateRoomServerInfo,name:RoomSvr1,idle room num:2560,cur user num:0(14)(2017-08-12_13-24-00-265)
UpdateRoomServerInfo,name:RoomSvr1,idle room num:2560,cur user num:0(14)(2017-08-12_13-24-20-299)
UpdateRoomServerInfo,name:RoomSvr1,idle room num:2560,cur user num:0(14)(2017-08-12_13-24-40-310)
UpdateRoomServerInfo,name:RoomSvr1,idle room num:2560,cur user num:0(14)(2017-08-12_13-25-00-323)
DoUserLogin,guid:2,nick:宇文天幽,key:108101546,acc:2610199269(7)(2017-08-12_13-25-03-509)
UpdateRoomServerInfo,name:RoomSvr1,idle room num:2560,cur user num:0(14)(2017-08-12_13-25-20-362)
UpdateRoomServerInfo,name:RoomSvr1,idle room num:2560,cur user num:0(14)(2017-08-12_13-25-40-379)
UpdateRoomServerInfo,name:RoomSvr1,idle room num:2560,cur user num:0(14)(2017-08-12_13-26-00-408)
UpdateRoomServerInfo,name:RoomSvr1,idle room num:2560,cur user num:0(14)(2017-08-12_13-26-20-423)
UpdateRoomServerInfo,name:RoomSvr1,idle room num:2560,cur user num:0(14)(2017-08-12_13-26-40-452)
UpdateRoomServerInfo,name:RoomSvr1,idle room num:2560,cur user num:0(14)(2017-08-12_13-27-00-496)
UpdateRoomServerInfo,name:RoomSvr1,idle room num:2560,cur user num:0(14)(2017-08-12_13-27-20-523)
UpdateRoomServerInfo,name:RoomSvr1,idle room num:2560,cur user num:0(14)(2017-08-12_13-27-40-526)
UpdateRoomServerInfo,name:RoomSvr1,idle room num:2560,cur user num:0(14)(2017-08-12_13-28-00-550)
UpdateRoomServerInfo,name:RoomSvr1,idle room num:2560,cur user num:0(14)(2017-08-12_13-28-20-587)
UpdateRoomServerInfo,name:RoomSvr1,idle room num:2560,cur user num:0(14)(2017-08-12_13-28-40-606)
UpdateRoomServerInfo,name:RoomSvr1,idle room num:2560,cur user num:0(14)(2017-08-12_13-29-00-613)
UpdateRoomServerInfo,name:RoomSvr1,idle room num:2560,cur user num:0(14)(2017-08-12_13-29-20-639)
UpdateRoomServerInfo,name:RoomSvr1,idle room num:2560,cur user num:0(14)(2017-08-12_13-29-40-660)
UpdateRoomServerInfo,name:RoomSvr1,idle room num:2560,cur user num:0(14)(2017-08-12_13-30-00-682)
UpdateRoomServerInfo,name:RoomSvr1,idle room num:2560,cur user num:0(14)(2017-08-12_13-30-20-698)
UpdateRoomServerInfo,name:RoomSvr1,idle room num:2560,cur user num:0(14)(2017-08-12_13-30-40-737)
UpdateRoomServerInfo,name:RoomSvr1,idle room num:2560,cur user num:0(14)(2017-08-12_13-31-00-751)
UpdateRoomServerInfo,name:RoomSvr1,idle room num:2560,cur user num:0(14)(2017-08-12_13-31-20-778)
UpdateRoomServerInfo,name:RoomSvr1,idle room num:2560,cur user num:0(14)(2017-08-12_13-31-40-808)
UpdateRoomServerInfo,name:RoomSvr1,idle room num:2560,cur user num:0(14)(2017-08-12_13-32-00-818)
UpdateRoomServerInfo,name:RoomSvr1,idle room num:2560,cur user num:0(14)(2017-08-12_13-32-20-867)
UpdateRoomServerInfo,name:RoomSvr1,idle room num:2560,cur user num:0(14)(2017-08-12_13-32-40-868)
UpdateRoomServerInfo,name:RoomSvr1,idle room num:2560,cur user num:0(14)(2017-08-12_13-33-00-884)
UpdateRoomServerInfo,name:RoomSvr1,idle room num:2560,cur user num:0(14)(2017-08-12_13-33-20-910)
UpdateRoomServerInfo,name:RoomSvr1,idle room num:2560,cur user num:0(14)(2017-08-12_13-33-40-928)
UpdateRoomServerInfo,name:RoomSvr1,idle room num:2560,cur user num:0(14)(2017-08-12_13-34-00-960)
UpdateRoomServerInfo,name:RoomSvr1,idle room num:2560,cur user num:0(14)(2017-08-12_13-34-20-990)
UpdateRoomServerInfo,name:RoomSvr1,idle room num:2560,cur user num:0(14)(2017-08-12_13-34-40-995)
UpdateRoomServerInfo,name:RoomSvr1,idle room num:2560,cur user num:0(14)(2017-08-12_13-35-01-009)
UpdateRoomServerInfo,name:RoomSvr1,idle room num:2560,cur user num:0(14)(2017-08-12_13-35-21-050)
UpdateRoomServerInfo,name:RoomSvr1,idle room num:2560,cur user num:0(14)(2017-08-12_13-35-41-068)
UpdateRoomServerInfo,name:RoomSvr1,idle room num:2560,cur user num:0(14)(2017-08-12_13-36-01-106)
UpdateRoomServerInfo,name:RoomSvr1,idle room num:2560,cur user num:0(14)(2017-08-12_13-36-21-144)
UpdateRoomServerInfo,name:RoomSvr1,idle room num:2560,cur user num:0(14)(2017-08-12_13-36-41-154)
UpdateRoomServerInfo,name:RoomSvr1,idle room num:2560,cur user num:0(14)(2017-08-12_13-37-01-185)
UpdateRoomServerInfo,name:RoomSvr1,idle room num:2560,cur user num:0(14)(2017-08-12_13-37-21-210)
UpdateRoomServerInfo,name:RoomSvr1,idle room num:2560,cur user num:0(14)(2017-08-12_13-37-41-242)
UpdateRoomServerInfo,name:RoomSvr1,idle room num:2560,cur user num:0(14)(2017-08-12_13-38-01-256)
UpdateRoomServerInfo,name:RoomSvr1,idle room num:2560,cur user num:0(14)(2017-08-12_13-38-21-300)
UpdateRoomServerInfo,name:RoomSvr1,idle room num:2560,cur user num:0(14)(2017-08-12_13-38-41-316)
UpdateRoomServerInfo,name:RoomSvr1,idle room num:2560,cur user num:0(14)(2017-08-12_13-39-01-337)
UpdateRoomServerInfo,name:RoomSvr1,idle room num:2560,cur user num:0(14)(2017-08-12_13-39-21-342)
UpdateRoomServerInfo,name:RoomSvr1,idle room num:2560,cur user num:0(14)(2017-08-12_13-39-41-371)
UpdateRoomServerInfo,name:RoomSvr1,idle room num:2560,cur user num:0(14)(2017-08-12_13-40-01-399)
UpdateRoomServerInfo,name:RoomSvr1,idle room num:2560,cur user num:0(14)(2017-08-12_13-40-21-429)
UpdateRoomServerInfo,name:RoomSvr1,idle room num:2560,cur user num:0(14)(2017-08-12_13-40-41-443)
UpdateRoomServerInfo,name:RoomSvr1,idle room num:2560,cur user num:0(14)(2017-08-12_13-41-01-463)
[Debug]:Init UserCombatInfo: SceneId = 1013, StartTime = 3849504, GoldSum = 48, Exp = 4, RewardItem = 101001, ItemCount = 1(14)(2017-08-12_13-41-06-955)
UpdateRoomServerInfo,name:RoomSvr1,idle room num:2560,cur user num:0(14)(2017-08-12_13-41-21-474)
UpdateRoomServerInfo,name:RoomSvr1,idle room num:2560,cur user num:0(14)(2017-08-12_13-41-41-504)
UpdateRoomServerInfo,name:RoomSvr1,idle room num:2560,cur user num:0(14)(2017-08-12_13-42-01-525)
user 2 completed mission 10001.(5)(2017-08-12_13-42-10-244)
UpdateRoomServerInfo,name:RoomSvr1,idle room num:2560,cur user num:0(14)(2017-08-12_13-42-21-531)
UpdateRoomServerInfo,name:RoomSvr1,idle room num:2560,cur user num:0(14)(2017-08-12_13-42-41-558)
