Init Succ!(1)(2016-03-31_09-16-58-500)
RegisterRoomServer,name:RoomSvr1,ip:127.0.0.1,port:9528,max room num:2560(14)(2016-03-31_09-17-04-642)
RegisterNodeJs,name:NodeJs1(14)(2016-03-31_09-17-06-436)
DoUserLogin,guid:1,nick:沃伦·丘吉尔,key:201173855,acc:614982042(7)(2016-03-31_09-17-12-739)
UpdateRoomServerInfo,name:RoomSvr1,idle room num:2560,cur user num:0(14)(2016-03-31_09-17-19-374)
UpdateRoomServerInfo,name:RoomSvr1,idle room num:2560,cur user num:0(14)(2016-03-31_09-17-39-393)
[Debug]:Init UserCombatInfo: SceneId = 2011, StartTime = 47993, GoldSum = 324, Exp = 30, RewardItem = 101001, ItemCount = 2(14)(2016-03-31_09-17-46-687)
UpdateRoomServerInfo,name:RoomSvr1,idle room num:2560,cur user num:0(14)(2016-03-31_09-17-59-417)
UpdateRoomServerInfo,name:RoomSvr1,idle room num:2560,cur user num:0(14)(2016-03-31_09-18-19-439)
UpdateRoomServerInfo,name:RoomSvr1,idle room num:2560,cur user num:0(14)(2016-03-31_09-18-39-464)
user 1 completed mission 10013.(3)(2016-03-31_09-18-52-025)
[Debug]:Init UserCombatInfo: SceneId = 1013, StartTime = 120400, GoldSum = 48, Exp = 4, RewardItem = 101001, ItemCount = 1(14)(2016-03-31_09-18-59-093)
UpdateRoomServerInfo,name:RoomSvr1,idle room num:2560,cur user num:0(14)(2016-03-31_09-18-59-474)
UpdateRoomServerInfo,name:RoomSvr1,idle room num:2560,cur user num:0(14)(2016-03-31_09-19-19-494)
UpdateRoomServerInfo,name:RoomSvr1,idle room num:2560,cur user num:0(14)(2016-03-31_09-19-39-519)
user 1 completed mission 10001.(9)(2016-03-31_09-19-49-579)
UpdateRoomServerInfo,name:RoomSvr1,idle room num:2560,cur user num:0(14)(2016-03-31_09-19-59-545)
[Debug]:Init UserCombatInfo: SceneId = 1014, StartTime = 195058, GoldSum = 72, Exp = 6, RewardItem = 101001, ItemCount = 2(14)(2016-03-31_09-20-13-750)
UpdateRoomServerInfo,name:RoomSvr1,idle room num:2560,cur user num:0(14)(2016-03-31_09-20-19-557)
UpdateRoomServerInfo,name:RoomSvr1,idle room num:2560,cur user num:0(14)(2016-03-31_09-20-39-580)
UpdateRoomServerInfo,name:RoomSvr1,idle room num:2560,cur user num:0(14)(2016-03-31_09-20-59-595)
UpdateRoomServerInfo,name:RoomSvr1,idle room num:2560,cur user num:0(14)(2016-03-31_09-21-19-619)
user 1 completed mission 10002.(9)(2016-03-31_09-21-20-390)
user 1 completed mission 40001.(9)(2016-03-31_09-21-20-391)
UpdateRoomServerInfo,name:RoomSvr1,idle room num:2560,cur user num:0(14)(2016-03-31_09-21-39-643)
[Debug]:Init UserCombatInfo: SceneId = 1011, StartTime = 281311, GoldSum = 12, Exp = 10, RewardItem = 14105, ItemCount = 1(14)(2016-03-31_09-21-40-003)
UpdateRoomServerInfo,name:RoomSvr1,idle room num:2560,cur user num:0(14)(2016-03-31_09-21-59-667)
UpdateRoomServerInfo,name:RoomSvr1,idle room num:2560,cur user num:0(14)(2016-03-31_09-22-19-681)
user 1 completed mission 10003.(4)(2016-03-31_09-22-30-012)
UpdateRoomServerInfo,name:RoomSvr1,idle room num:2560,cur user num:0(14)(2016-03-31_09-22-39-699)
[Debug]:Init UserCombatInfo: SceneId = 1015, StartTime = 347781, GoldSum = 96, Exp = 8, RewardItem = 23106, ItemCount = 1(14)(2016-03-31_09-22-46-474)
UpdateRoomServerInfo,name:RoomSvr1,idle room num:2560,cur user num:0(14)(2016-03-31_09-22-59-720)
UpdateRoomServerInfo,name:RoomSvr1,idle room num:2560,cur user num:0(14)(2016-03-31_09-23-19-749)
UpdateRoomServerInfo,name:RoomSvr1,idle room num:2560,cur user num:0(14)(2016-03-31_09-23-39-764)
UpdateRoomServerInfo,name:RoomSvr1,idle room num:2560,cur user num:0(14)(2016-03-31_09-23-59-791)
user 1 completed mission 10004.(10)(2016-03-31_09-24-00-717)
UpdateRoomServerInfo,name:RoomSvr1,idle room num:2560,cur user num:0(14)(2016-03-31_09-24-19-817)
[Debug]:Init UserCombatInfo: SceneId = 1016, StartTime = 441477, GoldSum = 120, Exp = 10, RewardItem = 24103, ItemCount = 1(14)(2016-03-31_09-24-20-169)
UpdateRoomServerInfo,name:RoomSvr1,idle room num:2560,cur user num:0(14)(2016-03-31_09-24-39-841)
UpdateRoomServerInfo,name:RoomSvr1,idle room num:2560,cur user num:0(14)(2016-03-31_09-24-59-869)
UpdateRoomServerInfo,name:RoomSvr1,idle room num:2560,cur user num:0(14)(2016-03-31_09-25-19-884)
UpdateRoomServerInfo,name:RoomSvr1,idle room num:2560,cur user num:0(14)(2016-03-31_09-25-39-904)
user 1 completed mission 10005.(5)(2016-03-31_09-25-51-046)
UpdateRoomServerInfo,name:RoomSvr1,idle room num:2560,cur user num:0(14)(2016-03-31_09-25-59-928)
UpdateRoomServerInfo,name:RoomSvr1,idle room num:2560,cur user num:0(14)(2016-03-31_09-26-19-965)
UpdateRoomServerInfo,name:RoomSvr1,idle room num:2560,cur user num:0(14)(2016-03-31_09-26-39-969)
UpdateRoomServerInfo,name:RoomSvr1,idle room num:2560,cur user num:0(14)(2016-03-31_09-27-00-003)
UpdateRoomServerInfo,name:RoomSvr1,idle room num:2560,cur user num:0(14)(2016-03-31_09-27-20-002)
UpdateRoomServerInfo,name:RoomSvr1,idle room num:2560,cur user num:0(14)(2016-03-31_09-27-40-020)
UpdateRoomServerInfo,name:RoomSvr1,idle room num:2560,cur user num:0(14)(2016-03-31_09-28-00-037)
UpdateRoomServerInfo,name:RoomSvr1,idle room num:2560,cur user num:0(14)(2016-03-31_09-28-20-052)
UpdateRoomServerInfo,name:RoomSvr1,idle room num:2560,cur user num:0(14)(2016-03-31_09-28-40-080)
UpdateRoomServerInfo,name:RoomSvr1,idle room num:2560,cur user num:0(14)(2016-03-31_09-29-00-090)
UpdateRoomServerInfo,name:RoomSvr1,idle room num:2560,cur user num:0(14)(2016-03-31_09-29-20-111)
UpdateRoomServerInfo,name:RoomSvr1,idle room num:2560,cur user num:0(14)(2016-03-31_09-29-40-124)
UpdateRoomServerInfo,name:RoomSvr1,idle room num:2560,cur user num:0(14)(2016-03-31_09-30-00-155)
UpdateRoomServerInfo,name:RoomSvr1,idle room num:2560,cur user num:0(14)(2016-03-31_09-30-20-160)
UpdateRoomServerInfo,name:RoomSvr1,idle room num:2560,cur user num:0(14)(2016-03-31_09-30-40-178)
UpdateRoomServerInfo,name:RoomSvr1,idle room num:2560,cur user num:0(14)(2016-03-31_09-31-00-199)
UpdateRoomServerInfo,name:RoomSvr1,idle room num:2560,cur user num:0(14)(2016-03-31_09-31-20-216)
UpdateRoomServerInfo,name:RoomSvr1,idle room num:2560,cur user num:0(14)(2016-03-31_09-31-40-240)
UpdateRoomServerInfo,name:RoomSvr1,idle room num:2560,cur user num:0(14)(2016-03-31_09-32-00-259)
UpdateRoomServerInfo,name:RoomSvr1,idle room num:2560,cur user num:0(14)(2016-03-31_09-32-20-281)
UpdateRoomServerInfo,name:RoomSvr1,idle room num:2560,cur user num:0(14)(2016-03-31_09-32-40-289)
UpdateRoomServerInfo,name:RoomSvr1,idle room num:2560,cur user num:0(14)(2016-03-31_09-33-00-304)
UpdateRoomServerInfo,name:RoomSvr1,idle room num:2560,cur user num:0(14)(2016-03-31_09-33-20-314)
[Debug]:Init UserCombatInfo: SceneId = 1017, StartTime = 999769, GoldSum = 144, Exp = 12, RewardItem = 101001, ItemCount = 2(14)(2016-03-31_09-33-38-461)
UpdateRoomServerInfo,name:RoomSvr1,idle room num:2560,cur user num:0(14)(2016-03-31_09-33-40-358)
UpdateRoomServerInfo,name:RoomSvr1,idle room num:2560,cur user num:0(14)(2016-03-31_09-34-00-382)
UpdateRoomServerInfo,name:RoomSvr1,idle room num:2560,cur user num:0(14)(2016-03-31_09-34-20-393)
user 1 completed mission 10007.(10)(2016-03-31_09-34-30-769)
UpdateRoomServerInfo,name:RoomSvr1,idle room num:2560,cur user num:0(14)(2016-03-31_09-34-40-414)
[Debug]:Init UserCombatInfo: SceneId = 1018, StartTime = 1069591, GoldSum = 168, Exp = 14, RewardItem = 101001, ItemCount = 2(14)(2016-03-31_09-34-48-283)
UpdateRoomServerInfo,name:RoomSvr1,idle room num:2560,cur user num:0(14)(2016-03-31_09-35-00-441)
UpdateRoomServerInfo,name:RoomSvr1,idle room num:2560,cur user num:0(14)(2016-03-31_09-35-20-464)
UpdateRoomServerInfo,name:RoomSvr1,idle room num:2560,cur user num:0(14)(2016-03-31_09-35-40-462)
UpdateRoomServerInfo,name:RoomSvr1,idle room num:2560,cur user num:0(14)(2016-03-31_09-36-00-489)
user 1 completed mission 10008.(10)(2016-03-31_09-36-04-962)
UpdateRoomServerInfo,name:RoomSvr1,idle room num:2560,cur user num:0(14)(2016-03-31_09-36-20-499)
[Debug]:Init UserCombatInfo: SceneId = 1019, StartTime = 1164569, GoldSum = 400, Exp = 16, RewardItem = 101001, ItemCount = 2(14)(2016-03-31_09-36-23-261)
UpdateRoomServerInfo,name:RoomSvr1,idle room num:2560,cur user num:0(14)(2016-03-31_09-36-40-515)
UpdateRoomServerInfo,name:RoomSvr1,idle room num:2560,cur user num:0(14)(2016-03-31_09-37-00-536)
user 1 completed mission 10009.(5)(2016-03-31_09-37-18-915)
user 1 completed mission 21001.(5)(2016-03-31_09-37-18-916)
UpdateRoomServerInfo,name:RoomSvr1,idle room num:2560,cur user num:0(14)(2016-03-31_09-37-20-567)
UpdateRoomServerInfo,name:RoomSvr1,idle room num:2560,cur user num:0(14)(2016-03-31_09-37-40-580)
[Debug]:Init UserCombatInfo: SceneId = 1021, StartTime = 1242799, GoldSum = 240, Exp = 18, RewardItem = 101001, ItemCount = 1(14)(2016-03-31_09-37-41-491)
UpdateRoomServerInfo,name:RoomSvr1,idle room num:2560,cur user num:0(14)(2016-03-31_09-38-00-599)
UpdateRoomServerInfo,name:RoomSvr1,idle room num:2560,cur user num:0(14)(2016-03-31_09-38-20-605)
user 1 completed mission 10010.(9)(2016-03-31_09-38-34-873)
UpdateRoomServerInfo,name:RoomSvr1,idle room num:2560,cur user num:0(14)(2016-03-31_09-38-40-648)
UpdateRoomServerInfo,name:RoomSvr1,idle room num:2560,cur user num:0(14)(2016-03-31_09-39-00-658)
UpdateRoomServerInfo,name:RoomSvr1,idle room num:2560,cur user num:0(14)(2016-03-31_09-39-20-686)
UpdateRoomServerInfo,name:RoomSvr1,idle room num:2560,cur user num:0(14)(2016-03-31_09-39-40-718)
UpdateRoomServerInfo,name:RoomSvr1,idle room num:2560,cur user num:0(14)(2016-03-31_09-40-00-755)
UpdateRoomServerInfo,name:RoomSvr1,idle room num:2560,cur user num:0(14)(2016-03-31_09-40-20-774)
UpdateRoomServerInfo,name:RoomSvr1,idle room num:2560,cur user num:0(14)(2016-03-31_09-40-40-790)
UpdateRoomServerInfo,name:RoomSvr1,idle room num:2560,cur user num:0(14)(2016-03-31_09-41-00-817)
UpdateRoomServerInfo,name:RoomSvr1,idle room num:2560,cur user num:0(14)(2016-03-31_09-41-20-831)
UpdateRoomServerInfo,name:RoomSvr1,idle room num:2560,cur user num:0(14)(2016-03-31_09-41-40-862)
UpdateRoomServerInfo,name:RoomSvr1,idle room num:2560,cur user num:0(14)(2016-03-31_09-42-00-880)
UpdateRoomServerInfo,name:RoomSvr1,idle room num:2560,cur user num:0(14)(2016-03-31_09-42-20-909)
UpdateRoomServerInfo,name:RoomSvr1,idle room num:2560,cur user num:0(14)(2016-03-31_09-42-40-930)
UpdateRoomServerInfo,name:RoomSvr1,idle room num:2560,cur user num:0(14)(2016-03-31_09-43-00-939)
UpdateRoomServerInfo,name:RoomSvr1,idle room num:2560,cur user num:0(14)(2016-03-31_09-43-20-958)
UpdateRoomServerInfo,name:RoomSvr1,idle room num:2560,cur user num:0(14)(2016-03-31_09-43-40-967)
UpdateRoomServerInfo,name:RoomSvr1,idle room num:2560,cur user num:0(14)(2016-03-31_09-44-00-994)
UpdateRoomServerInfo,name:RoomSvr1,idle room num:2560,cur user num:0(14)(2016-03-31_09-44-21-012)
UpdateRoomServerInfo,name:RoomSvr1,idle room num:2560,cur user num:0(14)(2016-03-31_09-44-41-034)
UpdateRoomServerInfo,name:RoomSvr1,idle room num:2560,cur user num:0(14)(2016-03-31_09-45-01-047)
UpdateRoomServerInfo,name:RoomSvr1,idle room num:2560,cur user num:0(14)(2016-03-31_09-45-21-073)
UpdateRoomServerInfo,name:RoomSvr1,idle room num:2560,cur user num:0(14)(2016-03-31_09-45-41-094)
UpdateRoomServerInfo,name:RoomSvr1,idle room num:2560,cur user num:0(14)(2016-03-31_09-46-01-127)
UpdateRoomServerInfo,name:RoomSvr1,idle room num:2560,cur user num:0(14)(2016-03-31_09-46-21-154)
UpdateRoomServerInfo,name:RoomSvr1,idle room num:2560,cur user num:0(14)(2016-03-31_09-46-41-169)
UpdateRoomServerInfo,name:RoomSvr1,idle room num:2560,cur user num:0(14)(2016-03-31_09-47-01-197)
UpdateRoomServerInfo,name:RoomSvr1,idle room num:2560,cur user num:0(14)(2016-03-31_09-47-21-222)
UpdateRoomServerInfo,name:RoomSvr1,idle room num:2560,cur user num:0(14)(2016-03-31_09-47-41-247)
UpdateRoomServerInfo,name:RoomSvr1,idle room num:2560,cur user num:0(14)(2016-03-31_09-48-01-253)
UpdateRoomServerInfo,name:RoomSvr1,idle room num:2560,cur user num:0(14)(2016-03-31_09-48-21-288)
UpdateRoomServerInfo,name:RoomSvr1,idle room num:2560,cur user num:0(14)(2016-03-31_09-48-41-313)
UpdateRoomServerInfo,name:RoomSvr1,idle room num:2560,cur user num:0(14)(2016-03-31_09-49-01-327)
UpdateRoomServerInfo,name:RoomSvr1,idle room num:2560,cur user num:0(14)(2016-03-31_09-49-21-349)
UpdateRoomServerInfo,name:RoomSvr1,idle room num:2560,cur user num:0(14)(2016-03-31_09-49-41-373)
UpdateRoomServerInfo,name:RoomSvr1,idle room num:2560,cur user num:0(14)(2016-03-31_09-50-01-393)
UpdateRoomServerInfo,name:RoomSvr1,idle room num:2560,cur user num:0(14)(2016-03-31_09-50-21-418)
UpdateRoomServerInfo,name:RoomSvr1,idle room num:2560,cur user num:0(14)(2016-03-31_09-50-41-431)
UpdateRoomServerInfo,name:RoomSvr1,idle room num:2560,cur user num:0(14)(2016-03-31_09-51-01-461)
UpdateRoomServerInfo,name:RoomSvr1,idle room num:2560,cur user num:0(14)(2016-03-31_09-51-21-477)
UpdateRoomServerInfo,name:RoomSvr1,idle room num:2560,cur user num:0(14)(2016-03-31_09-51-41-502)
UpdateRoomServerInfo,name:RoomSvr1,idle room num:2560,cur user num:0(14)(2016-03-31_09-52-01-520)
UpdateRoomServerInfo,name:RoomSvr1,idle room num:2560,cur user num:0(14)(2016-03-31_09-52-21-545)
UpdateRoomServerInfo,name:RoomSvr1,idle room num:2560,cur user num:0(14)(2016-03-31_09-52-41-569)
UpdateRoomServerInfo,name:RoomSvr1,idle room num:2560,cur user num:0(14)(2016-03-31_09-53-01-585)
UpdateRoomServerInfo,name:RoomSvr1,idle room num:2560,cur user num:0(14)(2016-03-31_09-53-21-625)
UpdateRoomServerInfo,name:RoomSvr1,idle room num:2560,cur user num:0(14)(2016-03-31_09-53-41-641)
UpdateRoomServerInfo,name:RoomSvr1,idle room num:2560,cur user num:0(14)(2016-03-31_09-54-01-659)
UpdateRoomServerInfo,name:RoomSvr1,idle room num:2560,cur user num:0(14)(2016-03-31_09-54-21-684)
UpdateRoomServerInfo,name:RoomSvr1,idle room num:2560,cur user num:0(14)(2016-03-31_09-54-41-697)
UpdateRoomServerInfo,name:RoomSvr1,idle room num:2560,cur user num:0(14)(2016-03-31_09-55-01-718)
UpdateRoomServerInfo,name:RoomSvr1,idle room num:2560,cur user num:0(14)(2016-03-31_09-55-21-729)
UpdateRoomServerInfo,name:RoomSvr1,idle room num:2560,cur user num:0(14)(2016-03-31_09-55-41-769)
UpdateRoomServerInfo,name:RoomSvr1,idle room num:2560,cur user num:0(14)(2016-03-31_09-56-01-799)
UpdateRoomServerInfo,name:RoomSvr1,idle room num:2560,cur user num:0(14)(2016-03-31_09-56-21-810)
UpdateRoomServerInfo,name:RoomSvr1,idle room num:2560,cur user num:0(14)(2016-03-31_09-56-41-840)
UpdateRoomServerInfo,name:RoomSvr1,idle room num:2560,cur user num:0(14)(2016-03-31_09-57-01-843)
UpdateRoomServerInfo,name:RoomSvr1,idle room num:2560,cur user num:0(14)(2016-03-31_09-57-21-873)
UpdateRoomServerInfo,name:RoomSvr1,idle room num:2560,cur user num:0(14)(2016-03-31_09-57-41-900)
UpdateRoomServerInfo,name:RoomSvr1,idle room num:2560,cur user num:0(14)(2016-03-31_09-58-01-909)
UpdateRoomServerInfo,name:RoomSvr1,idle room num:2560,cur user num:0(14)(2016-03-31_09-58-21-931)
UpdateRoomServerInfo,name:RoomSvr1,idle room num:2560,cur user num:0(14)(2016-03-31_09-58-41-955)
UpdateRoomServerInfo,name:RoomSvr1,idle room num:2560,cur user num:0(14)(2016-03-31_09-59-01-967)
UpdateRoomServerInfo,name:RoomSvr1,idle room num:2560,cur user num:0(14)(2016-03-31_09-59-21-998)
UpdateRoomServerInfo,name:RoomSvr1,idle room num:2560,cur user num:0(14)(2016-03-31_09-59-42-020)
UpdateRoomServerInfo,name:RoomSvr1,idle room num:2560,cur user num:0(14)(2016-03-31_10-00-02-043)
UpdateRoomServerInfo,name:RoomSvr1,idle room num:2560,cur user num:0(14)(2016-03-31_10-00-22-074)
UpdateRoomServerInfo,name:RoomSvr1,idle room num:2560,cur user num:0(14)(2016-03-31_10-00-42-096)
UpdateRoomServerInfo,name:RoomSvr1,idle room num:2560,cur user num:0(14)(2016-03-31_10-01-02-117)
UpdateRoomServerInfo,name:RoomSvr1,idle room num:2560,cur user num:0(14)(2016-03-31_10-01-22-151)
UpdateRoomServerInfo,name:RoomSvr1,idle room num:2560,cur user num:0(14)(2016-03-31_10-01-42-177)
UpdateRoomServerInfo,name:RoomSvr1,idle room num:2560,cur user num:0(14)(2016-03-31_10-02-02-204)
UpdateRoomServerInfo,name:RoomSvr1,idle room num:2560,cur user num:0(14)(2016-03-31_10-02-22-228)
UpdateRoomServerInfo,name:RoomSvr1,idle room num:2560,cur user num:0(14)(2016-03-31_10-02-42-249)
UpdateRoomServerInfo,name:RoomSvr1,idle room num:2560,cur user num:0(14)(2016-03-31_10-03-02-276)
UpdateRoomServerInfo,name:RoomSvr1,idle room num:2560,cur user num:0(14)(2016-03-31_10-03-22-283)
UpdateRoomServerInfo,name:RoomSvr1,idle room num:2560,cur user num:0(14)(2016-03-31_10-03-42-309)
UpdateRoomServerInfo,name:RoomSvr1,idle room num:2560,cur user num:0(14)(2016-03-31_10-04-02-331)
UpdateRoomServerInfo,name:RoomSvr1,idle room num:2560,cur user num:0(14)(2016-03-31_10-04-22-362)
UpdateRoomServerInfo,name:RoomSvr1,idle room num:2560,cur user num:0(14)(2016-03-31_10-04-42-383)
UpdateRoomServerInfo,name:RoomSvr1,idle room num:2560,cur user num:0(14)(2016-03-31_10-05-02-397)
UpdateRoomServerInfo,name:RoomSvr1,idle room num:2560,cur user num:0(14)(2016-03-31_10-05-22-423)
UpdateRoomServerInfo,name:RoomSvr1,idle room num:2560,cur user num:0(14)(2016-03-31_10-05-42-448)
UpdateRoomServerInfo,name:RoomSvr1,idle room num:2560,cur user num:0(14)(2016-03-31_10-06-02-459)
[Debug]:Init UserCombatInfo: SceneId = 1022, StartTime = 2953984, GoldSum = 264, Exp = 20, RewardItem = 34105, ItemCount = 1(14)(2016-03-31_10-06-12-677)
UpdateRoomServerInfo,name:RoomSvr1,idle room num:2560,cur user num:0(14)(2016-03-31_10-06-22-483)
UpdateRoomServerInfo,name:RoomSvr1,idle room num:2560,cur user num:0(14)(2016-03-31_10-06-42-508)
UpdateRoomServerInfo,name:RoomSvr1,idle room num:2560,cur user num:0(14)(2016-03-31_10-07-02-538)
user 1 completed mission 10011.(5)(2016-03-31_10-07-17-298)
UpdateRoomServerInfo,name:RoomSvr1,idle room num:2560,cur user num:0(14)(2016-03-31_10-07-22-569)
[Debug]:Init UserCombatInfo: SceneId = 1023, StartTime = 3035781, GoldSum = 288, Exp = 20, RewardItem = 34103, ItemCount = 1(14)(2016-03-31_10-07-34-473)
UpdateRoomServerInfo,name:RoomSvr1,idle room num:2560,cur user num:0(14)(2016-03-31_10-07-42-595)
UpdateRoomServerInfo,name:RoomSvr1,idle room num:2560,cur user num:0(14)(2016-03-31_10-08-02-605)
user 1 completed mission 10012.(6)(2016-03-31_10-08-22-323)
UpdateRoomServerInfo,name:RoomSvr1,idle room num:2560,cur user num:0(14)(2016-03-31_10-08-22-631)
[Debug]:Init UserCombatInfo: SceneId = 1024, StartTime = 3100817, GoldSum = 312, Exp = 22, RewardItem = 101001, ItemCount = 1(14)(2016-03-31_10-08-39-509)
UpdateRoomServerInfo,name:RoomSvr1,idle room num:2560,cur user num:0(14)(2016-03-31_10-08-42-667)
UpdateRoomServerInfo,name:RoomSvr1,idle room num:2560,cur user num:0(14)(2016-03-31_10-09-02-667)
UpdateRoomServerInfo,name:RoomSvr1,idle room num:2560,cur user num:0(14)(2016-03-31_10-09-22-696)
UpdateRoomServerInfo,name:RoomSvr1,idle room num:2560,cur user num:0(14)(2016-03-31_10-09-42-725)
UpdateRoomServerInfo,name:RoomSvr1,idle room num:2560,cur user num:0(14)(2016-03-31_10-10-02-753)
UpdateRoomServerInfo,name:RoomSvr1,idle room num:2560,cur user num:0(14)(2016-03-31_10-10-22-766)
user 1 completed mission 10014.(5)(2016-03-31_10-10-36-939)
UpdateRoomServerInfo,name:RoomSvr1,idle room num:2560,cur user num:0(14)(2016-03-31_10-10-42-776)
[Debug]:Init UserCombatInfo: SceneId = 1025, StartTime = 3235092, GoldSum = 336, Exp = 24, RewardItem = 101001, ItemCount = 1(14)(2016-03-31_10-10-53-784)
UpdateRoomServerInfo,name:RoomSvr1,idle room num:2560,cur user num:0(14)(2016-03-31_10-11-02-806)
UpdateRoomServerInfo,name:RoomSvr1,idle room num:2560,cur user num:0(14)(2016-03-31_10-11-22-827)
user 1 completed mission 10015.(6)(2016-03-31_10-11-42-326)
UpdateRoomServerInfo,name:RoomSvr1,idle room num:2560,cur user num:0(14)(2016-03-31_10-11-42-857)
[Debug]:Init UserCombatInfo: SceneId = 1026, StartTime = 3301469, GoldSum = 360, Exp = 26, RewardItem = 101001, ItemCount = 1(14)(2016-03-31_10-12-00-162)
UpdateRoomServerInfo,name:RoomSvr1,idle room num:2560,cur user num:0(14)(2016-03-31_10-12-02-882)
UpdateRoomServerInfo,name:RoomSvr1,idle room num:2560,cur user num:0(14)(2016-03-31_10-12-22-895)
user 1 completed mission 10016.(6)(2016-03-31_10-12-40-288)
UpdateRoomServerInfo,name:RoomSvr1,idle room num:2560,cur user num:0(14)(2016-03-31_10-12-42-927)
UpdateRoomServerInfo,name:RoomSvr1,idle room num:2560,cur user num:0(14)(2016-03-31_10-13-02-949)
UpdateRoomServerInfo,name:RoomSvr1,idle room num:2560,cur user num:0(14)(2016-03-31_10-13-22-972)
UpdateRoomServerInfo,name:RoomSvr1,idle room num:2560,cur user num:0(14)(2016-03-31_10-13-43-016)
UpdateRoomServerInfo,name:RoomSvr1,idle room num:2560,cur user num:0(14)(2016-03-31_10-14-03-028)
UpdateRoomServerInfo,name:RoomSvr1,idle room num:2560,cur user num:0(14)(2016-03-31_10-14-23-047)
UpdateRoomServerInfo,name:RoomSvr1,idle room num:2560,cur user num:0(14)(2016-03-31_10-14-43-078)
UpdateRoomServerInfo,name:RoomSvr1,idle room num:2560,cur user num:0(14)(2016-03-31_10-15-03-114)
UpdateRoomServerInfo,name:RoomSvr1,idle room num:2560,cur user num:0(14)(2016-03-31_10-15-23-139)
UpdateRoomServerInfo,name:RoomSvr1,idle room num:2560,cur user num:0(14)(2016-03-31_10-15-43-174)
UpdateRoomServerInfo,name:RoomSvr1,idle room num:2560,cur user num:0(14)(2016-03-31_10-16-03-192)
UpdateRoomServerInfo,name:RoomSvr1,idle room num:2560,cur user num:0(14)(2016-03-31_10-16-23-224)
UpdateRoomServerInfo,name:RoomSvr1,idle room num:2560,cur user num:0(14)(2016-03-31_10-16-43-236)
UpdateRoomServerInfo,name:RoomSvr1,idle room num:2560,cur user num:0(14)(2016-03-31_10-17-03-257)
UpdateRoomServerInfo,name:RoomSvr1,idle room num:2560,cur user num:0(14)(2016-03-31_10-17-23-294)
UpdateRoomServerInfo,name:RoomSvr1,idle room num:2560,cur user num:0(14)(2016-03-31_10-17-43-305)
UpdateRoomServerInfo,name:RoomSvr1,idle room num:2560,cur user num:0(14)(2016-03-31_10-18-03-326)
UpdateRoomServerInfo,name:RoomSvr1,idle room num:2560,cur user num:0(14)(2016-03-31_10-18-23-346)
UpdateRoomServerInfo,name:RoomSvr1,idle room num:2560,cur user num:0(14)(2016-03-31_10-18-43-385)
UpdateRoomServerInfo,name:RoomSvr1,idle room num:2560,cur user num:0(14)(2016-03-31_10-19-03-395)
UpdateRoomServerInfo,name:RoomSvr1,idle room num:2560,cur user num:0(14)(2016-03-31_10-19-23-429)
UpdateRoomServerInfo,name:RoomSvr1,idle room num:2560,cur user num:0(14)(2016-03-31_10-19-43-446)
[Debug]:Init UserCombatInfo: SceneId = 1027, StartTime = 3784309, GoldSum = 384, Exp = 28, RewardItem = 101001, ItemCount = 2(14)(2016-03-31_10-20-03-001)
UpdateRoomServerInfo,name:RoomSvr1,idle room num:2560,cur user num:0(14)(2016-03-31_10-20-03-474)
UpdateRoomServerInfo,name:RoomSvr1,idle room num:2560,cur user num:0(14)(2016-03-31_10-20-23-496)
UpdateRoomServerInfo,name:RoomSvr1,idle room num:2560,cur user num:0(14)(2016-03-31_10-20-43-516)
UpdateRoomServerInfo,name:RoomSvr1,idle room num:2560,cur user num:0(14)(2016-03-31_10-21-03-544)
user 1 completed mission 10017.(8)(2016-03-31_10-21-11-033)
UpdateRoomServerInfo,name:RoomSvr1,idle room num:2560,cur user num:0(14)(2016-03-31_10-21-23-556)
[Debug]:Init UserCombatInfo: SceneId = 1028, StartTime = 3868709, GoldSum = 408, Exp = 30, RewardItem = 35103, ItemCount = 1(14)(2016-03-31_10-21-27-401)
[Debug]:Init UserCombatInfo: SceneId = 1028, StartTime = 3871543, GoldSum = 408, Exp = 30, RewardItem = 101001, ItemCount = 2(14)(2016-03-31_10-21-30-235)
[Debug]:Init UserCombatInfo: SceneId = 1028, StartTime = 3873361, GoldSum = 408, Exp = 30, RewardItem = 101001, ItemCount = 2(14)(2016-03-31_10-21-32-053)
[Debug]:Init UserCombatInfo: SceneId = 1028, StartTime = 3873552, GoldSum = 408, Exp = 30, RewardItem = 101001, ItemCount = 1(14)(2016-03-31_10-21-32-244)
[Debug]:Init UserCombatInfo: SceneId = 1028, StartTime = 3873764, GoldSum = 408, Exp = 30, RewardItem = 101001, ItemCount = 1(14)(2016-03-31_10-21-32-456)
[Debug]:Init UserCombatInfo: SceneId = 1028, StartTime = 3873985, GoldSum = 408, Exp = 30, RewardItem = 101001, ItemCount = 2(14)(2016-03-31_10-21-32-677)
[Debug]:Init UserCombatInfo: SceneId = 1028, StartTime = 3874261, GoldSum = 408, Exp = 30, RewardItem = 101001, ItemCount = 2(14)(2016-03-31_10-21-32-953)
[Debug]:Init UserCombatInfo: SceneId = 1028, StartTime = 3874522, GoldSum = 408, Exp = 30, RewardItem = 101001, ItemCount = 2(14)(2016-03-31_10-21-33-214)
[Debug]:Init UserCombatInfo: SceneId = 1028, StartTime = 3874826, GoldSum = 408, Exp = 30, RewardItem = 101001, ItemCount = 1(14)(2016-03-31_10-21-33-518)
[Debug]:Init UserCombatInfo: SceneId = 1028, StartTime = 3875019, GoldSum = 408, Exp = 30, RewardItem = 101001, ItemCount = 1(14)(2016-03-31_10-21-33-711)
[Debug]:Init UserCombatInfo: SceneId = 1028, StartTime = 3875180, GoldSum = 408, Exp = 30, RewardItem = 35106, ItemCount = 1(14)(2016-03-31_10-21-33-872)
[Debug]:Init UserCombatInfo: SceneId = 1028, StartTime = 3875332, GoldSum = 408, Exp = 30, RewardItem = 101001, ItemCount = 1(14)(2016-03-31_10-21-34-024)
[Debug]:Init UserCombatInfo: SceneId = 1028, StartTime = 3879962, GoldSum = 408, Exp = 30, RewardItem = 101001, ItemCount = 2(14)(2016-03-31_10-21-38-655)
[Debug]:Init UserCombatInfo: SceneId = 1028, StartTime = 3880113, GoldSum = 408, Exp = 30, RewardItem = 101001, ItemCount = 1(14)(2016-03-31_10-21-38-806)
[Debug]:Init UserCombatInfo: SceneId = 1028, StartTime = 3880265, GoldSum = 408, Exp = 30, RewardItem = 101001, ItemCount = 1(14)(2016-03-31_10-21-38-958)
[Debug]:Init UserCombatInfo: SceneId = 1028, StartTime = 3880446, GoldSum = 408, Exp = 30, RewardItem = 101001, ItemCount = 1(14)(2016-03-31_10-21-39-139)
[Debug]:Init UserCombatInfo: SceneId = 1028, StartTime = 3880567, GoldSum = 408, Exp = 30, RewardItem = 101001, ItemCount = 2(14)(2016-03-31_10-21-39-260)
[Debug]:Init UserCombatInfo: SceneId = 1028, StartTime = 3880737, GoldSum = 408, Exp = 30, RewardItem = 101001, ItemCount = 1(14)(2016-03-31_10-21-39-430)
[Debug]:Init UserCombatInfo: SceneId = 1028, StartTime = 3880929, GoldSum = 408, Exp = 30, RewardItem = 101001, ItemCount = 1(14)(2016-03-31_10-21-39-622)
[Debug]:Init UserCombatInfo: SceneId = 1028, StartTime = 3881090, GoldSum = 408, Exp = 30, RewardItem = 101001, ItemCount = 2(14)(2016-03-31_10-21-39-783)
[Debug]:Init UserCombatInfo: SceneId = 1028, StartTime = 3881262, GoldSum = 408, Exp = 30, RewardItem = 101001, ItemCount = 2(14)(2016-03-31_10-21-39-955)
[Debug]:Init UserCombatInfo: SceneId = 1028, StartTime = 3881394, GoldSum = 408, Exp = 30, RewardItem = 101001, ItemCount = 2(14)(2016-03-31_10-21-40-086)
[Debug]:Init UserCombatInfo: SceneId = 1028, StartTime = 3881556, GoldSum = 408, Exp = 30, RewardItem = 101001, ItemCount = 1(14)(2016-03-31_10-21-40-248)
[Debug]:Init UserCombatInfo: SceneId = 1028, StartTime = 3881707, GoldSum = 408, Exp = 30, RewardItem = 101001, ItemCount = 2(14)(2016-03-31_10-21-40-399)
[Debug]:Init UserCombatInfo: SceneId = 1028, StartTime = 3881881, GoldSum = 408, Exp = 30, RewardItem = 101001, ItemCount = 2(14)(2016-03-31_10-21-40-573)
UpdateRoomServerInfo,name:RoomSvr1,idle room num:2560,cur user num:0(14)(2016-03-31_10-21-43-597)
UpdateRoomServerInfo,name:RoomSvr1,idle room num:2560,cur user num:0(14)(2016-03-31_10-22-03-617)
UpdateRoomServerInfo,name:RoomSvr1,idle room num:2560,cur user num:0(14)(2016-03-31_10-22-23-638)
UpdateRoomServerInfo,name:RoomSvr1,idle room num:2560,cur user num:0(14)(2016-03-31_10-22-43-670)
UpdateRoomServerInfo,name:RoomSvr1,idle room num:2560,cur user num:0(14)(2016-03-31_10-23-03-687)
UpdateRoomServerInfo,name:RoomSvr1,idle room num:2560,cur user num:0(14)(2016-03-31_10-23-23-708)
UpdateRoomServerInfo,name:RoomSvr1,idle room num:2560,cur user num:0(14)(2016-03-31_10-23-43-722)
UpdateRoomServerInfo,name:RoomSvr1,idle room num:2560,cur user num:0(14)(2016-03-31_10-24-03-747)
UpdateRoomServerInfo,name:RoomSvr1,idle room num:2560,cur user num:0(14)(2016-03-31_10-24-23-777)
UpdateRoomServerInfo,name:RoomSvr1,idle room num:2560,cur user num:0(14)(2016-03-31_10-24-43-783)
UpdateRoomServerInfo,name:RoomSvr1,idle room num:2560,cur user num:0(14)(2016-03-31_10-25-03-803)
UpdateRoomServerInfo,name:RoomSvr1,idle room num:2560,cur user num:0(14)(2016-03-31_10-25-23-816)
UpdateRoomServerInfo,name:RoomSvr1,idle room num:2560,cur user num:0(14)(2016-03-31_10-25-43-828)
UpdateRoomServerInfo,name:RoomSvr1,idle room num:2560,cur user num:0(14)(2016-03-31_10-26-03-858)
UpdateRoomServerInfo,name:RoomSvr1,idle room num:2560,cur user num:0(14)(2016-03-31_10-26-23-866)
UpdateRoomServerInfo,name:RoomSvr1,idle room num:2560,cur user num:0(14)(2016-03-31_10-26-43-890)
UpdateRoomServerInfo,name:RoomSvr1,idle room num:2560,cur user num:0(14)(2016-03-31_10-27-03-905)
UpdateRoomServerInfo,name:RoomSvr1,idle room num:2560,cur user num:0(14)(2016-03-31_10-27-23-921)
UpdateRoomServerInfo,name:RoomSvr1,idle room num:2560,cur user num:0(14)(2016-03-31_10-27-43-939)
UpdateRoomServerInfo,name:RoomSvr1,idle room num:2560,cur user num:0(14)(2016-03-31_10-28-03-962)
UpdateRoomServerInfo,name:RoomSvr1,idle room num:2560,cur user num:0(14)(2016-03-31_10-28-23-979)
UpdateRoomServerInfo,name:RoomSvr1,idle room num:2560,cur user num:0(14)(2016-03-31_10-28-44-015)
UpdateRoomServerInfo,name:RoomSvr1,idle room num:2560,cur user num:0(14)(2016-03-31_10-29-04-036)
UpdateRoomServerInfo,name:RoomSvr1,idle room num:2560,cur user num:0(14)(2016-03-31_10-29-24-060)
UpdateRoomServerInfo,name:RoomSvr1,idle room num:2560,cur user num:0(14)(2016-03-31_10-29-44-073)
UpdateRoomServerInfo,name:RoomSvr1,idle room num:2560,cur user num:0(14)(2016-03-31_10-30-04-092)
UpdateRoomServerInfo,name:RoomSvr1,idle room num:2560,cur user num:0(14)(2016-03-31_10-30-24-109)
UpdateRoomServerInfo,name:RoomSvr1,idle room num:2560,cur user num:0(14)(2016-03-31_10-30-44-146)
UpdateRoomServerInfo,name:RoomSvr1,idle room num:2560,cur user num:0(14)(2016-03-31_10-31-04-145)
UpdateRoomServerInfo,name:RoomSvr1,idle room num:2560,cur user num:0(14)(2016-03-31_10-31-24-178)
UpdateRoomServerInfo,name:RoomSvr1,idle room num:2560,cur user num:0(14)(2016-03-31_10-31-44-205)
UpdateRoomServerInfo,name:RoomSvr1,idle room num:2560,cur user num:0(14)(2016-03-31_10-32-04-216)
UpdateRoomServerInfo,name:RoomSvr1,idle room num:2560,cur user num:0(14)(2016-03-31_10-32-24-237)
UpdateRoomServerInfo,name:RoomSvr1,idle room num:2560,cur user num:0(14)(2016-03-31_10-32-44-251)
DoUserLogin,guid:1,nick:沃伦·丘吉尔,key:221717729,acc:614982042(3)(2016-03-31_10-32-51-805)
[Debug]:Init UserCombatInfo: SceneId = 1013, StartTime = 4559593, GoldSum = 48, Exp = 4, RewardItem = 101001, ItemCount = 1(14)(2016-03-31_10-32-58-286)
UpdateRoomServerInfo,name:RoomSvr1,idle room num:2560,cur user num:0(14)(2016-03-31_10-33-04-286)
UpdateRoomServerInfo,name:RoomSvr1,idle room num:2560,cur user num:0(14)(2016-03-31_10-33-24-308)
UpdateRoomServerInfo,name:RoomSvr1,idle room num:2560,cur user num:0(14)(2016-03-31_10-33-44-317)
UpdateRoomServerInfo,name:RoomSvr1,idle room num:2560,cur user num:0(14)(2016-03-31_10-34-04-336)
UpdateRoomServerInfo,name:RoomSvr1,idle room num:2560,cur user num:0(14)(2016-03-31_10-34-24-355)
UpdateRoomServerInfo,name:RoomSvr1,idle room num:2560,cur user num:0(14)(2016-03-31_10-34-44-374)
UpdateRoomServerInfo,name:RoomSvr1,idle room num:2560,cur user num:0(14)(2016-03-31_10-35-04-397)
UpdateRoomServerInfo,name:RoomSvr1,idle room num:2560,cur user num:0(14)(2016-03-31_10-35-24-406)
UpdateRoomServerInfo,name:RoomSvr1,idle room num:2560,cur user num:0(14)(2016-03-31_10-35-44-417)
UpdateRoomServerInfo,name:RoomSvr1,idle room num:2560,cur user num:0(14)(2016-03-31_10-36-04-428)
UpdateRoomServerInfo,name:RoomSvr1,idle room num:2560,cur user num:0(14)(2016-03-31_10-36-24-446)
UpdateRoomServerInfo,name:RoomSvr1,idle room num:2560,cur user num:0(14)(2016-03-31_10-36-44-460)
UpdateRoomServerInfo,name:RoomSvr1,idle room num:2560,cur user num:0(14)(2016-03-31_10-37-04-492)
UpdateRoomServerInfo,name:RoomSvr1,idle room num:2560,cur user num:0(14)(2016-03-31_10-37-24-488)
UpdateRoomServerInfo,name:RoomSvr1,idle room num:2560,cur user num:0(14)(2016-03-31_10-37-44-511)
UpdateRoomServerInfo,name:RoomSvr1,idle room num:2560,cur user num:0(14)(2016-03-31_10-38-04-510)
UpdateRoomServerInfo,name:RoomSvr1,idle room num:2560,cur user num:0(14)(2016-03-31_10-38-24-529)
UpdateRoomServerInfo,name:RoomSvr1,idle room num:2560,cur user num:0(14)(2016-03-31_10-38-44-543)
UpdateRoomServerInfo,name:RoomSvr1,idle room num:2560,cur user num:0(14)(2016-03-31_10-39-04-552)
UpdateRoomServerInfo,name:RoomSvr1,idle room num:2560,cur user num:0(14)(2016-03-31_10-39-24-576)
UpdateRoomServerInfo,name:RoomSvr1,idle room num:2560,cur user num:0(14)(2016-03-31_10-39-44-580)
UpdateRoomServerInfo,name:RoomSvr1,idle room num:2560,cur user num:0(14)(2016-03-31_10-40-04-594)
UpdateRoomServerInfo,name:RoomSvr1,idle room num:2560,cur user num:0(14)(2016-03-31_10-40-24-611)
UpdateRoomServerInfo,name:RoomSvr1,idle room num:2560,cur user num:0(14)(2016-03-31_10-40-44-635)
UpdateRoomServerInfo,name:RoomSvr1,idle room num:2560,cur user num:0(14)(2016-03-31_10-41-04-662)
UpdateRoomServerInfo,name:RoomSvr1,idle room num:2560,cur user num:0(14)(2016-03-31_10-41-24-666)
UpdateRoomServerInfo,name:RoomSvr1,idle room num:2560,cur user num:0(14)(2016-03-31_10-41-44-686)
UpdateRoomServerInfo,name:RoomSvr1,idle room num:2560,cur user num:0(14)(2016-03-31_10-42-04-703)
UpdateRoomServerInfo,name:RoomSvr1,idle room num:2560,cur user num:0(14)(2016-03-31_10-42-24-714)
UpdateRoomServerInfo,name:RoomSvr1,idle room num:2560,cur user num:0(14)(2016-03-31_10-42-44-721)
UpdateRoomServerInfo,name:RoomSvr1,idle room num:2560,cur user num:0(14)(2016-03-31_10-43-04-732)
UpdateRoomServerInfo,name:RoomSvr1,idle room num:2560,cur user num:0(14)(2016-03-31_10-43-24-750)
UpdateRoomServerInfo,name:RoomSvr1,idle room num:2560,cur user num:0(14)(2016-03-31_10-43-44-784)
UpdateRoomServerInfo,name:RoomSvr1,idle room num:2560,cur user num:0(14)(2016-03-31_10-44-04-805)
UpdateRoomServerInfo,name:RoomSvr1,idle room num:2560,cur user num:0(14)(2016-03-31_10-44-24-821)
UpdateRoomServerInfo,name:RoomSvr1,idle room num:2560,cur user num:0(14)(2016-03-31_10-44-44-852)
UpdateRoomServerInfo,name:RoomSvr1,idle room num:2560,cur user num:0(14)(2016-03-31_10-45-04-854)
UpdateRoomServerInfo,name:RoomSvr1,idle room num:2560,cur user num:0(14)(2016-03-31_10-45-24-867)
UpdateRoomServerInfo,name:RoomSvr1,idle room num:2560,cur user num:0(14)(2016-03-31_10-45-44-883)
UpdateRoomServerInfo,name:RoomSvr1,idle room num:2560,cur user num:0(14)(2016-03-31_10-46-04-911)
UpdateRoomServerInfo,name:RoomSvr1,idle room num:2560,cur user num:0(14)(2016-03-31_10-46-24-941)
UpdateRoomServerInfo,name:RoomSvr1,idle room num:2560,cur user num:0(14)(2016-03-31_10-46-44-958)
UpdateRoomServerInfo,name:RoomSvr1,idle room num:2560,cur user num:0(14)(2016-03-31_10-47-04-971)
DoUserLogin,guid:2,nick:晋楚文星,key:20590432,acc:3059571985(9)(2016-03-31_10-47-16-279)
UpdateRoomServerInfo,name:RoomSvr1,idle room num:2560,cur user num:0(14)(2016-03-31_10-47-24-994)
[Debug]:Init UserCombatInfo: SceneId = 1013, StartTime = 5427554, GoldSum = 48, Exp = 4, RewardItem = 101001, ItemCount = 1(14)(2016-03-31_10-47-26-246)
UpdateRoomServerInfo,name:RoomSvr1,idle room num:2560,cur user num:0(14)(2016-03-31_10-47-45-036)
user 2 completed mission 10001.(3)(2016-03-31_10-47-49-429)
UpdateRoomServerInfo,name:RoomSvr1,idle room num:2560,cur user num:0(14)(2016-03-31_10-48-05-051)
DoUserLogin,guid:2,nick:晋楚文星,key:244338531,acc:3059571985(6)(2016-03-31_10-48-06-588)
DoUserLogin,guid:3,nick:百里含芙,key:248816543,acc:3059571985(9)(2016-03-31_10-48-24-387)
UpdateRoomServerInfo,name:RoomSvr1,idle room num:2560,cur user num:0(14)(2016-03-31_10-48-25-067)
UpdateRoomServerInfo,name:RoomSvr1,idle room num:2560,cur user num:0(14)(2016-03-31_10-48-45-096)
