Init Config ...(1)(2021-05-14_00-27-08-780)
Init Messenger ...(1)(2021-05-14_00-27-08-867)
Init DataStore ...(1)(2021-05-14_00-27-08-877)
Init BillingClient ...(1)(2021-05-14_00-27-08-878)
Start Threads ...(1)(2021-05-14_00-27-08-879)
Account connected: 509832077, Login type: DirectLogin(4)(2021-05-14_00-27-24-594)
Account login success. Account:509832077(4)(2021-05-14_00-27-24-596)
Account create new user : Account:(509832077), UserGuid:(1) Nickname:(韦舒兰) HeroId:(2)(7)(2021-05-14_00-27-28-984)
GlobalDataProcessThread.ActionQueue ActionPool DashFire.ObjectPool`1[DashFire.PoolAllocatedAction`1[Lobby.UserInfo]] buffered 1 objects(12)(2021-05-14_00-28-08-890)
DataProcessScheduler.DispatchActionQueue actionQueue 3 ActionPool DashFire.ObjectPool`1[DashFire.PoolAllocatedAction`1[System.UInt64]] buffered 1 objects(11)(2021-05-14_00-28-08-890)
RoomProcessThread.ActionQueue ActionPool DashFire.ObjectPool`1[DashFire.PoolAllocatedAction`1[Lobby.RoomServerInfo]] buffered 1 objects(14)(2021-05-14_00-28-08-891)
GlobalDataProcessThread.ActionQueue ActionPool DashFire.ObjectPool`1[DashFire.PoolAllocatedAction`2[System.Int32,System.UInt64]] buffered 1 objects(12)(2021-05-14_00-28-08-891)
GlobalDataProcessThread.ActionQueue ActionPool DashFire.ObjectPool`1[DashFire.PoolAllocatedAction`7[System.UInt64,System.Int32,System.Int32,System.Int32,System.Int32,System.Boolean,System.Boolean]] buffered 1 objects(12)(2021-05-14_00-28-08-891)
DataProcessScheduler.DispatchActionQueue actionQueue 4 ActionPool DashFire.ObjectPool`1[DashFire.PoolAllocatedAction`3[System.String,System.Int32,System.String]] buffered 1 objects(11)(2021-05-14_00-28-08-892)
RoomProcessThread.ActionQueue ActionPool DashFire.ObjectPool`1[DashFire.PoolAllocatedAction`1[Lobby.NodeInfo]] buffered 1 objects(14)(2021-05-14_00-28-08-892)
DataProcessScheduler.DispatchActionQueue actionQueue 4 ActionPool DashFire.ObjectPool`1[DashFire.PoolAllocatedAction`1[System.UInt64]] buffered 1 objects(11)(2021-05-14_00-28-08-893)
DataProcessScheduler.DispatchActionQueue actionQueue 5 ActionPool DashFire.ObjectPool`1[DashFire.PoolAllocatedAction`1[System.String]] buffered 1 objects(11)(2021-05-14_00-28-08-893)
DataProcessScheduler.DispatchActionQueue actionQueue 5 ActionPool DashFire.ObjectPool`1[DashFire.PoolAllocatedAction`1[System.UInt64]] buffered 1 objects(11)(2021-05-14_00-28-08-893)
DataProcessScheduler.DispatchActionQueue actionQueue 6 ActionPool DashFire.ObjectPool`1[DashFire.PoolAllocatedAction`1[System.String]] buffered 1 objects(11)(2021-05-14_00-28-08-894)
DataProcessScheduler.DispatchActionQueue actionQueue 6 ActionPool DashFire.ObjectPool`1[DashFire.PoolAllocatedAction`1[System.UInt64]] buffered 1 objects(11)(2021-05-14_00-28-08-894)
DataProcessScheduler.DispatchActionQueue actionQueue 7 ActionPool DashFire.ObjectPool`1[DashFire.PoolAllocatedAction`3[System.String,System.String,System.Int32]] buffered 1 objects(11)(2021-05-14_00-28-08-894)
DataProcessScheduler.DispatchActionQueue actionQueue 7 ActionPool DashFire.ObjectPool`1[DashFire.PoolAllocatedAction`1[System.UInt64]] buffered 1 objects(11)(2021-05-14_00-28-08-894)
DataProcessScheduler.DispatchActionQueue actionQueue 8 ActionPool DashFire.ObjectPool`1[DashFire.PoolAllocatedAction`1[System.UInt64]] buffered 1 objects(11)(2021-05-14_00-28-08-894)
DataProcessScheduler.DispatchActionQueue actionQueue 9 ActionPool DashFire.ObjectPool`1[DashFire.PoolAllocatedAction`1[System.UInt64]] buffered 1 objects(11)(2021-05-14_00-28-08-895)
DataProcessScheduler.DispatchActionQueue actionQueue 10 ActionPool DashFire.ObjectPool`1[DashFire.PoolAllocatedAction`2[System.UInt64,System.Int32]] buffered 1 objects(11)(2021-05-14_00-28-08-895)
DataProcessScheduler.ThreadActionQueue ActionPool DashFire.ObjectPool`1[DashFire.PoolAllocatedAction`1[System.UInt64]] buffered 1 objects(11)(2021-05-14_00-28-08-895)
DataProcessScheduler.DispatchActionQueue actionQueue 3 ActionPool DashFire.ObjectPool`1[DashFire.PoolAllocatedAction`1[System.UInt64]] buffered 1 objects(11)(2021-05-14_00-29-08-892)
DataProcessScheduler.DispatchActionQueue actionQueue 4 ActionPool DashFire.ObjectPool`1[DashFire.PoolAllocatedAction`3[System.String,System.Int32,System.String]] buffered 1 objects(11)(2021-05-14_00-29-08-893)
DataProcessScheduler.DispatchActionQueue actionQueue 4 ActionPool DashFire.ObjectPool`1[DashFire.PoolAllocatedAction`1[System.UInt64]] buffered 1 objects(11)(2021-05-14_00-29-08-893)
DataProcessScheduler.DispatchActionQueue actionQueue 5 ActionPool DashFire.ObjectPool`1[DashFire.PoolAllocatedAction`1[System.String]] buffered 1 objects(11)(2021-05-14_00-29-08-894)
DataProcessScheduler.DispatchActionQueue actionQueue 5 ActionPool DashFire.ObjectPool`1[DashFire.PoolAllocatedAction`1[System.UInt64]] buffered 1 objects(11)(2021-05-14_00-29-08-894)
DataProcessScheduler.DispatchActionQueue actionQueue 6 ActionPool DashFire.ObjectPool`1[DashFire.PoolAllocatedAction`1[System.String]] buffered 1 objects(11)(2021-05-14_00-29-08-894)
DataProcessScheduler.DispatchActionQueue actionQueue 6 ActionPool DashFire.ObjectPool`1[DashFire.PoolAllocatedAction`1[System.UInt64]] buffered 1 objects(11)(2021-05-14_00-29-08-894)
DataProcessScheduler.DispatchActionQueue actionQueue 7 ActionPool DashFire.ObjectPool`1[DashFire.PoolAllocatedAction`3[System.String,System.String,System.Int32]] buffered 1 objects(11)(2021-05-14_00-29-08-895)
GlobalDataProcessThread.ActionQueue ActionPool DashFire.ObjectPool`1[DashFire.PoolAllocatedAction`1[Lobby.UserInfo]] buffered 1 objects(12)(2021-05-14_00-29-08-895)
DataProcessScheduler.DispatchActionQueue actionQueue 7 ActionPool DashFire.ObjectPool`1[DashFire.PoolAllocatedAction`1[System.UInt64]] buffered 1 objects(11)(2021-05-14_00-29-08-895)
DataProcessScheduler.DispatchActionQueue actionQueue 8 ActionPool DashFire.ObjectPool`1[DashFire.PoolAllocatedAction`1[System.UInt64]] buffered 1 objects(11)(2021-05-14_00-29-08-895)
DataProcessScheduler.DispatchActionQueue actionQueue 9 ActionPool DashFire.ObjectPool`1[DashFire.PoolAllocatedAction`1[System.UInt64]] buffered 1 objects(11)(2021-05-14_00-29-08-895)
DataProcessScheduler.DispatchActionQueue actionQueue 10 ActionPool DashFire.ObjectPool`1[DashFire.PoolAllocatedAction`1[System.UInt64]] buffered 1 objects(11)(2021-05-14_00-29-08-895)
DataProcessScheduler.DispatchActionQueue actionQueue 10 ActionPool DashFire.ObjectPool`1[DashFire.PoolAllocatedAction`2[System.UInt64,System.Int32]] buffered 1 objects(11)(2021-05-14_00-29-08-896)
DataProcessScheduler.ThreadActionQueue ActionPool DashFire.ObjectPool`1[DashFire.PoolAllocatedAction`1[System.UInt64]] buffered 1 objects(11)(2021-05-14_00-29-08-896)
GlobalDataProcessThread.ActionQueue ActionPool DashFire.ObjectPool`1[DashFire.PoolAllocatedAction`2[System.Int32,System.UInt64]] buffered 1 objects(12)(2021-05-14_00-29-08-897)
GlobalDataProcessThread.ActionQueue ActionPool DashFire.ObjectPool`1[DashFire.PoolAllocatedAction`7[System.UInt64,System.Int32,System.Int32,System.Int32,System.Int32,System.Boolean,System.Boolean]] buffered 1 objects(12)(2021-05-14_00-29-08-897)
RoomProcessThread.ActionQueue ActionPool DashFire.ObjectPool`1[DashFire.PoolAllocatedAction`1[Lobby.RoomServerInfo]] buffered 1 objects(14)(2021-05-14_00-29-08-898)
RoomProcessThread.ActionQueue ActionPool DashFire.ObjectPool`1[DashFire.PoolAllocatedAction`1[Lobby.NodeInfo]] buffered 1 objects(14)(2021-05-14_00-29-08-898)
User Logout, Guid: 1(1)(2021-05-14_00-29-45-908)
User Logoff , guid:1 , state : Online , Account:509832077(6)(2021-05-14_00-29-45-913)
MatchFormThread.ActionQueue ActionPool DashFire.ObjectPool`1[DashFire.PoolAllocatedAction`1[System.UInt64]] buffered 1 objects(13)(2021-05-14_00-30-08-893)
DataProcessScheduler.DispatchActionQueue actionQueue 3 ActionPool DashFire.ObjectPool`1[DashFire.PoolAllocatedAction`1[System.UInt64]] buffered 1 objects(11)(2021-05-14_00-30-08-901)
RoomProcessThread.ActionQueue ActionPool DashFire.ObjectPool`1[DashFire.PoolAllocatedAction`1[Lobby.RoomServerInfo]] buffered 1 objects(14)(2021-05-14_00-30-08-901)
DataProcessScheduler.DispatchActionQueue actionQueue 4 ActionPool DashFire.ObjectPool`1[DashFire.PoolAllocatedAction`3[System.String,System.Int32,System.String]] buffered 1 objects(11)(2021-05-14_00-30-08-901)
DataProcessScheduler.DispatchActionQueue actionQueue 4 ActionPool DashFire.ObjectPool`1[DashFire.PoolAllocatedAction`1[System.UInt64]] buffered 1 objects(11)(2021-05-14_00-30-08-901)
DataProcessScheduler.DispatchActionQueue actionQueue 5 ActionPool DashFire.ObjectPool`1[DashFire.PoolAllocatedAction`1[System.String]] buffered 1 objects(11)(2021-05-14_00-30-08-902)
DataProcessScheduler.DispatchActionQueue actionQueue 5 ActionPool DashFire.ObjectPool`1[DashFire.PoolAllocatedAction`1[System.UInt64]] buffered 1 objects(11)(2021-05-14_00-30-08-902)
DataProcessScheduler.DispatchActionQueue actionQueue 6 ActionPool DashFire.ObjectPool`1[DashFire.PoolAllocatedAction`1[System.String]] buffered 1 objects(11)(2021-05-14_00-30-08-902)
GlobalDataProcessThread.ActionQueue ActionPool DashFire.ObjectPool`1[DashFire.PoolAllocatedAction`1[Lobby.UserInfo]] buffered 1 objects(12)(2021-05-14_00-30-08-903)
DataProcessScheduler.DispatchActionQueue actionQueue 6 ActionPool DashFire.ObjectPool`1[DashFire.PoolAllocatedAction`1[System.UInt64]] buffered 1 objects(11)(2021-05-14_00-30-08-903)
DataProcessScheduler.DispatchActionQueue actionQueue 7 ActionPool DashFire.ObjectPool`1[DashFire.PoolAllocatedAction`3[System.String,System.String,System.Int32]] buffered 1 objects(11)(2021-05-14_00-30-08-903)
DataProcessScheduler.DispatchActionQueue actionQueue 7 ActionPool DashFire.ObjectPool`1[DashFire.PoolAllocatedAction`1[System.String]] buffered 1 objects(11)(2021-05-14_00-30-08-903)
DataProcessScheduler.DispatchActionQueue actionQueue 7 ActionPool DashFire.ObjectPool`1[DashFire.PoolAllocatedAction`1[System.UInt64]] buffered 1 objects(11)(2021-05-14_00-30-08-903)
DataProcessScheduler.DispatchActionQueue actionQueue 8 ActionPool DashFire.ObjectPool`1[DashFire.PoolAllocatedAction`1[System.UInt64]] buffered 1 objects(11)(2021-05-14_00-30-08-904)
RoomProcessThread.ActionQueue ActionPool DashFire.ObjectPool`1[DashFire.PoolAllocatedAction`1[Lobby.NodeInfo]] buffered 1 objects(14)(2021-05-14_00-30-08-904)
GlobalDataProcessThread.ActionQueue ActionPool DashFire.ObjectPool`1[DashFire.PoolAllocatedAction`2[System.Int32,System.UInt64]] buffered 1 objects(12)(2021-05-14_00-30-08-904)
GlobalDataProcessThread.ActionQueue ActionPool DashFire.ObjectPool`1[DashFire.PoolAllocatedAction`7[System.UInt64,System.Int32,System.Int32,System.Int32,System.Int32,System.Boolean,System.Boolean]] buffered 1 objects(12)(2021-05-14_00-30-08-905)
DataProcessScheduler.DispatchActionQueue actionQueue 9 ActionPool DashFire.ObjectPool`1[DashFire.PoolAllocatedAction`1[System.UInt64]] buffered 1 objects(11)(2021-05-14_00-30-08-905)
DataProcessScheduler.DispatchActionQueue actionQueue 10 ActionPool DashFire.ObjectPool`1[DashFire.PoolAllocatedAction`1[System.UInt64]] buffered 1 objects(11)(2021-05-14_00-30-08-906)
DataProcessScheduler.DispatchActionQueue actionQueue 10 ActionPool DashFire.ObjectPool`1[DashFire.PoolAllocatedAction`2[System.UInt64,System.Int32]] buffered 1 objects(11)(2021-05-14_00-30-08-906)
DataProcessScheduler.ThreadActionQueue ActionPool DashFire.ObjectPool`1[DashFire.PoolAllocatedAction`1[System.UInt64]] buffered 1 objects(11)(2021-05-14_00-30-08-906)
MatchFormThread.ActionQueue ActionPool DashFire.ObjectPool`1[DashFire.PoolAllocatedAction`1[System.UInt64]] buffered 1 objects(13)(2021-05-14_00-31-08-901)
DataProcessScheduler.DispatchActionQueue actionQueue 3 ActionPool DashFire.ObjectPool`1[DashFire.PoolAllocatedAction`1[System.UInt64]] buffered 1 objects(11)(2021-05-14_00-31-08-909)
DataProcessScheduler.DispatchActionQueue actionQueue 4 ActionPool DashFire.ObjectPool`1[DashFire.PoolAllocatedAction`3[System.String,System.Int32,System.String]] buffered 1 objects(11)(2021-05-14_00-31-08-909)
DataProcessScheduler.DispatchActionQueue actionQueue 4 ActionPool DashFire.ObjectPool`1[DashFire.PoolAllocatedAction`1[System.UInt64]] buffered 1 objects(11)(2021-05-14_00-31-08-909)
DataProcessScheduler.DispatchActionQueue actionQueue 5 ActionPool DashFire.ObjectPool`1[DashFire.PoolAllocatedAction`1[System.String]] buffered 1 objects(11)(2021-05-14_00-31-08-909)
DataProcessScheduler.DispatchActionQueue actionQueue 5 ActionPool DashFire.ObjectPool`1[DashFire.PoolAllocatedAction`1[System.UInt64]] buffered 1 objects(11)(2021-05-14_00-31-08-910)
DataProcessScheduler.DispatchActionQueue actionQueue 6 ActionPool DashFire.ObjectPool`1[DashFire.PoolAllocatedAction`1[System.String]] buffered 1 objects(11)(2021-05-14_00-31-08-910)
GlobalDataProcessThread.ActionQueue ActionPool DashFire.ObjectPool`1[DashFire.PoolAllocatedAction`1[Lobby.UserInfo]] buffered 1 objects(12)(2021-05-14_00-31-08-911)
DataProcessScheduler.DispatchActionQueue actionQueue 6 ActionPool DashFire.ObjectPool`1[DashFire.PoolAllocatedAction`1[System.UInt64]] buffered 1 objects(11)(2021-05-14_00-31-08-911)
DataProcessScheduler.DispatchActionQueue actionQueue 7 ActionPool DashFire.ObjectPool`1[DashFire.PoolAllocatedAction`3[System.String,System.String,System.Int32]] buffered 1 objects(11)(2021-05-14_00-31-08-911)
DataProcessScheduler.DispatchActionQueue actionQueue 7 ActionPool DashFire.ObjectPool`1[DashFire.PoolAllocatedAction`1[System.String]] buffered 1 objects(11)(2021-05-14_00-31-08-911)
RoomProcessThread.ActionQueue ActionPool DashFire.ObjectPool`1[DashFire.PoolAllocatedAction`1[Lobby.RoomServerInfo]] buffered 1 objects(14)(2021-05-14_00-31-08-912)
DataProcessScheduler.DispatchActionQueue actionQueue 7 ActionPool DashFire.ObjectPool`1[DashFire.PoolAllocatedAction`1[System.UInt64]] buffered 1 objects(11)(2021-05-14_00-31-08-912)
DataProcessScheduler.DispatchActionQueue actionQueue 8 ActionPool DashFire.ObjectPool`1[DashFire.PoolAllocatedAction`1[System.UInt64]] buffered 1 objects(11)(2021-05-14_00-31-08-912)
DataProcessScheduler.DispatchActionQueue actionQueue 9 ActionPool DashFire.ObjectPool`1[DashFire.PoolAllocatedAction`1[System.UInt64]] buffered 1 objects(11)(2021-05-14_00-31-08-912)
DataProcessScheduler.DispatchActionQueue actionQueue 10 ActionPool DashFire.ObjectPool`1[DashFire.PoolAllocatedAction`1[System.UInt64]] buffered 1 objects(11)(2021-05-14_00-31-08-912)
RoomProcessThread.ActionQueue ActionPool DashFire.ObjectPool`1[DashFire.PoolAllocatedAction`1[Lobby.NodeInfo]] buffered 1 objects(14)(2021-05-14_00-31-08-912)
GlobalDataProcessThread.ActionQueue ActionPool DashFire.ObjectPool`1[DashFire.PoolAllocatedAction`2[System.Int32,System.UInt64]] buffered 1 objects(12)(2021-05-14_00-31-08-913)
GlobalDataProcessThread.ActionQueue ActionPool DashFire.ObjectPool`1[DashFire.PoolAllocatedAction`7[System.UInt64,System.Int32,System.Int32,System.Int32,System.Int32,System.Boolean,System.Boolean]] buffered 1 objects(12)(2021-05-14_00-31-08-914)
DataProcessScheduler.DispatchActionQueue actionQueue 10 ActionPool DashFire.ObjectPool`1[DashFire.PoolAllocatedAction`2[System.UInt64,System.Int32]] buffered 1 objects(11)(2021-05-14_00-31-08-914)
DataProcessScheduler.ThreadActionQueue ActionPool DashFire.ObjectPool`1[DashFire.PoolAllocatedAction`1[System.UInt64]] buffered 1 objects(11)(2021-05-14_00-31-08-915)
MatchFormThread.ActionQueue ActionPool DashFire.ObjectPool`1[DashFire.PoolAllocatedAction`1[System.UInt64]] buffered 1 objects(13)(2021-05-14_00-32-08-907)
DataProcessScheduler.DispatchActionQueue actionQueue 3 ActionPool DashFire.ObjectPool`1[DashFire.PoolAllocatedAction`1[System.UInt64]] buffered 1 objects(11)(2021-05-14_00-32-08-914)
DataProcessScheduler.DispatchActionQueue actionQueue 4 ActionPool DashFire.ObjectPool`1[DashFire.PoolAllocatedAction`3[System.String,System.Int32,System.String]] buffered 1 objects(11)(2021-05-14_00-32-08-914)
DataProcessScheduler.DispatchActionQueue actionQueue 4 ActionPool DashFire.ObjectPool`1[DashFire.PoolAllocatedAction`1[System.UInt64]] buffered 1 objects(11)(2021-05-14_00-32-08-915)
DataProcessScheduler.DispatchActionQueue actionQueue 5 ActionPool DashFire.ObjectPool`1[DashFire.PoolAllocatedAction`1[System.String]] buffered 1 objects(11)(2021-05-14_00-32-08-915)
DataProcessScheduler.DispatchActionQueue actionQueue 5 ActionPool DashFire.ObjectPool`1[DashFire.PoolAllocatedAction`1[System.UInt64]] buffered 1 objects(11)(2021-05-14_00-32-08-915)
DataProcessScheduler.DispatchActionQueue actionQueue 6 ActionPool DashFire.ObjectPool`1[DashFire.PoolAllocatedAction`1[System.String]] buffered 1 objects(11)(2021-05-14_00-32-08-915)
DataProcessScheduler.DispatchActionQueue actionQueue 6 ActionPool DashFire.ObjectPool`1[DashFire.PoolAllocatedAction`1[System.UInt64]] buffered 1 objects(11)(2021-05-14_00-32-08-916)
DataProcessScheduler.DispatchActionQueue actionQueue 7 ActionPool DashFire.ObjectPool`1[DashFire.PoolAllocatedAction`3[System.String,System.String,System.Int32]] buffered 1 objects(11)(2021-05-14_00-32-08-916)
DataProcessScheduler.DispatchActionQueue actionQueue 7 ActionPool DashFire.ObjectPool`1[DashFire.PoolAllocatedAction`1[System.String]] buffered 1 objects(11)(2021-05-14_00-32-08-916)
DataProcessScheduler.DispatchActionQueue actionQueue 7 ActionPool DashFire.ObjectPool`1[DashFire.PoolAllocatedAction`1[System.UInt64]] buffered 1 objects(11)(2021-05-14_00-32-08-917)
DataProcessScheduler.DispatchActionQueue actionQueue 8 ActionPool DashFire.ObjectPool`1[DashFire.PoolAllocatedAction`1[System.UInt64]] buffered 1 objects(11)(2021-05-14_00-32-08-917)
DataProcessScheduler.DispatchActionQueue actionQueue 9 ActionPool DashFire.ObjectPool`1[DashFire.PoolAllocatedAction`1[System.UInt64]] buffered 1 objects(11)(2021-05-14_00-32-08-917)
DataProcessScheduler.DispatchActionQueue actionQueue 10 ActionPool DashFire.ObjectPool`1[DashFire.PoolAllocatedAction`1[System.UInt64]] buffered 1 objects(11)(2021-05-14_00-32-08-917)
RoomProcessThread.ActionQueue ActionPool DashFire.ObjectPool`1[DashFire.PoolAllocatedAction`1[Lobby.RoomServerInfo]] buffered 1 objects(14)(2021-05-14_00-32-08-918)
DataProcessScheduler.DispatchActionQueue actionQueue 10 ActionPool DashFire.ObjectPool`1[DashFire.PoolAllocatedAction`2[System.UInt64,System.Int32]] buffered 1 objects(11)(2021-05-14_00-32-08-918)
RoomProcessThread.ActionQueue ActionPool DashFire.ObjectPool`1[DashFire.PoolAllocatedAction`1[Lobby.NodeInfo]] buffered 1 objects(14)(2021-05-14_00-32-08-918)
DataProcessScheduler.ThreadActionQueue ActionPool DashFire.ObjectPool`1[DashFire.PoolAllocatedAction`1[System.UInt64]] buffered 1 objects(11)(2021-05-14_00-32-08-919)
GlobalDataProcessThread.ActionQueue ActionPool DashFire.ObjectPool`1[DashFire.PoolAllocatedAction`1[Lobby.UserInfo]] buffered 1 objects(12)(2021-05-14_00-32-08-921)
GlobalDataProcessThread.ActionQueue ActionPool DashFire.ObjectPool`1[DashFire.PoolAllocatedAction`2[System.Int32,System.UInt64]] buffered 1 objects(12)(2021-05-14_00-32-08-921)
GlobalDataProcessThread.ActionQueue ActionPool DashFire.ObjectPool`1[DashFire.PoolAllocatedAction`7[System.UInt64,System.Int32,System.Int32,System.Int32,System.Int32,System.Boolean,System.Boolean]] buffered 1 objects(12)(2021-05-14_00-32-08-921)
MatchFormThread.ActionQueue ActionPool DashFire.ObjectPool`1[DashFire.PoolAllocatedAction`1[System.UInt64]] buffered 1 objects(13)(2021-05-14_00-33-08-917)
DataProcessScheduler.DispatchActionQueue actionQueue 3 ActionPool DashFire.ObjectPool`1[DashFire.PoolAllocatedAction`1[System.UInt64]] buffered 1 objects(11)(2021-05-14_00-33-08-922)
DataProcessScheduler.DispatchActionQueue actionQueue 4 ActionPool DashFire.ObjectPool`1[DashFire.PoolAllocatedAction`3[System.String,System.Int32,System.String]] buffered 1 objects(11)(2021-05-14_00-33-08-922)
DataProcessScheduler.DispatchActionQueue actionQueue 4 ActionPool DashFire.ObjectPool`1[DashFire.PoolAllocatedAction`1[System.UInt64]] buffered 1 objects(11)(2021-05-14_00-33-08-922)
GlobalDataProcessThread.ActionQueue ActionPool DashFire.ObjectPool`1[DashFire.PoolAllocatedAction`1[Lobby.UserInfo]] buffered 1 objects(12)(2021-05-14_00-33-08-923)
DataProcessScheduler.DispatchActionQueue actionQueue 5 ActionPool DashFire.ObjectPool`1[DashFire.PoolAllocatedAction`1[System.String]] buffered 1 objects(11)(2021-05-14_00-33-08-923)
DataProcessScheduler.DispatchActionQueue actionQueue 5 ActionPool DashFire.ObjectPool`1[DashFire.PoolAllocatedAction`1[System.UInt64]] buffered 1 objects(11)(2021-05-14_00-33-08-923)
DataProcessScheduler.DispatchActionQueue actionQueue 6 ActionPool DashFire.ObjectPool`1[DashFire.PoolAllocatedAction`1[System.String]] buffered 1 objects(11)(2021-05-14_00-33-08-923)
DataProcessScheduler.DispatchActionQueue actionQueue 6 ActionPool DashFire.ObjectPool`1[DashFire.PoolAllocatedAction`1[System.UInt64]] buffered 1 objects(11)(2021-05-14_00-33-08-924)
DataProcessScheduler.DispatchActionQueue actionQueue 7 ActionPool DashFire.ObjectPool`1[DashFire.PoolAllocatedAction`3[System.String,System.String,System.Int32]] buffered 1 objects(11)(2021-05-14_00-33-08-924)
DataProcessScheduler.DispatchActionQueue actionQueue 7 ActionPool DashFire.ObjectPool`1[DashFire.PoolAllocatedAction`1[System.String]] buffered 1 objects(11)(2021-05-14_00-33-08-925)
RoomProcessThread.ActionQueue ActionPool DashFire.ObjectPool`1[DashFire.PoolAllocatedAction`1[Lobby.RoomServerInfo]] buffered 1 objects(14)(2021-05-14_00-33-08-925)
DataProcessScheduler.DispatchActionQueue actionQueue 7 ActionPool DashFire.ObjectPool`1[DashFire.PoolAllocatedAction`1[System.UInt64]] buffered 1 objects(11)(2021-05-14_00-33-08-925)
DataProcessScheduler.DispatchActionQueue actionQueue 8 ActionPool DashFire.ObjectPool`1[DashFire.PoolAllocatedAction`1[System.UInt64]] buffered 1 objects(11)(2021-05-14_00-33-08-925)
DataProcessScheduler.DispatchActionQueue actionQueue 9 ActionPool DashFire.ObjectPool`1[DashFire.PoolAllocatedAction`1[System.UInt64]] buffered 1 objects(11)(2021-05-14_00-33-08-925)
DataProcessScheduler.DispatchActionQueue actionQueue 10 ActionPool DashFire.ObjectPool`1[DashFire.PoolAllocatedAction`1[System.UInt64]] buffered 1 objects(11)(2021-05-14_00-33-08-925)
GlobalDataProcessThread.ActionQueue ActionPool DashFire.ObjectPool`1[DashFire.PoolAllocatedAction`2[System.Int32,System.UInt64]] buffered 1 objects(12)(2021-05-14_00-33-08-926)
GlobalDataProcessThread.ActionQueue ActionPool DashFire.ObjectPool`1[DashFire.PoolAllocatedAction`7[System.UInt64,System.Int32,System.Int32,System.Int32,System.Int32,System.Boolean,System.Boolean]] buffered 1 objects(12)(2021-05-14_00-33-08-926)
DataProcessScheduler.DispatchActionQueue actionQueue 10 ActionPool DashFire.ObjectPool`1[DashFire.PoolAllocatedAction`2[System.UInt64,System.Int32]] buffered 1 objects(11)(2021-05-14_00-33-08-927)
RoomProcessThread.ActionQueue ActionPool DashFire.ObjectPool`1[DashFire.PoolAllocatedAction`1[Lobby.NodeInfo]] buffered 1 objects(14)(2021-05-14_00-33-08-927)
DataProcessScheduler.ThreadActionQueue ActionPool DashFire.ObjectPool`1[DashFire.PoolAllocatedAction`1[System.UInt64]] buffered 1 objects(11)(2021-05-14_00-33-08-928)
DataProcessScheduler.DispatchActionQueue actionQueue 3 ActionPool DashFire.ObjectPool`1[DashFire.PoolAllocatedAction`1[System.UInt64]] buffered 1 objects(11)(2021-05-14_00-34-08-926)
MatchFormThread.ActionQueue ActionPool DashFire.ObjectPool`1[DashFire.PoolAllocatedAction`1[System.UInt64]] buffered 1 objects(13)(2021-05-14_00-34-08-926)
DataProcessScheduler.DispatchActionQueue actionQueue 4 ActionPool DashFire.ObjectPool`1[DashFire.PoolAllocatedAction`3[System.String,System.Int32,System.String]] buffered 1 objects(11)(2021-05-14_00-34-08-927)
DataProcessScheduler.DispatchActionQueue actionQueue 4 ActionPool DashFire.ObjectPool`1[DashFire.PoolAllocatedAction`1[System.UInt64]] buffered 1 objects(11)(2021-05-14_00-34-08-927)
DataProcessScheduler.DispatchActionQueue actionQueue 5 ActionPool DashFire.ObjectPool`1[DashFire.PoolAllocatedAction`1[System.String]] buffered 1 objects(11)(2021-05-14_00-34-08-928)
DataProcessScheduler.DispatchActionQueue actionQueue 5 ActionPool DashFire.ObjectPool`1[DashFire.PoolAllocatedAction`1[System.UInt64]] buffered 1 objects(11)(2021-05-14_00-34-08-930)
DataProcessScheduler.DispatchActionQueue actionQueue 6 ActionPool DashFire.ObjectPool`1[DashFire.PoolAllocatedAction`1[System.String]] buffered 1 objects(11)(2021-05-14_00-34-08-930)
DataProcessScheduler.DispatchActionQueue actionQueue 6 ActionPool DashFire.ObjectPool`1[DashFire.PoolAllocatedAction`1[System.UInt64]] buffered 1 objects(11)(2021-05-14_00-34-08-930)
DataProcessScheduler.DispatchActionQueue actionQueue 7 ActionPool DashFire.ObjectPool`1[DashFire.PoolAllocatedAction`3[System.String,System.String,System.Int32]] buffered 1 objects(11)(2021-05-14_00-34-08-930)
GlobalDataProcessThread.ActionQueue ActionPool DashFire.ObjectPool`1[DashFire.PoolAllocatedAction`1[Lobby.UserInfo]] buffered 1 objects(12)(2021-05-14_00-34-08-931)
DataProcessScheduler.DispatchActionQueue actionQueue 7 ActionPool DashFire.ObjectPool`1[DashFire.PoolAllocatedAction`1[System.String]] buffered 1 objects(11)(2021-05-14_00-34-08-931)
DataProcessScheduler.DispatchActionQueue actionQueue 7 ActionPool DashFire.ObjectPool`1[DashFire.PoolAllocatedAction`1[System.UInt64]] buffered 1 objects(11)(2021-05-14_00-34-08-931)
GlobalDataProcessThread.ActionQueue ActionPool DashFire.ObjectPool`1[DashFire.PoolAllocatedAction`2[System.Int32,System.UInt64]] buffered 1 objects(12)(2021-05-14_00-34-08-931)
GlobalDataProcessThread.ActionQueue ActionPool DashFire.ObjectPool`1[DashFire.PoolAllocatedAction`7[System.UInt64,System.Int32,System.Int32,System.Int32,System.Int32,System.Boolean,System.Boolean]] buffered 1 objects(12)(2021-05-14_00-34-08-931)
DataProcessScheduler.DispatchActionQueue actionQueue 8 ActionPool DashFire.ObjectPool`1[DashFire.PoolAllocatedAction`1[System.UInt64]] buffered 1 objects(11)(2021-05-14_00-34-08-932)
DataProcessScheduler.DispatchActionQueue actionQueue 9 ActionPool DashFire.ObjectPool`1[DashFire.PoolAllocatedAction`1[System.UInt64]] buffered 1 objects(11)(2021-05-14_00-34-08-932)
DataProcessScheduler.DispatchActionQueue actionQueue 10 ActionPool DashFire.ObjectPool`1[DashFire.PoolAllocatedAction`1[System.UInt64]] buffered 1 objects(11)(2021-05-14_00-34-08-932)
DataProcessScheduler.DispatchActionQueue actionQueue 10 ActionPool DashFire.ObjectPool`1[DashFire.PoolAllocatedAction`2[System.UInt64,System.Int32]] buffered 1 objects(11)(2021-05-14_00-34-08-933)
DataProcessScheduler.ThreadActionQueue ActionPool DashFire.ObjectPool`1[DashFire.PoolAllocatedAction`1[System.UInt64]] buffered 1 objects(11)(2021-05-14_00-34-08-933)
RoomProcessThread.ActionQueue ActionPool DashFire.ObjectPool`1[DashFire.PoolAllocatedAction`1[Lobby.RoomServerInfo]] buffered 1 objects(14)(2021-05-14_00-34-08-936)
RoomProcessThread.ActionQueue ActionPool DashFire.ObjectPool`1[DashFire.PoolAllocatedAction`1[Lobby.NodeInfo]] buffered 1 objects(14)(2021-05-14_00-34-08-936)
GlobalDataProcessThread.ActionQueue ActionPool DashFire.ObjectPool`1[DashFire.PoolAllocatedAction`1[Lobby.UserInfo]] buffered 1 objects(12)(2021-05-14_00-35-08-933)
MatchFormThread.ActionQueue ActionPool DashFire.ObjectPool`1[DashFire.PoolAllocatedAction`1[System.UInt64]] buffered 1 objects(13)(2021-05-14_00-35-08-933)
GlobalDataProcessThread.ActionQueue ActionPool DashFire.ObjectPool`1[DashFire.PoolAllocatedAction`2[System.Int32,System.UInt64]] buffered 1 objects(12)(2021-05-14_00-35-08-933)
DataProcessScheduler.DispatchActionQueue actionQueue 3 ActionPool DashFire.ObjectPool`1[DashFire.PoolAllocatedAction`1[System.UInt64]] buffered 1 objects(11)(2021-05-14_00-35-08-934)
GlobalDataProcessThread.ActionQueue ActionPool DashFire.ObjectPool`1[DashFire.PoolAllocatedAction`7[System.UInt64,System.Int32,System.Int32,System.Int32,System.Int32,System.Boolean,System.Boolean]] buffered 1 objects(12)(2021-05-14_00-35-08-934)
DataProcessScheduler.DispatchActionQueue actionQueue 4 ActionPool DashFire.ObjectPool`1[DashFire.PoolAllocatedAction`3[System.String,System.Int32,System.String]] buffered 1 objects(11)(2021-05-14_00-35-08-935)
DataProcessScheduler.DispatchActionQueue actionQueue 4 ActionPool DashFire.ObjectPool`1[DashFire.PoolAllocatedAction`1[System.UInt64]] buffered 1 objects(11)(2021-05-14_00-35-08-935)
DataProcessScheduler.DispatchActionQueue actionQueue 5 ActionPool DashFire.ObjectPool`1[DashFire.PoolAllocatedAction`1[System.String]] buffered 1 objects(11)(2021-05-14_00-35-08-936)
DataProcessScheduler.DispatchActionQueue actionQueue 5 ActionPool DashFire.ObjectPool`1[DashFire.PoolAllocatedAction`1[System.UInt64]] buffered 1 objects(11)(2021-05-14_00-35-08-936)
DataProcessScheduler.DispatchActionQueue actionQueue 6 ActionPool DashFire.ObjectPool`1[DashFire.PoolAllocatedAction`1[System.String]] buffered 1 objects(11)(2021-05-14_00-35-08-936)
DataProcessScheduler.DispatchActionQueue actionQueue 6 ActionPool DashFire.ObjectPool`1[DashFire.PoolAllocatedAction`1[System.UInt64]] buffered 1 objects(11)(2021-05-14_00-35-08-936)
DataProcessScheduler.DispatchActionQueue actionQueue 7 ActionPool DashFire.ObjectPool`1[DashFire.PoolAllocatedAction`3[System.String,System.String,System.Int32]] buffered 1 objects(11)(2021-05-14_00-35-08-936)
DataProcessScheduler.DispatchActionQueue actionQueue 7 ActionPool DashFire.ObjectPool`1[DashFire.PoolAllocatedAction`1[System.String]] buffered 1 objects(11)(2021-05-14_00-35-08-937)
DataProcessScheduler.DispatchActionQueue actionQueue 7 ActionPool DashFire.ObjectPool`1[DashFire.PoolAllocatedAction`1[System.UInt64]] buffered 1 objects(11)(2021-05-14_00-35-08-937)
DataProcessScheduler.DispatchActionQueue actionQueue 8 ActionPool DashFire.ObjectPool`1[DashFire.PoolAllocatedAction`1[System.UInt64]] buffered 1 objects(11)(2021-05-14_00-35-08-938)
DataProcessScheduler.DispatchActionQueue actionQueue 9 ActionPool DashFire.ObjectPool`1[DashFire.PoolAllocatedAction`1[System.UInt64]] buffered 1 objects(11)(2021-05-14_00-35-08-938)
DataProcessScheduler.DispatchActionQueue actionQueue 10 ActionPool DashFire.ObjectPool`1[DashFire.PoolAllocatedAction`1[System.UInt64]] buffered 1 objects(11)(2021-05-14_00-35-08-938)
DataProcessScheduler.DispatchActionQueue actionQueue 10 ActionPool DashFire.ObjectPool`1[DashFire.PoolAllocatedAction`2[System.UInt64,System.Int32]] buffered 1 objects(11)(2021-05-14_00-35-08-938)
DataProcessScheduler.ThreadActionQueue ActionPool DashFire.ObjectPool`1[DashFire.PoolAllocatedAction`1[System.UInt64]] buffered 1 objects(11)(2021-05-14_00-35-08-938)
RoomProcessThread.ActionQueue ActionPool DashFire.ObjectPool`1[DashFire.PoolAllocatedAction`1[Lobby.RoomServerInfo]] buffered 1 objects(14)(2021-05-14_00-35-08-944)
RoomProcessThread.ActionQueue ActionPool DashFire.ObjectPool`1[DashFire.PoolAllocatedAction`1[Lobby.NodeInfo]] buffered 1 objects(14)(2021-05-14_00-35-08-944)
GlobalDataProcessThread.ActionQueue ActionPool DashFire.ObjectPool`1[DashFire.PoolAllocatedAction`1[Lobby.UserInfo]] buffered 1 objects(12)(2021-05-14_00-36-08-934)
GlobalDataProcessThread.ActionQueue ActionPool DashFire.ObjectPool`1[DashFire.PoolAllocatedAction`2[System.Int32,System.UInt64]] buffered 1 objects(12)(2021-05-14_00-36-08-934)
GlobalDataProcessThread.ActionQueue ActionPool DashFire.ObjectPool`1[DashFire.PoolAllocatedAction`7[System.UInt64,System.Int32,System.Int32,System.Int32,System.Int32,System.Boolean,System.Boolean]] buffered 1 objects(12)(2021-05-14_00-36-08-935)
DataProcessScheduler.DispatchActionQueue actionQueue 3 ActionPool DashFire.ObjectPool`1[DashFire.PoolAllocatedAction`1[System.UInt64]] buffered 1 objects(11)(2021-05-14_00-36-08-937)
DataProcessScheduler.DispatchActionQueue actionQueue 4 ActionPool DashFire.ObjectPool`1[DashFire.PoolAllocatedAction`3[System.String,System.Int32,System.String]] buffered 1 objects(11)(2021-05-14_00-36-08-937)
DataProcessScheduler.DispatchActionQueue actionQueue 4 ActionPool DashFire.ObjectPool`1[DashFire.PoolAllocatedAction`1[System.UInt64]] buffered 1 objects(11)(2021-05-14_00-36-08-937)
DataProcessScheduler.DispatchActionQueue actionQueue 5 ActionPool DashFire.ObjectPool`1[DashFire.PoolAllocatedAction`1[System.String]] buffered 1 objects(11)(2021-05-14_00-36-08-937)
DataProcessScheduler.DispatchActionQueue actionQueue 5 ActionPool DashFire.ObjectPool`1[DashFire.PoolAllocatedAction`1[System.UInt64]] buffered 1 objects(11)(2021-05-14_00-36-08-937)
DataProcessScheduler.DispatchActionQueue actionQueue 6 ActionPool DashFire.ObjectPool`1[DashFire.PoolAllocatedAction`1[System.String]] buffered 1 objects(11)(2021-05-14_00-36-08-938)
DataProcessScheduler.DispatchActionQueue actionQueue 6 ActionPool DashFire.ObjectPool`1[DashFire.PoolAllocatedAction`1[System.UInt64]] buffered 1 objects(11)(2021-05-14_00-36-08-938)
DataProcessScheduler.DispatchActionQueue actionQueue 7 ActionPool DashFire.ObjectPool`1[DashFire.PoolAllocatedAction`3[System.String,System.String,System.Int32]] buffered 1 objects(11)(2021-05-14_00-36-08-938)
DataProcessScheduler.DispatchActionQueue actionQueue 7 ActionPool DashFire.ObjectPool`1[DashFire.PoolAllocatedAction`1[System.String]] buffered 1 objects(11)(2021-05-14_00-36-08-938)
DataProcessScheduler.DispatchActionQueue actionQueue 7 ActionPool DashFire.ObjectPool`1[DashFire.PoolAllocatedAction`1[System.UInt64]] buffered 1 objects(11)(2021-05-14_00-36-08-938)
DataProcessScheduler.DispatchActionQueue actionQueue 8 ActionPool DashFire.ObjectPool`1[DashFire.PoolAllocatedAction`1[System.UInt64]] buffered 1 objects(11)(2021-05-14_00-36-08-939)
DataProcessScheduler.DispatchActionQueue actionQueue 9 ActionPool DashFire.ObjectPool`1[DashFire.PoolAllocatedAction`1[System.UInt64]] buffered 1 objects(11)(2021-05-14_00-36-08-939)
DataProcessScheduler.DispatchActionQueue actionQueue 10 ActionPool DashFire.ObjectPool`1[DashFire.PoolAllocatedAction`1[System.UInt64]] buffered 1 objects(11)(2021-05-14_00-36-08-939)
DataProcessScheduler.DispatchActionQueue actionQueue 10 ActionPool DashFire.ObjectPool`1[DashFire.PoolAllocatedAction`2[System.UInt64,System.Int32]] buffered 1 objects(11)(2021-05-14_00-36-08-939)
DataProcessScheduler.ThreadActionQueue ActionPool DashFire.ObjectPool`1[DashFire.PoolAllocatedAction`1[System.UInt64]] buffered 1 objects(11)(2021-05-14_00-36-08-940)
MatchFormThread.ActionQueue ActionPool DashFire.ObjectPool`1[DashFire.PoolAllocatedAction`1[System.UInt64]] buffered 1 objects(13)(2021-05-14_00-36-08-941)
RoomProcessThread.ActionQueue ActionPool DashFire.ObjectPool`1[DashFire.PoolAllocatedAction`1[Lobby.RoomServerInfo]] buffered 1 objects(14)(2021-05-14_00-36-08-952)
RoomProcessThread.ActionQueue ActionPool DashFire.ObjectPool`1[DashFire.PoolAllocatedAction`1[Lobby.NodeInfo]] buffered 1 objects(14)(2021-05-14_00-36-08-952)
DataProcessScheduler.DispatchActionQueue actionQueue 3 ActionPool DashFire.ObjectPool`1[DashFire.PoolAllocatedAction`1[System.UInt64]] buffered 1 objects(11)(2021-05-14_00-37-08-939)
GlobalDataProcessThread.ActionQueue ActionPool DashFire.ObjectPool`1[DashFire.PoolAllocatedAction`1[Lobby.UserInfo]] buffered 1 objects(12)(2021-05-14_00-37-08-939)
DataProcessScheduler.DispatchActionQueue actionQueue 4 ActionPool DashFire.ObjectPool`1[DashFire.PoolAllocatedAction`3[System.String,System.Int32,System.String]] buffered 1 objects(11)(2021-05-14_00-37-08-940)
DataProcessScheduler.DispatchActionQueue actionQueue 4 ActionPool DashFire.ObjectPool`1[DashFire.PoolAllocatedAction`1[System.UInt64]] buffered 1 objects(11)(2021-05-14_00-37-08-940)
DataProcessScheduler.DispatchActionQueue actionQueue 5 ActionPool DashFire.ObjectPool`1[DashFire.PoolAllocatedAction`1[System.String]] buffered 1 objects(11)(2021-05-14_00-37-08-941)
GlobalDataProcessThread.ActionQueue ActionPool DashFire.ObjectPool`1[DashFire.PoolAllocatedAction`2[System.Int32,System.UInt64]] buffered 1 objects(12)(2021-05-14_00-37-08-941)
GlobalDataProcessThread.ActionQueue ActionPool DashFire.ObjectPool`1[DashFire.PoolAllocatedAction`7[System.UInt64,System.Int32,System.Int32,System.Int32,System.Int32,System.Boolean,System.Boolean]] buffered 1 objects(12)(2021-05-14_00-37-08-941)
DataProcessScheduler.DispatchActionQueue actionQueue 5 ActionPool DashFire.ObjectPool`1[DashFire.PoolAllocatedAction`1[System.UInt64]] buffered 1 objects(11)(2021-05-14_00-37-08-942)
DataProcessScheduler.DispatchActionQueue actionQueue 6 ActionPool DashFire.ObjectPool`1[DashFire.PoolAllocatedAction`1[System.String]] buffered 1 objects(11)(2021-05-14_00-37-08-942)
DataProcessScheduler.DispatchActionQueue actionQueue 6 ActionPool DashFire.ObjectPool`1[DashFire.PoolAllocatedAction`1[System.UInt64]] buffered 1 objects(11)(2021-05-14_00-37-08-942)
DataProcessScheduler.DispatchActionQueue actionQueue 7 ActionPool DashFire.ObjectPool`1[DashFire.PoolAllocatedAction`3[System.String,System.String,System.Int32]] buffered 1 objects(11)(2021-05-14_00-37-08-943)
DataProcessScheduler.DispatchActionQueue actionQueue 7 ActionPool DashFire.ObjectPool`1[DashFire.PoolAllocatedAction`1[System.String]] buffered 1 objects(11)(2021-05-14_00-37-08-943)
DataProcessScheduler.DispatchActionQueue actionQueue 7 ActionPool DashFire.ObjectPool`1[DashFire.PoolAllocatedAction`1[System.UInt64]] buffered 1 objects(11)(2021-05-14_00-37-08-943)
DataProcessScheduler.DispatchActionQueue actionQueue 8 ActionPool DashFire.ObjectPool`1[DashFire.PoolAllocatedAction`1[System.UInt64]] buffered 1 objects(11)(2021-05-14_00-37-08-943)
DataProcessScheduler.DispatchActionQueue actionQueue 9 ActionPool DashFire.ObjectPool`1[DashFire.PoolAllocatedAction`1[System.UInt64]] buffered 1 objects(11)(2021-05-14_00-37-08-943)
DataProcessScheduler.DispatchActionQueue actionQueue 10 ActionPool DashFire.ObjectPool`1[DashFire.PoolAllocatedAction`1[System.UInt64]] buffered 1 objects(11)(2021-05-14_00-37-08-944)
DataProcessScheduler.DispatchActionQueue actionQueue 10 ActionPool DashFire.ObjectPool`1[DashFire.PoolAllocatedAction`2[System.UInt64,System.Int32]] buffered 1 objects(11)(2021-05-14_00-37-08-944)
DataProcessScheduler.ThreadActionQueue ActionPool DashFire.ObjectPool`1[DashFire.PoolAllocatedAction`1[System.UInt64]] buffered 1 objects(11)(2021-05-14_00-37-08-944)
MatchFormThread.ActionQueue ActionPool DashFire.ObjectPool`1[DashFire.PoolAllocatedAction`1[System.UInt64]] buffered 1 objects(13)(2021-05-14_00-37-08-950)
RoomProcessThread.ActionQueue ActionPool DashFire.ObjectPool`1[DashFire.PoolAllocatedAction`1[Lobby.RoomServerInfo]] buffered 1 objects(14)(2021-05-14_00-37-08-957)
RoomProcessThread.ActionQueue ActionPool DashFire.ObjectPool`1[DashFire.PoolAllocatedAction`1[Lobby.NodeInfo]] buffered 1 objects(14)(2021-05-14_00-37-08-957)
GlobalDataProcessThread.ActionQueue ActionPool DashFire.ObjectPool`1[DashFire.PoolAllocatedAction`1[Lobby.UserInfo]] buffered 1 objects(12)(2021-05-14_00-38-08-941)
GlobalDataProcessThread.ActionQueue ActionPool DashFire.ObjectPool`1[DashFire.PoolAllocatedAction`2[System.Int32,System.UInt64]] buffered 1 objects(12)(2021-05-14_00-38-08-941)
GlobalDataProcessThread.ActionQueue ActionPool DashFire.ObjectPool`1[DashFire.PoolAllocatedAction`7[System.UInt64,System.Int32,System.Int32,System.Int32,System.Int32,System.Boolean,System.Boolean]] buffered 1 objects(12)(2021-05-14_00-38-08-941)
DataProcessScheduler.DispatchActionQueue actionQueue 3 ActionPool DashFire.ObjectPool`1[DashFire.PoolAllocatedAction`1[System.UInt64]] buffered 1 objects(11)(2021-05-14_00-38-08-946)
DataProcessScheduler.DispatchActionQueue actionQueue 4 ActionPool DashFire.ObjectPool`1[DashFire.PoolAllocatedAction`3[System.String,System.Int32,System.String]] buffered 1 objects(11)(2021-05-14_00-38-08-946)
DataProcessScheduler.DispatchActionQueue actionQueue 4 ActionPool DashFire.ObjectPool`1[DashFire.PoolAllocatedAction`1[System.UInt64]] buffered 1 objects(11)(2021-05-14_00-38-08-946)
DataProcessScheduler.DispatchActionQueue actionQueue 5 ActionPool DashFire.ObjectPool`1[DashFire.PoolAllocatedAction`1[System.String]] buffered 1 objects(11)(2021-05-14_00-38-08-946)
DataProcessScheduler.DispatchActionQueue actionQueue 5 ActionPool DashFire.ObjectPool`1[DashFire.PoolAllocatedAction`1[System.UInt64]] buffered 1 objects(11)(2021-05-14_00-38-08-947)
DataProcessScheduler.DispatchActionQueue actionQueue 6 ActionPool DashFire.ObjectPool`1[DashFire.PoolAllocatedAction`1[System.String]] buffered 1 objects(11)(2021-05-14_00-38-08-947)
DataProcessScheduler.DispatchActionQueue actionQueue 6 ActionPool DashFire.ObjectPool`1[DashFire.PoolAllocatedAction`1[System.UInt64]] buffered 1 objects(11)(2021-05-14_00-38-08-947)
DataProcessScheduler.DispatchActionQueue actionQueue 7 ActionPool DashFire.ObjectPool`1[DashFire.PoolAllocatedAction`3[System.String,System.String,System.Int32]] buffered 1 objects(11)(2021-05-14_00-38-08-947)
DataProcessScheduler.DispatchActionQueue actionQueue 7 ActionPool DashFire.ObjectPool`1[DashFire.PoolAllocatedAction`1[System.String]] buffered 1 objects(11)(2021-05-14_00-38-08-948)
DataProcessScheduler.DispatchActionQueue actionQueue 7 ActionPool DashFire.ObjectPool`1[DashFire.PoolAllocatedAction`1[System.UInt64]] buffered 1 objects(11)(2021-05-14_00-38-08-948)
DataProcessScheduler.DispatchActionQueue actionQueue 8 ActionPool DashFire.ObjectPool`1[DashFire.PoolAllocatedAction`1[System.UInt64]] buffered 1 objects(11)(2021-05-14_00-38-08-948)
DataProcessScheduler.DispatchActionQueue actionQueue 9 ActionPool DashFire.ObjectPool`1[DashFire.PoolAllocatedAction`1[System.UInt64]] buffered 1 objects(11)(2021-05-14_00-38-08-948)
DataProcessScheduler.DispatchActionQueue actionQueue 10 ActionPool DashFire.ObjectPool`1[DashFire.PoolAllocatedAction`1[System.UInt64]] buffered 1 objects(11)(2021-05-14_00-38-08-948)
DataProcessScheduler.DispatchActionQueue actionQueue 10 ActionPool DashFire.ObjectPool`1[DashFire.PoolAllocatedAction`2[System.UInt64,System.Int32]] buffered 1 objects(11)(2021-05-14_00-38-08-949)
DataProcessScheduler.ThreadActionQueue ActionPool DashFire.ObjectPool`1[DashFire.PoolAllocatedAction`1[System.UInt64]] buffered 1 objects(11)(2021-05-14_00-38-08-949)
MatchFormThread.ActionQueue ActionPool DashFire.ObjectPool`1[DashFire.PoolAllocatedAction`1[System.UInt64]] buffered 1 objects(13)(2021-05-14_00-38-08-957)
RoomProcessThread.ActionQueue ActionPool DashFire.ObjectPool`1[DashFire.PoolAllocatedAction`1[Lobby.RoomServerInfo]] buffered 1 objects(14)(2021-05-14_00-38-08-964)
RoomProcessThread.ActionQueue ActionPool DashFire.ObjectPool`1[DashFire.PoolAllocatedAction`1[Lobby.NodeInfo]] buffered 1 objects(14)(2021-05-14_00-38-08-964)
GlobalDataProcessThread.ActionQueue ActionPool DashFire.ObjectPool`1[DashFire.PoolAllocatedAction`1[Lobby.UserInfo]] buffered 1 objects(12)(2021-05-14_00-39-08-942)
GlobalDataProcessThread.ActionQueue ActionPool DashFire.ObjectPool`1[DashFire.PoolAllocatedAction`2[System.Int32,System.UInt64]] buffered 1 objects(12)(2021-05-14_00-39-08-944)
GlobalDataProcessThread.ActionQueue ActionPool DashFire.ObjectPool`1[DashFire.PoolAllocatedAction`7[System.UInt64,System.Int32,System.Int32,System.Int32,System.Int32,System.Boolean,System.Boolean]] buffered 1 objects(12)(2021-05-14_00-39-08-944)
DataProcessScheduler.DispatchActionQueue actionQueue 3 ActionPool DashFire.ObjectPool`1[DashFire.PoolAllocatedAction`1[System.UInt64]] buffered 1 objects(11)(2021-05-14_00-39-08-947)
DataProcessScheduler.DispatchActionQueue actionQueue 4 ActionPool DashFire.ObjectPool`1[DashFire.PoolAllocatedAction`3[System.String,System.Int32,System.String]] buffered 1 objects(11)(2021-05-14_00-39-08-947)
DataProcessScheduler.DispatchActionQueue actionQueue 4 ActionPool DashFire.ObjectPool`1[DashFire.PoolAllocatedAction`1[System.UInt64]] buffered 1 objects(11)(2021-05-14_00-39-08-947)
DataProcessScheduler.DispatchActionQueue actionQueue 5 ActionPool DashFire.ObjectPool`1[DashFire.PoolAllocatedAction`1[System.String]] buffered 1 objects(11)(2021-05-14_00-39-08-947)
DataProcessScheduler.DispatchActionQueue actionQueue 5 ActionPool DashFire.ObjectPool`1[DashFire.PoolAllocatedAction`1[System.UInt64]] buffered 1 objects(11)(2021-05-14_00-39-08-947)
DataProcessScheduler.DispatchActionQueue actionQueue 6 ActionPool DashFire.ObjectPool`1[DashFire.PoolAllocatedAction`1[System.String]] buffered 1 objects(11)(2021-05-14_00-39-08-948)
DataProcessScheduler.DispatchActionQueue actionQueue 6 ActionPool DashFire.ObjectPool`1[DashFire.PoolAllocatedAction`1[System.UInt64]] buffered 1 objects(11)(2021-05-14_00-39-08-948)
DataProcessScheduler.DispatchActionQueue actionQueue 7 ActionPool DashFire.ObjectPool`1[DashFire.PoolAllocatedAction`3[System.String,System.String,System.Int32]] buffered 1 objects(11)(2021-05-14_00-39-08-948)
DataProcessScheduler.DispatchActionQueue actionQueue 7 ActionPool DashFire.ObjectPool`1[DashFire.PoolAllocatedAction`1[System.String]] buffered 1 objects(11)(2021-05-14_00-39-08-948)
DataProcessScheduler.DispatchActionQueue actionQueue 7 ActionPool DashFire.ObjectPool`1[DashFire.PoolAllocatedAction`1[System.UInt64]] buffered 1 objects(11)(2021-05-14_00-39-08-949)
DataProcessScheduler.DispatchActionQueue actionQueue 8 ActionPool DashFire.ObjectPool`1[DashFire.PoolAllocatedAction`1[System.UInt64]] buffered 1 objects(11)(2021-05-14_00-39-08-949)
DataProcessScheduler.DispatchActionQueue actionQueue 9 ActionPool DashFire.ObjectPool`1[DashFire.PoolAllocatedAction`1[System.UInt64]] buffered 1 objects(11)(2021-05-14_00-39-08-949)
DataProcessScheduler.DispatchActionQueue actionQueue 10 ActionPool DashFire.ObjectPool`1[DashFire.PoolAllocatedAction`1[System.UInt64]] buffered 1 objects(11)(2021-05-14_00-39-08-949)
DataProcessScheduler.DispatchActionQueue actionQueue 10 ActionPool DashFire.ObjectPool`1[DashFire.PoolAllocatedAction`2[System.UInt64,System.Int32]] buffered 1 objects(11)(2021-05-14_00-39-08-950)
DataProcessScheduler.ThreadActionQueue ActionPool DashFire.ObjectPool`1[DashFire.PoolAllocatedAction`1[System.UInt64]] buffered 1 objects(11)(2021-05-14_00-39-08-950)
MatchFormThread.ActionQueue ActionPool DashFire.ObjectPool`1[DashFire.PoolAllocatedAction`1[System.UInt64]] buffered 1 objects(13)(2021-05-14_00-39-08-960)
RoomProcessThread.ActionQueue ActionPool DashFire.ObjectPool`1[DashFire.PoolAllocatedAction`1[Lobby.RoomServerInfo]] buffered 1 objects(14)(2021-05-14_00-39-08-972)
RoomProcessThread.ActionQueue ActionPool DashFire.ObjectPool`1[DashFire.PoolAllocatedAction`1[Lobby.NodeInfo]] buffered 1 objects(14)(2021-05-14_00-39-08-972)
GlobalDataProcessThread.ActionQueue ActionPool DashFire.ObjectPool`1[DashFire.PoolAllocatedAction`1[Lobby.UserInfo]] buffered 1 objects(12)(2021-05-14_00-40-08-942)
GlobalDataProcessThread.ActionQueue ActionPool DashFire.ObjectPool`1[DashFire.PoolAllocatedAction`2[System.Int32,System.UInt64]] buffered 1 objects(12)(2021-05-14_00-40-08-942)
GlobalDataProcessThread.ActionQueue ActionPool DashFire.ObjectPool`1[DashFire.PoolAllocatedAction`7[System.UInt64,System.Int32,System.Int32,System.Int32,System.Int32,System.Boolean,System.Boolean]] buffered 1 objects(12)(2021-05-14_00-40-08-943)
DataProcessScheduler.DispatchActionQueue actionQueue 3 ActionPool DashFire.ObjectPool`1[DashFire.PoolAllocatedAction`1[System.UInt64]] buffered 1 objects(11)(2021-05-14_00-40-08-953)
DataProcessScheduler.DispatchActionQueue actionQueue 4 ActionPool DashFire.ObjectPool`1[DashFire.PoolAllocatedAction`3[System.String,System.Int32,System.String]] buffered 1 objects(11)(2021-05-14_00-40-08-953)
DataProcessScheduler.DispatchActionQueue actionQueue 4 ActionPool DashFire.ObjectPool`1[DashFire.PoolAllocatedAction`1[System.UInt64]] buffered 1 objects(11)(2021-05-14_00-40-08-953)
DataProcessScheduler.DispatchActionQueue actionQueue 5 ActionPool DashFire.ObjectPool`1[DashFire.PoolAllocatedAction`1[System.String]] buffered 1 objects(11)(2021-05-14_00-40-08-953)
DataProcessScheduler.DispatchActionQueue actionQueue 5 ActionPool DashFire.ObjectPool`1[DashFire.PoolAllocatedAction`1[System.UInt64]] buffered 1 objects(11)(2021-05-14_00-40-08-954)
DataProcessScheduler.DispatchActionQueue actionQueue 6 ActionPool DashFire.ObjectPool`1[DashFire.PoolAllocatedAction`1[System.String]] buffered 1 objects(11)(2021-05-14_00-40-08-954)
DataProcessScheduler.DispatchActionQueue actionQueue 6 ActionPool DashFire.ObjectPool`1[DashFire.PoolAllocatedAction`1[System.UInt64]] buffered 1 objects(11)(2021-05-14_00-40-08-954)
DataProcessScheduler.DispatchActionQueue actionQueue 7 ActionPool DashFire.ObjectPool`1[DashFire.PoolAllocatedAction`3[System.String,System.String,System.Int32]] buffered 1 objects(11)(2021-05-14_00-40-08-954)
DataProcessScheduler.DispatchActionQueue actionQueue 7 ActionPool DashFire.ObjectPool`1[DashFire.PoolAllocatedAction`1[System.String]] buffered 1 objects(11)(2021-05-14_00-40-08-954)
DataProcessScheduler.DispatchActionQueue actionQueue 7 ActionPool DashFire.ObjectPool`1[DashFire.PoolAllocatedAction`1[System.UInt64]] buffered 1 objects(11)(2021-05-14_00-40-08-955)
DataProcessScheduler.DispatchActionQueue actionQueue 8 ActionPool DashFire.ObjectPool`1[DashFire.PoolAllocatedAction`1[System.UInt64]] buffered 1 objects(11)(2021-05-14_00-40-08-955)
DataProcessScheduler.DispatchActionQueue actionQueue 9 ActionPool DashFire.ObjectPool`1[DashFire.PoolAllocatedAction`1[System.UInt64]] buffered 1 objects(11)(2021-05-14_00-40-08-955)
DataProcessScheduler.DispatchActionQueue actionQueue 10 ActionPool DashFire.ObjectPool`1[DashFire.PoolAllocatedAction`1[System.UInt64]] buffered 1 objects(11)(2021-05-14_00-40-08-955)
DataProcessScheduler.DispatchActionQueue actionQueue 10 ActionPool DashFire.ObjectPool`1[DashFire.PoolAllocatedAction`2[System.UInt64,System.Int32]] buffered 1 objects(11)(2021-05-14_00-40-08-956)
DataProcessScheduler.ThreadActionQueue ActionPool DashFire.ObjectPool`1[DashFire.PoolAllocatedAction`1[System.UInt64]] buffered 1 objects(11)(2021-05-14_00-40-08-956)
MatchFormThread.ActionQueue ActionPool DashFire.ObjectPool`1[DashFire.PoolAllocatedAction`1[System.UInt64]] buffered 1 objects(13)(2021-05-14_00-40-08-965)
RoomProcessThread.ActionQueue ActionPool DashFire.ObjectPool`1[DashFire.PoolAllocatedAction`1[Lobby.RoomServerInfo]] buffered 1 objects(14)(2021-05-14_00-40-08-977)
RoomProcessThread.ActionQueue ActionPool DashFire.ObjectPool`1[DashFire.PoolAllocatedAction`1[Lobby.NodeInfo]] buffered 1 objects(14)(2021-05-14_00-40-08-977)
GlobalDataProcessThread.ActionQueue ActionPool DashFire.ObjectPool`1[DashFire.PoolAllocatedAction`1[Lobby.UserInfo]] buffered 1 objects(12)(2021-05-14_00-41-08-953)
GlobalDataProcessThread.ActionQueue ActionPool DashFire.ObjectPool`1[DashFire.PoolAllocatedAction`2[System.Int32,System.UInt64]] buffered 1 objects(12)(2021-05-14_00-41-08-954)
GlobalDataProcessThread.ActionQueue ActionPool DashFire.ObjectPool`1[DashFire.PoolAllocatedAction`7[System.UInt64,System.Int32,System.Int32,System.Int32,System.Int32,System.Boolean,System.Boolean]] buffered 1 objects(12)(2021-05-14_00-41-08-954)
DataProcessScheduler.DispatchActionQueue actionQueue 3 ActionPool DashFire.ObjectPool`1[DashFire.PoolAllocatedAction`1[System.UInt64]] buffered 1 objects(11)(2021-05-14_00-41-08-964)
DataProcessScheduler.DispatchActionQueue actionQueue 4 ActionPool DashFire.ObjectPool`1[DashFire.PoolAllocatedAction`3[System.String,System.Int32,System.String]] buffered 1 objects(11)(2021-05-14_00-41-08-964)
DataProcessScheduler.DispatchActionQueue actionQueue 4 ActionPool DashFire.ObjectPool`1[DashFire.PoolAllocatedAction`1[System.UInt64]] buffered 1 objects(11)(2021-05-14_00-41-08-964)
DataProcessScheduler.DispatchActionQueue actionQueue 5 ActionPool DashFire.ObjectPool`1[DashFire.PoolAllocatedAction`1[System.String]] buffered 1 objects(11)(2021-05-14_00-41-08-965)
DataProcessScheduler.DispatchActionQueue actionQueue 5 ActionPool DashFire.ObjectPool`1[DashFire.PoolAllocatedAction`1[System.UInt64]] buffered 1 objects(11)(2021-05-14_00-41-08-965)
DataProcessScheduler.DispatchActionQueue actionQueue 6 ActionPool DashFire.ObjectPool`1[DashFire.PoolAllocatedAction`1[System.String]] buffered 1 objects(11)(2021-05-14_00-41-08-965)
DataProcessScheduler.DispatchActionQueue actionQueue 6 ActionPool DashFire.ObjectPool`1[DashFire.PoolAllocatedAction`1[System.UInt64]] buffered 1 objects(11)(2021-05-14_00-41-08-965)
DataProcessScheduler.DispatchActionQueue actionQueue 7 ActionPool DashFire.ObjectPool`1[DashFire.PoolAllocatedAction`3[System.String,System.String,System.Int32]] buffered 1 objects(11)(2021-05-14_00-41-08-966)
DataProcessScheduler.DispatchActionQueue actionQueue 7 ActionPool DashFire.ObjectPool`1[DashFire.PoolAllocatedAction`1[System.String]] buffered 1 objects(11)(2021-05-14_00-41-08-966)
DataProcessScheduler.DispatchActionQueue actionQueue 7 ActionPool DashFire.ObjectPool`1[DashFire.PoolAllocatedAction`1[System.UInt64]] buffered 1 objects(11)(2021-05-14_00-41-08-966)
DataProcessScheduler.DispatchActionQueue actionQueue 8 ActionPool DashFire.ObjectPool`1[DashFire.PoolAllocatedAction`1[System.UInt64]] buffered 1 objects(11)(2021-05-14_00-41-08-966)
DataProcessScheduler.DispatchActionQueue actionQueue 9 ActionPool DashFire.ObjectPool`1[DashFire.PoolAllocatedAction`1[System.UInt64]] buffered 1 objects(11)(2021-05-14_00-41-08-966)
DataProcessScheduler.DispatchActionQueue actionQueue 10 ActionPool DashFire.ObjectPool`1[DashFire.PoolAllocatedAction`1[System.UInt64]] buffered 1 objects(11)(2021-05-14_00-41-08-967)
DataProcessScheduler.DispatchActionQueue actionQueue 10 ActionPool DashFire.ObjectPool`1[DashFire.PoolAllocatedAction`2[System.UInt64,System.Int32]] buffered 1 objects(11)(2021-05-14_00-41-08-967)
DataProcessScheduler.ThreadActionQueue ActionPool DashFire.ObjectPool`1[DashFire.PoolAllocatedAction`1[System.UInt64]] buffered 1 objects(11)(2021-05-14_00-41-08-967)
MatchFormThread.ActionQueue ActionPool DashFire.ObjectPool`1[DashFire.PoolAllocatedAction`1[System.UInt64]] buffered 1 objects(13)(2021-05-14_00-41-08-976)
RoomProcessThread.ActionQueue ActionPool DashFire.ObjectPool`1[DashFire.PoolAllocatedAction`1[Lobby.RoomServerInfo]] buffered 1 objects(14)(2021-05-14_00-41-08-986)
RoomProcessThread.ActionQueue ActionPool DashFire.ObjectPool`1[DashFire.PoolAllocatedAction`1[Lobby.NodeInfo]] buffered 1 objects(14)(2021-05-14_00-41-08-986)
GlobalDataProcessThread.ActionQueue ActionPool DashFire.ObjectPool`1[DashFire.PoolAllocatedAction`1[Lobby.UserInfo]] buffered 1 objects(12)(2021-05-14_00-42-08-964)
GlobalDataProcessThread.ActionQueue ActionPool DashFire.ObjectPool`1[DashFire.PoolAllocatedAction`2[System.Int32,System.UInt64]] buffered 1 objects(12)(2021-05-14_00-42-08-965)
GlobalDataProcessThread.ActionQueue ActionPool DashFire.ObjectPool`1[DashFire.PoolAllocatedAction`7[System.UInt64,System.Int32,System.Int32,System.Int32,System.Int32,System.Boolean,System.Boolean]] buffered 1 objects(12)(2021-05-14_00-42-08-965)
DataProcessScheduler.DispatchActionQueue actionQueue 3 ActionPool DashFire.ObjectPool`1[DashFire.PoolAllocatedAction`1[System.UInt64]] buffered 1 objects(11)(2021-05-14_00-42-08-975)
DataProcessScheduler.DispatchActionQueue actionQueue 4 ActionPool DashFire.ObjectPool`1[DashFire.PoolAllocatedAction`3[System.String,System.Int32,System.String]] buffered 1 objects(11)(2021-05-14_00-42-08-975)
DataProcessScheduler.DispatchActionQueue actionQueue 4 ActionPool DashFire.ObjectPool`1[DashFire.PoolAllocatedAction`1[System.UInt64]] buffered 1 objects(11)(2021-05-14_00-42-08-975)
DataProcessScheduler.DispatchActionQueue actionQueue 5 ActionPool DashFire.ObjectPool`1[DashFire.PoolAllocatedAction`1[System.String]] buffered 1 objects(11)(2021-05-14_00-42-08-976)
DataProcessScheduler.DispatchActionQueue actionQueue 5 ActionPool DashFire.ObjectPool`1[DashFire.PoolAllocatedAction`1[System.UInt64]] buffered 1 objects(11)(2021-05-14_00-42-08-976)
DataProcessScheduler.DispatchActionQueue actionQueue 6 ActionPool DashFire.ObjectPool`1[DashFire.PoolAllocatedAction`1[System.String]] buffered 1 objects(11)(2021-05-14_00-42-08-976)
DataProcessScheduler.DispatchActionQueue actionQueue 6 ActionPool DashFire.ObjectPool`1[DashFire.PoolAllocatedAction`1[System.UInt64]] buffered 1 objects(11)(2021-05-14_00-42-08-976)
MatchFormThread.ActionQueue ActionPool DashFire.ObjectPool`1[DashFire.PoolAllocatedAction`1[System.UInt64]] buffered 1 objects(13)(2021-05-14_00-42-08-977)
DataProcessScheduler.DispatchActionQueue actionQueue 7 ActionPool DashFire.ObjectPool`1[DashFire.PoolAllocatedAction`3[System.String,System.String,System.Int32]] buffered 1 objects(11)(2021-05-14_00-42-08-977)
DataProcessScheduler.DispatchActionQueue actionQueue 7 ActionPool DashFire.ObjectPool`1[DashFire.PoolAllocatedAction`1[System.String]] buffered 1 objects(11)(2021-05-14_00-42-08-977)
DataProcessScheduler.DispatchActionQueue actionQueue 7 ActionPool DashFire.ObjectPool`1[DashFire.PoolAllocatedAction`1[System.UInt64]] buffered 1 objects(11)(2021-05-14_00-42-08-977)
DataProcessScheduler.DispatchActionQueue actionQueue 8 ActionPool DashFire.ObjectPool`1[DashFire.PoolAllocatedAction`1[System.UInt64]] buffered 1 objects(11)(2021-05-14_00-42-08-977)
DataProcessScheduler.DispatchActionQueue actionQueue 9 ActionPool DashFire.ObjectPool`1[DashFire.PoolAllocatedAction`1[System.UInt64]] buffered 1 objects(11)(2021-05-14_00-42-08-978)
DataProcessScheduler.DispatchActionQueue actionQueue 10 ActionPool DashFire.ObjectPool`1[DashFire.PoolAllocatedAction`1[System.UInt64]] buffered 1 objects(11)(2021-05-14_00-42-08-978)
DataProcessScheduler.DispatchActionQueue actionQueue 10 ActionPool DashFire.ObjectPool`1[DashFire.PoolAllocatedAction`2[System.UInt64,System.Int32]] buffered 1 objects(11)(2021-05-14_00-42-08-978)
DataProcessScheduler.ThreadActionQueue ActionPool DashFire.ObjectPool`1[DashFire.PoolAllocatedAction`1[System.UInt64]] buffered 1 objects(11)(2021-05-14_00-42-08-978)
RoomProcessThread.ActionQueue ActionPool DashFire.ObjectPool`1[DashFire.PoolAllocatedAction`1[Lobby.RoomServerInfo]] buffered 1 objects(14)(2021-05-14_00-42-08-989)
RoomProcessThread.ActionQueue ActionPool DashFire.ObjectPool`1[DashFire.PoolAllocatedAction`1[Lobby.NodeInfo]] buffered 1 objects(14)(2021-05-14_00-42-08-989)
GlobalDataProcessThread.ActionQueue ActionPool DashFire.ObjectPool`1[DashFire.PoolAllocatedAction`1[Lobby.UserInfo]] buffered 1 objects(12)(2021-05-14_00-43-08-969)
GlobalDataProcessThread.ActionQueue ActionPool DashFire.ObjectPool`1[DashFire.PoolAllocatedAction`2[System.Int32,System.UInt64]] buffered 1 objects(12)(2021-05-14_00-43-08-969)
GlobalDataProcessThread.ActionQueue ActionPool DashFire.ObjectPool`1[DashFire.PoolAllocatedAction`7[System.UInt64,System.Int32,System.Int32,System.Int32,System.Int32,System.Boolean,System.Boolean]] buffered 1 objects(12)(2021-05-14_00-43-08-970)
DataProcessScheduler.DispatchActionQueue actionQueue 3 ActionPool DashFire.ObjectPool`1[DashFire.PoolAllocatedAction`1[System.UInt64]] buffered 1 objects(11)(2021-05-14_00-43-08-980)
DataProcessScheduler.DispatchActionQueue actionQueue 4 ActionPool DashFire.ObjectPool`1[DashFire.PoolAllocatedAction`3[System.String,System.Int32,System.String]] buffered 1 objects(11)(2021-05-14_00-43-08-980)
DataProcessScheduler.DispatchActionQueue actionQueue 4 ActionPool DashFire.ObjectPool`1[DashFire.PoolAllocatedAction`1[System.UInt64]] buffered 1 objects(11)(2021-05-14_00-43-08-980)
DataProcessScheduler.DispatchActionQueue actionQueue 5 ActionPool DashFire.ObjectPool`1[DashFire.PoolAllocatedAction`1[System.String]] buffered 1 objects(11)(2021-05-14_00-43-08-981)
DataProcessScheduler.DispatchActionQueue actionQueue 5 ActionPool DashFire.ObjectPool`1[DashFire.PoolAllocatedAction`1[System.UInt64]] buffered 1 objects(11)(2021-05-14_00-43-08-982)
DataProcessScheduler.DispatchActionQueue actionQueue 6 ActionPool DashFire.ObjectPool`1[DashFire.PoolAllocatedAction`1[System.String]] buffered 1 objects(11)(2021-05-14_00-43-08-982)
DataProcessScheduler.DispatchActionQueue actionQueue 6 ActionPool DashFire.ObjectPool`1[DashFire.PoolAllocatedAction`1[System.UInt64]] buffered 1 objects(11)(2021-05-14_00-43-08-983)
DataProcessScheduler.DispatchActionQueue actionQueue 7 ActionPool DashFire.ObjectPool`1[DashFire.PoolAllocatedAction`3[System.String,System.String,System.Int32]] buffered 1 objects(11)(2021-05-14_00-43-08-983)
DataProcessScheduler.DispatchActionQueue actionQueue 7 ActionPool DashFire.ObjectPool`1[DashFire.PoolAllocatedAction`1[System.String]] buffered 1 objects(11)(2021-05-14_00-43-08-983)
DataProcessScheduler.DispatchActionQueue actionQueue 7 ActionPool DashFire.ObjectPool`1[DashFire.PoolAllocatedAction`1[System.UInt64]] buffered 1 objects(11)(2021-05-14_00-43-08-984)
DataProcessScheduler.DispatchActionQueue actionQueue 8 ActionPool DashFire.ObjectPool`1[DashFire.PoolAllocatedAction`1[System.UInt64]] buffered 1 objects(11)(2021-05-14_00-43-08-984)
DataProcessScheduler.DispatchActionQueue actionQueue 9 ActionPool DashFire.ObjectPool`1[DashFire.PoolAllocatedAction`1[System.UInt64]] buffered 1 objects(11)(2021-05-14_00-43-08-984)
DataProcessScheduler.DispatchActionQueue actionQueue 10 ActionPool DashFire.ObjectPool`1[DashFire.PoolAllocatedAction`1[System.UInt64]] buffered 1 objects(11)(2021-05-14_00-43-08-984)
DataProcessScheduler.DispatchActionQueue actionQueue 10 ActionPool DashFire.ObjectPool`1[DashFire.PoolAllocatedAction`2[System.UInt64,System.Int32]] buffered 1 objects(11)(2021-05-14_00-43-08-985)
DataProcessScheduler.ThreadActionQueue ActionPool DashFire.ObjectPool`1[DashFire.PoolAllocatedAction`1[System.UInt64]] buffered 1 objects(11)(2021-05-14_00-43-08-985)
MatchFormThread.ActionQueue ActionPool DashFire.ObjectPool`1[DashFire.PoolAllocatedAction`1[System.UInt64]] buffered 1 objects(13)(2021-05-14_00-43-08-987)
RoomProcessThread.ActionQueue ActionPool DashFire.ObjectPool`1[DashFire.PoolAllocatedAction`1[Lobby.RoomServerInfo]] buffered 1 objects(14)(2021-05-14_00-43-08-992)
RoomProcessThread.ActionQueue ActionPool DashFire.ObjectPool`1[DashFire.PoolAllocatedAction`1[Lobby.NodeInfo]] buffered 1 objects(14)(2021-05-14_00-43-08-992)
GlobalDataProcessThread.ActionQueue ActionPool DashFire.ObjectPool`1[DashFire.PoolAllocatedAction`1[Lobby.UserInfo]] buffered 1 objects(12)(2021-05-14_00-44-08-979)
GlobalDataProcessThread.ActionQueue ActionPool DashFire.ObjectPool`1[DashFire.PoolAllocatedAction`2[System.Int32,System.UInt64]] buffered 1 objects(12)(2021-05-14_00-44-08-980)
GlobalDataProcessThread.ActionQueue ActionPool DashFire.ObjectPool`1[DashFire.PoolAllocatedAction`7[System.UInt64,System.Int32,System.Int32,System.Int32,System.Int32,System.Boolean,System.Boolean]] buffered 1 objects(12)(2021-05-14_00-44-08-980)
MatchFormThread.ActionQueue ActionPool DashFire.ObjectPool`1[DashFire.PoolAllocatedAction`1[System.UInt64]] buffered 1 objects(13)(2021-05-14_00-44-08-988)
DataProcessScheduler.DispatchActionQueue actionQueue 3 ActionPool DashFire.ObjectPool`1[DashFire.PoolAllocatedAction`1[System.UInt64]] buffered 1 objects(11)(2021-05-14_00-44-08-988)
DataProcessScheduler.DispatchActionQueue actionQueue 4 ActionPool DashFire.ObjectPool`1[DashFire.PoolAllocatedAction`3[System.String,System.Int32,System.String]] buffered 1 objects(11)(2021-05-14_00-44-08-989)
DataProcessScheduler.DispatchActionQueue actionQueue 4 ActionPool DashFire.ObjectPool`1[DashFire.PoolAllocatedAction`1[System.UInt64]] buffered 1 objects(11)(2021-05-14_00-44-08-989)
DataProcessScheduler.DispatchActionQueue actionQueue 5 ActionPool DashFire.ObjectPool`1[DashFire.PoolAllocatedAction`1[System.String]] buffered 1 objects(11)(2021-05-14_00-44-08-990)
DataProcessScheduler.DispatchActionQueue actionQueue 5 ActionPool DashFire.ObjectPool`1[DashFire.PoolAllocatedAction`1[System.UInt64]] buffered 1 objects(11)(2021-05-14_00-44-08-990)
DataProcessScheduler.DispatchActionQueue actionQueue 6 ActionPool DashFire.ObjectPool`1[DashFire.PoolAllocatedAction`1[System.String]] buffered 1 objects(11)(2021-05-14_00-44-08-990)
DataProcessScheduler.DispatchActionQueue actionQueue 6 ActionPool DashFire.ObjectPool`1[DashFire.PoolAllocatedAction`1[System.UInt64]] buffered 1 objects(11)(2021-05-14_00-44-08-990)
DataProcessScheduler.DispatchActionQueue actionQueue 7 ActionPool DashFire.ObjectPool`1[DashFire.PoolAllocatedAction`3[System.String,System.String,System.Int32]] buffered 1 objects(11)(2021-05-14_00-44-08-990)
DataProcessScheduler.DispatchActionQueue actionQueue 7 ActionPool DashFire.ObjectPool`1[DashFire.PoolAllocatedAction`1[System.String]] buffered 1 objects(11)(2021-05-14_00-44-08-991)
DataProcessScheduler.DispatchActionQueue actionQueue 7 ActionPool DashFire.ObjectPool`1[DashFire.PoolAllocatedAction`1[System.UInt64]] buffered 1 objects(11)(2021-05-14_00-44-08-991)
DataProcessScheduler.DispatchActionQueue actionQueue 8 ActionPool DashFire.ObjectPool`1[DashFire.PoolAllocatedAction`1[System.UInt64]] buffered 1 objects(11)(2021-05-14_00-44-08-991)
DataProcessScheduler.DispatchActionQueue actionQueue 9 ActionPool DashFire.ObjectPool`1[DashFire.PoolAllocatedAction`1[System.UInt64]] buffered 1 objects(11)(2021-05-14_00-44-08-991)
DataProcessScheduler.DispatchActionQueue actionQueue 10 ActionPool DashFire.ObjectPool`1[DashFire.PoolAllocatedAction`1[System.UInt64]] buffered 1 objects(11)(2021-05-14_00-44-08-992)
DataProcessScheduler.DispatchActionQueue actionQueue 10 ActionPool DashFire.ObjectPool`1[DashFire.PoolAllocatedAction`2[System.UInt64,System.Int32]] buffered 1 objects(11)(2021-05-14_00-44-08-992)
DataProcessScheduler.ThreadActionQueue ActionPool DashFire.ObjectPool`1[DashFire.PoolAllocatedAction`1[System.UInt64]] buffered 1 objects(11)(2021-05-14_00-44-08-992)
RoomProcessThread.ActionQueue ActionPool DashFire.ObjectPool`1[DashFire.PoolAllocatedAction`1[Lobby.RoomServerInfo]] buffered 1 objects(14)(2021-05-14_00-44-09-001)
RoomProcessThread.ActionQueue ActionPool DashFire.ObjectPool`1[DashFire.PoolAllocatedAction`1[Lobby.NodeInfo]] buffered 1 objects(14)(2021-05-14_00-44-09-001)
GlobalDataProcessThread.ActionQueue ActionPool DashFire.ObjectPool`1[DashFire.PoolAllocatedAction`1[Lobby.UserInfo]] buffered 1 objects(12)(2021-05-14_00-45-08-982)
GlobalDataProcessThread.ActionQueue ActionPool DashFire.ObjectPool`1[DashFire.PoolAllocatedAction`2[System.Int32,System.UInt64]] buffered 1 objects(12)(2021-05-14_00-45-08-983)
GlobalDataProcessThread.ActionQueue ActionPool DashFire.ObjectPool`1[DashFire.PoolAllocatedAction`7[System.UInt64,System.Int32,System.Int32,System.Int32,System.Int32,System.Boolean,System.Boolean]] buffered 1 objects(12)(2021-05-14_00-45-08-983)
MatchFormThread.ActionQueue ActionPool DashFire.ObjectPool`1[DashFire.PoolAllocatedAction`1[System.UInt64]] buffered 1 objects(13)(2021-05-14_00-45-08-995)
DataProcessScheduler.DispatchActionQueue actionQueue 3 ActionPool DashFire.ObjectPool`1[DashFire.PoolAllocatedAction`1[System.UInt64]] buffered 1 objects(11)(2021-05-14_00-45-08-995)
DataProcessScheduler.DispatchActionQueue actionQueue 4 ActionPool DashFire.ObjectPool`1[DashFire.PoolAllocatedAction`3[System.String,System.Int32,System.String]] buffered 1 objects(11)(2021-05-14_00-45-08-995)
DataProcessScheduler.DispatchActionQueue actionQueue 4 ActionPool DashFire.ObjectPool`1[DashFire.PoolAllocatedAction`1[System.UInt64]] buffered 1 objects(11)(2021-05-14_00-45-08-996)
DataProcessScheduler.DispatchActionQueue actionQueue 5 ActionPool DashFire.ObjectPool`1[DashFire.PoolAllocatedAction`1[System.String]] buffered 1 objects(11)(2021-05-14_00-45-08-996)
DataProcessScheduler.DispatchActionQueue actionQueue 5 ActionPool DashFire.ObjectPool`1[DashFire.PoolAllocatedAction`1[System.UInt64]] buffered 1 objects(11)(2021-05-14_00-45-08-996)
DataProcessScheduler.DispatchActionQueue actionQueue 6 ActionPool DashFire.ObjectPool`1[DashFire.PoolAllocatedAction`1[System.String]] buffered 1 objects(11)(2021-05-14_00-45-08-996)
DataProcessScheduler.DispatchActionQueue actionQueue 6 ActionPool DashFire.ObjectPool`1[DashFire.PoolAllocatedAction`1[System.UInt64]] buffered 1 objects(11)(2021-05-14_00-45-08-997)
DataProcessScheduler.DispatchActionQueue actionQueue 7 ActionPool DashFire.ObjectPool`1[DashFire.PoolAllocatedAction`3[System.String,System.String,System.Int32]] buffered 1 objects(11)(2021-05-14_00-45-08-997)
DataProcessScheduler.DispatchActionQueue actionQueue 7 ActionPool DashFire.ObjectPool`1[DashFire.PoolAllocatedAction`1[System.String]] buffered 1 objects(11)(2021-05-14_00-45-08-997)
DataProcessScheduler.DispatchActionQueue actionQueue 7 ActionPool DashFire.ObjectPool`1[DashFire.PoolAllocatedAction`1[System.UInt64]] buffered 1 objects(11)(2021-05-14_00-45-08-997)
DataProcessScheduler.DispatchActionQueue actionQueue 8 ActionPool DashFire.ObjectPool`1[DashFire.PoolAllocatedAction`1[System.UInt64]] buffered 1 objects(11)(2021-05-14_00-45-08-998)
DataProcessScheduler.DispatchActionQueue actionQueue 9 ActionPool DashFire.ObjectPool`1[DashFire.PoolAllocatedAction`1[System.UInt64]] buffered 1 objects(11)(2021-05-14_00-45-08-998)
DataProcessScheduler.DispatchActionQueue actionQueue 10 ActionPool DashFire.ObjectPool`1[DashFire.PoolAllocatedAction`1[System.UInt64]] buffered 1 objects(11)(2021-05-14_00-45-08-998)
DataProcessScheduler.DispatchActionQueue actionQueue 10 ActionPool DashFire.ObjectPool`1[DashFire.PoolAllocatedAction`2[System.UInt64,System.Int32]] buffered 1 objects(11)(2021-05-14_00-45-08-998)
DataProcessScheduler.ThreadActionQueue ActionPool DashFire.ObjectPool`1[DashFire.PoolAllocatedAction`1[System.UInt64]] buffered 1 objects(11)(2021-05-14_00-45-08-998)
RoomProcessThread.ActionQueue ActionPool DashFire.ObjectPool`1[DashFire.PoolAllocatedAction`1[Lobby.RoomServerInfo]] buffered 1 objects(14)(2021-05-14_00-45-09-005)
RoomProcessThread.ActionQueue ActionPool DashFire.ObjectPool`1[DashFire.PoolAllocatedAction`1[Lobby.NodeInfo]] buffered 1 objects(14)(2021-05-14_00-45-09-005)
GlobalDataProcessThread.ActionQueue ActionPool DashFire.ObjectPool`1[DashFire.PoolAllocatedAction`1[Lobby.UserInfo]] buffered 1 objects(12)(2021-05-14_00-46-08-989)
GlobalDataProcessThread.ActionQueue ActionPool DashFire.ObjectPool`1[DashFire.PoolAllocatedAction`2[System.Int32,System.UInt64]] buffered 1 objects(12)(2021-05-14_00-46-08-990)
GlobalDataProcessThread.ActionQueue ActionPool DashFire.ObjectPool`1[DashFire.PoolAllocatedAction`7[System.UInt64,System.Int32,System.Int32,System.Int32,System.Int32,System.Boolean,System.Boolean]] buffered 1 objects(12)(2021-05-14_00-46-08-990)
DataProcessScheduler.DispatchActionQueue actionQueue 3 ActionPool DashFire.ObjectPool`1[DashFire.PoolAllocatedAction`1[System.UInt64]] buffered 1 objects(11)(2021-05-14_00-46-09-000)
MatchFormThread.ActionQueue ActionPool DashFire.ObjectPool`1[DashFire.PoolAllocatedAction`1[System.UInt64]] buffered 1 objects(13)(2021-05-14_00-46-09-000)
DataProcessScheduler.DispatchActionQueue actionQueue 4 ActionPool DashFire.ObjectPool`1[DashFire.PoolAllocatedAction`3[System.String,System.Int32,System.String]] buffered 1 objects(11)(2021-05-14_00-46-09-000)
DataProcessScheduler.DispatchActionQueue actionQueue 4 ActionPool DashFire.ObjectPool`1[DashFire.PoolAllocatedAction`1[System.UInt64]] buffered 1 objects(11)(2021-05-14_00-46-09-000)
DataProcessScheduler.DispatchActionQueue actionQueue 5 ActionPool DashFire.ObjectPool`1[DashFire.PoolAllocatedAction`1[System.String]] buffered 1 objects(11)(2021-05-14_00-46-09-000)
DataProcessScheduler.DispatchActionQueue actionQueue 5 ActionPool DashFire.ObjectPool`1[DashFire.PoolAllocatedAction`1[System.UInt64]] buffered 1 objects(11)(2021-05-14_00-46-09-000)
DataProcessScheduler.DispatchActionQueue actionQueue 6 ActionPool DashFire.ObjectPool`1[DashFire.PoolAllocatedAction`1[System.String]] buffered 1 objects(11)(2021-05-14_00-46-09-001)
DataProcessScheduler.DispatchActionQueue actionQueue 6 ActionPool DashFire.ObjectPool`1[DashFire.PoolAllocatedAction`1[System.UInt64]] buffered 1 objects(11)(2021-05-14_00-46-09-002)
DataProcessScheduler.DispatchActionQueue actionQueue 7 ActionPool DashFire.ObjectPool`1[DashFire.PoolAllocatedAction`3[System.String,System.String,System.Int32]] buffered 1 objects(11)(2021-05-14_00-46-09-002)
DataProcessScheduler.DispatchActionQueue actionQueue 7 ActionPool DashFire.ObjectPool`1[DashFire.PoolAllocatedAction`1[System.String]] buffered 1 objects(11)(2021-05-14_00-46-09-002)
DataProcessScheduler.DispatchActionQueue actionQueue 7 ActionPool DashFire.ObjectPool`1[DashFire.PoolAllocatedAction`1[System.UInt64]] buffered 1 objects(11)(2021-05-14_00-46-09-002)
DataProcessScheduler.DispatchActionQueue actionQueue 8 ActionPool DashFire.ObjectPool`1[DashFire.PoolAllocatedAction`1[System.UInt64]] buffered 1 objects(11)(2021-05-14_00-46-09-003)
DataProcessScheduler.DispatchActionQueue actionQueue 9 ActionPool DashFire.ObjectPool`1[DashFire.PoolAllocatedAction`1[System.UInt64]] buffered 1 objects(11)(2021-05-14_00-46-09-003)
DataProcessScheduler.DispatchActionQueue actionQueue 10 ActionPool DashFire.ObjectPool`1[DashFire.PoolAllocatedAction`1[System.UInt64]] buffered 1 objects(11)(2021-05-14_00-46-09-003)
DataProcessScheduler.DispatchActionQueue actionQueue 10 ActionPool DashFire.ObjectPool`1[DashFire.PoolAllocatedAction`2[System.UInt64,System.Int32]] buffered 1 objects(11)(2021-05-14_00-46-09-003)
DataProcessScheduler.ThreadActionQueue ActionPool DashFire.ObjectPool`1[DashFire.PoolAllocatedAction`1[System.UInt64]] buffered 1 objects(11)(2021-05-14_00-46-09-004)
RoomProcessThread.ActionQueue ActionPool DashFire.ObjectPool`1[DashFire.PoolAllocatedAction`1[Lobby.RoomServerInfo]] buffered 1 objects(14)(2021-05-14_00-46-09-011)
RoomProcessThread.ActionQueue ActionPool DashFire.ObjectPool`1[DashFire.PoolAllocatedAction`1[Lobby.NodeInfo]] buffered 1 objects(14)(2021-05-14_00-46-09-011)
GlobalDataProcessThread.ActionQueue ActionPool DashFire.ObjectPool`1[DashFire.PoolAllocatedAction`1[Lobby.UserInfo]] buffered 1 objects(12)(2021-05-14_00-47-08-994)
GlobalDataProcessThread.ActionQueue ActionPool DashFire.ObjectPool`1[DashFire.PoolAllocatedAction`2[System.Int32,System.UInt64]] buffered 1 objects(12)(2021-05-14_00-47-08-995)
GlobalDataProcessThread.ActionQueue ActionPool DashFire.ObjectPool`1[DashFire.PoolAllocatedAction`7[System.UInt64,System.Int32,System.Int32,System.Int32,System.Int32,System.Boolean,System.Boolean]] buffered 1 objects(12)(2021-05-14_00-47-08-995)
DataProcessScheduler.DispatchActionQueue actionQueue 3 ActionPool DashFire.ObjectPool`1[DashFire.PoolAllocatedAction`1[System.UInt64]] buffered 1 objects(11)(2021-05-14_00-47-09-002)
DataProcessScheduler.DispatchActionQueue actionQueue 4 ActionPool DashFire.ObjectPool`1[DashFire.PoolAllocatedAction`3[System.String,System.Int32,System.String]] buffered 1 objects(11)(2021-05-14_00-47-09-002)
DataProcessScheduler.DispatchActionQueue actionQueue 4 ActionPool DashFire.ObjectPool`1[DashFire.PoolAllocatedAction`1[System.UInt64]] buffered 1 objects(11)(2021-05-14_00-47-09-002)
DataProcessScheduler.DispatchActionQueue actionQueue 5 ActionPool DashFire.ObjectPool`1[DashFire.PoolAllocatedAction`1[System.String]] buffered 1 objects(11)(2021-05-14_00-47-09-002)
DataProcessScheduler.DispatchActionQueue actionQueue 5 ActionPool DashFire.ObjectPool`1[DashFire.PoolAllocatedAction`1[System.UInt64]] buffered 1 objects(11)(2021-05-14_00-47-09-002)
DataProcessScheduler.DispatchActionQueue actionQueue 6 ActionPool DashFire.ObjectPool`1[DashFire.PoolAllocatedAction`1[System.String]] buffered 1 objects(11)(2021-05-14_00-47-09-003)
DataProcessScheduler.DispatchActionQueue actionQueue 6 ActionPool DashFire.ObjectPool`1[DashFire.PoolAllocatedAction`1[System.UInt64]] buffered 1 objects(11)(2021-05-14_00-47-09-003)
DataProcessScheduler.DispatchActionQueue actionQueue 7 ActionPool DashFire.ObjectPool`1[DashFire.PoolAllocatedAction`3[System.String,System.String,System.Int32]] buffered 1 objects(11)(2021-05-14_00-47-09-003)
DataProcessScheduler.DispatchActionQueue actionQueue 7 ActionPool DashFire.ObjectPool`1[DashFire.PoolAllocatedAction`1[System.String]] buffered 1 objects(11)(2021-05-14_00-47-09-004)
DataProcessScheduler.DispatchActionQueue actionQueue 7 ActionPool DashFire.ObjectPool`1[DashFire.PoolAllocatedAction`1[System.UInt64]] buffered 1 objects(11)(2021-05-14_00-47-09-004)
DataProcessScheduler.DispatchActionQueue actionQueue 8 ActionPool DashFire.ObjectPool`1[DashFire.PoolAllocatedAction`1[System.UInt64]] buffered 1 objects(11)(2021-05-14_00-47-09-004)
DataProcessScheduler.DispatchActionQueue actionQueue 9 ActionPool DashFire.ObjectPool`1[DashFire.PoolAllocatedAction`1[System.UInt64]] buffered 1 objects(11)(2021-05-14_00-47-09-004)
MatchFormThread.ActionQueue ActionPool DashFire.ObjectPool`1[DashFire.PoolAllocatedAction`1[System.UInt64]] buffered 1 objects(13)(2021-05-14_00-47-09-005)
DataProcessScheduler.DispatchActionQueue actionQueue 10 ActionPool DashFire.ObjectPool`1[DashFire.PoolAllocatedAction`1[System.UInt64]] buffered 1 objects(11)(2021-05-14_00-47-09-005)
DataProcessScheduler.DispatchActionQueue actionQueue 10 ActionPool DashFire.ObjectPool`1[DashFire.PoolAllocatedAction`2[System.UInt64,System.Int32]] buffered 1 objects(11)(2021-05-14_00-47-09-005)
DataProcessScheduler.ThreadActionQueue ActionPool DashFire.ObjectPool`1[DashFire.PoolAllocatedAction`1[System.UInt64]] buffered 1 objects(11)(2021-05-14_00-47-09-005)
RoomProcessThread.ActionQueue ActionPool DashFire.ObjectPool`1[DashFire.PoolAllocatedAction`1[Lobby.RoomServerInfo]] buffered 1 objects(14)(2021-05-14_00-47-09-016)
RoomProcessThread.ActionQueue ActionPool DashFire.ObjectPool`1[DashFire.PoolAllocatedAction`1[Lobby.NodeInfo]] buffered 1 objects(14)(2021-05-14_00-47-09-016)
DataProcessScheduler.DispatchActionQueue actionQueue 3 ActionPool DashFire.ObjectPool`1[DashFire.PoolAllocatedAction`1[System.UInt64]] buffered 1 objects(11)(2021-05-14_00-48-09-004)
DataProcessScheduler.DispatchActionQueue actionQueue 4 ActionPool DashFire.ObjectPool`1[DashFire.PoolAllocatedAction`3[System.String,System.Int32,System.String]] buffered 1 objects(11)(2021-05-14_00-48-09-004)
GlobalDataProcessThread.ActionQueue ActionPool DashFire.ObjectPool`1[DashFire.PoolAllocatedAction`1[Lobby.UserInfo]] buffered 1 objects(12)(2021-05-14_00-48-09-005)
DataProcessScheduler.DispatchActionQueue actionQueue 4 ActionPool DashFire.ObjectPool`1[DashFire.PoolAllocatedAction`1[System.UInt64]] buffered 1 objects(11)(2021-05-14_00-48-09-005)
DataProcessScheduler.DispatchActionQueue actionQueue 5 ActionPool DashFire.ObjectPool`1[DashFire.PoolAllocatedAction`1[System.String]] buffered 1 objects(11)(2021-05-14_00-48-09-005)
DataProcessScheduler.DispatchActionQueue actionQueue 5 ActionPool DashFire.ObjectPool`1[DashFire.PoolAllocatedAction`1[System.UInt64]] buffered 1 objects(11)(2021-05-14_00-48-09-006)
DataProcessScheduler.DispatchActionQueue actionQueue 6 ActionPool DashFire.ObjectPool`1[DashFire.PoolAllocatedAction`1[System.String]] buffered 1 objects(11)(2021-05-14_00-48-09-006)
DataProcessScheduler.DispatchActionQueue actionQueue 6 ActionPool DashFire.ObjectPool`1[DashFire.PoolAllocatedAction`1[System.UInt64]] buffered 1 objects(11)(2021-05-14_00-48-09-006)
DataProcessScheduler.DispatchActionQueue actionQueue 7 ActionPool DashFire.ObjectPool`1[DashFire.PoolAllocatedAction`3[System.String,System.String,System.Int32]] buffered 1 objects(11)(2021-05-14_00-48-09-006)
DataProcessScheduler.DispatchActionQueue actionQueue 7 ActionPool DashFire.ObjectPool`1[DashFire.PoolAllocatedAction`1[System.String]] buffered 1 objects(11)(2021-05-14_00-48-09-007)
GlobalDataProcessThread.ActionQueue ActionPool DashFire.ObjectPool`1[DashFire.PoolAllocatedAction`2[System.Int32,System.UInt64]] buffered 1 objects(12)(2021-05-14_00-48-09-007)
GlobalDataProcessThread.ActionQueue ActionPool DashFire.ObjectPool`1[DashFire.PoolAllocatedAction`7[System.UInt64,System.Int32,System.Int32,System.Int32,System.Int32,System.Boolean,System.Boolean]] buffered 1 objects(12)(2021-05-14_00-48-09-007)
DataProcessScheduler.DispatchActionQueue actionQueue 7 ActionPool DashFire.ObjectPool`1[DashFire.PoolAllocatedAction`1[System.UInt64]] buffered 1 objects(11)(2021-05-14_00-48-09-008)
DataProcessScheduler.DispatchActionQueue actionQueue 8 ActionPool DashFire.ObjectPool`1[DashFire.PoolAllocatedAction`1[System.UInt64]] buffered 1 objects(11)(2021-05-14_00-48-09-008)
DataProcessScheduler.DispatchActionQueue actionQueue 9 ActionPool DashFire.ObjectPool`1[DashFire.PoolAllocatedAction`1[System.UInt64]] buffered 1 objects(11)(2021-05-14_00-48-09-008)
DataProcessScheduler.DispatchActionQueue actionQueue 10 ActionPool DashFire.ObjectPool`1[DashFire.PoolAllocatedAction`1[System.UInt64]] buffered 1 objects(11)(2021-05-14_00-48-09-009)
DataProcessScheduler.DispatchActionQueue actionQueue 10 ActionPool DashFire.ObjectPool`1[DashFire.PoolAllocatedAction`2[System.UInt64,System.Int32]] buffered 1 objects(11)(2021-05-14_00-48-09-009)
DataProcessScheduler.ThreadActionQueue ActionPool DashFire.ObjectPool`1[DashFire.PoolAllocatedAction`1[System.UInt64]] buffered 1 objects(11)(2021-05-14_00-48-09-009)
MatchFormThread.ActionQueue ActionPool DashFire.ObjectPool`1[DashFire.PoolAllocatedAction`1[System.UInt64]] buffered 1 objects(13)(2021-05-14_00-48-09-015)
RoomProcessThread.ActionQueue ActionPool DashFire.ObjectPool`1[DashFire.PoolAllocatedAction`1[Lobby.RoomServerInfo]] buffered 1 objects(14)(2021-05-14_00-48-09-018)
RoomProcessThread.ActionQueue ActionPool DashFire.ObjectPool`1[DashFire.PoolAllocatedAction`1[Lobby.NodeInfo]] buffered 1 objects(14)(2021-05-14_00-48-09-018)
Account connected: 509832077, Login type: DirectLogin(8)(2021-05-14_00-48-17-731)
Account login success while already online. AccountID:509832077(8)(2021-05-14_00-48-17-731)
DataProcessScheduler.DispatchActionQueue actionQueue 3 ActionPool DashFire.ObjectPool`1[DashFire.PoolAllocatedAction`1[System.UInt64]] buffered 1 objects(11)(2021-05-14_00-49-09-005)
DataProcessScheduler.DispatchActionQueue actionQueue 4 ActionPool DashFire.ObjectPool`1[DashFire.PoolAllocatedAction`3[System.String,System.Int32,System.String]] buffered 1 objects(11)(2021-05-14_00-49-09-006)
DataProcessScheduler.DispatchActionQueue actionQueue 4 ActionPool DashFire.ObjectPool`1[DashFire.PoolAllocatedAction`1[System.UInt64]] buffered 1 objects(11)(2021-05-14_00-49-09-006)
DataProcessScheduler.DispatchActionQueue actionQueue 5 ActionPool DashFire.ObjectPool`1[DashFire.PoolAllocatedAction`1[System.String]] buffered 1 objects(11)(2021-05-14_00-49-09-006)
DataProcessScheduler.DispatchActionQueue actionQueue 5 ActionPool DashFire.ObjectPool`1[DashFire.PoolAllocatedAction`1[System.UInt64]] buffered 1 objects(11)(2021-05-14_00-49-09-006)
DataProcessScheduler.DispatchActionQueue actionQueue 6 ActionPool DashFire.ObjectPool`1[DashFire.PoolAllocatedAction`1[System.String]] buffered 1 objects(11)(2021-05-14_00-49-09-007)
DataProcessScheduler.DispatchActionQueue actionQueue 6 ActionPool DashFire.ObjectPool`1[DashFire.PoolAllocatedAction`1[System.UInt64]] buffered 1 objects(11)(2021-05-14_00-49-09-007)
DataProcessScheduler.DispatchActionQueue actionQueue 7 ActionPool DashFire.ObjectPool`1[DashFire.PoolAllocatedAction`3[System.String,System.String,System.Int32]] buffered 1 objects(11)(2021-05-14_00-49-09-007)
DataProcessScheduler.DispatchActionQueue actionQueue 7 ActionPool DashFire.ObjectPool`1[DashFire.PoolAllocatedAction`1[System.String]] buffered 1 objects(11)(2021-05-14_00-49-09-007)
DataProcessScheduler.DispatchActionQueue actionQueue 7 ActionPool DashFire.ObjectPool`1[DashFire.PoolAllocatedAction`1[System.UInt64]] buffered 1 objects(11)(2021-05-14_00-49-09-008)
DataProcessScheduler.DispatchActionQueue actionQueue 8 ActionPool DashFire.ObjectPool`1[DashFire.PoolAllocatedAction`1[System.UInt64]] buffered 1 objects(11)(2021-05-14_00-49-09-008)
DataProcessScheduler.DispatchActionQueue actionQueue 8 ActionPool DashFire.ObjectPool`1[DashFire.PoolAllocatedAction`3[System.String,System.Int32,System.String]] buffered 1 objects(11)(2021-05-14_00-49-09-008)
DataProcessScheduler.DispatchActionQueue actionQueue 9 ActionPool DashFire.ObjectPool`1[DashFire.PoolAllocatedAction`1[System.UInt64]] buffered 1 objects(11)(2021-05-14_00-49-09-008)
DataProcessScheduler.DispatchActionQueue actionQueue 9 ActionPool DashFire.ObjectPool`1[DashFire.PoolAllocatedAction`1[System.String]] buffered 1 objects(11)(2021-05-14_00-49-09-008)
DataProcessScheduler.DispatchActionQueue actionQueue 10 ActionPool DashFire.ObjectPool`1[DashFire.PoolAllocatedAction`1[System.UInt64]] buffered 1 objects(11)(2021-05-14_00-49-09-009)
DataProcessScheduler.DispatchActionQueue actionQueue 10 ActionPool DashFire.ObjectPool`1[DashFire.PoolAllocatedAction`2[System.UInt64,System.Int32]] buffered 1 objects(11)(2021-05-14_00-49-09-009)
DataProcessScheduler.ThreadActionQueue ActionPool DashFire.ObjectPool`1[DashFire.PoolAllocatedAction`1[System.UInt64]] buffered 1 objects(11)(2021-05-14_00-49-09-009)
GlobalDataProcessThread.ActionQueue ActionPool DashFire.ObjectPool`1[DashFire.PoolAllocatedAction`1[Lobby.UserInfo]] buffered 1 objects(12)(2021-05-14_00-49-09-014)
GlobalDataProcessThread.ActionQueue ActionPool DashFire.ObjectPool`1[DashFire.PoolAllocatedAction`2[System.Int32,System.UInt64]] buffered 1 objects(12)(2021-05-14_00-49-09-014)
GlobalDataProcessThread.ActionQueue ActionPool DashFire.ObjectPool`1[DashFire.PoolAllocatedAction`7[System.UInt64,System.Int32,System.Int32,System.Int32,System.Int32,System.Boolean,System.Boolean]] buffered 1 objects(12)(2021-05-14_00-49-09-014)
MatchFormThread.ActionQueue ActionPool DashFire.ObjectPool`1[DashFire.PoolAllocatedAction`1[System.UInt64]] buffered 1 objects(13)(2021-05-14_00-49-09-025)
RoomProcessThread.ActionQueue ActionPool DashFire.ObjectPool`1[DashFire.PoolAllocatedAction`1[Lobby.RoomServerInfo]] buffered 1 objects(14)(2021-05-14_00-49-09-025)
RoomProcessThread.ActionQueue ActionPool DashFire.ObjectPool`1[DashFire.PoolAllocatedAction`1[Lobby.NodeInfo]] buffered 1 objects(14)(2021-05-14_00-49-09-025)
DataProcessScheduler.DispatchActionQueue actionQueue 3 ActionPool DashFire.ObjectPool`1[DashFire.PoolAllocatedAction`1[System.UInt64]] buffered 1 objects(11)(2021-05-14_00-50-09-013)
DataProcessScheduler.DispatchActionQueue actionQueue 4 ActionPool DashFire.ObjectPool`1[DashFire.PoolAllocatedAction`3[System.String,System.Int32,System.String]] buffered 1 objects(11)(2021-05-14_00-50-09-013)
DataProcessScheduler.DispatchActionQueue actionQueue 4 ActionPool DashFire.ObjectPool`1[DashFire.PoolAllocatedAction`1[System.UInt64]] buffered 1 objects(11)(2021-05-14_00-50-09-014)
DataProcessScheduler.DispatchActionQueue actionQueue 5 ActionPool DashFire.ObjectPool`1[DashFire.PoolAllocatedAction`1[System.String]] buffered 1 objects(11)(2021-05-14_00-50-09-014)
DataProcessScheduler.DispatchActionQueue actionQueue 5 ActionPool DashFire.ObjectPool`1[DashFire.PoolAllocatedAction`1[System.UInt64]] buffered 1 objects(11)(2021-05-14_00-50-09-014)
DataProcessScheduler.DispatchActionQueue actionQueue 6 ActionPool DashFire.ObjectPool`1[DashFire.PoolAllocatedAction`1[System.String]] buffered 1 objects(11)(2021-05-14_00-50-09-014)
DataProcessScheduler.DispatchActionQueue actionQueue 6 ActionPool DashFire.ObjectPool`1[DashFire.PoolAllocatedAction`1[System.UInt64]] buffered 1 objects(11)(2021-05-14_00-50-09-014)
DataProcessScheduler.DispatchActionQueue actionQueue 7 ActionPool DashFire.ObjectPool`1[DashFire.PoolAllocatedAction`3[System.String,System.String,System.Int32]] buffered 1 objects(11)(2021-05-14_00-50-09-015)
DataProcessScheduler.DispatchActionQueue actionQueue 7 ActionPool DashFire.ObjectPool`1[DashFire.PoolAllocatedAction`1[System.String]] buffered 1 objects(11)(2021-05-14_00-50-09-015)
DataProcessScheduler.DispatchActionQueue actionQueue 7 ActionPool DashFire.ObjectPool`1[DashFire.PoolAllocatedAction`1[System.UInt64]] buffered 1 objects(11)(2021-05-14_00-50-09-015)
DataProcessScheduler.DispatchActionQueue actionQueue 8 ActionPool DashFire.ObjectPool`1[DashFire.PoolAllocatedAction`1[System.UInt64]] buffered 1 objects(11)(2021-05-14_00-50-09-015)
DataProcessScheduler.DispatchActionQueue actionQueue 8 ActionPool DashFire.ObjectPool`1[DashFire.PoolAllocatedAction`3[System.String,System.Int32,System.String]] buffered 1 objects(11)(2021-05-14_00-50-09-016)
DataProcessScheduler.DispatchActionQueue actionQueue 9 ActionPool DashFire.ObjectPool`1[DashFire.PoolAllocatedAction`1[System.UInt64]] buffered 1 objects(11)(2021-05-14_00-50-09-016)
DataProcessScheduler.DispatchActionQueue actionQueue 9 ActionPool DashFire.ObjectPool`1[DashFire.PoolAllocatedAction`1[System.String]] buffered 1 objects(11)(2021-05-14_00-50-09-016)
DataProcessScheduler.DispatchActionQueue actionQueue 10 ActionPool DashFire.ObjectPool`1[DashFire.PoolAllocatedAction`1[System.UInt64]] buffered 1 objects(11)(2021-05-14_00-50-09-016)
DataProcessScheduler.DispatchActionQueue actionQueue 10 ActionPool DashFire.ObjectPool`1[DashFire.PoolAllocatedAction`2[System.UInt64,System.Int32]] buffered 1 objects(11)(2021-05-14_00-50-09-016)
DataProcessScheduler.ThreadActionQueue ActionPool DashFire.ObjectPool`1[DashFire.PoolAllocatedAction`1[System.UInt64]] buffered 1 objects(11)(2021-05-14_00-50-09-017)
GlobalDataProcessThread.ActionQueue ActionPool DashFire.ObjectPool`1[DashFire.PoolAllocatedAction`1[Lobby.UserInfo]] buffered 1 objects(12)(2021-05-14_00-50-09-024)
GlobalDataProcessThread.ActionQueue ActionPool DashFire.ObjectPool`1[DashFire.PoolAllocatedAction`2[System.Int32,System.UInt64]] buffered 1 objects(12)(2021-05-14_00-50-09-024)
GlobalDataProcessThread.ActionQueue ActionPool DashFire.ObjectPool`1[DashFire.PoolAllocatedAction`7[System.UInt64,System.Int32,System.Int32,System.Int32,System.Int32,System.Boolean,System.Boolean]] buffered 1 objects(12)(2021-05-14_00-50-09-024)
MatchFormThread.ActionQueue ActionPool DashFire.ObjectPool`1[DashFire.PoolAllocatedAction`1[System.UInt64]] buffered 1 objects(13)(2021-05-14_00-50-09-031)
RoomProcessThread.ActionQueue ActionPool DashFire.ObjectPool`1[DashFire.PoolAllocatedAction`1[Lobby.RoomServerInfo]] buffered 1 objects(14)(2021-05-14_00-50-09-031)
RoomProcessThread.ActionQueue ActionPool DashFire.ObjectPool`1[DashFire.PoolAllocatedAction`1[Lobby.NodeInfo]] buffered 1 objects(14)(2021-05-14_00-50-09-032)
