Init Config ...(1)(2021-08-13_00-39-33-244)
Init Messenger ...(1)(2021-08-13_00-39-33-377)
Init DataStore ...(1)(2021-08-13_00-39-33-388)
Init BillingClient ...(1)(2021-08-13_00-39-33-390)
Start Threads ...(1)(2021-08-13_00-39-33-392)
RoomProcessThread.ActionQueue ActionPool DashFire.ObjectPool`1[DashFire.PoolAllocatedAction`1[Lobby.RoomServerInfo]] buffered 1 objects(14)(2021-08-13_00-40-33-405)
RoomProcessThread.ActionQueue ActionPool DashFire.ObjectPool`1[DashFire.PoolAllocatedAction`1[Lobby.NodeInfo]] buffered 1 objects(14)(2021-08-13_00-40-33-407)
Account connected: 771806395, Login type: DirectLogin(4)(2021-08-13_00-40-52-407)
Account login success. Account:771806395(4)(2021-08-13_00-40-52-409)
Account create new user : Account:(771806395), UserGuid:(1) Nickname:(大卫·欧文) HeroId:(1)(7)(2021-08-13_00-40-55-032)
RoomProcessThread.ActionQueue ActionPool DashFire.ObjectPool`1[DashFire.PoolAllocatedAction`1[Lobby.RoomServerInfo]] buffered 1 objects(14)(2021-08-13_00-41-33-412)
GlobalDataProcessThread.ActionQueue ActionPool DashFire.ObjectPool`1[DashFire.PoolAllocatedAction`1[Lobby.UserInfo]] buffered 1 objects(12)(2021-08-13_00-41-33-412)
DataProcessScheduler.DispatchActionQueue actionQueue 3 ActionPool DashFire.ObjectPool`1[DashFire.PoolAllocatedAction`1[System.UInt64]] buffered 1 objects(11)(2021-08-13_00-41-33-412)
RoomProcessThread.ActionQueue ActionPool DashFire.ObjectPool`1[DashFire.PoolAllocatedAction`1[Lobby.NodeInfo]] buffered 1 objects(14)(2021-08-13_00-41-33-413)
DataProcessScheduler.DispatchActionQueue actionQueue 4 ActionPool DashFire.ObjectPool`1[DashFire.PoolAllocatedAction`3[System.String,System.Int32,System.String]] buffered 1 objects(11)(2021-08-13_00-41-33-413)
DataProcessScheduler.DispatchActionQueue actionQueue 4 ActionPool DashFire.ObjectPool`1[DashFire.PoolAllocatedAction`1[System.UInt64]] buffered 1 objects(11)(2021-08-13_00-41-33-414)
DataProcessScheduler.DispatchActionQueue actionQueue 5 ActionPool DashFire.ObjectPool`1[DashFire.PoolAllocatedAction`1[System.String]] buffered 1 objects(11)(2021-08-13_00-41-33-414)
DataProcessScheduler.DispatchActionQueue actionQueue 5 ActionPool DashFire.ObjectPool`1[DashFire.PoolAllocatedAction`1[System.UInt64]] buffered 1 objects(11)(2021-08-13_00-41-33-415)
DataProcessScheduler.DispatchActionQueue actionQueue 6 ActionPool DashFire.ObjectPool`1[DashFire.PoolAllocatedAction`1[System.String]] buffered 1 objects(11)(2021-08-13_00-41-33-415)
DataProcessScheduler.DispatchActionQueue actionQueue 6 ActionPool DashFire.ObjectPool`1[DashFire.PoolAllocatedAction`1[System.UInt64]] buffered 1 objects(11)(2021-08-13_00-41-33-415)
DataProcessScheduler.DispatchActionQueue actionQueue 7 ActionPool DashFire.ObjectPool`1[DashFire.PoolAllocatedAction`3[System.String,System.String,System.Int32]] buffered 1 objects(11)(2021-08-13_00-41-33-416)
DataProcessScheduler.DispatchActionQueue actionQueue 7 ActionPool DashFire.ObjectPool`1[DashFire.PoolAllocatedAction`1[System.UInt64]] buffered 1 objects(11)(2021-08-13_00-41-33-416)
DataProcessScheduler.DispatchActionQueue actionQueue 8 ActionPool DashFire.ObjectPool`1[DashFire.PoolAllocatedAction`1[System.UInt64]] buffered 1 objects(11)(2021-08-13_00-41-33-416)
DataProcessScheduler.DispatchActionQueue actionQueue 9 ActionPool DashFire.ObjectPool`1[DashFire.PoolAllocatedAction`2[System.UInt64,System.Int32]] buffered 1 objects(11)(2021-08-13_00-41-33-417)
DataProcessScheduler.DispatchActionQueue actionQueue 9 ActionPool DashFire.ObjectPool`1[DashFire.PoolAllocatedAction`1[System.UInt64]] buffered 1 objects(11)(2021-08-13_00-41-33-417)
DataProcessScheduler.DispatchActionQueue actionQueue 10 ActionPool DashFire.ObjectPool`1[DashFire.PoolAllocatedAction`1[System.UInt64]] buffered 1 objects(11)(2021-08-13_00-41-33-418)
DataProcessScheduler.ThreadActionQueue ActionPool DashFire.ObjectPool`1[DashFire.PoolAllocatedAction`1[System.UInt64]] buffered 1 objects(11)(2021-08-13_00-41-33-418)
GlobalDataProcessThread.ActionQueue ActionPool DashFire.ObjectPool`1[DashFire.PoolAllocatedAction`2[System.Int32,System.UInt64]] buffered 1 objects(12)(2021-08-13_00-41-33-418)
GlobalDataProcessThread.ActionQueue ActionPool DashFire.ObjectPool`1[DashFire.PoolAllocatedAction`7[System.UInt64,System.Int32,System.Int32,System.Int32,System.Int32,System.Boolean,System.Boolean]] buffered 1 objects(12)(2021-08-13_00-41-33-419)
